Log file open, 10/09/14 14:36:36
LogInit:Display: Running engine for game: RealScene
LogInit: Version: 4.4.0-2255576+++depot+UE4-Releases+4.4
LogInit: API Version: 2255576
LogInit: Compiled (64-bit): Aug 13 2014 22:39:32
LogInit: Build Configuration: Development
LogInit: Branch Name: ++depot+UE4-Releases+4.4
LogInit: Command line:  
LogInit: Base directory: C:/Program Files/Unreal Engine/4.4/Engine/Binaries/Win64/
LogInit: Rocket: 1
[2014.10.09-20.36.36:402][  0]LogTaskGraph: Started task graph with 3 named threads and 4 total threads.
[2014.10.09-20.36.36:427][  0]LogOnline:Warning: No default platform service specified for OnlineSubsystem
[2014.10.09-20.36.36:433][  0]LogInit: Presizing for 0 objects not considered by GC, pre-allocating 0 bytes.
[2014.10.09-20.36.36:438][  0]LogInit: Object subsystem initialized
[2014.10.09-20.36.36:440][  0]LogInit: Selected Device Profile: [Windows]
[2014.10.09-20.36.36:440][  0]LogInit: Applying CVar settings loaded from the selected device profile: [Windows]
[2014.10.09-20.36.36:469][  0]LogInit: Computer: LAB5-64
[2014.10.09-20.36.36:469][  0]LogInit: User: ssharp
[2014.10.09-20.36.36:470][  0]LogInit: CPU Page size=4096, Cores=4
[2014.10.09-20.36.36:470][  0]LogInit: High frequency timer resolution =3.320458 MHz
[2014.10.09-20.36.36:470][  0]LogMemory: Memory total: Physical=16.0GB (16GB approx) Virtual=8192.0GB
[2014.10.09-20.36.36:470][  0]LogMemory: Platform Memory Stats for Windows
[2014.10.09-20.36.36:470][  0]LogMemory: Process Physical Memory: 61.82 MB used, 61.82 MB peak
[2014.10.09-20.36.36:470][  0]LogMemory: Process Virtual Memory: 38.08 MB used, 38.08 MB peak
[2014.10.09-20.36.36:470][  0]LogMemory: Physical Memory: 5044.22 MB used, 16350.83 MB total
[2014.10.09-20.36.36:470][  0]LogMemory: Virtual Memory: 245.37 MB used, 8388608.00 MB total
[2014.10.09-20.36.36:512][  0]LogD3D11RHI: Found D3D11 adapter 0: NVIDIA GeForce GTX 650 (Feature Level 11_0)
[2014.10.09-20.36.36:512][  0]LogD3D11RHI: Adapter has 971MB of dedicated video memory, 0MB of dedicated system memory, and 3072MB of shared system memory, 1 output[s]
[2014.10.09-20.36.36:512][  0]LogD3D11RHI: Chosen D3D11 Adapter Id = 0
[2014.10.09-20.36.36:516][  0]LogRHI: Texture pool is 680 MB (70% of 971 MB)
[2014.10.09-20.36.36:522][  0]LogD3D11RHI: Async texture creation enabled
[2014.10.09-20.36.36:616][  0]LogContentStreaming: Texture pool size is 0.000000MB
[2014.10.09-20.36.37:820][  0]LogTargetPlatformManager:Display: Building Assets For Windows
[2014.10.09-20.36.38:119][  0]LogTargetPlatformManager:Display: Building Assets For Windows
[2014.10.09-20.36.38:147][  0]LogDerivedDataCache:Display: Max Cache Size: 512 MB
[2014.10.09-20.36.38:179][  0]LogDerivedDataCache: Loaded boot cache 0.03s 39MB C:/Users/ssharp/AppData/Local/UnrealEngine/4.4/DerivedDataCache/Boot.ddc.
[2014.10.09-20.36.38:179][  0]LogDerivedDataCache:Display: Loaded Boot cache: C:/Users/ssharp/AppData/Local/UnrealEngine/4.4/DerivedDataCache/Boot.ddc
[2014.10.09-20.36.38:179][  0]LogDerivedDataCache: FDerivedDataBackendGraph:  Pak pak cache file //chips.eng.utah.edu/home/ssharp/.win_desktop/GitHub/treebeard/Unreal Project/RealScene/DerivedDataCache/DDC.ddp not found, will not use a pak cache.
[2014.10.09-20.36.38:179][  0]LogDerivedDataCache: Unable to find inner node Pak for hierarchical cache Hierarchy.
[2014.10.09-20.36.38:193][  0]LogDerivedDataCache:Display: Pak cache opened for reading ../../../Engine/DerivedDataCache/DDC.ddp.
[2014.10.09-20.36.38:204][  0]LogDerivedDataCache: Using Local data cache path C:/Users/ssharp/AppData/Local/UnrealEngine/4.4/DerivedDataCache: Writable
[2014.10.09-20.36.38:321][  0]LogMeshUtilities: No automatic mesh reduction module available
[2014.10.09-20.36.38:321][  0]LogMeshUtilities: No automatic mesh merging module available
[2014.10.09-20.36.38:551][  0]LogInit: WinSock: version 1.1 (2.2), MaxSocks=32767, MaxUdp=65467
[2014.10.09-20.36.39:052][  0]LogStats:Warning: MetaData mismatch. Did you assign a stat to two groups? New //STATGROUP_Threads//FMonitoredProcess///Thread_338_0///////STATCAT_Advanced//// old //STATGROUP_Threads//FMonitoredProcess///Thread_18d8_0///////STATCAT_Advanced////
[2014.10.09-20.36.39:053][  0]UdpMessaging: Initializing bridge on interface 0.0.0.0:0 to multicast group 230.0.0.1:6666.
[2014.10.09-20.36.39:158][  0]SourceControl: Info Source control is disabled
[2014.10.09-20.36.39:158][  0]SourceControl: Info Source control is disabled
[2014.10.09-20.36.39:162][  0]SourceControl: Info Source control is disabled
[2014.10.09-20.36.39:274][  0]BlueprintLog: New page: Editor Load
[2014.10.09-20.36.39:351][  0]LogObj: 21438 objects as part of root set at end of initial load.
[2014.10.09-20.36.39:351][  0]LogUObjectAllocator: 4218648 out of 0 bytes used by permanent object pool.
[2014.10.09-20.36.39:474][  0]LogEngine: Initializing Engine...
[2014.10.09-20.36.39:547][  0]LogInit: XAudio2 using 'Speakers (Realtek High Definition Audio)' : 2 channels at 48 kHz using 32 bits per sample (channel mask 0x3)
[2014.10.09-20.36.39:555][  0]LogInit: FAudioDevice initialized.
[2014.10.09-20.36.39:573][  0]LogAIModule: Creating AISystem for world NewWorld
[2014.10.09-20.36.39:592][  0]LogDerivedDataCache: Saved boot cache 0.02s 39MB C:/Users/ssharp/AppData/Local/UnrealEngine/4.4/DerivedDataCache/Boot.ddc.
[2014.10.09-20.36.39:596][  0]LogInit: Texture streaming: Enabled
[2014.10.09-20.36.39:617][  0]LogInit: Transaction tracking system initialized
[2014.10.09-20.36.39:688][  0]LogAssetRegistry: FAssetRegistry took 0.0097 seconds to start up
[2014.10.09-20.36.40:036][  0]LogTargetPlatformManager:Display: Building Assets For Windows
[2014.10.09-20.36.40:294][  0]LogTargetPlatformManager:Display: Building Assets For Windows
[2014.10.09-20.36.40:374][  0]LogConsoleResponse:Display: 
[2014.10.09-20.36.40:481][  0]LogStats:Warning: MetaData mismatch. Did you assign a stat to two groups? New //STATGROUP_Threads//FMonitoredProcess///Thread_3b0_0///////STATCAT_Advanced//// old //STATGROUP_Threads//FMonitoredProcess///Thread_18d8_0///////STATCAT_Advanced////
[2014.10.09-20.36.40:481][  0]LogStats:Warning: MetaData mismatch. Did you assign a stat to two groups? New //STATGROUP_Threads//FMonitoredProcess///Thread_2d60_0///////STATCAT_Advanced//// old //STATGROUP_Threads//FMonitoredProcess///Thread_18d8_0///////STATCAT_Advanced////
[2014.10.09-20.36.40:481][  0]SourceControl: Info Source control is disabled
[2014.10.09-20.36.40:481][  0]Cmd: MAP LOAD FILE="//chips.eng.utah.edu/home/ssharp/.win_desktop/GitHub/treebeard/Unreal Project/RealScene/Content/Maps/Minimal_Default.umap" TEMPLATE=0 SHOWPROGRESS=1
[2014.10.09-20.36.40:501][  0]LightingResults: New page: Lighting Build
[2014.10.09-20.36.40:506][  0]MapCheck: New page: Map Check
[2014.10.09-20.36.40:506][  0]LightingResults: New page: Lighting Build
[2014.10.09-20.36.40:517][  0]LogParticles: Destroying 0 GPU particle simulations for FXSystem 0x000000000E305300
[2014.10.09-20.36.41:726][  0]LogEditorServer: Finished looking for orphan Actors (0.000 secs)
[2014.10.09-20.36.41:727][  0]LogAIModule: Creating AISystem for world Minimal_Default
[2014.10.09-20.36.41:727][  0]Cmd: MAP CHECKDEP
[2014.10.09-20.36.41:727][  0]MapCheck: New page: Minimal_Default - Oct 9, 2014, 8:36:41 AM
[2014.10.09-20.36.41:909][  0]MapCheck:Warning: Warning StaticMeshComponent0 StaticMeshComponent /Game/Maps/Minimal_Default.Minimal_Default:PersistentLevel.Statue.StaticMeshComponent0 : Externally referenced 
[2014.10.09-20.36.41:909][  0]MapCheck:Warning: Warning StaticMeshComponent0 StaticMeshComponent /Game/Maps/Minimal_Default.Minimal_Default:PersistentLevel.Floor_14.StaticMeshComponent0 : Externally referenced 
[2014.10.09-20.36.41:909][  0]MapCheck:Warning: Warning StaticMeshComponent0 StaticMeshComponent /Game/Maps/Minimal_Default.Minimal_Default:PersistentLevel.Statue.StaticMeshComponent0 : Externally referenced 
[2014.10.09-20.36.41:909][  0]MapCheck:Warning: Warning StaticMeshComponent0 StaticMeshComponent /Game/Maps/Minimal_Default.Minimal_Default:PersistentLevel.Floor.StaticMeshComponent0 : Externally referenced 
[2014.10.09-20.36.41:909][  0]MapCheck:Warning: Warning StaticMeshComponent0 StaticMeshComponent /Game/Maps/Minimal_Default.Minimal_Default:PersistentLevel.Chair.StaticMeshComponent0 : Externally referenced 
[2014.10.09-20.36.41:910][  0]MapCheck:Warning: Warning StaticMeshComponent0 StaticMeshComponent /Game/Maps/Minimal_Default.Minimal_Default:PersistentLevel.Chair_15.StaticMeshComponent0 : Externally referenced 
[2014.10.09-20.36.41:910][  0]MapCheck:Warning: Warning StaticMeshComponent0 StaticMeshComponent /Game/Maps/Minimal_Default.Minimal_Default:PersistentLevel.Floor.StaticMeshComponent0 : Externally referenced 
[2014.10.09-20.36.41:910][  0]MapCheck:Warning: Warning StaticMeshComponent0 StaticMeshComponent /Game/Maps/Minimal_Default.Minimal_Default:PersistentLevel.Floor_14.StaticMeshComponent0 : Externally referenced 
[2014.10.09-20.36.41:911][  0]MapCheck:Warning: Warning AudioComponent0 AudioComponent /Game/Maps/Minimal_Default.Minimal_Default:PersistentLevel.Starter_Background_Cue_2.AudioComponent0 : Externally referenced 
[2014.10.09-20.36.41:911][  0]MapCheck:Warning: Warning StaticMeshComponent0 StaticMeshComponent /Game/Maps/Minimal_Default.Minimal_Default:PersistentLevel.Chair.StaticMeshComponent0 : Externally referenced 
[2014.10.09-20.36.41:911][  0]MapCheck:Warning: Warning StaticMeshComponent0 StaticMeshComponent /Game/Maps/Minimal_Default.Minimal_Default:PersistentLevel.Chair_15.StaticMeshComponent0 : Externally referenced 
[2014.10.09-20.36.41:911][  0]MapCheck:Warning: Warning StaticMeshComponent0 StaticMeshComponent /Game/Maps/Minimal_Default.Minimal_Default:PersistentLevel.Statue.StaticMeshComponent0 : Externally referenced 
[2014.10.09-20.36.41:911][  0]MapCheck:Warning: Warning StaticMeshComponent0 StaticMeshComponent /Game/Maps/Minimal_Default.Minimal_Default:PersistentLevel.Table.StaticMeshComponent0 : Externally referenced 
[2014.10.09-20.36.41:911][  0]MapCheck: Info ========== Map Check: 0 Error(s), 13 Warning(s), [184.132ms] ==========
[2014.10.09-20.36.41:926][  0]LogFileHelpers: Loading map 'Minimal_Default' took 1.446
[2014.10.09-20.36.42:018][  0]LogCollectionManager: Loaded 0 collections in 0.001652 seconds
[2014.10.09-20.36.42:027][  0]LogContentBrowser:Verbose: The content browser source was changed by the sources view to '/Game'
[2014.10.09-20.36.42:076][  0]LogCrashTracker: Crashtracker disabled due to settings.
[2014.10.09-20.36.42:130][  0]LogLoad: Full Startup: 6.65 seconds (BP compile: 0.05 seconds)
[2014.10.09-20.36.42:333][  0]LogRenderer:Warning: Reallocating scene render targets to support 1136x896.
[2014.10.09-20.36.46:189][167]LogAssetRegistry: Asset discovery search completed in 6.5117 seconds
[2014.10.09-20.36.46:526][186]LogContentBrowser:Verbose: The content browser source was changed by the sources view to '/Game/Props'
[2014.10.09-20.36.47:847][230]LogContentBrowser:Verbose: The content browser source was changed by the sources view to '/Game/Particles'
[2014.10.09-20.36.48:228][251]LogContentBrowser:Verbose: The content browser source was changed by the sources view to '/Game/Materials'
[2014.10.09-20.36.49:749][306]LogContentBrowser:Verbose: The content browser source was changed by the sources view to '/Game/Maps'
[2014.10.09-20.37.42:959][953]Cmd: QUIT_EDITOR
[2014.10.09-20.37.43:057][953]LogWindowsTextInputMethodSystem:Error: Terminating failed while unadvising the language notification sink from the TSF source.
[2014.10.09-20.37.43:057][953]LogExit: Preparing to exit.
[2014.10.09-20.37.44:129][953]LogExit: Editor shut down
[2014.10.09-20.37.44:130][953]LogExit: Transaction tracking system shut down
[2014.10.09-20.37.44:130][953]LogParticles: Destroying 0 GPU particle simulations for FXSystem 0x000000000B769D00
[2014.10.09-20.37.44:144][953]LogParticles: Destroying 0 GPU particle simulations for FXSystem 0x000000000B8EB1A0
[2014.10.09-20.37.44:144][953]LogParticles: Destroying 0 GPU particle simulations for FXSystem 0x000000000B8E8400
[2014.10.09-20.37.44:144][953]LogExit: Object subsystem successfully closed.
[2014.10.09-20.37.44:164][953]LogModuleManager: Shutting down and abandoning module AndroidDeviceDetection (161)
[2014.10.09-20.37.44:165][953]LogModuleManager: Shutting down and abandoning module HTTP (160)
[2014.10.09-20.37.44:165][953]LogModuleManager: Shutting down and abandoning module CrashTracker (159)
[2014.10.09-20.37.44:165][953]LogModuleManager: Shutting down and abandoning module SuperSearch (158)
[2014.10.09-20.37.44:165][953]LogModuleManager: Shutting down and abandoning module SceneOutliner (157)
[2014.10.09-20.37.44:165][953]LogModuleManager: Shutting down and abandoning module EditorWidgets (156)
[2014.10.09-20.37.44:165][953]LogModuleManager: Shutting down and abandoning module CollectionManager (155)
[2014.10.09-20.37.44:165][953]LogModuleManager: Shutting down and abandoning module StatsViewer (154)
[2014.10.09-20.37.44:165][953]LogModuleManager: Shutting down and abandoning module FoliageEdit (153)
[2014.10.09-20.37.44:165][953]LogModuleManager: Shutting down and abandoning module LandscapeEditor (152)
[2014.10.09-20.37.44:165][953]LogModuleManager: Shutting down and abandoning module MeshPaint (151)
[2014.10.09-20.37.44:165][953]LogModuleManager: Shutting down and abandoning module ActorPickerMode (150)
[2014.10.09-20.37.44:165][953]LogModuleManager: Shutting down and abandoning module GeometryMode (149)
[2014.10.09-20.37.44:165][953]LogModuleManager: Shutting down and abandoning module TextureAlignMode (148)
[2014.10.09-20.37.44:165][953]LogModuleManager: Shutting down and abandoning module BspMode (147)
[2014.10.09-20.37.44:165][953]LogModuleManager: Shutting down and abandoning module PlacementMode (146)
[2014.10.09-20.37.44:165][953]LogModuleManager: Shutting down and abandoning module DesktopPlatform (145)
[2014.10.09-20.37.44:165][953]LogModuleManager: Shutting down and abandoning module AutomationWorker (144)
[2014.10.09-20.37.44:165][953]LogModuleManager: Shutting down and abandoning module EditorLiveStreaming (143)
[2014.10.09-20.37.44:165][953]LogModuleManager: Shutting down and abandoning module BehaviorTreeEditor (142)
[2014.10.09-20.37.44:165][953]LogModuleManager: Shutting down and abandoning module DeviceProfileEditor (141)
[2014.10.09-20.37.44:165][953]LogModuleManager: Shutting down and abandoning module UndoHistory (140)
[2014.10.09-20.37.44:165][953]LogModuleManager: Shutting down and abandoning module GameplayTagsEditor (139)
[2014.10.09-20.37.44:165][953]LogModuleManager: Shutting down and abandoning module UserFeedback (138)
[2014.10.09-20.37.44:165][953]LogModuleManager: Shutting down and abandoning module XmlParser (137)
[2014.10.09-20.37.44:165][953]LogModuleManager: Shutting down and abandoning module Blutility (136)
[2014.10.09-20.37.44:165][953]LogModuleManager: Shutting down and abandoning module IOSPlatformEditor (135)
[2014.10.09-20.37.44:165][953]LogModuleManager: Shutting down and abandoning module IOSRuntimeSettings (134)
[2014.10.09-20.37.44:165][953]LogModuleManager: Shutting down and abandoning module AndroidPlatformEditor (133)
[2014.10.09-20.37.44:165][953]LogModuleManager: Shutting down and abandoning module AndroidRuntimeSettings (132)
[2014.10.09-20.37.44:165][953]LogModuleManager: Shutting down and abandoning module ProjectTargetPlatformEditor (131)
[2014.10.09-20.37.44:165][953]LogModuleManager: Shutting down and abandoning module ProjectSettingsViewer (130)
[2014.10.09-20.37.44:165][953]LogModuleManager: Shutting down and abandoning module InputBindingEditor (129)
[2014.10.09-20.37.44:165][953]LogModuleManager: Shutting down and abandoning module EditorSettingsViewer (128)
[2014.10.09-20.37.44:165][953]LogModuleManager: Shutting down and abandoning module SettingsEditor (127)
[2014.10.09-20.37.44:165][953]LogModuleManager: Shutting down and abandoning module SessionLauncher (126)
[2014.10.09-20.37.44:165][953]LogModuleManager: Shutting down and abandoning module SessionFrontend (125)
[2014.10.09-20.37.44:165][953]LogModuleManager: Shutting down and abandoning module ProfilerClient (124)
[2014.10.09-20.37.44:165][953]LogModuleManager: Shutting down and abandoning module TargetDeviceServices (123)
[2014.10.09-20.37.44:166][953]LogModuleManager: Shutting down and abandoning module DeviceManager (122)
[2014.10.09-20.37.44:166][953]LogModuleManager: Shutting down and abandoning module AutomationController (121)
[2014.10.09-20.37.44:166][953]LogModuleManager: Shutting down and abandoning module AutomationWindow (120)
[2014.10.09-20.37.44:166][953]LogModuleManager: Shutting down and abandoning module Layers (119)
[2014.10.09-20.37.44:166][953]LogModuleManager: Shutting down and abandoning module ComponentVisualizers (118)
[2014.10.09-20.37.44:166][953]LogModuleManager: Shutting down and abandoning module DetailCustomizations (117)
[2014.10.09-20.37.44:166][953]LogModuleManager: Shutting down and abandoning module PackagesDialog (116)
[2014.10.09-20.37.44:166][953]LogModuleManager: Shutting down and abandoning module DirectoryWatcher (115)
[2014.10.09-20.37.44:167][953]LogModuleManager: Shutting down and abandoning module AssetRegistry (114)
[2014.10.09-20.37.44:269][953]LogModuleManager: Shutting down and abandoning module Persona (113)
[2014.10.09-20.37.44:269][953]LogModuleManager: Shutting down and abandoning module GraphEditor (112)
[2014.10.09-20.37.44:269][953]LogModuleManager: Shutting down and abandoning module ClassViewer (111)
[2014.10.09-20.37.44:269][953]LogModuleManager: Shutting down and abandoning module Toolbox (110)
[2014.10.09-20.37.44:269][953]LogModuleManager: Shutting down and abandoning module ModuleUI (109)
[2014.10.09-20.37.44:269][953]LogModuleManager: Shutting down and abandoning module Sequencer (108)
[2014.10.09-20.37.44:269][953]LogModuleManager: Shutting down and abandoning module MovieSceneTools (107)
[2014.10.09-20.37.44:269][953]LogModuleManager: Shutting down and abandoning module OutputLog (106)
[2014.10.09-20.37.44:269][953]LogModuleManager: Shutting down and abandoning module GammaUI (105)
[2014.10.09-20.37.44:269][953]LogModuleManager: Shutting down and abandoning module Documentation (104)
[2014.10.09-20.37.44:269][953]LogModuleManager: Shutting down and abandoning module GameLiveStreaming (103)
[2014.10.09-20.37.44:269][953]LogModuleManager: Shutting down and abandoning module StreamingPauseRendering (102)
[2014.10.09-20.37.44:269][953]LogModuleManager: Shutting down and abandoning module AnalyticsET (101)
[2014.10.09-20.37.44:269][953]LogModuleManager: Shutting down and abandoning module Analytics (100)
[2014.10.09-20.37.44:269][953]LogModuleManager: Shutting down and abandoning module GameplayDebugger (99)
[2014.10.09-20.37.44:269][953]LogModuleManager: Shutting down and abandoning module AIModule (98)
[2014.10.09-20.37.44:269][953]LogModuleManager: Shutting down and abandoning module ProfilerService (97)
[2014.10.09-20.37.44:362][953]LogModuleManager: Shutting down and abandoning module TaskGraph (96)
[2014.10.09-20.37.44:362][953]LogModuleManager: Shutting down and abandoning module SlateRemote (95)
[2014.10.09-20.37.44:362][953]LogModuleManager: Shutting down and abandoning module ScriptEditorPlugin (94)
[2014.10.09-20.37.44:362][953]LogModuleManager: Shutting down and abandoning module CustomMeshComponent (93)
[2014.10.09-20.37.44:362][953]LogModuleManager: Shutting down and abandoning module CableComponent (92)
[2014.10.09-20.37.44:362][953]LogModuleManager: Shutting down and abandoning module OculusRift (91)
[2014.10.09-20.37.44:362][953]LogModuleManager: Shutting down and abandoning module MessagingDebugger (90)
[2014.10.09-20.37.44:362][953]LogModuleManager: Shutting down and abandoning module ViewportSnapping (89)
[2014.10.09-20.37.44:362][953]LogModuleManager: Shutting down and abandoning module SmartSnapping (88)
[2014.10.09-20.37.44:362][953]LogModuleManager: Shutting down and abandoning module PaperTiledImporter (87)
[2014.10.09-20.37.44:362][953]LogModuleManager: Shutting down and abandoning module PaperJsonImporter (86)
[2014.10.09-20.37.44:362][953]LogModuleManager: Shutting down and abandoning module GameProjectGeneration (85)
[2014.10.09-20.37.44:362][953]LogModuleManager: Shutting down and abandoning module Matinee (84)
[2014.10.09-20.37.44:362][953]LogModuleManager: Shutting down and abandoning module Kismet (83)
[2014.10.09-20.37.44:362][953]LogModuleManager: Shutting down and abandoning module SlateReflector (82)
[2014.10.09-20.37.44:362][953]LogModuleManager: Shutting down and abandoning module LevelEditor (81)
[2014.10.09-20.37.44:363][953]LogModuleManager: Shutting down and abandoning module IntroTutorials (80)
[2014.10.09-20.37.44:363][953]LogModuleManager: Shutting down and abandoning module ContentBrowser (79)
[2014.10.09-20.37.44:363][953]LogModuleManager: Shutting down and abandoning module PropertyEditor (78)
[2014.10.09-20.37.44:363][953]LogModuleManager: Shutting down and abandoning module AssetTools (77)
[2014.10.09-20.37.44:363][953]LogModuleManager: Shutting down and abandoning module Paper2DEditor (76)
[2014.10.09-20.37.44:363][953]LogModuleManager: Shutting down and abandoning module SpeedTreeImporter (75)
[2014.10.09-20.37.44:363][953]LogModuleManager: Shutting down and abandoning module PluginsEditor (74)
[2014.10.09-20.37.44:363][953]LogModuleManager: Shutting down and abandoning module MainFrame (73)
[2014.10.09-20.37.44:363][953]LogModuleManager: Shutting down and abandoning module EpicSurvey (72)
[2014.10.09-20.37.44:363][953]LogModuleManager: Shutting down and abandoning module VisualStudioSourceCodeAccess (71)
[2014.10.09-20.37.44:363][953]LogModuleManager: Shutting down and abandoning module UObjectPlugin (70)
[2014.10.09-20.37.44:363][953]LogModuleManager: Shutting down and abandoning module SubversionSourceControl (69)
[2014.10.09-20.37.44:363][953]LogModuleManager: Shutting down and abandoning module SourceControl (68)
[2014.10.09-20.37.44:363][953]LogModuleManager: Shutting down and abandoning module PerforceSourceControl (67)
[2014.10.09-20.37.44:363][953]LogModuleManager: Shutting down and abandoning module BlankPlugin (66)
[2014.10.09-20.37.44:363][953]LogModuleManager: Shutting down and abandoning module ScriptPlugin (65)
[2014.10.09-20.37.44:363][953]LogModuleManager: Shutting down and abandoning module UdpMessaging (64)
[2014.10.09-20.37.44:463][953]LogModuleManager: Shutting down and abandoning module Paper2D (63)
[2014.10.09-20.37.44:463][953]LogModuleManager: Shutting down and abandoning module WindowsMoviePlayer (62)
[2014.10.09-20.37.44:465][953]LogModuleManager: Shutting down and abandoning module ImageWrapper (61)
[2014.10.09-20.37.44:465][953]LogModuleManager: Shutting down and abandoning module OnlineBlueprintSupport (60)
[2014.10.09-20.37.44:465][953]LogModuleManager: Shutting down and abandoning module FunctionalTesting (59)
[2014.10.09-20.37.44:465][953]LogModuleManager: Shutting down and abandoning module CollisionAnalyzer (58)
[2014.10.09-20.37.44:465][953]LogModuleManager: Shutting down and abandoning module WorkspaceMenuStructure (57)
[2014.10.09-20.37.44:465][953]LogModuleManager: Shutting down and abandoning module MessageLog (56)
[2014.10.09-20.37.44:465][953]LogModuleManager: Shutting down and abandoning module UMGEditor (55)
[2014.10.09-20.37.44:465][953]LogModuleManager: Shutting down and abandoning module UMG (54)
[2014.10.09-20.37.44:465][953]LogModuleManager: Shutting down and abandoning module Slate (53)
[2014.10.09-20.37.44:465][953]LogModuleManager: Shutting down and abandoning module EditorStyle (52)
[2014.10.09-20.37.44:467][953]LogModuleManager: Shutting down and abandoning module SessionServices (51)
[2014.10.09-20.37.44:467][953]LogModuleManager: Shutting down and abandoning module SourceCodeAccess (50)
[2014.10.09-20.37.44:467][953]LogModuleManager: Shutting down and abandoning module HeadMountedDisplay (49)
[2014.10.09-20.37.44:467][953]LogModuleManager: Shutting down and abandoning module XAudio2 (48)
[2014.10.09-20.37.44:467][953]LogModuleManager: Shutting down and abandoning module Networking (46)
[2014.10.09-20.37.44:467][953]LogModuleManager: Shutting down and abandoning module Core (45)
[2014.10.09-20.37.44:467][953]LogModuleManager: Shutting down and abandoning module KismetCompiler (44)
[2014.10.09-20.37.44:467][953]LogModuleManager: Shutting down and abandoning module PhysXFormats (43)
[2014.10.09-20.37.44:467][953]LogModuleManager: Shutting down and abandoning module MeshUtilities (42)
[2014.10.09-20.37.44:467][953]LogModuleManager: Shutting down and abandoning module DerivedDataCache (41)
[2014.10.09-20.37.44:694][953]LogDerivedDataCache: Shutdown
[2014.10.09-20.37.44:694][953]LogModuleManager: Shutting down and abandoning module ShaderFormatOpenGL (40)
[2014.10.09-20.37.44:694][953]LogModuleManager: Shutting down and abandoning module ShaderFormatD3D (39)
[2014.10.09-20.37.44:694][953]LogModuleManager: Shutting down and abandoning module MetalShaderFormat (38)
[2014.10.09-20.37.44:694][953]LogModuleManager: Shutting down and abandoning module TextureFormatUncompressed (37)
[2014.10.09-20.37.44:694][953]LogModuleManager: Shutting down and abandoning module TextureFormatPVR (36)
[2014.10.09-20.37.44:694][953]LogModuleManager: Shutting down and abandoning module TextureFormatDXT (35)
[2014.10.09-20.37.44:694][953]LogModuleManager: Shutting down and abandoning module TextureFormatAndroid (34)
[2014.10.09-20.37.44:694][953]LogModuleManager: Shutting down and abandoning module AudioFormatOpus (33)
[2014.10.09-20.37.44:694][953]LogModuleManager: Shutting down and abandoning module AudioFormatOgg (32)
[2014.10.09-20.37.44:694][953]LogModuleManager: Shutting down and abandoning module AudioFormatADPCM (31)
[2014.10.09-20.37.44:694][953]LogModuleManager: Shutting down and abandoning module Messaging (30)
[2014.10.09-20.37.44:694][953]LogModuleManager: Shutting down and abandoning module IOSTargetPlatform (29)
[2014.10.09-20.37.44:694][953]LogModuleManager: Shutting down and abandoning module Android_PVRTCTargetPlatform (28)
[2014.10.09-20.37.44:694][953]LogModuleManager: Shutting down and abandoning module Android_ETC2TargetPlatform (27)
[2014.10.09-20.37.44:694][953]LogModuleManager: Shutting down and abandoning module Android_ETC1TargetPlatform (26)
[2014.10.09-20.37.44:694][953]LogModuleManager: Shutting down and abandoning module Android_DXTTargetPlatform (25)
[2014.10.09-20.37.44:694][953]LogModuleManager: Shutting down and abandoning module Android_ATCTargetPlatform (24)
[2014.10.09-20.37.44:694][953]LogModuleManager: Shutting down and abandoning module AndroidTargetPlatform (23)
[2014.10.09-20.37.44:694][953]LogModuleManager: Shutting down and abandoning module WindowsTargetPlatform (22)
[2014.10.09-20.37.44:694][953]LogModuleManager: Shutting down and abandoning module WindowsServerTargetPlatform (21)
[2014.10.09-20.37.44:694][953]LogModuleManager: Shutting down and abandoning module WindowsNoEditorTargetPlatform (20)
[2014.10.09-20.37.44:694][953]LogModuleManager: Shutting down and abandoning module WindowsClientTargetPlatform (19)
[2014.10.09-20.37.44:694][953]LogModuleManager: Shutting down and abandoning module TargetPlatform (18)
[2014.10.09-20.37.44:694][953]LogModuleManager: Shutting down and abandoning module InputCore (17)
[2014.10.09-20.37.44:694][953]LogModuleManager: Shutting down and abandoning module Settings (16)
[2014.10.09-20.37.44:694][953]LogModuleManager: Shutting down and abandoning module ExampleDeviceProfileSelector (13)
[2014.10.09-20.37.44:694][953]LogModuleManager: Shutting down and abandoning module TextureCompressor (12)
[2014.10.09-20.37.44:694][953]LogModuleManager: Shutting down and abandoning module ShaderCore (11)
[2014.10.09-20.37.44:694][953]LogModuleManager: Shutting down and abandoning module OpenGLDrv (10)
[2014.10.09-20.37.44:694][953]LogModuleManager: Shutting down and abandoning module D3D11RHI (9)
[2014.10.09-20.37.44:694][953]LogModuleManager: Shutting down and abandoning module SlateRHIRenderer (8)
[2014.10.09-20.37.44:694][953]LogModuleManager: Shutting down and abandoning module Renderer (7)
[2014.10.09-20.37.44:694][953]LogModuleManager: Shutting down and abandoning module Engine (6)
[2014.10.09-20.37.44:694][953]LogModuleManager: Shutting down and abandoning module CoreUObject (5)
[2014.10.09-20.37.44:694][953]LogModuleManager: Shutting down and abandoning module NetworkFile (4)
[2014.10.09-20.37.44:695][953]LogModuleManager: Shutting down and abandoning module StreamingFile (3)
[2014.10.09-20.37.44:695][953]LogModuleManager: Shutting down and abandoning module SandboxFile (2)
[2014.10.09-20.37.44:695][953]LogModuleManager: Shutting down and abandoning module PakFile (1)
[2014.10.09-20.37.44:695][953]LogExit: Exiting.
[2014.10.09-20.37.44:704][953]Log file closed, 10/09/14 14:37:44
