Log file open, 09/23/14 16:32:20
LogInit:Display: Running engine for game: saruman_death_scene
LogInit: Version: 4.4.3-2296771+++depot+UE4-Releases+4.4
LogInit: API Version: 2255576
LogInit: Compiled (64-bit): Sep 13 2014 22:30:58
LogInit: Build Configuration: Development
LogInit: Branch Name: ++depot+UE4-Releases+4.4
LogInit: Command line: 
LogInit: Base directory: C:/Program Files/Unreal Engine/4.4/Engine/Binaries/Win64/
LogInit: Rocket: 1
[2014.09.23-22.32.20:863][  0]LogTaskGraph: Started task graph with 3 named threads and 4 total threads.
[2014.09.23-22.32.20:894][  0]LogOnline:Warning: No default platform service specified for OnlineSubsystem
[2014.09.23-22.32.20:908][  0]LogInit: Presizing for 0 objects not considered by GC, pre-allocating 0 bytes.
[2014.09.23-22.32.20:916][  0]LogInit: Object subsystem initialized
[2014.09.23-22.32.20:918][  0]LogInit: Selected Device Profile: [Windows]
[2014.09.23-22.32.20:918][  0]LogInit: Applying CVar settings loaded from the selected device profile: [Windows]
[2014.09.23-22.32.20:939][  0]LogInit: Computer: TCPC-03
[2014.09.23-22.32.20:939][  0]LogInit: User: u0625138
[2014.09.23-22.32.20:940][  0]LogInit: CPU Page size=4096, Cores=4
[2014.09.23-22.32.20:940][  0]LogInit: High frequency timer resolution =3.906396 MHz
[2014.09.23-22.32.20:940][  0]LogMemory: Memory total: Physical=8.0GB (8GB approx) Virtual=8192.0GB
[2014.09.23-22.32.20:941][  0]LogMemory: Platform Memory Stats for Windows
[2014.09.23-22.32.20:941][  0]LogMemory: Process Physical Memory: 62.43 MB used, 62.43 MB peak
[2014.09.23-22.32.20:941][  0]LogMemory: Process Virtual Memory: 38.23 MB used, 38.23 MB peak
[2014.09.23-22.32.20:941][  0]LogMemory: Physical Memory: 3327.06 MB used, 8173.54 MB total
[2014.09.23-22.32.20:941][  0]LogMemory: Virtual Memory: 261.05 MB used, 8388608.00 MB total
[2014.09.23-22.32.20:975][  0]LogD3D11RHI: Found D3D11 adapter 0: NVIDIA GeForce GT 630 (Feature Level 11_0)
[2014.09.23-22.32.20:975][  0]LogD3D11RHI: Adapter has 978MB of dedicated video memory, 0MB of dedicated system memory, and 3071MB of shared system memory, 1 output[s]
[2014.09.23-22.32.20:975][  0]LogD3D11RHI: Chosen D3D11 Adapter Id = 0
[2014.09.23-22.32.20:982][  0]LogRHI: Texture pool is 684 MB (70% of 978 MB)
[2014.09.23-22.32.20:993][  0]LogD3D11RHI: Async texture creation enabled
[2014.09.23-22.32.21:112][  0]LogContentStreaming: Texture pool size is 0.000000MB
[2014.09.23-22.32.22:724][  0]LogTargetPlatformManager:Display: Building Assets For Windows
[2014.09.23-22.32.23:156][  0]LogTargetPlatformManager:Display: Building Assets For Windows
[2014.09.23-22.32.23:210][  0]LogDerivedDataCache:Display: Max Cache Size: 512 MB
[2014.09.23-22.32.23:300][  0]LogDerivedDataCache: Loaded boot cache 0.09s 39MB C:/Users/u0625138/AppData/Local/UnrealEngine/4.4/DerivedDataCache/Boot.ddc.
[2014.09.23-22.32.23:300][  0]LogDerivedDataCache:Display: Loaded Boot cache: C:/Users/u0625138/AppData/Local/UnrealEngine/4.4/DerivedDataCache/Boot.ddc
[2014.09.23-22.32.23:301][  0]LogDerivedDataCache: FDerivedDataBackendGraph:  Pak pak cache file G:/EAE 3660 - Interactive Machinima/Assignment_3/treebeard/Unreal Project/saruman_death_scene/DerivedDataCache/DDC.ddp not found, will not use a pak cache.
[2014.09.23-22.32.23:301][  0]LogDerivedDataCache: Unable to find inner node Pak for hierarchical cache Hierarchy.
[2014.09.23-22.32.23:318][  0]LogDerivedDataCache:Display: Pak cache opened for reading ../../../Engine/DerivedDataCache/DDC.ddp.
[2014.09.23-22.32.23:330][  0]LogDerivedDataCache: Using Local data cache path C:/Users/u0625138/AppData/Local/UnrealEngine/4.4/DerivedDataCache: Writable
[2014.09.23-22.32.23:528][  0]LogMeshUtilities: No automatic mesh reduction module available
[2014.09.23-22.32.23:528][  0]LogMeshUtilities: No automatic mesh merging module available
[2014.09.23-22.32.23:982][  0]LogInit: WinSock: version 1.1 (2.2), MaxSocks=32767, MaxUdp=65467
[2014.09.23-22.32.24:869][  0]LogStats:Warning: MetaData mismatch. Did you assign a stat to two groups? New //STATGROUP_Threads/