Log file open, 10/07/14 16:18:00
LogInit:Display: Running engine for game: DeathScene
LogInit: Version: 4.4.1-2270799+++depot+UE4-Releases+4.4
LogInit: API Version: 2255576
LogInit: Compiled (64-bit): Aug 25 2014 14:19:12
LogInit: Build Configuration: Development
LogInit: Branch Name: ++depot+UE4-Releases+4.4
LogInit: Command line:  
LogInit: Base directory: C:/Program Files/Unreal Engine/4.4/Engine/Binaries/Win64/
LogInit: Rocket: 1
[2014.10.07-22.18.00:317][  0]LogTaskGraph: Started task graph with 3 named threads and 4 total threads.
[2014.10.07-22.18.00:344][  0]LogOnline:Warning: No default platform service specified for OnlineSubsystem
[2014.10.07-22.18.00:351][  0]LogInit: Presizing for 0 objects not considered by GC, pre-allocating 0 bytes.
[2014.10.07-22.18.00:357][  0]LogInit: Object subsystem initialized
[2014.10.07-22.18.00:359][  0]LogInit: Selected Device Profile: [Windows]
[2014.10.07-22.18.00:359][  0]LogInit: Applying CVar settings loaded from the selected device profile: [Windows]
[2014.10.07-22.18.00:363][  0]LogInit: Computer: MALEBOLGIA
[2014.10.07-22.18.00:363][  0]LogInit: User: Sino
[2014.10.07-22.18.00:364][  0]LogInit: CPU Page size=4096, Cores=4
[2014.10.07-22.18.00:364][  0]LogInit: High frequency timer resolution =2.241002 MHz
[2014.10.07-22.18.00:364][  0]LogMemory: Memory total: Physical=15.9GB (16GB approx) Virtual=131072.0GB
[2014.10.07-22.18.00:364][  0]LogMemory: Platform Memory Stats for Windows
[2014.10.07-22.18.00:364][  0]LogMemory: Process Physical Memory: 60.04 MB used, 60.16 MB peak
[2014.10.07-22.18.00:364][  0]LogMemory: Process Virtual Memory: 36.10 MB used, 36.23 MB peak
[2014.10.07-22.18.00:365][  0]LogMemory: Physical Memory: 3847.39 MB used, 16290.70 MB total
[2014.10.07-22.18.00:365][  0]LogMemory: Virtual Memory: 278.68 MB used, 134217728.00 MB total
[2014.10.07-22.18.00:389][  0]LogD3D11RHI: Found D3D11 adapter 0: NVIDIA GeForce GT 650M (Feature Level 11_0)
[2014.10.07-22.18.00:389][  0]LogD3D11RHI: Adapter has 965MB of dedicated video memory, 0MB of dedicated system memory, and 3072MB of shared system memory, 1 output[s]
[2014.10.07-22.18.00:391][  0]LogD3D11RHI: Found D3D11 adapter 1: Microsoft Basic Render Driver (Feature Level 11_0)
[2014.10.07-22.18.00:391][  0]LogD3D11RHI: Adapter has 0MB of dedicated video memory, 0MB of dedicated system memory, and 256MB of shared system memory, 0 output[s]
[2014.10.07-22.18.00:391][  0]LogD3D11RHI: Chosen D3D11 Adapter Id = 0
[2014.10.07-22.18.00:394][  0]LogRHI: Texture pool is 675 MB (70% of 965 MB)
[2014.10.07-22.18.00:405][  0]LogD3D11RHI: Async texture creation enabled
[2014.10.07-22.18.00:508][  0]LogContentStreaming: Texture pool size is 0.000000MB
[2014.10.07-22.18.01:852][  0]LogTargetPlatformManager:Display: Building Assets For Windows
[2014.10.07-22.18.02:193][  0]LogTargetPlatformManager:Display: Building Assets For Windows
[2014.10.07-22.18.02:225][  0]LogDerivedDataCache:Display: Max Cache Size: 512 MB
[2014.10.07-22.18.02:260][  0]LogDerivedDataCache: Loaded boot cache 0.03s 39MB C:/Users/Sino/AppData/Local/UnrealEngine/4.4/DerivedDataCache/Boot.ddc.
[2014.10.07-22.18.02:260][  0]LogDerivedDataCache:Display: Loaded Boot cache: C:/Users/Sino/AppData/Local/UnrealEngine/4.4/DerivedDataCache/Boot.ddc
[2014.10.07-22.18.02:260][  0]LogDerivedDataCache: FDerivedDataBackendGraph:  Pak pak cache file ../../../../../../Users/Sino/Documents/CS3660/treebeard/Unreal Project/DeathScene/DerivedDataCache/DDC.ddp not found, will not use a pak cache.
[2014.10.07-22.18.02:260][  0]LogDerivedDataCache: Unable to find inner node Pak for hierarchical cache Hierarchy.
[2014.10.07-22.18.02:276][  0]LogDerivedDataCache:Display: Pak cache opened for reading ../../../Engine/DerivedDataCache/DDC.ddp.
[2014.10.07-22.18.02:288][  0]LogDerivedDataCache: Using Local data cache path C:/Users/Sino/AppData/Local/UnrealEngine/4.4/DerivedDataCache: Writable
[2014.10.07-22.18.02:428][  0]LogMeshUtilities: No automatic mesh reduction module available
[2014.10.07-22.18.02:428][  0]LogMeshUtilities: No automatic mesh merging module available
[2014.10.07-22.18.02:859][  0]LogInit: WinSock: version 1.1 (2.2), MaxSocks=32767, MaxUdp=65467
[2014.10.07-22.18.03:525][  0]LogStats:Warning: MetaData mismatch. Did you assign a stat to two groups? New //STATGROUP_Threads//FMonitoredProcess///Thread_1ac0_0///////STATCAT_Advanced//// old //STATGROUP_Threads//FMonitoredProcess///Thread_20a0_0///////STATCAT_Advanced////
[2014.10.07-22.18.03:525][  0]UdpMessaging: Initializing bridge on interface 0.0.0.0:0 to multicast group 230.0.0.1:6666.
[2014.10.07-22.18.03:620][  0]SourceControl: Info Source control is disabled
[2014.10.07-22.18.03:620][  0]SourceControl: Info Source control is disabled
[2014.10.07-22.18.03:625][  0]SourceControl: Info Source control is disabled
[2014.10.07-22.18.03:759][  0]BlueprintLog: New page: Editor Load
[2014.10.07-22.18.03:830][  0]LogObj: 21438 objects as part of root set at end of initial load.
[2014.10.07-22.18.03:830][  0]LogUObjectAllocator: 4218656 out of 0 bytes used by permanent object pool.
[2014.10.07-22.18.03:979][  0]LogEngine: Initializing Engine...
[2014.10.07-22.18.04:071][  0]LogInit: XAudio2 using 'Speakers (Cirrus Logic CS4206B (AB 40))' : 4 channels at 48 kHz using 32 bits per sample (channel mask 0x33)
[2014.10.07-22.18.04:086][  0]LogInit: FAudioDevice initialized.
[2014.10.07-22.18.04:099][  0]LogAIModule: Creating AISystem for world NewWorld
[2014.10.07-22.18.04:118][  0]LogDerivedDataCache: Saved boot cache 0.02s 39MB C:/Users/Sino/AppData/Local/UnrealEngine/4.4/DerivedDataCache/Boot.ddc.
[2014.10.07-22.18.04:122][  0]LogInit: Texture streaming: Enabled
[2014.10.07-22.18.04:145][  0]LogInit: Transaction tracking system initialized
[2014.10.07-22.18.04:229][  0]LogAssetRegistry: FAssetRegistry took 0.0111 seconds to start up
[2014.10.07-22.18.04:645][  0]LogTargetPlatformManager:Display: Building Assets For Windows
[2014.10.07-22.18.04:928][  0]LogTargetPlatformManager:Display: Building Assets For Windows
[2014.10.07-22.18.05:021][  0]LogConsoleResponse:Display: 
[2014.10.07-22.18.05:151][  0]LogStats:Warning: MetaData mismatch. Did you assign a stat to two groups? New //STATGROUP_Threads//FMonitoredProcess///Thread_1aa0_0///////STATCAT_Advanced//// old //STATGROUP_Threads//FMonitoredProcess///Thread_20a0_0///////STATCAT_Advanced////
[2014.10.07-22.18.05:151][  0]LogStats:Warning: MetaData mismatch. Did you assign a stat to two groups? New //STATGROUP_Threads//FMonitoredProcess///Thread_b18_0///////STATCAT_Advanced//// old //STATGROUP_Threads//FMonitoredProcess///Thread_20a0_0///////STATCAT_Advanced////
[2014.10.07-22.18.05:151][  0]SourceControl: Info Source control is disabled
[2014.10.07-22.18.05:152][  0]Cmd: MAP LOAD FILE="../../../../../../Users/Sino/Documents/CS3660/treebeard/Unreal Project/DeathScene/Content/Maps/Minimal_Default.umap" TEMPLATE=0 SHOWPROGRESS=1
[2014.10.07-22.18.05:152][  0]LightingResults: New page: Lighting Build
[2014.10.07-22.18.05:158][  0]MapCheck: New page: Map Check
[2014.10.07-22.18.05:158][  0]LightingResults: New page: Lighting Build
[2014.10.07-22.18.05:171][  0]LogParticles: Destroying 0 GPU particle simulations for FXSystem 0x000000E981579300
[2014.10.07-22.18.05:384][  0]LogEditorServer: Finished looking for orphan Actors (0.000 secs)
[2014.10.07-22.18.05:384][  0]LogAIModule: Creating AISystem for world Minimal_Default
[2014.10.07-22.18.05:384][  0]Cmd: MAP CHECKDEP
[2014.10.07-22.18.05:384][  0]MapCheck: New page: Minimal_Default - Oct 7, 2014, 10:18:05 AM
[2014.10.07-22.18.05:437][  0]MapCheck: Info ========== Map Check: 0 Error(s), 0 Warning(s), [52.833ms] ==========
[2014.10.07-22.18.05:437][  0]LogFileHelpers: Loading map 'Minimal_Default' took 0.285
[2014.10.07-22.18.05:527][  0]LogCollectionManager: Loaded 0 collections in 0.000945 seconds
[2014.10.07-22.18.05:597][  0]LogCrashTracker: Crashtracker disabled due to settings.
[2014.10.07-22.18.05:644][  0]LogLoad: Full Startup: 6.93 seconds (BP compile: 0.06 seconds)
[2014.10.07-22.18.05:660][  0]LogContentBrowser:Verbose: The content browser source was changed by the sources view to '/Game/Materials'
[2014.10.07-22.18.05:804][  0]LogRenderer:Warning: Reallocating scene render targets to support 864x720.
[2014.10.07-22.18.05:971][  1]LogAssetRegistry: Asset discovery search completed in 1.7542 seconds
[2014.10.07-22.18.15:780][154]Cmd: MAP LOAD FILE="../../../../../../Users/Sino/Documents/CS3660/treebeard/Unreal Project/DeathScene/Content/LOTR001_with_cameras.umap" TEMPLATE=0 SHOWPROGRESS=1
[2014.10.07-22.18.15:781][154]LightingResults: New page: Lighting Build
[2014.10.07-22.18.15:800][154]LoadErrors: New page: Loading map: LOTR001_with_cameras.umap
[2014.10.07-22.18.15:801][154]MapCheck: New page: Map Check
[2014.10.07-22.18.15:801][154]LightingResults: New page: Lighting Build
[2014.10.07-22.18.15:819][154]LogParticles: Destroying 0 GPU particle simulations for FXSystem 0x000000E9FCAD9C60
[2014.10.07-22.18.15:851][154]LogLinker:Warning: Can't find file '/Game/Textures/board001_Uvs'
[2014.10.07-22.18.15:851][154]LogLinker:Warning: Can't find file for asset '/Game/Textures/board001_Uvs' while loading ../../../../../../Users/Sino/Documents/CS3660/treebeard/Unreal Project/DeathScene/Content/Materials/propMats/boards_Mat.uasset.
[2014.10.07-22.18.15:851][154]LoadErrors:Error: Error /Game/Materials/propMats/boards_Mat : Can't find file for asset. /Game/Textures/board001_Uvs
[2014.10.07-22.18.15:852][154]LogLinker:Warning: Can't find file '/Game/Textures/board001_Uvs'
[2014.10.07-22.18.15:852][154]LogLinker:Warning: Can't find file for asset '/Game/Textures/board001_Uvs' while loading ../../../../../../Users/Sino/Documents/CS3660/treebeard/Unreal Project/DeathScene/Content/Materials/propMats/boards_Mat.uasset.
[2014.10.07-22.18.15:968][154]LogLinker:Warning: Can't find file '/Game/Textures/board001_Uvs'
[2014.10.07-22.18.15:968][154]LoadErrors: Info Failed to load /Game/Textures/board001_Uvs.board001_Uvs Referenced by MaterialExpressionTextureSample_0 Property /Script/Engine.MaterialExpressionTextureBase:Texture
[2014.10.07-22.18.15:969][154]LogLinker:Warning: Can't find file for asset '/Game/Textures/board001_Uvs' while loading NULL.
[2014.10.07-22.18.16:009][154]LogMaterial: Missing cached shader map for material boards_Mat, compiling.
[2014.10.07-22.18.16:010][154]LogMaterial:Warning: Failed to compile Material /Game/Materials/propMats/boards_Mat.boards_Mat for platform PCD3D_SM5, Default Material will be used in game.
[2014.10.07-22.18.16:010][154]LogMaterial:Warning: 	(Node TextureSample) TextureSample> Missing input texture
[2014.10.07-22.18.16:124][154]LogMaterial:Warning: Material /Game/Props/Materials/M_Bush.M_Bush needed to have new flag set bUsedWithInstancedStaticMeshes !
[2014.10.07-22.18.16:127][154]LogMaterial: Missing cached shader map for material M_Bush, compiling.
[2014.10.07-22.18.16:189][154]LogMaterial: 0.000168 seconds spent updating 1 materials, 1 interfaces, 0 instances, 0 with static permutations.
[2014.10.07-22.18.16:191][154]LogMaterial:Warning: Material /Game/Props/Materials/M_Rock.M_Rock needed to have new flag set bUsedWithInstancedStaticMeshes !
[2014.10.07-22.18.16:192][154]LogMaterial: Missing cached shader map for material M_Rock, compiling.
[2014.10.07-22.18.16:200][154]LogMaterial: 0.000191 seconds spent updating 1 materials, 1 interfaces, 0 instances, 0 with static permutations.
[2014.10.07-22.18.16:230][154]LogEditorServer: Finished looking for orphan Actors (0.000 secs)
[2014.10.07-22.18.16:230][154]LogAIModule: Creating AISystem for world LOTR001_with_cameras
[2014.10.07-22.18.16:258][154]Cmd: MAP CHECKDEP
[2014.10.07-22.18.16:258][154]MapCheck: New page: LOTR001_with_cameras - Oct 7, 2014, 10:18:16 AM
[2014.10.07-22.18.16:360][154]MapCheck: Info ========== Map Check: 0 Error(s), 0 Warning(s), [102.012ms] ==========
[2014.10.07-22.18.16:360][154]LogFileHelpers: Loading map 'LOTR001_with_cameras' took 0.581
[2014.10.07-22.18.16:514][155]Cmd: UpdateLandscapeEditorData -warnings
[2014.10.07-22.18.16:516][155]Cmd: UpdateLandscapeEditorData
[2014.10.07-22.18.20:885][389]LogInit: Transaction tracking system initialized
[2014.10.07-22.18.20:889][389]EditorErrors: New page: Matinee Initialization
[2014.10.07-22.35.51:602][900]LogExit: Transaction tracking system shut down
[2014.10.07-22.35.52:394][900]LogSavePackage: Save=766.122009ms
[2014.10.07-22.35.52:394][900]LogSavePackage: Moving '../../../../../../Users/Sino/Documents/CS3660/treebeard/Unreal Project/DeathScene/Saved/LOTR001_with_camerasFEF8A6284BCED2110311E28C5E0352A3.tmp' to '../../../../../../Users/Sino/Documents/CS3660/treebeard/Unreal Project/DeathScene/Content/LOTR001_with_cameras.umap'
[2014.10.07-22.35.52:448][900]LogFileHelpers: Saving map 'LOTR001_with_cameras' took 1.087
[2014.10.07-22.35.54:310][978]LogDialogs:Warning: Supressed: Opening the Matinee Editor will reset all current Undo data. (Undo/Redo will only be available on matinee actions while it remains open)
[2014.10.07-22.35.54:311][978]LogInit: Transaction tracking system initialized
[2014.10.07-22.35.54:311][978]LogMatinee:Warning: GROUP ADD: New group found for (InterpGroupDirector_0).
[2014.10.07-22.35.54:313][978]EditorErrors: New page: Matinee Initialization
[2014.10.07-22.46.00:688][700]LogExit: Transaction tracking system shut down
[2014.10.07-22.46.01:441][700]LogSavePackage: Save=728.145691ms
[2014.10.07-22.46.01:441][700]LogSavePackage: Moving '../../../../../../Users/Sino/Documents/CS3660/treebeard/Unreal Project/DeathScene/Saved/LOTR001_with_cameras1B9CBCD84CD5962BA8550190A7C8C973.tmp' to '../../../../../../Users/Sino/Documents/CS3660/treebeard/Unreal Project/DeathScene/Content/LOTR001_with_cameras.umap'
[2014.10.07-22.46.01:492][700]LogFileHelpers: Saving map 'LOTR001_with_cameras' took 1.080
[2014.10.07-22.46.05:181][879]LogDialogs:Warning: Supressed: Opening the Matinee Editor will reset all current Undo data. (Undo/Redo will only be available on matinee actions while it remains open)
[2014.10.07-22.46.05:182][879]LogInit: Transaction tracking system initialized
[2014.10.07-22.46.05:183][879]EditorErrors: New page: Matinee Initialization
[2014.10.07-22.47.14:064][998]LogExit: Transaction tracking system shut down
[2014.10.07-22.47.14:793][998]LogSavePackage: Save=711.967712ms
[2014.10.07-22.47.14:793][998]LogSavePackage: Moving '../../../../../../Users/Sino/Documents/CS3660/treebeard/Unreal Project/DeathScene/Saved/LOTR001_with_cameras02F6ACB84216639172FC59A4966C4C99.tmp' to '../../../../../../Users/Sino/Documents/CS3660/treebeard/Unreal Project/DeathScene/Content/LOTR001_with_cameras.umap'
[2014.10.07-22.47.16:878][ 53]Cmd: QUIT_EDITOR
[2014.10.07-22.47.17:166][ 53]LogWindowsTextInputMethodSystem:Error: Terminating failed while unadvising the language notification sink from the TSF source.
[2014.10.07-22.47.17:168][ 53]LogExit: Preparing to exit.
[2014.10.07-22.47.17:802][ 53]LogExit: Editor shut down
[2014.10.07-22.47.17:802][ 53]LogExit: Transaction tracking system shut down
[2014.10.07-22.47.17:808][ 53]LogParticles: Destroying 0 GPU particle simulations for FXSystem 0x000000E98FBAC0E0
[2014.10.07-22.47.17:858][ 53]LogParticles: Destroying 0 GPU particle simulations for FXSystem 0x000000E9FA823EC0
[2014.10.07-22.47.17:858][ 53]LogExit: Object subsystem successfully closed.
[2014.10.07-22.47.17:926][ 53]LogModuleManager: Shutting down and abandoning module DistCurveEditor (162)
[2014.10.07-22.47.17:926][ 53]LogModuleManager: Shutting down and abandoning module AndroidDeviceDetection (161)
[2014.10.07-22.47.17:926][ 53]LogModuleManager: Shutting down and abandoning module HTTP (160)
[2014.10.07-22.47.17:926][ 53]LogModuleManager: Shutting down and abandoning module CrashTracker (159)
[2014.10.07-22.47.17:927][ 53]LogModuleManager: Shutting down and abandoning module SuperSearch (158)
[2014.10.07-22.47.17:927][ 53]LogModuleManager: Shutting down and abandoning module SceneOutliner (157)
[2014.10.07-22.47.17:927][ 53]LogModuleManager: Shutting down and abandoning module EditorWidgets (156)
[2014.10.07-22.47.17:927][ 53]LogModuleManager: Shutting down and abandoning module CollectionManager (155)
[2014.10.07-22.47.17:927][ 53]LogModuleManager: Shutting down and abandoning module StatsViewer (154)
[2014.10.07-22.47.17:927][ 53]LogModuleManager: Shutting down and abandoning module FoliageEdit (153)
[2014.10.07-22.47.17:927][ 53]LogModuleManager: Shutting down and abandoning module LandscapeEditor (152)
[2014.10.07-22.47.17:927][ 53]LogModuleManager: Shutting down and abandoning module MeshPaint (151)
[2014.10.07-22.47.17:927][ 53]LogModuleManager: Shutting down and abandoning module ActorPickerMode (150)
[2014.10.07-22.47.17:927][ 53]LogModuleManager: Shutting down and abandoning module GeometryMode (149)
[2014.10.07-22.47.17:927][ 53]LogModuleManager: Shutting down and abandoning module TextureAlignMode (148)
[2014.10.07-22.47.17:927][ 53]LogModuleManager: Shutting down and abandoning module BspMode (147)
[2014.10.07-22.47.17:927][ 53]LogModuleManager: Shutting down and abandoning module PlacementMode (146)
[2014.10.07-22.47.17:927][ 53]LogModuleManager: Shutting down and abandoning module DesktopPlatform (145)
[2014.10.07-22.47.17:927][ 53]LogModuleManager: Shutting down and abandoning module AutomationWorker (144)
[2014.10.07-22.47.17:927][ 53]LogModuleManager: Shutting down and abandoning module EditorLiveStreaming (143)
[2014.10.07-22.47.17:927][ 53]LogModuleManager: Shutting down and abandoning module BehaviorTreeEditor (142)
[2014.10.07-22.47.17:927][ 53]LogModuleManager: Shutting down and abandoning module DeviceProfileEditor (141)
[2014.10.07-22.47.17:927][ 53]LogModuleManager: Shutting down and abandoning module UndoHistory (140)
[2014.10.07-22.47.17:928][ 53]LogModuleManager: Shutting down and abandoning module GameplayTagsEditor (139)
[2014.10.07-22.47.17:928][ 53]LogModuleManager: Shutting down and abandoning module UserFeedback (138)
[2014.10.07-22.47.17:928][ 53]LogModuleManager: Shutting down and abandoning module XmlParser (137)
[2014.10.07-22.47.17:928][ 53]LogModuleManager: Shutting down and abandoning module Blutility (136)
[2014.10.07-22.47.17:928][ 53]LogModuleManager: Shutting down and abandoning module IOSPlatformEditor (135)
[2014.10.07-22.47.17:928][ 53]LogModuleManager: Shutting down and abandoning module IOSRuntimeSettings (134)
[2014.10.07-22.47.17:928][ 53]LogModuleManager: Shutting down and abandoning module AndroidPlatformEditor (133)
[2014.10.07-22.47.17:928][ 53]LogModuleManager: Shutting down and abandoning module AndroidRuntimeSettings (132)
[2014.10.07-22.47.17:928][ 53]LogModuleManager: Shutting down and abandoning module ProjectTargetPlatformEditor (131)
[2014.10.07-22.47.17:928][ 53]LogModuleManager: Shutting down and abandoning module ProjectSettingsViewer (130)
[2014.10.07-22.47.17:928][ 53]LogModuleManager: Shutting down and abandoning module InputBindingEditor (129)
[2014.10.07-22.47.17:928][ 53]LogModuleManager: Shutting down and abandoning module EditorSettingsViewer (128)
[2014.10.07-22.47.17:928][ 53]LogModuleManager: Shutting down and abandoning module SettingsEditor (127)
[2014.10.07-22.47.17:928][ 53]LogModuleManager: Shutting down and abandoning module SessionLauncher (126)
[2014.10.07-22.47.17:928][ 53]LogModuleManager: Shutting down and abandoning module SessionFrontend (125)
[2014.10.07-22.47.17:928][ 53]LogModuleManager: Shutting down and abandoning module ProfilerClient (124)
[2014.10.07-22.47.17:928][ 53]LogModuleManager: Shutting down and abandoning module TargetDeviceServices (123)
[2014.10.07-22.47.17:928][ 53]LogModuleManager: Shutting down and abandoning module DeviceManager (122)
[2014.10.07-22.47.17:928][ 53]LogModuleManager: Shutting down and abandoning module AutomationController (121)
[2014.10.07-22.47.17:929][ 53]LogModuleManager: Shutting down and abandoning module AutomationWindow (120)
[2014.10.07-22.47.17:929][ 53]LogModuleManager: Shutting down and abandoning module Layers (119)
[2014.10.07-22.47.17:929][ 53]LogModuleManager: Shutting down and abandoning module ComponentVisualizers (118)
[2014.10.07-22.47.17:929][ 53]LogModuleManager: Shutting down and abandoning module DetailCustomizations (117)
[2014.10.07-22.47.17:929][ 53]LogModuleManager: Shutting down and abandoning module PackagesDialog (116)
[2014.10.07-22.47.17:929][ 53]LogModuleManager: Shutting down and abandoning module DirectoryWatcher (115)
[2014.10.07-22.47.17:930][ 53]LogModuleManager: Shutting down and abandoning module AssetRegistry (114)
[2014.10.07-22.47.18:014][ 53]LogModuleManager: Shutting down and abandoning module Persona (113)
[2014.10.07-22.47.18:014][ 53]LogModuleManager: Shutting down and abandoning module GraphEditor (112)
[2014.10.07-22.47.18:014][ 53]LogModuleManager: Shutting down and abandoning module ClassViewer (111)
[2014.10.07-22.47.18:014][ 53]LogModuleManager: Shutting down and abandoning module Toolbox (110)
[2014.10.07-22.47.18:014][ 53]LogModuleManager: Shutting down and abandoning module ModuleUI (109)
[2014.10.07-22.47.18:014][ 53]LogModuleManager: Shutting down and abandoning module Sequencer (108)
[2014.10.07-22.47.18:015][ 53]LogModuleManager: Shutting down and abandoning module MovieSceneTools (107)
[2014.10.07-22.47.18:015][ 53]LogModuleManager: Shutting down and abandoning module OutputLog (106)
[2014.10.07-22.47.18:015][ 53]LogModuleManager: Shutting down and abandoning module GammaUI (105)
[2014.10.07-22.47.18:015][ 53]LogModuleManager: Shutting down and abandoning module Documentation (104)
[2014.10.07-22.47.18:015][ 53]LogModuleManager: Shutting down and abandoning module GameLiveStreaming (103)
[2014.10.07-22.47.18:015][ 53]LogModuleManager: Shutting down and abandoning module StreamingPauseRendering (102)
[2014.10.07-22.47.18:015][ 53]LogModuleManager: Shutting down and abandoning module AnalyticsET (101)
[2014.10.07-22.47.18:015][ 53]LogModuleManager: Shutting down and abandoning module Analytics (100)
[2014.10.07-22.47.18:015][ 53]LogModuleManager: Shutting down and abandoning module GameplayDebugger (99)
[2014.10.07-22.47.18:015][ 53]LogModuleManager: Shutting down and abandoning module AIModule (98)
[2014.10.07-22.47.18:015][ 53]LogModuleManager: Shutting down and abandoning module ProfilerService (97)
[2014.10.07-22.47.18:243][ 53]LogModuleManager: Shutting down and abandoning module TaskGraph (96)
[2014.10.07-22.47.18:243][ 53]LogModuleManager: Shutting down and abandoning module SlateRemote (95)
[2014.10.07-22.47.18:243][ 53]LogModuleManager: Shutting down and abandoning module ScriptEditorPlugin (94)
[2014.10.07-22.47.18:243][ 53]LogModuleManager: Shutting down and abandoning module CustomMeshComponent (93)
[2014.10.07-22.47.18:243][ 53]LogModuleManager: Shutting down and abandoning module CableComponent (92)
[2014.10.07-22.47.18:243][ 53]LogModuleManager: Shutting down and abandoning module MessagingDebugger (91)
[2014.10.07-22.47.18:243][ 53]LogModuleManager: Shutting down and abandoning module ViewportSnapping (90)
[2014.10.07-22.47.18:243][ 53]LogModuleManager: Shutting down and abandoning module SmartSnapping (89)
[2014.10.07-22.47.18:243][ 53]LogModuleManager: Shutting down and abandoning module PaperTiledImporter (88)
[2014.10.07-22.47.18:243][ 53]LogModuleManager: Shutting down and abandoning module PaperJsonImporter (87)
[2014.10.07-22.47.18:243][ 53]LogModuleManager: Shutting down and abandoning module GameProjectGeneration (86)
[2014.10.07-22.47.18:243][ 53]LogModuleManager: Shutting down and abandoning module Matinee (85)
[2014.10.07-22.47.18:243][ 53]LogModuleManager: Shutting down and abandoning module Kismet (84)
[2014.10.07-22.47.18:244][ 53]LogModuleManager: Shutting down and abandoning module SlateReflector (83)
[2014.10.07-22.47.18:244][ 53]LogModuleManager: Shutting down and abandoning module LevelEditor (82)
[2014.10.07-22.47.18:245][ 53]LogModuleManager: Shutting down and abandoning module IntroTutorials (81)
[2014.10.07-22.47.18:246][ 53]LogModuleManager: Shutting down and abandoning module ContentBrowser (80)
[2014.10.07-22.47.18:246][ 53]LogModuleManager: Shutting down and abandoning module PropertyEditor (79)
[2014.10.07-22.47.18:246][ 53]LogModuleManager: Shutting down and abandoning module AssetTools (78)
[2014.10.07-22.47.18:246][ 53]LogModuleManager: Shutting down and abandoning module Paper2DEditor (77)
[2014.10.07-22.47.18:246][ 53]LogModuleManager: Shutting down and abandoning module SpeedTreeImporter (76)
[2014.10.07-22.47.18:246][ 53]LogModuleManager: Shutting down and abandoning module PluginsEditor (75)
[2014.10.07-22.47.18:246][ 53]LogModuleManager: Shutting down and abandoning module MainFrame (74)
[2014.10.07-22.47.18:246][ 53]LogModuleManager: Shutting down and abandoning module EpicSurvey (73)
[2014.10.07-22.47.18:246][ 53]LogModuleManager: Shutting down and abandoning module VisualStudioSourceCodeAccess (72)
[2014.10.07-22.47.18:246][ 53]LogModuleManager: Shutting down and abandoning module UObjectPlugin (71)
[2014.10.07-22.47.18:246][ 53]LogModuleManager: Shutting down and abandoning module SubversionSourceControl (70)
[2014.10.07-22.47.18:246][ 53]LogModuleManager: Shutting down and abandoning module SourceControl (69)
[2014.10.07-22.47.18:246][ 53]LogModuleManager: Shutting down and abandoning module PerforceSourceControl (68)
[2014.10.07-22.47.18:246][ 53]LogModuleManager: Shutting down and abandoning module BlankPlugin (67)
[2014.10.07-22.47.18:246][ 53]LogModuleManager: Shutting down and abandoning module ScriptPlugin (66)
[2014.10.07-22.47.18:246][ 53]LogModuleManager: Shutting down and abandoning module UdpMessaging (65)
[2014.10.07-22.47.18:348][ 53]LogModuleManager: Shutting down and abandoning module Paper2D (64)
[2014.10.07-22.47.18:348][ 53]LogModuleManager: Shutting down and abandoning module WindowsMoviePlayer (63)
[2014.10.07-22.47.18:356][ 53]LogModuleManager: Shutting down and abandoning module ImageWrapper (62)
[2014.10.07-22.47.18:356][ 53]LogModuleManager: Shutting down and abandoning module OnlineBlueprintSupport (61)
[2014.10.07-22.47.18:356][ 53]LogModuleManager: Shutting down and abandoning module FunctionalTesting (60)
[2014.10.07-22.47.18:356][ 53]LogModuleManager: Shutting down and abandoning module CollisionAnalyzer (59)
[2014.10.07-22.47.18:356][ 53]LogModuleManager: Shutting down and abandoning module WorkspaceMenuStructure (58)
[2014.10.07-22.47.18:356][ 53]LogModuleManager: Shutting down and abandoning module MessageLog (57)
[2014.10.07-22.47.18:356][ 53]LogModuleManager: Shutting down and abandoning module UMGEditor (56)
[2014.10.07-22.47.18:356][ 53]LogModuleManager: Shutting down and abandoning module UMG (55)
[2014.10.07-22.47.18:356][ 53]LogModuleManager: Shutting down and abandoning module Slate (54)
[2014.10.07-22.47.18:356][ 53]LogModuleManager: Shutting down and abandoning module EditorStyle (53)
[2014.10.07-22.47.18:359][ 53]LogModuleManager: Shutting down and abandoning module SessionServices (52)
[2014.10.07-22.47.18:359][ 53]LogModuleManager: Shutting down and abandoning module SourceCodeAccess (51)
[2014.10.07-22.47.18:360][ 53]LogModuleManager: Shutting down and abandoning module HeadMountedDisplay (50)
[2014.10.07-22.47.18:360][ 53]LogModuleManager: Shutting down and abandoning module XAudio2 (49)
[2014.10.07-22.47.18:360][ 53]LogModuleManager: Shutting down and abandoning module Networking (47)
[2014.10.07-22.47.18:360][ 53]LogModuleManager: Shutting down and abandoning module Core (46)
[2014.10.07-22.47.18:360][ 53]LogModuleManager: Shutting down and abandoning module KismetCompiler (45)
[2014.10.07-22.47.18:360][ 53]LogModuleManager: Shutting down and abandoning module PhysXFormats (44)
[2014.10.07-22.47.18:360][ 53]LogModuleManager: Shutting down and abandoning module MeshUtilities (43)
[2014.10.07-22.47.18:360][ 53]LogModuleManager: Shutting down and abandoning module DerivedDataCache (42)
[2014.10.07-22.47.18:368][ 53]LogDerivedDataCache: Shutdown
[2014.10.07-22.47.18:368][ 53]LogModuleManager: Shutting down and abandoning module ShaderFormatOpenGL (41)
[2014.10.07-22.47.18:368][ 53]LogModuleManager: Shutting down and abandoning module ShaderFormatD3D (40)
[2014.10.07-22.47.18:368][ 53]LogModuleManager: Shutting down and abandoning module MetalShaderFormat (39)
[2014.10.07-22.47.18:368][ 53]LogModuleManager: Shutting down and abandoning module TextureFormatUncompressed (38)
[2014.10.07-22.47.18:368][ 53]LogModuleManager: Shutting down and abandoning module TextureFormatPVR (37)
[2014.10.07-22.47.18:368][ 53]LogModuleManager: Shutting down and abandoning module TextureFormatDXT (36)
[2014.10.07-22.47.18:368][ 53]LogModuleManager: Shutting down and abandoning module TextureFormatAndroid (35)
[2014.10.07-22.47.18:368][ 53]LogModuleManager: Shutting down and abandoning module AudioFormatOpus (34)
[2014.10.07-22.47.18:368][ 53]LogModuleManager: Shutting down and abandoning module AudioFormatOgg (33)
[2014.10.07-22.47.18:368][ 53]LogModuleManager: Shutting down and abandoning module AudioFormatADPCM (32)
[2014.10.07-22.47.18:368][ 53]LogModuleManager: Shutting down and abandoning module Messaging (31)
[2014.10.07-22.47.18:368][ 53]LogModuleManager: Shutting down and abandoning module IOSTargetPlatform (30)
[2014.10.07-22.47.18:368][ 53]LogModuleManager: Shutting down and abandoning module Android_PVRTCTargetPlatform (29)
[2014.10.07-22.47.18:368][ 53]LogModuleManager: Shutting down and abandoning module Android_ETC2TargetPlatform (28)
[2014.10.07-22.47.18:368][ 53]LogModuleManager: Shutting down and abandoning module Android_ETC1TargetPlatform (27)
[2014.10.07-22.47.18:368][ 53]LogModuleManager: Shutting down and abandoning module Android_DXTTargetPlatform (26)
[2014.10.07-22.47.18:368][ 53]LogModuleManager: Shutting down and abandoning module Android_ATCTargetPlatform (25)
[2014.10.07-22.47.18:368][ 53]LogModuleManager: Shutting down and abandoning module AndroidTargetPlatform (24)
[2014.10.07-22.47.18:368][ 53]LogModuleManager: Shutting down and abandoning module WindowsTargetPlatform (23)
[2014.10.07-22.47.18:369][ 53]LogModuleManager: Shutting down and abandoning module WindowsServerTargetPlatform (22)
[2014.10.07-22.47.18:369][ 53]LogModuleManager: Shutting down and abandoning module WindowsNoEditorTargetPlatform (21)
[2014.10.07-22.47.18:369][ 53]LogModuleManager: Shutting down and abandoning module WindowsClientTargetPlatform (20)
[2014.10.07-22.47.18:369][ 53]LogModuleManager: Shutting down and abandoning module TargetPlatform (19)
[2014.10.07-22.47.18:369][ 53]LogModuleManager: Shutting down and abandoning module InputCore (18)
[2014.10.07-22.47.18:369][ 53]LogModuleManager: Shutting down and abandoning module Settings (17)
[2014.10.07-22.47.18:369][ 53]LogModuleManager: Shutting down and abandoning module ExampleDeviceProfileSelector (14)
[2014.10.07-22.47.18:369][ 53]LogModuleManager: Shutting down and abandoning module OculusRift (13)
[2014.10.07-22.47.18:369][ 53]LogModuleManager: Shutting down and abandoning module TextureCompressor (12)
[2014.10.07-22.47.18:369][ 53]LogModuleManager: Shutting down and abandoning module ShaderCore (11)
[2014.10.07-22.47.18:369][ 53]LogModuleManager: Shutting down and abandoning module OpenGLDrv (10)
[2014.10.07-22.47.18:369][ 53]LogModuleManager: Shutting down and abandoning module D3D11RHI (9)
[2014.10.07-22.47.18:369][ 53]LogModuleManager: Shutting down and abandoning module SlateRHIRenderer (8)
[2014.10.07-22.47.18:369][ 53]LogModuleManager: Shutting down and abandoning module Renderer (7)
[2014.10.07-22.47.18:369][ 53]LogModuleManager: Shutting down and abandoning module Engine (6)
[2014.10.07-22.47.18:369][ 53]LogModuleManager: Shutting down and abandoning module CoreUObject (5)
[2014.10.07-22.47.18:369][ 53]LogModuleManager: Shutting down and abandoning module NetworkFile (4)
[2014.10.07-22.47.18:369][ 53]LogModuleManager: Shutting down and abandoning module StreamingFile (3)
[2014.10.07-22.47.18:369][ 53]LogModuleManager: Shutting down and abandoning module SandboxFile (2)
[2014.10.07-22.47.18:369][ 53]LogModuleManager: Shutting down and abandoning module PakFile (1)
[2014.10.07-22.47.18:370][ 53]LogExit: Exiting.
[2014.10.07-22.47.18:394][ 53]Log file closed, 10/07/14 16:47:18
