Log file open, 10/09/14 14:38:02
LogInit:Display: Running engine for game: DeathScene
LogInit: Version: 4.4.0-2255576+++depot+UE4-Releases+4.4
LogInit: API Version: 2255576
LogInit: Compiled (64-bit): Aug 13 2014 22:39:32
LogInit: Build Configuration: Development
LogInit: Branch Name: ++depot+UE4-Releases+4.4
LogInit: Command line:  
LogInit: Base directory: C:/Program Files/Unreal Engine/4.4/Engine/Binaries/Win64/
LogInit: Rocket: 1
[2014.10.09-20.38.02:819][  0]LogTaskGraph: Started task graph with 3 named threads and 4 total threads.
[2014.10.09-20.38.02:845][  0]LogOnline:Warning: No default platform service specified for OnlineSubsystem
[2014.10.09-20.38.02:851][  0]LogInit: Presizing for 0 objects not considered by GC, pre-allocating 0 bytes.
[2014.10.09-20.38.02:857][  0]LogInit: Object subsystem initialized
[2014.10.09-20.38.02:858][  0]LogInit: Selected Device Profile: [Windows]
[2014.10.09-20.38.02:858][  0]LogInit: Applying CVar settings loaded from the selected device profile: [Windows]
[2014.10.09-20.38.02:877][  0]LogInit: Computer: LAB5-64
[2014.10.09-20.38.02:877][  0]LogInit: User: ssharp
[2014.10.09-20.38.02:877][  0]LogInit: CPU Page size=4096, Cores=4
[2014.10.09-20.38.02:877][  0]LogInit: High frequency timer resolution =3.320458 MHz
[2014.10.09-20.38.02:878][  0]LogMemory: Memory total: Physical=16.0GB (16GB approx) Virtual=8192.0GB
[2014.10.09-20.38.02:878][  0]LogMemory: Platform Memory Stats for Windows
[2014.10.09-20.38.02:878][  0]LogMemory: Process Physical Memory: 61.80 MB used, 61.80 MB peak
[2014.10.09-20.38.02:878][  0]LogMemory: Process Virtual Memory: 38.05 MB used, 38.05 MB peak
[2014.10.09-20.38.02:878][  0]LogMemory: Physical Memory: 5040.51 MB used, 16350.83 MB total
[2014.10.09-20.38.02:878][  0]LogMemory: Virtual Memory: 245.37 MB used, 8388608.00 MB total
[2014.10.09-20.38.02:920][  0]LogD3D11RHI: Found D3D11 adapter 0: NVIDIA GeForce GTX 650 (Feature Level 11_0)
[2014.10.09-20.38.02:920][  0]LogD3D11RHI: Adapter has 971MB of dedicated video memory, 0MB of dedicated system memory, and 3072MB of shared system memory, 1 output[s]
[2014.10.09-20.38.02:920][  0]LogD3D11RHI: Chosen D3D11 Adapter Id = 0
[2014.10.09-20.38.02:924][  0]LogRHI: Texture pool is 680 MB (70% of 971 MB)
[2014.10.09-20.38.02:930][  0]LogD3D11RHI: Async texture creation enabled
[2014.10.09-20.38.03:042][  0]LogContentStreaming: Texture pool size is 0.000000MB
[2014.10.09-20.38.04:231][  0]LogTargetPlatformManager:Display: Building Assets For Windows
[2014.10.09-20.38.04:530][  0]LogTargetPlatformManager:Display: Building Assets For Windows
[2014.10.09-20.38.04:560][  0]LogDerivedDataCache:Display: Max Cache Size: 512 MB
[2014.10.09-20.38.04:593][  0]LogDerivedDataCache: Loaded boot cache 0.03s 39MB C:/Users/ssharp/AppData/Local/UnrealEngine/4.4/DerivedDataCache/Boot.ddc.
[2014.10.09-20.38.04:593][  0]LogDerivedDataCache:Display: Loaded Boot cache: C:/Users/ssharp/AppData/Local/UnrealEngine/4.4/DerivedDataCache/Boot.ddc
[2014.10.09-20.38.04:593][  0]LogDerivedDataCache: FDerivedDataBackendGraph:  Pak pak cache file //chips.eng.utah.edu/home/ssharp/.win_desktop/GitHub/treebeard/Unreal Project/DeathScene/DerivedDataCache/DDC.ddp not found, will not use a pak cache.
[2014.10.09-20.38.04:593][  0]LogDerivedDataCache: Unable to find inner node Pak for hierarchical cache Hierarchy.
[2014.10.09-20.38.04:607][  0]LogDerivedDataCache:Display: Pak cache opened for reading ../../../Engine/DerivedDataCache/DDC.ddp.
[2014.10.09-20.38.04:618][  0]LogDerivedDataCache: Using Local data cache path C:/Users/ssharp/AppData/Local/UnrealEngine/4.4/DerivedDataCache: Writable
[2014.10.09-20.38.04:734][  0]LogMeshUtilities: No automatic mesh reduction module available
[2014.10.09-20.38.04:734][  0]LogMeshUtilities: No automatic mesh merging module available
[2014.10.09-20.38.04:963][  0]LogInit: WinSock: version 1.1 (2.2), MaxSocks=32767, MaxUdp=65467
[2014.10.09-20.38.05:468][  0]LogStats:Warning: MetaData mismatch. Did you assign a stat to two groups? New //STATGROUP_Threads//FMonitoredProcess///Thread_2e6c_0///////STATCAT_Advanced//// old //STATGROUP_Threads//FMonitoredProcess///Thread_1bf4_0///////STATCAT_Advanced////
[2014.10.09-20.38.05:468][  0]UdpMessaging: Initializing bridge on interface 0.0.0.0:0 to multicast group 230.0.0.1:6666.
[2014.10.09-20.38.05:572][  0]SourceControl: Info Source control is disabled
[2014.10.09-20.38.05:572][  0]SourceControl: Info Source control is disabled
[2014.10.09-20.38.05:576][  0]SourceControl: Info Source control is disabled
[2014.10.09-20.38.05:689][  0]BlueprintLog: New page: Editor Load
[2014.10.09-20.38.05:769][  0]LogObj: 21438 objects as part of root set at end of initial load.
[2014.10.09-20.38.05:769][  0]LogUObjectAllocator: 4218648 out of 0 bytes used by permanent object pool.
[2014.10.09-20.38.05:897][  0]LogEngine: Initializing Engine...
[2014.10.09-20.38.05:974][  0]LogInit: XAudio2 using 'Speakers (Realtek High Definition Audio)' : 2 channels at 48 kHz using 32 bits per sample (channel mask 0x3)
[2014.10.09-20.38.05:980][  0]LogInit: FAudioDevice initialized.
[2014.10.09-20.38.05:992][  0]LogAIModule: Creating AISystem for world NewWorld
[2014.10.09-20.38.06:012][  0]LogDerivedDataCache: Saved boot cache 0.02s 39MB C:/Users/ssharp/AppData/Local/UnrealEngine/4.4/DerivedDataCache/Boot.ddc.
[2014.10.09-20.38.06:017][  0]LogInit: Texture streaming: Enabled
[2014.10.09-20.38.06:038][  0]LogInit: Transaction tracking system initialized
[2014.10.09-20.38.06:114][  0]LogAssetRegistry: FAssetRegistry took 0.0101 seconds to start up
[2014.10.09-20.38.06:449][  0]LogTargetPlatformManager:Display: Building Assets For Windows
[2014.10.09-20.38.06:696][  0]LogTargetPlatformManager:Display: Building Assets For Windows
[2014.10.09-20.38.06:820][  0]LogConsoleResponse:Display: 
[2014.10.09-20.38.06:932][  0]LogStats:Warning: MetaData mismatch. Did you assign a stat to two groups? New //STATGROUP_Threads//FMonitoredProcess///Thread_c14_0///////STATCAT_Advanced//// old //STATGROUP_Threads//FMonitoredProcess///Thread_1bf4_0///////STATCAT_Advanced////
[2014.10.09-20.38.06:932][  0]LogStats:Warning: MetaData mismatch. Did you assign a stat to two groups? New //STATGROUP_Threads//FMonitoredProcess///Thread_2004_0///////STATCAT_Advanced//// old //STATGROUP_Threads//FMonitoredProcess///Thread_1bf4_0///////STATCAT_Advanced////
[2014.10.09-20.38.06:932][  0]SourceControl: Info Source control is disabled
[2014.10.09-20.38.06:933][  0]Cmd: MAP LOAD FILE="//chips.eng.utah.edu/home/ssharp/.win_desktop/GitHub/treebeard/Unreal Project/DeathScene/Content/Maps/Minimal_Default.umap" TEMPLATE=0 SHOWPROGRESS=1
[2014.10.09-20.38.06:933][  0]LogEditorServer:Warning: Can't find file '//chips.eng.utah.edu/home/ssharp/.win_desktop/GitHub/treebeard/Unreal Project/DeathScene/Content/Maps/Minimal_Default.umap'
[2014.10.09-20.38.06:933][  0]Cmd: MAP CHECKDEP
[2014.10.09-20.38.06:933][  0]MapCheck: New page: Untitled_0 - Oct 9, 2014, 8:38:06 AM
[2014.10.09-20.38.06:966][  0]MapCheck: Info ========== Map Check: 0 Error(s), 0 Warning(s), [32.719ms] ==========
[2014.10.09-20.38.06:966][  0]LogFileHelpers: Loading map 'Minimal_Default' took 0.034
[2014.10.09-20.38.07:069][  0]LogCollectionManager: Loaded 0 collections in 0.001697 seconds
[2014.10.09-20.38.07:128][  0]LogCrashTracker: Crashtracker disabled due to settings.
[2014.10.09-20.38.07:184][  0]LogLoad: Full Startup: 5.16 seconds (BP compile: 0.00 seconds)
[2014.10.09-20.38.07:200][  0]LogContentBrowser:Verbose: The content browser source was changed by the sources view to '/Game/Materials'
[2014.10.09-20.38.07:307][  0]LogRenderer:Warning: Reallocating scene render targets to support 680x648.
[2014.10.09-20.38.08:572][136]LogAssetRegistry: Asset discovery search completed in 2.4684 seconds
[2014.10.09-20.39.54:878][351]Cmd: MAP LOAD FILE="//chips.eng.utah.edu/home/ssharp/.win_desktop/GitHub/treebeard/Unreal Project/DeathScene/Content/LOTR001_with_cameras.umap" TEMPLATE=0 SHOWPROGRESS=1
[2014.10.09-20.39.54:883][351]LightingResults: New page: Lighting Build
[2014.10.09-20.39.54:904][351]LoadErrors: New page: Loading map: LOTR001_with_cameras.umap
[2014.10.09-20.39.54:905][351]MapCheck: New page: Map Check
[2014.10.09-20.39.54:905][351]LightingResults: New page: Lighting Build
[2014.10.09-20.39.54:918][351]LogParticles: Destroying 0 GPU particle simulations for FXSystem 0x0000000012041300
[2014.10.09-20.39.55:083][351]LogLinker:Warning: Can't find file '/Game/Textures/T_Ground_Grass_D'
[2014.10.09-20.39.55:084][351]LogLinker:Warning: Can't find file for asset '/Game/Textures/T_Ground_Grass_D' while loading //chips.eng.utah.edu/home/ssharp/.win_desktop/GitHub/treebeard/Unreal Project/DeathScene/Content/Materials/M_Ground_Grass.uasset.
[2014.10.09-20.39.55:084][351]LoadErrors:Error: Error /Game/Materials/M_Ground_Grass : Can't find file for asset. /Game/Textures/T_Ground_Grass_D
[2014.10.09-20.39.55:085][351]LogLinker:Warning: Can't find file '/Game/Textures/T_Ground_Grass_N'
[2014.10.09-20.39.55:086][351]LogLinker:Warning: Can't find file for asset '/Game/Textures/T_Ground_Grass_N' while loading //chips.eng.utah.edu/home/ssharp/.win_desktop/GitHub/treebeard/Unreal Project/DeathScene/Content/Materials/M_Ground_Grass.uasset.
[2014.10.09-20.39.55:086][351]LoadErrors:Error: Error /Game/Materials/M_Ground_Grass : Can't find file for asset. /Game/Textures/T_Ground_Grass_N
[2014.10.09-20.39.55:087][351]LogLinker:Warning: Can't find file '/Game/Textures/T_MacroVariation'
[2014.10.09-20.39.55:087][351]LogLinker:Warning: Can't find file for asset '/Game/Textures/T_MacroVariation' while loading //chips.eng.utah.edu/home/ssharp/.win_desktop/GitHub/treebeard/Unreal Project/DeathScene/Content/Materials/M_Ground_Grass.uasset.
[2014.10.09-20.39.55:087][351]LoadErrors:Error: Error /Game/Materials/M_Ground_Grass : Can't find file for asset. /Game/Textures/T_MacroVariation
[2014.10.09-20.39.55:088][351]LogLinker:Warning: Can't find file '/Game/Textures/T_Perlin_Noise_M'
[2014.10.09-20.39.55:089][351]LogLinker:Warning: Can't find file for asset '/Game/Textures/T_Perlin_Noise_M' while loading //chips.eng.utah.edu/home/ssharp/.win_desktop/GitHub/treebeard/Unreal Project/DeathScene/Content/Materials/M_Ground_Grass.uasset.
[2014.10.09-20.39.55:089][351]LoadErrors:Error: Error /Game/Materials/M_Ground_Grass : Can't find file for asset. /Game/Textures/T_Perlin_Noise_M
[2014.10.09-20.39.55:090][351]LogLinker:Warning: Can't find file '/Game/Textures/T_Ground_Grass_D'
[2014.10.09-20.39.55:091][351]LogLinker:Warning: Can't find file for asset '/Game/Textures/T_Ground_Grass_D' while loading //chips.eng.utah.edu/home/ssharp/.win_desktop/GitHub/treebeard/Unreal Project/DeathScene/Content/Materials/M_Ground_Grass.uasset.
[2014.10.09-20.39.55:092][351]LogLinker:Warning: Can't find file '/Game/Textures/T_Ground_Grass_N'
[2014.10.09-20.39.55:092][351]LogLinker:Warning: Can't find file for asset '/Game/Textures/T_Ground_Grass_N' while loading //chips.eng.utah.edu/home/ssharp/.win_desktop/GitHub/treebeard/Unreal Project/DeathScene/Content/Materials/M_Ground_Grass.uasset.
[2014.10.09-20.39.55:093][351]LogLinker:Warning: Can't find file '/Game/Textures/T_MacroVariation'
[2014.10.09-20.39.55:094][351]LogLinker:Warning: Can't find file for asset '/Game/Textures/T_MacroVariation' while loading //chips.eng.utah.edu/home/ssharp/.win_desktop/GitHub/treebeard/Unreal Project/DeathScene/Content/Materials/M_Ground_Grass.uasset.
[2014.10.09-20.39.55:095][351]LogLinker:Warning: Can't find file '/Game/Textures/T_Perlin_Noise_M'
[2014.10.09-20.39.55:095][351]LogLinker:Warning: Can't find file for asset '/Game/Textures/T_Perlin_Noise_M' while loading //chips.eng.utah.edu/home/ssharp/.win_desktop/GitHub/treebeard/Unreal Project/DeathScene/Content/Materials/M_Ground_Grass.uasset.
[2014.10.09-20.39.55:121][351]LogLinker:Warning: Can't find file '/Game/Textures/T_Tech_Hex_Tile_M'
[2014.10.09-20.39.55:122][351]LogLinker:Warning: Can't find file for asset '/Game/Textures/T_Tech_Hex_Tile_M' while loading //chips.eng.utah.edu/home/ssharp/.win_desktop/GitHub/treebeard/Unreal Project/DeathScene/Content/Materials/M_Tech_Hex_Tile.uasset.
[2014.10.09-20.39.55:122][351]LoadErrors:Error: Error /Game/Materials/M_Tech_Hex_Tile : Can't find file for asset. /Game/Textures/T_Tech_Hex_Tile_M
[2014.10.09-20.39.55:123][351]LogLinker:Warning: Can't find file '/Game/Textures/T_Tech_Hex_Tile_N'
[2014.10.09-20.39.55:124][351]LogLinker:Warning: Can't find file for asset '/Game/Textures/T_Tech_Hex_Tile_N' while loading //chips.eng.utah.edu/home/ssharp/.win_desktop/GitHub/treebeard/Unreal Project/DeathScene/Content/Materials/M_Tech_Hex_Tile.uasset.
[2014.10.09-20.39.55:124][351]LoadErrors:Error: Error /Game/Materials/M_Tech_Hex_Tile : Can't find file for asset. /Game/Textures/T_Tech_Hex_Tile_N
[2014.10.09-20.39.55:125][351]LogLinker:Warning: Can't find file '/Game/Textures/T_Tech_Hex_Tile_M'
[2014.10.09-20.39.55:126][351]LogLinker:Warning: Can't find file for asset '/Game/Textures/T_Tech_Hex_Tile_M' while loading //chips.eng.utah.edu/home/ssharp/.win_desktop/GitHub/treebeard/Unreal Project/DeathScene/Content/Materials/M_Tech_Hex_Tile.uasset.
[2014.10.09-20.39.55:126][351]LogLinker:Warning: Can't find file '/Game/Textures/T_Tech_Hex_Tile_N'
[2014.10.09-20.39.55:127][351]LogLinker:Warning: Can't find file for asset '/Game/Textures/T_Tech_Hex_Tile_N' while loading //chips.eng.utah.edu/home/ssharp/.win_desktop/GitHub/treebeard/Unreal Project/DeathScene/Content/Materials/M_Tech_Hex_Tile.uasset.
[2014.10.09-20.39.55:145][351]LogLinker:Warning: Can't find file '/Game/Textures/T_Perlin_Noise_M'
[2014.10.09-20.39.55:146][351]LogLinker:Warning: Can't find file for asset '/Game/Textures/T_Perlin_Noise_M' while loading //chips.eng.utah.edu/home/ssharp/.win_desktop/GitHub/treebeard/Unreal Project/DeathScene/Content/Materials/M_Water_Lake.uasset.
[2014.10.09-20.39.55:146][351]LoadErrors:Error: Error /Game/Materials/M_Water_Lake : Can't find file for asset. /Game/Textures/T_Perlin_Noise_M
[2014.10.09-20.39.55:147][351]LogLinker:Warning: Can't find file '/Game/Textures/T_Water_N'
[2014.10.09-20.39.55:148][351]LogLinker:Warning: Can't find file for asset '/Game/Textures/T_Water_N' while loading //chips.eng.utah.edu/home/ssharp/.win_desktop/GitHub/treebeard/Unreal Project/DeathScene/Content/Materials/M_Water_Lake.uasset.
[2014.10.09-20.39.55:148][351]LoadErrors:Error: Error /Game/Materials/M_Water_Lake : Can't find file for asset. /Game/Textures/T_Water_N
[2014.10.09-20.39.55:149][351]LogLinker:Warning: Can't find file '/Game/Textures/T_Perlin_Noise_M'
[2014.10.09-20.39.55:149][351]LogLinker:Warning: Can't find file for asset '/Game/Textures/T_Perlin_Noise_M' while loading //chips.eng.utah.edu/home/ssharp/.win_desktop/GitHub/treebeard/Unreal Project/DeathScene/Content/Materials/M_Water_Lake.uasset.
[2014.10.09-20.39.55:150][351]LogLinker:Warning: Can't find file '/Game/Textures/T_Water_N'
[2014.10.09-20.39.55:151][351]LogLinker:Warning: Can't find file for asset '/Game/Textures/T_Water_N' while loading //chips.eng.utah.edu/home/ssharp/.win_desktop/GitHub/treebeard/Unreal Project/DeathScene/Content/Materials/M_Water_Lake.uasset.
[2014.10.09-20.39.55:161][351]LogLinker:Warning: Can't find file '/Game/Textures/board001_Uvs'
[2014.10.09-20.39.55:162][351]LogLinker:Warning: Can't find file for asset '/Game/Textures/board001_Uvs' while loading //chips.eng.utah.edu/home/ssharp/.win_desktop/GitHub/treebeard/Unreal Project/DeathScene/Content/Materials/propMats/boards_Mat.uasset.
[2014.10.09-20.39.55:162][351]LoadErrors:Error: Error /Game/Materials/propMats/boards_Mat : Can't find file for asset. /Game/Textures/board001_Uvs
[2014.10.09-20.39.55:163][351]LogLinker:Warning: Can't find file '/Game/Textures/T_Rock_Sandstone_N'
[2014.10.09-20.39.55:164][351]LogLinker:Warning: Can't find file for asset '/Game/Textures/T_Rock_Sandstone_N' while loading //chips.eng.utah.edu/home/ssharp/.win_desktop/GitHub/treebeard/Unreal Project/DeathScene/Content/Materials/propMats/boards_Mat.uasset.
[2014.10.09-20.39.55:164][351]LoadErrors:Error: Error /Game/Materials/propMats/boards_Mat : Can't find file for asset. /Game/Textures/T_Rock_Sandstone_N
[2014.10.09-20.39.55:165][351]LogLinker:Warning: Can't find file '/Game/Textures/board001_Uvs'
[2014.10.09-20.39.55:167][351]LogLinker:Warning: Can't find file for asset '/Game/Textures/board001_Uvs' while loading //chips.eng.utah.edu/home/ssharp/.win_desktop/GitHub/treebeard/Unreal Project/DeathScene/Content/Materials/propMats/boards_Mat.uasset.
[2014.10.09-20.39.55:168][351]LogLinker:Warning: Can't find file '/Game/Textures/T_Rock_Sandstone_N'
[2014.10.09-20.39.55:169][351]LogLinker:Warning: Can't find file for asset '/Game/Textures/T_Rock_Sandstone_N' while loading //chips.eng.utah.edu/home/ssharp/.win_desktop/GitHub/treebeard/Unreal Project/DeathScene/Content/Materials/propMats/boards_Mat.uasset.
[2014.10.09-20.39.55:636][351]LogLinker:Warning: Can't find file '/Game/Textures/T_Metal_Gold_N'
[2014.10.09-20.39.55:637][351]LogLinker:Warning: Can't find file for asset '/Game/Textures/T_Metal_Gold_N' while loading //chips.eng.utah.edu/home/ssharp/.win_desktop/GitHub/treebeard/Unreal Project/DeathScene/Content/Materials/propMats/Tower.uasset.
[2014.10.09-20.39.55:637][351]LoadErrors:Error: Error /Game/Materials/propMats/Tower : Can't find file for asset. /Game/Textures/T_Metal_Gold_N
[2014.10.09-20.39.55:638][351]LogLinker:Warning: Can't find file '/Game/Textures/T_Metal_Gold_N'
[2014.10.09-20.39.55:639][351]LogLinker:Warning: Can't find file for asset '/Game/Textures/T_Metal_Gold_N' while loading //chips.eng.utah.edu/home/ssharp/.win_desktop/GitHub/treebeard/Unreal Project/DeathScene/Content/Materials/propMats/Tower.uasset.
[2014.10.09-20.39.55:779][351]LogLinker:Warning: Can't find file '/Game/Props/SM_Bush'
[2014.10.09-20.39.55:780][351]LogLinker:Warning: Can't find file for asset '/Game/Props/SM_Bush' while loading //chips.eng.utah.edu/home/ssharp/.win_desktop/GitHub/treebeard/Unreal Project/DeathScene/Content/LOTR001_with_cameras.umap.
[2014.10.09-20.39.55:780][351]LoadErrors:Error: Error /Game/LOTR001_with_cameras : Can't find file for asset. /Game/Props/SM_Bush
[2014.10.09-20.39.55:780][351]LogLinker:Warning: Can't find file '/Game/Props/SM_Rock'
[2014.10.09-20.39.55:781][351]LogLinker:Warning: Can't find file for asset '/Game/Props/SM_Rock' while loading //chips.eng.utah.edu/home/ssharp/.win_desktop/GitHub/treebeard/Unreal Project/DeathScene/Content/LOTR001_with_cameras.umap.
[2014.10.09-20.39.55:781][351]LoadErrors:Error: Error /Game/LOTR001_with_cameras : Can't find file for asset. /Game/Props/SM_Rock
[2014.10.09-20.39.55:845][351]LogLinker:Warning: Can't find file '/Game/Textures/T_Bush_D'
[2014.10.09-20.39.55:846][351]LogLinker:Warning: Can't find file for asset '/Game/Textures/T_Bush_D' while loading //chips.eng.utah.edu/home/ssharp/.win_desktop/GitHub/treebeard/Unreal Project/DeathScene/Content/LOTR001_with_cameras.umap.
[2014.10.09-20.39.55:846][351]LoadErrors:Error: Error /Game/LOTR001_with_cameras : Can't find file for asset. /Game/Textures/T_Bush_D
[2014.10.09-20.39.55:847][351]LogLinker:Warning: Can't find file '/Game/Textures/T_Bush_N'
[2014.10.09-20.39.55:847][351]LogLinker:Warning: Can't find file for asset '/Game/Textures/T_Bush_N' while loading //chips.eng.utah.edu/home/ssharp/.win_desktop/GitHub/treebeard/Unreal Project/DeathScene/Content/LOTR001_with_cameras.umap.
[2014.10.09-20.39.55:847][351]LoadErrors:Error: Error /Game/LOTR001_with_cameras : Can't find file for asset. /Game/Textures/T_Bush_N
[2014.10.09-20.39.55:848][351]LogLinker:Warning: Can't find file '/Game/Textures/T_Detail_Rocky_N'
[2014.10.09-20.39.55:849][351]LogLinker:Warning: Can't find file for asset '/Game/Textures/T_Detail_Rocky_N' while loading //chips.eng.utah.edu/home/ssharp/.win_desktop/GitHub/treebeard/Unreal Project/DeathScene/Content/LOTR001_with_cameras.umap.
[2014.10.09-20.39.55:849][351]LoadErrors:Error: Error /Game/LOTR001_with_cameras : Can't find file for asset. /Game/Textures/T_Detail_Rocky_N
[2014.10.09-20.39.55:850][351]LogLinker:Warning: Can't find file '/Game/Textures/T_Ground_Grass_D'
[2014.10.09-20.39.55:851][351]LogLinker:Warning: Can't find file for asset '/Game/Textures/T_Ground_Grass_D' while loading //chips.eng.utah.edu/home/ssharp/.win_desktop/GitHub/treebeard/Unreal Project/DeathScene/Content/LOTR001_with_cameras.umap.
[2014.10.09-20.39.55:851][351]LoadErrors:Error: Error /Game/LOTR001_with_cameras : Can't find file for asset. /Game/Textures/T_Ground_Grass_D
[2014.10.09-20.39.55:852][351]LogLinker:Warning: Can't find file '/Game/Textures/T_Ground_Grass_N'
[2014.10.09-20.39.55:853][351]LogLinker:Warning: Can't find file for asset '/Game/Textures/T_Ground_Grass_N' while loading //chips.eng.utah.edu/home/ssharp/.win_desktop/GitHub/treebeard/Unreal Project/DeathScene/Content/LOTR001_with_cameras.umap.
[2014.10.09-20.39.55:853][351]LoadErrors:Error: Error /Game/LOTR001_with_cameras : Can't find file for asset. /Game/Textures/T_Ground_Grass_N
[2014.10.09-20.39.55:854][351]LogLinker:Warning: Can't find file '/Game/Textures/T_MacroVariation'
[2014.10.09-20.39.55:855][351]LogLinker:Warning: Can't find file for asset '/Game/Textures/T_MacroVariation' while loading //chips.eng.utah.edu/home/ssharp/.win_desktop/GitHub/treebeard/Unreal Project/DeathScene/Content/LOTR001_with_cameras.umap.
[2014.10.09-20.39.55:855][351]LoadErrors:Error: Error /Game/LOTR001_with_cameras : Can't find file for asset. /Game/Textures/T_MacroVariation
[2014.10.09-20.39.55:856][351]LogLinker:Warning: Can't find file '/Game/Textures/T_Metal_Gold_N'
[2014.10.09-20.39.55:856][351]LogLinker:Warning: Can't find file for asset '/Game/Textures/T_Metal_Gold_N' while loading //chips.eng.utah.edu/home/ssharp/.win_desktop/GitHub/treebeard/Unreal Project/DeathScene/Content/LOTR001_with_cameras.umap.
[2014.10.09-20.39.55:856][351]LoadErrors:Error: Error /Game/LOTR001_with_cameras : Can't find file for asset. /Game/Textures/T_Metal_Gold_N
[2014.10.09-20.39.55:857][351]LogLinker:Warning: Can't find file '/Game/Textures/T_Perlin_Noise_M'
[2014.10.09-20.39.55:858][351]LogLinker:Warning: Can't find file for asset '/Game/Textures/T_Perlin_Noise_M' while loading //chips.eng.utah.edu/home/ssharp/.win_desktop/GitHub/treebeard/Unreal Project/DeathScene/Content/LOTR001_with_cameras.umap.
[2014.10.09-20.39.55:858][351]LoadErrors:Error: Error /Game/LOTR001_with_cameras : Can't find file for asset. /Game/Textures/T_Perlin_Noise_M
[2014.10.09-20.39.55:859][351]LogLinker:Warning: Can't find file '/Game/Textures/T_Rock_Basalt_D'
[2014.10.09-20.39.55:860][351]LogLinker:Warning: Can't find file for asset '/Game/Textures/T_Rock_Basalt_D' while loading //chips.eng.utah.edu/home/ssharp/.win_desktop/GitHub/treebeard/Unreal Project/DeathScene/Content/LOTR001_with_cameras.umap.
[2014.10.09-20.39.55:860][351]LoadErrors:Error: Error /Game/LOTR001_with_cameras : Can't find file for asset. /Game/Textures/T_Rock_Basalt_D
[2014.10.09-20.39.55:860][351]LogLinker:Warning: Can't find file '/Game/Textures/T_RockMesh_M'
[2014.10.09-20.39.55:861][351]LogLinker:Warning: Can't find file for asset '/Game/Textures/T_RockMesh_M' while loading //chips.eng.utah.edu/home/ssharp/.win_desktop/GitHub/treebeard/Unreal Project/DeathScene/Content/LOTR001_with_cameras.umap.
[2014.10.09-20.39.55:861][351]LoadErrors:Error: Error /Game/LOTR001_with_cameras : Can't find file for asset. /Game/Textures/T_RockMesh_M
[2014.10.09-20.39.55:862][351]LogLinker:Warning: Can't find file '/Game/Textures/T_RockMesh_N'
[2014.10.09-20.39.55:863][351]LogLinker:Warning: Can't find file for asset '/Game/Textures/T_RockMesh_N' while loading //chips.eng.utah.edu/home/ssharp/.win_desktop/GitHub/treebeard/Unreal Project/DeathScene/Content/LOTR001_with_cameras.umap.
[2014.10.09-20.39.55:863][351]LoadErrors:Error: Error /Game/LOTR001_with_cameras : Can't find file for asset. /Game/Textures/T_RockMesh_N
[2014.10.09-20.39.55:864][351]LogLinker:Warning: Can't find file '/Game/Textures/T_Water_N'
[2014.10.09-20.39.55:865][351]LogLinker:Warning: Can't find file for asset '/Game/Textures/T_Water_N' while loading //chips.eng.utah.edu/home/ssharp/.win_desktop/GitHub/treebeard/Unreal Project/DeathScene/Content/LOTR001_with_cameras.umap.
[2014.10.09-20.39.55:865][351]LoadErrors:Error: Error /Game/LOTR001_with_cameras : Can't find file for asset. /Game/Textures/T_Water_N
[2014.10.09-20.39.55:880][351]LogLinker:Warning: Can't find file '/Game/Props/SM_Bush'
[2014.10.09-20.39.55:882][351]LogLinker:Warning: Can't find file for asset '/Game/Props/SM_Bush' while loading //chips.eng.utah.edu/home/ssharp/.win_desktop/GitHub/treebeard/Unreal Project/DeathScene/Content/LOTR001_with_cameras.umap.
[2014.10.09-20.39.55:882][351]LogLinker:Warning: Can't find file '/Game/Props/SM_Rock'
[2014.10.09-20.39.55:883][351]LogLinker:Warning: Can't find file for asset '/Game/Props/SM_Rock' while loading //chips.eng.utah.edu/home/ssharp/.win_desktop/GitHub/treebeard/Unreal Project/DeathScene/Content/LOTR001_with_cameras.umap.
[2014.10.09-20.39.55:954][351]LogLinker:Warning: Can't find file '/Game/Textures/T_Bush_D'
[2014.10.09-20.39.55:955][351]LogLinker:Warning: Can't find file for asset '/Game/Textures/T_Bush_D' while loading //chips.eng.utah.edu/home/ssharp/.win_desktop/GitHub/treebeard/Unreal Project/DeathScene/Content/LOTR001_with_cameras.umap.
[2014.10.09-20.39.55:956][351]LogLinker:Warning: Can't find file '/Game/Textures/T_Bush_N'
[2014.10.09-20.39.55:956][351]LogLinker:Warning: Can't find file for asset '/Game/Textures/T_Bush_N' while loading //chips.eng.utah.edu/home/ssharp/.win_desktop/GitHub/treebeard/Unreal Project/DeathScene/Content/LOTR001_with_cameras.umap.
[2014.10.09-20.39.55:957][351]LogLinker:Warning: Can't find file '/Game/Textures/T_Detail_Rocky_N'
[2014.10.09-20.39.55:958][351]LogLinker:Warning: Can't find file for asset '/Game/Textures/T_Detail_Rocky_N' while loading //chips.eng.utah.edu/home/ssharp/.win_desktop/GitHub/treebeard/Unreal Project/DeathScene/Content/LOTR001_with_cameras.umap.
[2014.10.09-20.39.55:959][351]LogLinker:Warning: Can't find file '/Game/Textures/T_Ground_Grass_D'
[2014.10.09-20.39.55:960][351]LogLinker:Warning: Can't find file for asset '/Game/Textures/T_Ground_Grass_D' while loading //chips.eng.utah.edu/home/ssharp/.win_desktop/GitHub/treebeard/Unreal Project/DeathScene/Content/LOTR001_with_cameras.umap.
[2014.10.09-20.39.55:961][351]LogLinker:Warning: Can't find file '/Game/Textures/T_Ground_Grass_N'
[2014.10.09-20.39.55:961][351]LogLinker:Warning: Can't find file for asset '/Game/Textures/T_Ground_Grass_N' while loading //chips.eng.utah.edu/home/ssharp/.win_desktop/GitHub/treebeard/Unreal Project/DeathScene/Content/LOTR001_with_cameras.umap.
[2014.10.09-20.39.55:962][351]LogLinker:Warning: Can't find file '/Game/Textures/T_MacroVariation'
[2014.10.09-20.39.55:963][351]LogLinker:Warning: Can't find file for asset '/Game/Textures/T_MacroVariation' while loading //chips.eng.utah.edu/home/ssharp/.win_desktop/GitHub/treebeard/Unreal Project/DeathScene/Content/LOTR001_with_cameras.umap.
[2014.10.09-20.39.55:964][351]LogLinker:Warning: Can't find file '/Game/Textures/T_Metal_Gold_N'
[2014.10.09-20.39.55:964][351]LogLinker:Warning: Can't find file for asset '/Game/Textures/T_Metal_Gold_N' while loading //chips.eng.utah.edu/home/ssharp/.win_desktop/GitHub/treebeard/Unreal Project/DeathScene/Content/LOTR001_with_cameras.umap.
[2014.10.09-20.39.55:965][351]LogLinker:Warning: Can't find file '/Game/Textures/T_Perlin_Noise_M'
[2014.10.09-20.39.55:966][351]LogLinker:Warning: Can't find file for asset '/Game/Textures/T_Perlin_Noise_M' while loading //chips.eng.utah.edu/home/ssharp/.win_desktop/GitHub/treebeard/Unreal Project/DeathScene/Content/LOTR001_with_cameras.umap.
[2014.10.09-20.39.55:967][351]LogLinker:Warning: Can't find file '/Game/Textures/T_Rock_Basalt_D'
[2014.10.09-20.39.55:968][351]LogLinker:Warning: Can't find file for asset '/Game/Textures/T_Rock_Basalt_D' while loading //chips.eng.utah.edu/home/ssharp/.win_desktop/GitHub/treebeard/Unreal Project/DeathScene/Content/LOTR001_with_cameras.umap.
[2014.10.09-20.39.55:968][351]LogLinker:Warning: Can't find file '/Game/Textures/T_RockMesh_M'
[2014.10.09-20.39.55:969][351]LogLinker:Warning: Can't find file for asset '/Game/Textures/T_RockMesh_M' while loading //chips.eng.utah.edu/home/ssharp/.win_desktop/GitHub/treebeard/Unreal Project/DeathScene/Content/LOTR001_with_cameras.umap.
[2014.10.09-20.39.55:970][351]LogLinker:Warning: Can't find file '/Game/Textures/T_RockMesh_N'
[2014.10.09-20.39.55:971][351]LogLinker:Warning: Can't find file for asset '/Game/Textures/T_RockMesh_N' while loading //chips.eng.utah.edu/home/ssharp/.win_desktop/GitHub/treebeard/Unreal Project/DeathScene/Content/LOTR001_with_cameras.umap.
[2014.10.09-20.39.55:972][351]LogLinker:Warning: Can't find file '/Game/Textures/T_Water_N'
[2014.10.09-20.39.55:973][351]LogLinker:Warning: Can't find file for asset '/Game/Textures/T_Water_N' while loading //chips.eng.utah.edu/home/ssharp/.win_desktop/GitHub/treebeard/Unreal Project/DeathScene/Content/LOTR001_with_cameras.umap.
[2014.10.09-20.39.56:009][351]LogLinker:Warning: Can't find file '/Game/Textures/T_Ground_Grass_D'
[2014.10.09-20.39.56:009][351]LoadErrors: Info Failed to load /Game/Textures/T_Ground_Grass_D.T_Ground_Grass_D Referenced by MaterialExpressionTextureSample_10 Property /Script/Engine.MaterialExpressionTextureBase:Texture
[2014.10.09-20.39.56:010][351]LogLinker:Warning: Can't find file for asset '/Game/Textures/T_Ground_Grass_D' while loading NULL.
[2014.10.09-20.39.56:011][351]LogLinker:Warning: Can't find file '/Game/Textures/T_MacroVariation'
[2014.10.09-20.39.56:011][351]LoadErrors: Info Failed to load /Game/Textures/T_MacroVariation.T_MacroVariation Referenced by MaterialExpressionTextureSample_11 Property /Script/Engine.MaterialExpressionTextureBase:Texture
[2014.10.09-20.39.56:012][351]LogLinker:Warning: Can't find file for asset '/Game/Textures/T_MacroVariation' while loading NULL.
[2014.10.09-20.39.56:012][351]LogLinker:Warning: Can't find file '/Game/Textures/T_Ground_Grass_D'
[2014.10.09-20.39.56:013][351]LoadErrors: Info Failed to load /Game/Textures/T_Ground_Grass_D.T_Ground_Grass_D Referenced by MaterialExpressionTextureSample_12 Property /Script/Engine.MaterialExpressionTextureBase:Texture
[2014.10.09-20.39.56:013][351]LogLinker:Warning: Can't find file for asset '/Game/Textures/T_Ground_Grass_D' while loading NULL.
[2014.10.09-20.39.56:014][351]LogLinker:Warning: Can't find file '/Game/Textures/T_MacroVariation'
[2014.10.09-20.39.56:014][351]LoadErrors: Info Failed to load /Game/Textures/T_MacroVariation.T_MacroVariation Referenced by MaterialExpressionTextureSample_13 Property /Script/Engine.MaterialExpressionTextureBase:Texture
[2014.10.09-20.39.56:015][351]LogLinker:Warning: Can't find file for asset '/Game/Textures/T_MacroVariation' while loading NULL.
[2014.10.09-20.39.56:016][351]LogLinker:Warning: Can't find file '/Game/Textures/T_Ground_Grass_N'
[2014.10.09-20.39.56:016][351]LoadErrors: Info Failed to load /Game/Textures/T_Ground_Grass_N.T_Ground_Grass_N Referenced by MaterialExpressionTextureSample_29 Property /Script/Engine.MaterialExpressionTextureBase:Texture
[2014.10.09-20.39.56:017][351]LogLinker:Warning: Can't find file for asset '/Game/Textures/T_Ground_Grass_N' while loading NULL.
[2014.10.09-20.39.56:018][351]LogLinker:Warning: Can't find file '/Game/Textures/T_Perlin_Noise_M'
[2014.10.09-20.39.56:018][351]LoadErrors: Info Failed to load /Game/Textures/T_Perlin_Noise_M.T_Perlin_Noise_M Referenced by MaterialExpressionTextureSample_30 Property /Script/Engine.MaterialExpressionTextureBase:Texture
[2014.10.09-20.39.56:018][351]LogLinker:Warning: Can't find file for asset '/Game/Textures/T_Perlin_Noise_M' while loading NULL.
[2014.10.09-20.39.56:020][351]LogLinker:Warning: Can't find file '/Game/Textures/T_Tech_Hex_Tile_N'
[2014.10.09-20.39.56:020][351]LoadErrors: Info Failed to load /Game/Textures/T_Tech_Hex_Tile_N.T_Tech_Hex_Tile_N Referenced by MaterialExpressionTextureSample_25 Property /Script/Engine.MaterialExpressionTextureBase:Texture
[2014.10.09-20.39.56:020][351]LogLinker:Warning: Can't find file for asset '/Game/Textures/T_Tech_Hex_Tile_N' while loading NULL.
[2014.10.09-20.39.56:021][351]LogLinker:Warning: Can't find file '/Game/Textures/T_Tech_Hex_Tile_M'
[2014.10.09-20.39.56:021][351]LoadErrors: Info Failed to load /Game/Textures/T_Tech_Hex_Tile_M.T_Tech_Hex_Tile_M Referenced by MaterialExpressionTextureSample_26 Property /Script/Engine.MaterialExpressionTextureBase:Texture
[2014.10.09-20.39.56:022][351]LogLinker:Warning: Can't find file for asset '/Game/Textures/T_Tech_Hex_Tile_M' while loading NULL.
[2014.10.09-20.39.56:023][351]LogLinker:Warning: Can't find file '/Game/Textures/T_Tech_Hex_Tile_M'
[2014.10.09-20.39.56:023][351]LoadErrors: Info Failed to load /Game/Textures/T_Tech_Hex_Tile_M.T_Tech_Hex_Tile_M Referenced by MaterialExpressionTextureSample_27 Property /Script/Engine.MaterialExpressionTextureBase:Texture
[2014.10.09-20.39.56:024][351]LogLinker:Warning: Can't find file for asset '/Game/Textures/T_Tech_Hex_Tile_M' while loading NULL.
[2014.10.09-20.39.56:025][351]LogLinker:Warning: Can't find file '/Game/Textures/T_Tech_Hex_Tile_N'
[2014.10.09-20.39.56:025][351]LoadErrors: Info Failed to load /Game/Textures/T_Tech_Hex_Tile_N.T_Tech_Hex_Tile_N Referenced by MaterialExpressionTextureSample_28 Property /Script/Engine.MaterialExpressionTextureBase:Texture
[2014.10.09-20.39.56:026][351]LogLinker:Warning: Can't find file for asset '/Game/Textures/T_Tech_Hex_Tile_N' while loading NULL.
[2014.10.09-20.39.56:027][351]LogLinker:Warning: Can't find file '/Game/Textures/T_Water_N'
[2014.10.09-20.39.56:027][351]LoadErrors: Info Failed to load /Game/Textures/T_Water_N.T_Water_N Referenced by MaterialExpressionTextureSample_10 Property /Script/Engine.MaterialExpressionTextureBase:Texture
[2014.10.09-20.39.56:028][351]LogLinker:Warning: Can't find file for asset '/Game/Textures/T_Water_N' while loading NULL.
[2014.10.09-20.39.56:029][351]LogLinker:Warning: Can't find file '/Game/Textures/T_Water_N'
[2014.10.09-20.39.56:029][351]LoadErrors: Info Failed to load /Game/Textures/T_Water_N.T_Water_N Referenced by MaterialExpressionTextureSample_13 Property /Script/Engine.MaterialExpressionTextureBase:Texture
[2014.10.09-20.39.56:030][351]LogLinker:Warning: Can't find file for asset '/Game/Textures/T_Water_N' while loading NULL.
[2014.10.09-20.39.56:031][351]LogLinker:Warning: Can't find file '/Game/Textures/T_Water_N'
[2014.10.09-20.39.56:031][351]LoadErrors: Info Failed to load /Game/Textures/T_Water_N.T_Water_N Referenced by MaterialExpressionTextureSample_14 Property /Script/Engine.MaterialExpressionTextureBase:Texture
[2014.10.09-20.39.56:032][351]LogLinker:Warning: Can't find file for asset '/Game/Textures/T_Water_N' while loading NULL.
[2014.10.09-20.39.56:033][351]LogLinker:Warning: Can't find file '/Game/Textures/T_Water_N'
[2014.10.09-20.39.56:033][351]LoadErrors: Info Failed to load /Game/Textures/T_Water_N.T_Water_N Referenced by MaterialExpressionTextureSample_15 Property /Script/Engine.MaterialExpressionTextureBase:Texture
[2014.10.09-20.39.56:033][351]LogLinker:Warning: Can't find file for asset '/Game/Textures/T_Water_N' while loading NULL.
[2014.10.09-20.39.56:034][351]LogLinker:Warning: Can't find file '/Game/Textures/T_Water_N'
[2014.10.09-20.39.56:034][351]LoadErrors: Info Failed to load /Game/Textures/T_Water_N.T_Water_N Referenced by MaterialExpressionTextureSample_16 Property /Script/Engine.MaterialExpressionTextureBase:Texture
[2014.10.09-20.39.56:035][351]LogLinker:Warning: Can't find file for asset '/Game/Textures/T_Water_N' while loading NULL.
[2014.10.09-20.39.56:036][351]LogLinker:Warning: Can't find file '/Game/Textures/T_Perlin_Noise_M'
[2014.10.09-20.39.56:036][351]LoadErrors: Info Failed to load /Game/Textures/T_Perlin_Noise_M.T_Perlin_Noise_M Referenced by MaterialExpressionTextureSample_19 Property /Script/Engine.MaterialExpressionTextureBase:Texture
[2014.10.09-20.39.56:037][351]LogLinker:Warning: Can't find file for asset '/Game/Textures/T_Perlin_Noise_M' while loading NULL.
[2014.10.09-20.39.56:038][351]LogLinker:Warning: Can't find file '/Game/Textures/T_Water_N'
[2014.10.09-20.39.56:038][351]LoadErrors: Info Failed to load /Game/Textures/T_Water_N.T_Water_N Referenced by MaterialExpressionTextureSample_9 Property /Script/Engine.MaterialExpressionTextureBase:Texture
[2014.10.09-20.39.56:039][351]LogLinker:Warning: Can't find file for asset '/Game/Textures/T_Water_N' while loading NULL.
[2014.10.09-20.39.56:040][351]LogLinker:Warning: Can't find file '/Game/Textures/board001_Uvs'
[2014.10.09-20.39.56:040][351]LoadErrors: Info Failed to load /Game/Textures/board001_Uvs.board001_Uvs Referenced by MaterialExpressionTextureSample_0 Property /Script/Engine.MaterialExpressionTextureBase:Texture
[2014.10.09-20.39.56:041][351]LogLinker:Warning: Can't find file for asset '/Game/Textures/board001_Uvs' while loading NULL.
[2014.10.09-20.39.56:042][351]LogLinker:Warning: Can't find file '/Game/Textures/T_Rock_Sandstone_N'
[2014.10.09-20.39.56:042][351]LoadErrors: Info Failed to load /Game/Textures/T_Rock_Sandstone_N.T_Rock_Sandstone_N Referenced by MaterialExpressionTextureSample_1 Property /Script/Engine.MaterialExpressionTextureBase:Texture
[2014.10.09-20.39.56:043][351]LogLinker:Warning: Can't find file for asset '/Game/Textures/T_Rock_Sandstone_N' while loading NULL.
[2014.10.09-20.39.56:051][351]LogLinker:Warning: Can't find file '/Game/Textures/T_Metal_Gold_N'
[2014.10.09-20.39.56:051][351]LoadErrors: Info Failed to load /Game/Textures/T_Metal_Gold_N.T_Metal_Gold_N Referenced by MaterialExpressionTextureSample_2 Property /Script/Engine.MaterialExpressionTextureBase:Texture
[2014.10.09-20.39.56:052][351]LogLinker:Warning: Can't find file for asset '/Game/Textures/T_Metal_Gold_N' while loading NULL.
[2014.10.09-20.39.56:107][351]LogLinker:Warning: Can't find file '/Game/Props/SM_Bush'
[2014.10.09-20.39.56:107][351]LoadErrors: Info Failed to load /Game/Props/SM_Bush.SM_Bush Referenced by FoliageType_InstancedStaticMesh_0 Property /Script/Engine.FoliageType_InstancedStaticMesh:Mesh
[2014.10.09-20.39.56:108][351]LogLinker:Warning: Can't find file for asset '/Game/Props/SM_Bush' while loading NULL.
[2014.10.09-20.39.56:109][351]LogLinker:Warning: Can't find file '/Game/Props/SM_Rock'
[2014.10.09-20.39.56:110][351]LoadErrors: Info Failed to load /Game/Props/SM_Rock.SM_Rock Referenced by FoliageType_InstancedStaticMesh_1 Property /Script/Engine.FoliageType_InstancedStaticMesh:Mesh
[2014.10.09-20.39.56:111][351]LogLinker:Warning: Can't find file for asset '/Game/Props/SM_Rock' while loading NULL.
[2014.10.09-20.39.56:114][351]LogLinker:Warning: Can't find file '/Game/Props/SM_Bush'
[2014.10.09-20.39.56:114][351]LoadErrors: Info Failed to load /Game/Props/SM_Bush.SM_Bush Referenced by InstancedFoliageActor_0 Property /Script/Engine.StaticMeshComponent:StaticMesh
[2014.10.09-20.39.56:115][351]LogLinker:Warning: Can't find file for asset '/Game/Props/SM_Bush' while loading NULL.
[2014.10.09-20.39.56:116][351]LogLinker:Warning: Can't find file '/Game/Props/SM_Bush'
[2014.10.09-20.39.56:117][351]LogLinker:Warning: Can't find file for asset '/Game/Props/SM_Bush' while loading NULL.
[2014.10.09-20.39.56:117][351]LogLinker:Warning: Can't find file '/Game/Props/SM_Bush'
[2014.10.09-20.39.56:118][351]LogLinker:Warning: Can't find file for asset '/Game/Props/SM_Bush' while loading NULL.
[2014.10.09-20.39.56:119][351]LogLinker:Warning: Can't find file '/Game/Props/SM_Bush'
[2014.10.09-20.39.56:119][351]LogLinker:Warning: Can't find file for asset '/Game/Props/SM_Bush' while loading NULL.
[2014.10.09-20.39.56:120][351]LogLinker:Warning: Can't find file '/Game/Props/SM_Bush'
[2014.10.09-20.39.56:121][351]LogLinker:Warning: Can't find file for asset '/Game/Props/SM_Bush' while loading NULL.
[2014.10.09-20.39.56:122][351]LogLinker:Warning: Can't find file '/Game/Props/SM_Bush'
[2014.10.09-20.39.56:123][351]LogLinker:Warning: Can't find file for asset '/Game/Props/SM_Bush' while loading NULL.
[2014.10.09-20.39.56:123][351]LogLinker:Warning: Can't find file '/Game/Props/SM_Bush'
[2014.10.09-20.39.56:124][351]LogLinker:Warning: Can't find file for asset '/Game/Props/SM_Bush' while loading NULL.
[2014.10.09-20.39.56:125][351]LogLinker:Warning: Can't find file '/Game/Props/SM_Bush'
[2014.10.09-20.39.56:126][351]LogLinker:Warning: Can't find file for asset '/Game/Props/SM_Bush' while loading NULL.
[2014.10.09-20.39.56:127][351]LogLinker:Warning: Can't find file '/Game/Props/SM_Bush'
[2014.10.09-20.39.56:127][351]LogLinker:Warning: Can't find file for asset '/Game/Props/SM_Bush' while loading NULL.
[2014.10.09-20.39.56:129][351]LogLinker:Warning: Can't find file '/Game/Props/SM_Bush'
[2014.10.09-20.39.56:129][351]LogLinker:Warning: Can't find file for asset '/Game/Props/SM_Bush' while loading NULL.
[2014.10.09-20.39.56:130][351]LogLinker:Warning: Can't find file '/Game/Props/SM_Rock'
[2014.10.09-20.39.56:130][351]LoadErrors: Info Failed to load /Game/Props/SM_Rock.SM_Rock Referenced by InstancedFoliageActor_0 Property /Script/Engine.StaticMeshComponent:StaticMesh
[2014.10.09-20.39.56:131][351]LogLinker:Warning: Can't find file for asset '/Game/Props/SM_Rock' while loading NULL.
[2014.10.09-20.39.56:132][351]LogLinker:Warning: Can't find file '/Game/Props/SM_Bush'
[2014.10.09-20.39.56:133][351]LogLinker:Warning: Can't find file for asset '/Game/Props/SM_Bush' while loading NULL.
[2014.10.09-20.39.56:134][351]LogLinker:Warning: Can't find file '/Game/Props/SM_Bush'
[2014.10.09-20.39.56:134][351]LogLinker:Warning: Can't find file for asset '/Game/Props/SM_Bush' while loading NULL.
[2014.10.09-20.39.56:135][351]LogLinker:Warning: Can't find file '/Game/Props/SM_Bush'
[2014.10.09-20.39.56:136][351]LogLinker:Warning: Can't find file for asset '/Game/Props/SM_Bush' while loading NULL.
[2014.10.09-20.39.56:137][351]LogLinker:Warning: Can't find file '/Game/Props/SM_Bush'
[2014.10.09-20.39.56:137][351]LogLinker:Warning: Can't find file for asset '/Game/Props/SM_Bush' while loading NULL.
[2014.10.09-20.39.56:138][351]LogLinker:Warning: Can't find file '/Game/Props/SM_Bush'
[2014.10.09-20.39.56:139][351]LogLinker:Warning: Can't find file for asset '/Game/Props/SM_Bush' while loading NULL.
[2014.10.09-20.39.56:140][351]LogLinker:Warning: Can't find file '/Game/Props/SM_Bush'
[2014.10.09-20.39.56:141][351]LogLinker:Warning: Can't find file for asset '/Game/Props/SM_Bush' while loading NULL.
[2014.10.09-20.39.56:141][351]LogLinker:Warning: Can't find file '/Game/Props/SM_Bush'
[2014.10.09-20.39.56:142][351]LogLinker:Warning: Can't find file for asset '/Game/Props/SM_Bush' while loading NULL.
[2014.10.09-20.39.56:143][351]LogLinker:Warning: Can't find file '/Game/Props/SM_Bush'
[2014.10.09-20.39.56:144][351]LogLinker:Warning: Can't find file for asset '/Game/Props/SM_Bush' while loading NULL.
[2014.10.09-20.39.56:183][351]LogLinker:Warning: Can't find file '/Game/Textures/T_Water_N'
[2014.10.09-20.39.56:183][351]LoadErrors: Info Failed to load /Game/Textures/T_Water_N.T_Water_N Referenced by PersistentLevel
[2014.10.09-20.39.56:184][351]LogLinker:Warning: Can't find file for asset '/Game/Textures/T_Water_N' while loading NULL.
[2014.10.09-20.39.56:185][351]LogLinker:Warning: Can't find file '/Game/Textures/T_Bush_N'
[2014.10.09-20.39.56:185][351]LoadErrors: Info Failed to load /Game/Textures/T_Bush_N.T_Bush_N Referenced by PersistentLevel
[2014.10.09-20.39.56:186][351]LogLinker:Warning: Can't find file for asset '/Game/Textures/T_Bush_N' while loading NULL.
[2014.10.09-20.39.56:187][351]LogLinker:Warning: Can't find file '/Game/Textures/T_Bush_D'
[2014.10.09-20.39.56:187][351]LoadErrors: Info Failed to load /Game/Textures/T_Bush_D.T_Bush_D Referenced by PersistentLevel
[2014.10.09-20.39.56:187][351]LogLinker:Warning: Can't find file for asset '/Game/Textures/T_Bush_D' while loading NULL.
[2014.10.09-20.39.56:188][351]LogLinker:Warning: Can't find file '/Game/Textures/T_RockMesh_N'
[2014.10.09-20.39.56:188][351]LoadErrors: Info Failed to load /Game/Textures/T_RockMesh_N.T_RockMesh_N Referenced by PersistentLevel
[2014.10.09-20.39.56:189][351]LogLinker:Warning: Can't find file for asset '/Game/Textures/T_RockMesh_N' while loading NULL.
[2014.10.09-20.39.56:190][351]LogLinker:Warning: Can't find file '/Game/Textures/T_Detail_Rocky_N'
[2014.10.09-20.39.56:190][351]LoadErrors: Info Failed to load /Game/Textures/T_Detail_Rocky_N.T_Detail_Rocky_N Referenced by PersistentLevel
[2014.10.09-20.39.56:190][351]LogLinker:Warning: Can't find file for asset '/Game/Textures/T_Detail_Rocky_N' while loading NULL.
[2014.10.09-20.39.56:191][351]LogLinker:Warning: Can't find file '/Game/Textures/T_Rock_Basalt_D'
[2014.10.09-20.39.56:192][351]LoadErrors: Info Failed to load /Game/Textures/T_Rock_Basalt_D.T_Rock_Basalt_D Referenced by PersistentLevel
[2014.10.09-20.39.56:192][351]LogLinker:Warning: Can't find file for asset '/Game/Textures/T_Rock_Basalt_D' while loading NULL.
[2014.10.09-20.39.56:193][351]LogLinker:Warning: Can't find file '/Game/Textures/T_RockMesh_M'
[2014.10.09-20.39.56:193][351]LoadErrors: Info Failed to load /Game/Textures/T_RockMesh_M.T_RockMesh_M Referenced by PersistentLevel
[2014.10.09-20.39.56:194][351]LogLinker:Warning: Can't find file for asset '/Game/Textures/T_RockMesh_M' while loading NULL.
[2014.10.09-20.39.56:195][351]LogLinker:Warning: Can't find file '/Game/Textures/T_Ground_Grass_N'
[2014.10.09-20.39.56:195][351]LoadErrors: Info Failed to load /Game/Textures/T_Ground_Grass_N.T_Ground_Grass_N Referenced by PersistentLevel
[2014.10.09-20.39.56:196][351]LogLinker:Warning: Can't find file for asset '/Game/Textures/T_Ground_Grass_N' while loading NULL.
[2014.10.09-20.39.56:196][351]LogLinker:Warning: Can't find file '/Game/Textures/T_Perlin_Noise_M'
[2014.10.09-20.39.56:197][351]LoadErrors: Info Failed to load /Game/Textures/T_Perlin_Noise_M.T_Perlin_Noise_M Referenced by PersistentLevel
[2014.10.09-20.39.56:197][351]LogLinker:Warning: Can't find file for asset '/Game/Textures/T_Perlin_Noise_M' while loading NULL.
[2014.10.09-20.39.56:198][351]LogLinker:Warning: Can't find file '/Game/Textures/T_Ground_Grass_D'
[2014.10.09-20.39.56:198][351]LoadErrors: Info Failed to load /Game/Textures/T_Ground_Grass_D.T_Ground_Grass_D Referenced by PersistentLevel
[2014.10.09-20.39.56:199][351]LogLinker:Warning: Can't find file for asset '/Game/Textures/T_Ground_Grass_D' while loading NULL.
[2014.10.09-20.39.56:200][351]LogLinker:Warning: Can't find file '/Game/Textures/T_MacroVariation'
[2014.10.09-20.39.56:200][351]LoadErrors: Info Failed to load /Game/Textures/T_MacroVariation.T_MacroVariation Referenced by PersistentLevel
[2014.10.09-20.39.56:201][351]LogLinker:Warning: Can't find file for asset '/Game/Textures/T_MacroVariation' while loading NULL.
[2014.10.09-20.39.56:202][351]LogLinker:Warning: Can't find file '/Game/Textures/T_Metal_Gold_N'
[2014.10.09-20.39.56:202][351]LoadErrors: Info Failed to load /Game/Textures/T_Metal_Gold_N.T_Metal_Gold_N Referenced by PersistentLevel
[2014.10.09-20.39.56:203][351]LogLinker:Warning: Can't find file for asset '/Game/Textures/T_Metal_Gold_N' while loading NULL.
[2014.10.09-20.39.56:205][351]LogLinker:Warning: Can't find file '/Game/Props/SM_Bush'
[2014.10.09-20.39.56:205][351]LoadErrors: Info Failed to load /Game/Props/SM_Bush.SM_Bush Referenced by SM_Bush_10 Property /Script/Engine.StaticMeshComponent:StaticMesh
[2014.10.09-20.39.56:205][351]LogLinker:Warning: Can't find file for asset '/Game/Props/SM_Bush' while loading NULL.
[2014.10.09-20.39.56:206][351]LogLinker:Warning: Can't find file '/Game/Props/SM_Bush'
[2014.10.09-20.39.56:206][351]LoadErrors: Info Failed to load /Game/Props/SM_Bush.SM_Bush Referenced by SM_Bush_11 Property /Script/Engine.StaticMeshComponent:StaticMesh
[2014.10.09-20.39.56:207][351]LogLinker:Warning: Can't find file for asset '/Game/Props/SM_Bush' while loading NULL.
[2014.10.09-20.39.56:208][351]LogLinker:Warning: Can't find file '/Game/Props/SM_Bush'
[2014.10.09-20.39.56:208][351]LoadErrors: Info Failed to load /Game/Props/SM_Bush.SM_Bush Referenced by SM_Bush_12 Property /Script/Engine.StaticMeshComponent:StaticMesh
[2014.10.09-20.39.56:209][351]LogLinker:Warning: Can't find file for asset '/Game/Props/SM_Bush' while loading NULL.
[2014.10.09-20.39.56:210][351]LogLinker:Warning: Can't find file '/Game/Props/SM_Bush'
[2014.10.09-20.39.56:210][351]LoadErrors: Info Failed to load /Game/Props/SM_Bush.SM_Bush Referenced by SM_Bush_13 Property /Script/Engine.StaticMeshComponent:StaticMesh
[2014.10.09-20.39.56:211][351]LogLinker:Warning: Can't find file for asset '/Game/Props/SM_Bush' while loading NULL.
[2014.10.09-20.39.56:211][351]LogLinker:Warning: Can't find file '/Game/Props/SM_Bush'
[2014.10.09-20.39.56:212][351]LoadErrors: Info Failed to load /Game/Props/SM_Bush.SM_Bush Referenced by SM_Bush_14 Property /Script/Engine.StaticMeshComponent:StaticMesh
[2014.10.09-20.39.56:213][351]LogLinker:Warning: Can't find file for asset '/Game/Props/SM_Bush' while loading NULL.
[2014.10.09-20.39.56:213][351]LogLinker:Warning: Can't find file '/Game/Props/SM_Bush'
[2014.10.09-20.39.56:214][351]LoadErrors: Info Failed to load /Game/Props/SM_Bush.SM_Bush Referenced by SM_Bush_15 Property /Script/Engine.StaticMeshComponent:StaticMesh
[2014.10.09-20.39.56:214][351]LogLinker:Warning: Can't find file for asset '/Game/Props/SM_Bush' while loading NULL.
[2014.10.09-20.39.56:215][351]LogLinker:Warning: Can't find file '/Game/Props/SM_Bush'
[2014.10.09-20.39.56:215][351]LoadErrors: Info Failed to load /Game/Props/SM_Bush.SM_Bush Referenced by SM_Bush_16 Property /Script/Engine.StaticMeshComponent:StaticMesh
[2014.10.09-20.39.56:216][351]LogLinker:Warning: Can't find file for asset '/Game/Props/SM_Bush' while loading NULL.
[2014.10.09-20.39.56:217][351]LogLinker:Warning: Can't find file '/Game/Props/SM_Bush'
[2014.10.09-20.39.56:217][351]LoadErrors: Info Failed to load /Game/Props/SM_Bush.SM_Bush Referenced by SM_Bush_17 Property /Script/Engine.StaticMeshComponent:StaticMesh
[2014.10.09-20.39.56:218][351]LogLinker:Warning: Can't find file for asset '/Game/Props/SM_Bush' while loading NULL.
[2014.10.09-20.39.56:219][351]LogLinker:Warning: Can't find file '/Game/Props/SM_Bush'
[2014.10.09-20.39.56:219][351]LoadErrors: Info Failed to load /Game/Props/SM_Bush.SM_Bush Referenced by SM_Bush_18 Property /Script/Engine.StaticMeshComponent:StaticMesh
[2014.10.09-20.39.56:219][351]LogLinker:Warning: Can't find file for asset '/Game/Props/SM_Bush' while loading NULL.
[2014.10.09-20.39.56:220][351]LogLinker:Warning: Can't find file '/Game/Props/SM_Bush'
[2014.10.09-20.39.56:220][351]LoadErrors: Info Failed to load /Game/Props/SM_Bush.SM_Bush Referenced by SM_Bush_19 Property /Script/Engine.StaticMeshComponent:StaticMesh
[2014.10.09-20.39.56:221][351]LogLinker:Warning: Can't find file for asset '/Game/Props/SM_Bush' while loading NULL.
[2014.10.09-20.39.56:222][351]LogLinker:Warning: Can't find file '/Game/Props/SM_Bush'
[2014.10.09-20.39.56:222][351]LoadErrors: Info Failed to load /Game/Props/SM_Bush.SM_Bush Referenced by SM_Bush_2 Property /Script/Engine.StaticMeshComponent:StaticMesh
[2014.10.09-20.39.56:223][351]LogLinker:Warning: Can't find file for asset '/Game/Props/SM_Bush' while loading NULL.
[2014.10.09-20.39.56:224][351]LogLinker:Warning: Can't find file '/Game/Props/SM_Bush'
[2014.10.09-20.39.56:224][351]LoadErrors: Info Failed to load /Game/Props/SM_Bush.SM_Bush Referenced by SM_Bush_20 Property /Script/Engine.StaticMeshComponent:StaticMesh
[2014.10.09-20.39.56:225][351]LogLinker:Warning: Can't find file for asset '/Game/Props/SM_Bush' while loading NULL.
[2014.10.09-20.39.56:226][351]LogLinker:Warning: Can't find file '/Game/Props/SM_Bush'
[2014.10.09-20.39.56:226][351]LoadErrors: Info Failed to load /Game/Props/SM_Bush.SM_Bush Referenced by SM_Bush_21 Property /Script/Engine.StaticMeshComponent:StaticMesh
[2014.10.09-20.39.56:227][351]LogLinker:Warning: Can't find file for asset '/Game/Props/SM_Bush' while loading NULL.
[2014.10.09-20.39.56:228][351]LogLinker:Warning: Can't find file '/Game/Props/SM_Bush'
[2014.10.09-20.39.56:228][351]LoadErrors: Info Failed to load /Game/Props/SM_Bush.SM_Bush Referenced by SM_Bush_22 Property /Script/Engine.StaticMeshComponent:StaticMesh
[2014.10.09-20.39.56:229][351]LogLinker:Warning: Can't find file for asset '/Game/Props/SM_Bush' while loading NULL.
[2014.10.09-20.39.56:229][351]LogLinker:Warning: Can't find file '/Game/Props/SM_Bush'
[2014.10.09-20.39.56:229][351]LoadErrors: Info Failed to load /Game/Props/SM_Bush.SM_Bush Referenced by SM_Bush_23 Property /Script/Engine.StaticMeshComponent:StaticMesh
[2014.10.09-20.39.56:230][351]LogLinker:Warning: Can't find file for asset '/Game/Props/SM_Bush' while loading NULL.
[2014.10.09-20.39.56:232][351]LogLinker:Warning: Can't find file '/Game/Props/SM_Bush'
[2014.10.09-20.39.56:232][351]LoadErrors: Info Failed to load /Game/Props/SM_Bush.SM_Bush Referenced by SM_Bush_24 Property /Script/Engine.StaticMeshComponent:StaticMesh
[2014.10.09-20.39.56:232][351]LogLinker:Warning: Can't find file for asset '/Game/Props/SM_Bush' while loading NULL.
[2014.10.09-20.39.56:233][351]LogLinker:Warning: Can't find file '/Game/Props/SM_Bush'
[2014.10.09-20.39.56:233][351]LoadErrors: Info Failed to load /Game/Props/SM_Bush.SM_Bush Referenced by SM_Bush_25 Property /Script/Engine.StaticMeshComponent:StaticMesh
[2014.10.09-20.39.56:234][351]LogLinker:Warning: Can't find file for asset '/Game/Props/SM_Bush' while loading NULL.
[2014.10.09-20.39.56:235][351]LogLinker:Warning: Can't find file '/Game/Props/SM_Bush'
[2014.10.09-20.39.56:235][351]LoadErrors: Info Failed to load /Game/Props/SM_Bush.SM_Bush Referenced by SM_Bush_26 Property /Script/Engine.StaticMeshComponent:StaticMesh
[2014.10.09-20.39.56:236][351]LogLinker:Warning: Can't find file for asset '/Game/Props/SM_Bush' while loading NULL.
[2014.10.09-20.39.56:237][351]LogLinker:Warning: Can't find file '/Game/Props/SM_Bush'
[2014.10.09-20.39.56:237][351]LoadErrors: Info Failed to load /Game/Props/SM_Bush.SM_Bush Referenced by SM_Bush_27 Property /Script/Engine.StaticMeshComponent:StaticMesh
[2014.10.09-20.39.56:238][351]LogLinker:Warning: Can't find file for asset '/Game/Props/SM_Bush' while loading NULL.
[2014.10.09-20.39.56:239][351]LogLinker:Warning: Can't find file '/Game/Props/SM_Bush'
[2014.10.09-20.39.56:239][351]LoadErrors: Info Failed to load /Game/Props/SM_Bush.SM_Bush Referenced by SM_Bush_28 Property /Script/Engine.StaticMeshComponent:StaticMesh
[2014.10.09-20.39.56:240][351]LogLinker:Warning: Can't find file for asset '/Game/Props/SM_Bush' while loading NULL.
[2014.10.09-20.39.56:240][351]LogLinker:Warning: Can't find file '/Game/Props/SM_Bush'
[2014.10.09-20.39.56:241][351]LoadErrors: Info Failed to load /Game/Props/SM_Bush.SM_Bush Referenced by SM_Bush_29 Property /Script/Engine.StaticMeshComponent:StaticMesh
[2014.10.09-20.39.56:241][351]LogLinker:Warning: Can't find file for asset '/Game/Props/SM_Bush' while loading NULL.
[2014.10.09-20.39.56:242][351]LogLinker:Warning: Can't find file '/Game/Props/SM_Bush'
[2014.10.09-20.39.56:243][351]LoadErrors: Info Failed to load /Game/Props/SM_Bush.SM_Bush Referenced by SM_Bush_3 Property /Script/Engine.StaticMeshComponent:StaticMesh
[2014.10.09-20.39.56:244][351]LogLinker:Warning: Can't find file for asset '/Game/Props/SM_Bush' while loading NULL.
[2014.10.09-20.39.56:244][351]LogLinker:Warning: Can't find file '/Game/Props/SM_Bush'
[2014.10.09-20.39.56:245][351]LoadErrors: Info Failed to load /Game/Props/SM_Bush.SM_Bush Referenced by SM_Bush_30 Property /Script/Engine.StaticMeshComponent:StaticMesh
[2014.10.09-20.39.56:245][351]LogLinker:Warning: Can't find file for asset '/Game/Props/SM_Bush' while loading NULL.
[2014.10.09-20.39.56:246][351]LogLinker:Warning: Can't find file '/Game/Props/SM_Bush'
[2014.10.09-20.39.56:246][351]LoadErrors: Info Failed to load /Game/Props/SM_Bush.SM_Bush Referenced by SM_Bush_31 Property /Script/Engine.StaticMeshComponent:StaticMesh
[2014.10.09-20.39.56:247][351]LogLinker:Warning: Can't find file for asset '/Game/Props/SM_Bush' while loading NULL.
[2014.10.09-20.39.56:248][351]LogLinker:Warning: Can't find file '/Game/Props/SM_Bush'
[2014.10.09-20.39.56:248][351]LoadErrors: Info Failed to load /Game/Props/SM_Bush.SM_Bush Referenced by SM_Bush_4 Property /Script/Engine.StaticMeshComponent:StaticMesh
[2014.10.09-20.39.56:249][351]LogLinker:Warning: Can't find file for asset '/Game/Props/SM_Bush' while loading NULL.
[2014.10.09-20.39.56:250][351]LogLinker:Warning: Can't find file '/Game/Props/SM_Bush'
[2014.10.09-20.39.56:250][351]LoadErrors: Info Failed to load /Game/Props/SM_Bush.SM_Bush Referenced by SM_Bush_42 Property /Script/Engine.StaticMeshComponent:StaticMesh
[2014.10.09-20.39.56:251][351]LogLinker:Warning: Can't find file for asset '/Game/Props/SM_Bush' while loading NULL.
[2014.10.09-20.39.56:252][351]LogLinker:Warning: Can't find file '/Game/Props/SM_Bush'
[2014.10.09-20.39.56:253][351]LoadErrors: Info Failed to load /Game/Props/SM_Bush.SM_Bush Referenced by SM_Bush_5 Property /Script/Engine.StaticMeshComponent:StaticMesh
[2014.10.09-20.39.56:253][351]LogLinker:Warning: Can't find file for asset '/Game/Props/SM_Bush' while loading NULL.
[2014.10.09-20.39.56:254][351]LogLinker:Warning: Can't find file '/Game/Props/SM_Bush'
[2014.10.09-20.39.56:254][351]LoadErrors: Info Failed to load /Game/Props/SM_Bush.SM_Bush Referenced by SM_Bush_51 Property /Script/Engine.StaticMeshComponent:StaticMesh
[2014.10.09-20.39.56:255][351]LogLinker:Warning: Can't find file for asset '/Game/Props/SM_Bush' while loading NULL.
[2014.10.09-20.39.56:256][351]LogLinker:Warning: Can't find file '/Game/Props/SM_Bush'
[2014.10.09-20.39.56:256][351]LoadErrors: Info Failed to load /Game/Props/SM_Bush.SM_Bush Referenced by SM_Bush_6 Property /Script/Engine.StaticMeshComponent:StaticMesh
[2014.10.09-20.39.56:257][351]LogLinker:Warning: Can't find file for asset '/Game/Props/SM_Bush' while loading NULL.
[2014.10.09-20.39.56:258][351]LogLinker:Warning: Can't find file '/Game/Props/SM_Bush'
[2014.10.09-20.39.56:258][351]LoadErrors: Info Failed to load /Game/Props/SM_Bush.SM_Bush Referenced by SM_Bush_8 Property /Script/Engine.StaticMeshComponent:StaticMesh
[2014.10.09-20.39.56:258][351]LogLinker:Warning: Can't find file for asset '/Game/Props/SM_Bush' while loading NULL.
[2014.10.09-20.39.56:259][351]LogLinker:Warning: Can't find file '/Game/Props/SM_Bush'
[2014.10.09-20.39.56:259][351]LoadErrors: Info Failed to load /Game/Props/SM_Bush.SM_Bush Referenced by SM_Bush_9 Property /Script/Engine.StaticMeshComponent:StaticMesh
[2014.10.09-20.39.56:260][351]LogLinker:Warning: Can't find file for asset '/Game/Props/SM_Bush' while loading NULL.
[2014.10.09-20.39.56:261][351]LogLinker:Warning: Can't find file '/Game/Props/SM_Rock'
[2014.10.09-20.39.56:261][351]LoadErrors: Info Failed to load /Game/Props/SM_Rock.SM_Rock Referenced by SM_Rock_10 Property /Script/Engine.StaticMeshComponent:StaticMesh
[2014.10.09-20.39.56:262][351]LogLinker:Warning: Can't find file for asset '/Game/Props/SM_Rock' while loading NULL.
[2014.10.09-20.39.56:263][351]LogLinker:Warning: Can't find file '/Game/Props/SM_Rock'
[2014.10.09-20.39.56:263][351]LoadErrors: Info Failed to load /Game/Props/SM_Rock.SM_Rock Referenced by SM_Rock_12 Property /Script/Engine.StaticMeshComponent:StaticMesh
[2014.10.09-20.39.56:264][351]LogLinker:Warning: Can't find file for asset '/Game/Props/SM_Rock' while loading NULL.
[2014.10.09-20.39.56:265][351]LogLinker:Warning: Can't find file '/Game/Props/SM_Rock'
[2014.10.09-20.39.56:265][351]LoadErrors: Info Failed to load /Game/Props/SM_Rock.SM_Rock Referenced by SM_Rock_13 Property /Script/Engine.StaticMeshComponent:StaticMesh
[2014.10.09-20.39.56:266][351]LogLinker:Warning: Can't find file for asset '/Game/Props/SM_Rock' while loading NULL.
[2014.10.09-20.39.56:267][351]LogLinker:Warning: Can't find file '/Game/Props/SM_Rock'
[2014.10.09-20.39.56:267][351]LoadErrors: Info Failed to load /Game/Props/SM_Rock.SM_Rock Referenced by SM_Rock_14 Property /Script/Engine.StaticMeshComponent:StaticMesh
[2014.10.09-20.39.56:267][351]LogLinker:Warning: Can't find file for asset '/Game/Props/SM_Rock' while loading NULL.
[2014.10.09-20.39.56:268][351]LogLinker:Warning: Can't find file '/Game/Props/SM_Rock'
[2014.10.09-20.39.56:269][351]LoadErrors: Info Failed to load /Game/Props/SM_Rock.SM_Rock Referenced by SM_Rock_15 Property /Script/Engine.StaticMeshComponent:StaticMesh
[2014.10.09-20.39.56:269][351]LogLinker:Warning: Can't find file for asset '/Game/Props/SM_Rock' while loading NULL.
[2014.10.09-20.39.56:270][351]LogLinker:Warning: Can't find file '/Game/Props/SM_Rock'
[2014.10.09-20.39.56:270][351]LoadErrors: Info Failed to load /Game/Props/SM_Rock.SM_Rock Referenced by SM_Rock_16 Property /Script/Engine.StaticMeshComponent:StaticMesh
[2014.10.09-20.39.56:272][351]LogLinker:Warning: Can't find file for asset '/Game/Props/SM_Rock' while loading NULL.
[2014.10.09-20.39.56:273][351]LogLinker:Warning: Can't find file '/Game/Props/SM_Rock'
[2014.10.09-20.39.56:273][351]LoadErrors: Info Failed to load /Game/Props/SM_Rock.SM_Rock Referenced by SM_Rock_17 Property /Script/Engine.StaticMeshComponent:StaticMesh
[2014.10.09-20.39.56:274][351]LogLinker:Warning: Can't find file for asset '/Game/Props/SM_Rock' while loading NULL.
[2014.10.09-20.39.56:275][351]LogLinker:Warning: Can't find file '/Game/Props/SM_Rock'
[2014.10.09-20.39.56:275][351]LoadErrors: Info Failed to load /Game/Props/SM_Rock.SM_Rock Referenced by SM_Rock_2 Property /Script/Engine.StaticMeshComponent:StaticMesh
[2014.10.09-20.39.56:276][351]LogLinker:Warning: Can't find file for asset '/Game/Props/SM_Rock' while loading NULL.
[2014.10.09-20.39.56:277][351]LogLinker:Warning: Can't find file '/Game/Props/SM_Rock'
[2014.10.09-20.39.56:277][351]LoadErrors: Info Failed to load /Game/Props/SM_Rock.SM_Rock Referenced by SM_Rock_3 Property /Script/Engine.StaticMeshComponent:StaticMesh
[2014.10.09-20.39.56:278][351]LogLinker:Warning: Can't find file for asset '/Game/Props/SM_Rock' while loading NULL.
[2014.10.09-20.39.56:279][351]LogLinker:Warning: Can't find file '/Game/Props/SM_Rock'
[2014.10.09-20.39.56:279][351]LoadErrors: Info Failed to load /Game/Props/SM_Rock.SM_Rock Referenced by SM_Rock_4 Property /Script/Engine.StaticMeshComponent:StaticMesh
[2014.10.09-20.39.56:280][351]LogLinker:Warning: Can't find file for asset '/Game/Props/SM_Rock' while loading NULL.
[2014.10.09-20.39.56:281][351]LogLinker:Warning: Can't find file '/Game/Props/SM_Rock'
[2014.10.09-20.39.56:281][351]LoadErrors: Info Failed to load /Game/Props/SM_Rock.SM_Rock Referenced by SM_Rock_5 Property /Script/Engine.StaticMeshComponent:StaticMesh
[2014.10.09-20.39.56:282][351]LogLinker:Warning: Can't find file for asset '/Game/Props/SM_Rock' while loading NULL.
[2014.10.09-20.39.56:283][351]LogLinker:Warning: Can't find file '/Game/Props/SM_Rock'
[2014.10.09-20.39.56:283][351]LoadErrors: Info Failed to load /Game/Props/SM_Rock.SM_Rock Referenced by SM_Rock_57 Property /Script/Engine.StaticMeshComponent:StaticMesh
[2014.10.09-20.39.56:284][351]LogLinker:Warning: Can't find file for asset '/Game/Props/SM_Rock' while loading NULL.
[2014.10.09-20.39.56:286][351]LogLinker:Warning: Can't find file '/Game/Props/SM_Rock'
[2014.10.09-20.39.56:286][351]LoadErrors: Info Failed to load /Game/Props/SM_Rock.SM_Rock Referenced by SM_Rock_6 Property /Script/Engine.StaticMeshComponent:StaticMesh
[2014.10.09-20.39.56:286][351]LogLinker:Warning: Can't find file for asset '/Game/Props/SM_Rock' while loading NULL.
[2014.10.09-20.39.56:287][351]LogLinker:Warning: Can't find file '/Game/Props/SM_Rock'
[2014.10.09-20.39.56:288][351]LoadErrors: Info Failed to load /Game/Props/SM_Rock.SM_Rock Referenced by SM_Rock_61 Property /Script/Engine.StaticMeshComponent:StaticMesh
[2014.10.09-20.39.56:288][351]LogLinker:Warning: Can't find file for asset '/Game/Props/SM_Rock' while loading NULL.
[2014.10.09-20.39.56:289][351]LogLinker:Warning: Can't find file '/Game/Props/SM_Rock'
[2014.10.09-20.39.56:289][351]LoadErrors: Info Failed to load /Game/Props/SM_Rock.SM_Rock Referenced by SM_Rock_7 Property /Script/Engine.StaticMeshComponent:StaticMesh
[2014.10.09-20.39.56:290][351]LogLinker:Warning: Can't find file for asset '/Game/Props/SM_Rock' while loading NULL.
[2014.10.09-20.39.56:291][351]LogLinker:Warning: Can't find file '/Game/Props/SM_Rock'
[2014.10.09-20.39.56:291][351]LoadErrors: Info Failed to load /Game/Props/SM_Rock.SM_Rock Referenced by SM_Rock_8 Property /Script/Engine.StaticMeshComponent:StaticMesh
[2014.10.09-20.39.56:292][351]LogLinker:Warning: Can't find file for asset '/Game/Props/SM_Rock' while loading NULL.
[2014.10.09-20.39.56:293][351]LogLinker:Warning: Can't find file '/Game/Props/SM_Rock'
[2014.10.09-20.39.56:293][351]LoadErrors: Info Failed to load /Game/Props/SM_Rock.SM_Rock Referenced by SM_Rock_9 Property /Script/Engine.StaticMeshComponent:StaticMesh
[2014.10.09-20.39.56:295][351]LogLinker:Warning: Can't find file for asset '/Game/Props/SM_Rock' while loading NULL.
[2014.10.09-20.39.56:305][351]LogMaterial: Missing cached shader map for material M_Water_Lake, compiling.
[2014.10.09-20.39.56:306][351]LogMaterial:Warning: Failed to compile Material /Game/Materials/M_Water_Lake.M_Water_Lake for platform PCD3D_SM5, Default Material will be used in game.
[2014.10.09-20.39.56:306][351]LogMaterial:Warning: 	(Node TextureSample) TextureSample> Missing input texture
[2014.10.09-20.39.56:307][351]LogMaterial: Missing cached shader map for material M_Ground_Grass, compiling.
[2014.10.09-20.39.56:307][351]LogMaterial:Warning: Failed to compile Material /Game/Materials/M_Ground_Grass.M_Ground_Grass for platform PCD3D_SM5, Default Material will be used in game.
[2014.10.09-20.39.56:307][351]LogMaterial:Warning: 	(Node TextureSample) TextureSample> Missing input texture
[2014.10.09-20.39.56:308][351]LogMaterial: Missing cached shader map for material M_Tech_Hex_Tile, compiling.
[2014.10.09-20.39.56:308][351]LogMaterial:Warning: Failed to compile Material /Game/Materials/M_Tech_Hex_Tile.M_Tech_Hex_Tile for platform PCD3D_SM5, Default Material will be used in game.
[2014.10.09-20.39.56:308][351]LogMaterial:Warning: 	(Node TextureSample) TextureSample> Missing input texture
[2014.10.09-20.39.56:310][351]LogMaterial: Missing cached shader map for material boards_Mat, compiling.
[2014.10.09-20.39.56:310][351]LogMaterial:Warning: Failed to compile Material /Game/Materials/propMats/boards_Mat.boards_Mat for platform PCD3D_SM5, Default Material will be used in game.
[2014.10.09-20.39.56:310][351]LogMaterial:Warning: 	(Node TextureSample) TextureSample> Missing input texture
[2014.10.09-20.39.56:333][351]LogMaterial: Missing cached shader map for material Tower, compiling.
[2014.10.09-20.39.56:333][351]LogMaterial:Warning: Failed to compile Material /Game/Materials/propMats/Tower.Tower for platform PCD3D_SM5, Default Material will be used in game.
[2014.10.09-20.39.56:333][351]LogMaterial:Warning: 	(Node TextureSample) TextureSample> Missing input texture
[2014.10.09-20.39.56:445][351]LogEditorServer: Finished looking for orphan Actors (0.000 secs)
[2014.10.09-20.39.56:445][351]LogAIModule: Creating AISystem for world LOTR001_with_cameras
[2014.10.09-20.39.56:479][351]Cmd: MAP CHECKDEP
[2014.10.09-20.39.56:479][351]MapCheck: New page: LOTR001_with_cameras - Oct 9, 2014, 8:39:56 AM
[2014.10.09-20.39.56:872][351]MapCheck:Warning: Warning Landscape_2 Landscape /Game/LOTR001_with_cameras.LOTR001_with_cameras:PersistentLevel.Landscape_2 : Externally referenced 
[2014.10.09-20.39.56:872][351]MapCheck:Warning: Warning Tower_4 StaticMeshComponent /Game/LOTR001_with_cameras.LOTR001_with_cameras:PersistentLevel.Tower_4.StaticMeshComponent0 : Externally referenced 
[2014.10.09-20.39.56:872][351]MapCheck:Warning: Warning ModelComponent_170 ModelComponent /Game/LOTR001_with_cameras.LOTR001_with_cameras:PersistentLevel.ModelComponent_170 : Externally referenced 
[2014.10.09-20.39.56:872][351]MapCheck:Warning: Warning Model_3 Model /Game/LOTR001_with_cameras.LOTR001_with_cameras:PersistentLevel.Model_3 : Externally referenced 
[2014.10.09-20.39.56:872][351]MapCheck:Warning: Warning Polys_27 Polys /Game/LOTR001_with_cameras.LOTR001_with_cameras:PersistentLevel.CylinderBrush.Model_10.Polys_27 : Externally referenced 
[2014.10.09-20.39.56:873][351]MapCheck:Warning: Warning fourBoards_10 StaticMeshComponent /Game/LOTR001_with_cameras.LOTR001_with_cameras:PersistentLevel.fourBoards_10.StaticMeshComponent0 : Externally referenced 
[2014.10.09-20.39.56:873][351]MapCheck:Warning: Warning threeBoards_4 StaticMeshComponent /Game/LOTR001_with_cameras.LOTR001_with_cameras:PersistentLevel.threeBoards_4.StaticMeshComponent0 : Externally referenced 
[2014.10.09-20.39.56:873][351]MapCheck:Warning: Warning threeBoards_7 StaticMeshComponent /Game/LOTR001_with_cameras.LOTR001_with_cameras:PersistentLevel.threeBoards_7.StaticMeshComponent0 : Externally referenced 
[2014.10.09-20.39.56:873][351]MapCheck:Warning: Warning deathWheelUVs_7 StaticMeshComponent /Game/LOTR001_with_cameras.LOTR001_with_cameras:PersistentLevel.deathWheelUVs_7.StaticMeshComponent0 : Externally referenced 
[2014.10.09-20.39.56:873][351]MapCheck:Warning: Warning 1_3 SkeletalMeshComponent /Game/LOTR001_with_cameras.LOTR001_with_cameras:PersistentLevel.1_3.SkeletalMeshComponent0 : Externally referenced 
[2014.10.09-20.39.56:873][351]MapCheck:Warning: Warning 1_3 SkeletalMeshComponent /Game/LOTR001_with_cameras.LOTR001_with_cameras:PersistentLevel.1_3.SkeletalMeshComponent0 : Externally referenced 
[2014.10.09-20.39.56:874][351]MapCheck:Warning: Warning 1_3 SkeletalMeshComponent /Game/LOTR001_with_cameras.LOTR001_with_cameras:PersistentLevel.1_3.SkeletalMeshComponent0 : Externally referenced 
[2014.10.09-20.39.56:874][351]MapCheck:Warning: Warning 1_3 SkeletalMeshComponent /Game/LOTR001_with_cameras.LOTR001_with_cameras:PersistentLevel.1_3.SkeletalMeshComponent0 : Externally referenced 
[2014.10.09-20.39.56:874][351]MapCheck:Warning: Warning 1_3 SkeletalMeshComponent /Game/LOTR001_with_cameras.LOTR001_with_cameras:PersistentLevel.1_3.SkeletalMeshComponent0 : Externally referenced 
[2014.10.09-20.39.56:874][351]MapCheck:Warning: Warning 1_3 SkeletalMeshComponent /Game/LOTR001_with_cameras.LOTR001_with_cameras:PersistentLevel.1_3.SkeletalMeshComponent0 : Externally referenced 
[2014.10.09-20.39.56:874][351]MapCheck:Warning: Warning gimili_11 StaticMeshComponent /Game/LOTR001_with_cameras.LOTR001_with_cameras:PersistentLevel.gimili_11.StaticMeshComponent0 : Externally referenced 
[2014.10.09-20.39.56:874][351]MapCheck:Warning: Warning gimili_11 StaticMeshComponent /Game/LOTR001_with_cameras.LOTR001_with_cameras:PersistentLevel.gimili_11.StaticMeshComponent0 : Externally referenced 
[2014.10.09-20.39.56:874][351]MapCheck:Warning: Warning gimili_11 StaticMeshComponent /Game/LOTR001_with_cameras.LOTR001_with_cameras:PersistentLevel.gimili_11.StaticMeshComponent0 : Externally referenced 
[2014.10.09-20.39.56:874][351]MapCheck:Warning: Warning gimili_11 StaticMeshComponent /Game/LOTR001_with_cameras.LOTR001_with_cameras:PersistentLevel.gimili_11.StaticMeshComponent0 : Externally referenced 
[2014.10.09-20.39.56:874][351]MapCheck:Warning: Warning gimili_11 StaticMeshComponent /Game/LOTR001_with_cameras.LOTR001_with_cameras:PersistentLevel.gimili_11.StaticMeshComponent0 : Externally referenced 
[2014.10.09-20.39.56:874][351]MapCheck:Warning: Warning gimili_11 StaticMeshComponent /Game/LOTR001_with_cameras.LOTR001_with_cameras:PersistentLevel.gimili_11.StaticMeshComponent0 : Externally referenced 
[2014.10.09-20.39.56:874][351]MapCheck:Warning: Warning gimili_11 StaticMeshComponent /Game/LOTR001_with_cameras.LOTR001_with_cameras:PersistentLevel.gimili_11.StaticMeshComponent0 : Externally referenced 
[2014.10.09-20.39.56:874][351]MapCheck:Warning: Warning orthanc_model_new_4 StaticMeshComponent /Game/LOTR001_with_cameras.LOTR001_with_cameras:PersistentLevel.orthanc_model_new_4.StaticMeshComponent0 : Externally referenced 
[2014.10.09-20.39.56:874][351]MapCheck:Warning: Warning fourBoards_4 StaticMeshComponent /Game/LOTR001_with_cameras.LOTR001_with_cameras:PersistentLevel.fourBoards_4.StaticMeshComponent0 : Externally referenced 
[2014.10.09-20.39.56:874][351]MapCheck:Warning: Warning threeBoards_8 StaticMeshComponent /Game/LOTR001_with_cameras.LOTR001_with_cameras:PersistentLevel.threeBoards_8.StaticMeshComponent0 : Externally referenced 
[2014.10.09-20.39.56:875][351]MapCheck:Warning: Warning orthanc_model_new_4 StaticMeshComponent /Game/LOTR001_with_cameras.LOTR001_with_cameras:PersistentLevel.orthanc_model_new_4.StaticMeshComponent0 : Externally referenced 
[2014.10.09-20.39.56:875][351]MapCheck:Warning: Warning 1_3 SkeletalMeshComponent /Game/LOTR001_with_cameras.LOTR001_with_cameras:PersistentLevel.1_3.SkeletalMeshComponent0 : Externally referenced 
[2014.10.09-20.39.56:875][351]MapCheck:Warning: Warning deathWheelUVs_7 StaticMeshComponent /Game/LOTR001_with_cameras.LOTR001_with_cameras:PersistentLevel.deathWheelUVs_7.StaticMeshComponent0 : Externally referenced 
[2014.10.09-20.39.56:875][351]MapCheck:Warning: Warning fourBoards_4 StaticMeshComponent /Game/LOTR001_with_cameras.LOTR001_with_cameras:PersistentLevel.fourBoards_4.StaticMeshComponent0 : Externally referenced 
[2014.10.09-20.39.56:875][351]MapCheck:Warning: Warning gimili_11 StaticMeshComponent /Game/LOTR001_with_cameras.LOTR001_with_cameras:PersistentLevel.gimili_11.StaticMeshComponent0 : Externally referenced 
[2014.10.09-20.39.56:875][351]MapCheck:Warning: Warning threeBoards_8 StaticMeshComponent /Game/LOTR001_with_cameras.LOTR001_with_cameras:PersistentLevel.threeBoards_8.StaticMeshComponent0 : Externally referenced 
[2014.10.09-20.39.56:875][351]MapCheck: Info ========== Map Check: 0 Error(s), 31 Warning(s), [396.908ms] ==========
[2014.10.09-20.39.56:886][351]LogFileHelpers: Loading map 'LOTR001_with_cameras' took 2.009
[2014.10.09-20.39.57:248][352]Cmd: UpdateLandscapeEditorData -warnings
[2014.10.09-20.39.57:249][352]Cmd: UpdateLandscapeEditorData
[2014.10.09-20.40.12:650][745]LogContentBrowser:Verbose: The content browser source was changed by the sources view to '/Game/Textures'
[2014.10.09-20.40.47:631][153]Cmd: QUIT_EDITOR
[2014.10.09-20.40.47:732][153]LogWindowsTextInputMethodSystem:Error: Terminating failed while unadvising the language notification sink from the TSF source.
[2014.10.09-20.40.47:732][153]LogExit: Preparing to exit.
[2014.10.09-20.40.48:507][153]LogExit: Editor shut down
[2014.10.09-20.40.48:507][153]LogExit: Transaction tracking system shut down
[2014.10.09-20.40.48:508][153]LogParticles: Destroying 0 GPU particle simulations for FXSystem 0x000000001F91C9A0
[2014.10.09-20.40.48:526][153]LogExit: Object subsystem successfully closed.
[2014.10.09-20.40.48:548][153]LogModuleManager: Shutting down and abandoning module StatsViewer (161)
[2014.10.09-20.40.48:548][153]LogModuleManager: Shutting down and abandoning module AndroidDeviceDetection (160)
[2014.10.09-20.40.48:548][153]LogModuleManager: Shutting down and abandoning module HTTP (159)
[2014.10.09-20.40.48:548][153]LogModuleManager: Shutting down and abandoning module CrashTracker (158)
[2014.10.09-20.40.48:548][153]LogModuleManager: Shutting down and abandoning module SuperSearch (157)
[2014.10.09-20.40.48:548][153]LogModuleManager: Shutting down and abandoning module SceneOutliner (156)
[2014.10.09-20.40.48:548][153]LogModuleManager: Shutting down and abandoning module EditorWidgets (155)
[2014.10.09-20.40.48:548][153]LogModuleManager: Shutting down and abandoning module CollectionManager (154)
[2014.10.09-20.40.48:548][153]LogModuleManager: Shutting down and abandoning module FoliageEdit (153)
[2014.10.09-20.40.48:548][153]LogModuleManager: Shutting down and abandoning module LandscapeEditor (152)
[2014.10.09-20.40.48:549][153]LogModuleManager: Shutting down and abandoning module MeshPaint (151)
[2014.10.09-20.40.48:549][153]LogModuleManager: Shutting down and abandoning module ActorPickerMode (150)
[2014.10.09-20.40.48:549][153]LogModuleManager: Shutting down and abandoning module GeometryMode (149)
[2014.10.09-20.40.48:549][153]LogModuleManager: Shutting down and abandoning module TextureAlignMode (148)
[2014.10.09-20.40.48:549][153]LogModuleManager: Shutting down and abandoning module BspMode (147)
[2014.10.09-20.40.48:549][153]LogModuleManager: Shutting down and abandoning module PlacementMode (146)
[2014.10.09-20.40.48:549][153]LogModuleManager: Shutting down and abandoning module DesktopPlatform (145)
[2014.10.09-20.40.48:549][153]LogModuleManager: Shutting down and abandoning module AutomationWorker (144)
[2014.10.09-20.40.48:549][153]LogModuleManager: Shutting down and abandoning module EditorLiveStreaming (143)
[2014.10.09-20.40.48:549][153]LogModuleManager: Shutting down and abandoning module BehaviorTreeEditor (142)
[2014.10.09-20.40.48:549][153]LogModuleManager: Shutting down and abandoning module DeviceProfileEditor (141)
[2014.10.09-20.40.48:549][153]LogModuleManager: Shutting down and abandoning module UndoHistory (140)
[2014.10.09-20.40.48:552][153]LogModuleManager: Shutting down and abandoning module GameplayTagsEditor (139)
[2014.10.09-20.40.48:552][153]LogModuleManager: Shutting down and abandoning module UserFeedback (138)
[2014.10.09-20.40.48:552][153]LogModuleManager: Shutting down and abandoning module XmlParser (137)
[2014.10.09-20.40.48:552][153]LogModuleManager: Shutting down and abandoning module Blutility (136)
[2014.10.09-20.40.48:552][153]LogModuleManager: Shutting down and abandoning module IOSPlatformEditor (135)
[2014.10.09-20.40.48:552][153]LogModuleManager: Shutting down and abandoning module IOSRuntimeSettings (134)
[2014.10.09-20.40.48:552][153]LogModuleManager: Shutting down and abandoning module AndroidPlatformEditor (133)
[2014.10.09-20.40.48:552][153]LogModuleManager: Shutting down and abandoning module AndroidRuntimeSettings (132)
[2014.10.09-20.40.48:552][153]LogModuleManager: Shutting down and abandoning module ProjectTargetPlatformEditor (131)
[2014.10.09-20.40.48:552][153]LogModuleManager: Shutting down and abandoning module ProjectSettingsViewer (130)
[2014.10.09-20.40.48:552][153]LogModuleManager: Shutting down and abandoning module InputBindingEditor (129)
[2014.10.09-20.40.48:553][153]LogModuleManager: Shutting down and abandoning module EditorSettingsViewer (128)
[2014.10.09-20.40.48:553][153]LogModuleManager: Shutting down and abandoning module SettingsEditor (127)
[2014.10.09-20.40.48:553][153]LogModuleManager: Shutting down and abandoning module SessionLauncher (126)
[2014.10.09-20.40.48:553][153]LogModuleManager: Shutting down and abandoning module SessionFrontend (125)
[2014.10.09-20.40.48:553][153]LogModuleManager: Shutting down and abandoning module ProfilerClient (124)
[2014.10.09-20.40.48:553][153]LogModuleManager: Shutting down and abandoning module TargetDeviceServices (123)
[2014.10.09-20.40.48:553][153]LogModuleManager: Shutting down and abandoning module DeviceManager (122)
[2014.10.09-20.40.48:553][153]LogModuleManager: Shutting down and abandoning module AutomationController (121)
[2014.10.09-20.40.48:553][153]LogModuleManager: Shutting down and abandoning module AutomationWindow (120)
[2014.10.09-20.40.48:553][153]LogModuleManager: Shutting down and abandoning module Layers (119)
[2014.10.09-20.40.48:553][153]LogModuleManager: Shutting down and abandoning module ComponentVisualizers (118)
[2014.10.09-20.40.48:553][153]LogModuleManager: Shutting down and abandoning module DetailCustomizations (117)
[2014.10.09-20.40.48:553][153]LogModuleManager: Shutting down and abandoning module PackagesDialog (116)
[2014.10.09-20.40.48:553][153]LogModuleManager: Shutting down and abandoning module DirectoryWatcher (115)
[2014.10.09-20.40.48:553][153]LogModuleManager: Shutting down and abandoning module AssetRegistry (114)
[2014.10.09-20.40.48:616][153]LogModuleManager: Shutting down and abandoning module Persona (113)
[2014.10.09-20.40.48:616][153]LogModuleManager: Shutting down and abandoning module GraphEditor (112)
[2014.10.09-20.40.48:616][153]LogModuleManager: Shutting down and abandoning module ClassViewer (111)
[2014.10.09-20.40.48:616][153]LogModuleManager: Shutting down and abandoning module Toolbox (110)
[2014.10.09-20.40.48:616][153]LogModuleManager: Shutting down and abandoning module ModuleUI (109)
[2014.10.09-20.40.48:616][153]LogModuleManager: Shutting down and abandoning module Sequencer (108)
[2014.10.09-20.40.48:616][153]LogModuleManager: Shutting down and abandoning module MovieSceneTools (107)
[2014.10.09-20.40.48:616][153]LogModuleManager: Shutting down and abandoning module OutputLog (106)
[2014.10.09-20.40.48:616][153]LogModuleManager: Shutting down and abandoning module GammaUI (105)
[2014.10.09-20.40.48:616][153]LogModuleManager: Shutting down and abandoning module Documentation (104)
[2014.10.09-20.40.48:616][153]LogModuleManager: Shutting down and abandoning module GameLiveStreaming (103)
[2014.10.09-20.40.48:616][153]LogModuleManager: Shutting down and abandoning module StreamingPauseRendering (102)
[2014.10.09-20.40.48:616][153]LogModuleManager: Shutting down and abandoning module AnalyticsET (101)
[2014.10.09-20.40.48:617][153]LogModuleManager: Shutting down and abandoning module Analytics (100)
[2014.10.09-20.40.48:617][153]LogModuleManager: Shutting down and abandoning module GameplayDebugger (99)
[2014.10.09-20.40.48:617][153]LogModuleManager: Shutting down and abandoning module AIModule (98)
[2014.10.09-20.40.48:617][153]LogModuleManager: Shutting down and abandoning module ProfilerService (97)
[2014.10.09-20.40.48:780][153]LogModuleManager: Shutting down and abandoning module TaskGraph (96)
[2014.10.09-20.40.48:780][153]LogModuleManager: Shutting down and abandoning module SlateRemote (95)
[2014.10.09-20.40.48:780][153]LogModuleManager: Shutting down and abandoning module ScriptEditorPlugin (94)
[2014.10.09-20.40.48:780][153]LogModuleManager: Shutting down and abandoning module CustomMeshComponent (93)
[2014.10.09-20.40.48:780][153]LogModuleManager: Shutting down and abandoning module CableComponent (92)
[2014.10.09-20.40.48:780][153]LogModuleManager: Shutting down and abandoning module OculusRift (91)
[2014.10.09-20.40.48:780][153]LogModuleManager: Shutting down and abandoning module MessagingDebugger (90)
[2014.10.09-20.40.48:780][153]LogModuleManager: Shutting down and abandoning module ViewportSnapping (89)
[2014.10.09-20.40.48:780][153]LogModuleManager: Shutting down and abandoning module SmartSnapping (88)
[2014.10.09-20.40.48:780][153]LogModuleManager: Shutting down and abandoning module PaperTiledImporter (87)
[2014.10.09-20.40.48:780][153]LogModuleManager: Shutting down and abandoning module PaperJsonImporter (86)
[2014.10.09-20.40.48:780][153]LogModuleManager: Shutting down and abandoning module GameProjectGeneration (85)
[2014.10.09-20.40.48:780][153]LogModuleManager: Shutting down and abandoning module Matinee (84)
[2014.10.09-20.40.48:780][153]LogModuleManager: Shutting down and abandoning module Kismet (83)
[2014.10.09-20.40.48:780][153]LogModuleManager: Shutting down and abandoning module SlateReflector (82)
[2014.10.09-20.40.48:780][153]LogModuleManager: Shutting down and abandoning module LevelEditor (81)
[2014.10.09-20.40.48:781][153]LogModuleManager: Shutting down and abandoning module IntroTutorials (80)
[2014.10.09-20.40.48:781][153]LogModuleManager: Shutting down and abandoning module ContentBrowser (79)
[2014.10.09-20.40.48:781][153]LogModuleManager: Shutting down and abandoning module PropertyEditor (78)
[2014.10.09-20.40.48:781][153]LogModuleManager: Shutting down and abandoning module AssetTools (77)
[2014.10.09-20.40.48:781][153]LogModuleManager: Shutting down and abandoning module Paper2DEditor (76)
[2014.10.09-20.40.48:781][153]LogModuleManager: Shutting down and abandoning module SpeedTreeImporter (75)
[2014.10.09-20.40.48:781][153]LogModuleManager: Shutting down and abandoning module PluginsEditor (74)
[2014.10.09-20.40.48:781][153]LogModuleManager: Shutting down and abandoning module MainFrame (73)
[2014.10.09-20.40.48:781][153]LogModuleManager: Shutting down and abandoning module EpicSurvey (72)
[2014.10.09-20.40.48:781][153]LogModuleManager: Shutting down and abandoning module VisualStudioSourceCodeAccess (71)
[2014.10.09-20.40.48:781][153]LogModuleManager: Shutting down and abandoning module UObjectPlugin (70)
[2014.10.09-20.40.48:781][153]LogModuleManager: Shutting down and abandoning module SubversionSourceControl (69)
[2014.10.09-20.40.48:781][153]LogModuleManager: Shutting down and abandoning module SourceControl (68)
[2014.10.09-20.40.48:781][153]LogModuleManager: Shutting down and abandoning module PerforceSourceControl (67)
[2014.10.09-20.40.48:781][153]LogModuleManager: Shutting down and abandoning module BlankPlugin (66)
[2014.10.09-20.40.48:781][153]LogModuleManager: Shutting down and abandoning module ScriptPlugin (65)
[2014.10.09-20.40.48:781][153]LogModuleManager: Shutting down and abandoning module UdpMessaging (64)
[2014.10.09-20.40.48:881][153]LogModuleManager: Shutting down and abandoning module Paper2D (63)
[2014.10.09-20.40.48:881][153]LogModuleManager: Shutting down and abandoning module WindowsMoviePlayer (62)
[2014.10.09-20.40.48:884][153]LogModuleManager: Shutting down and abandoning module ImageWrapper (61)
[2014.10.09-20.40.48:884][153]LogModuleManager: Shutting down and abandoning module OnlineBlueprintSupport (60)
[2014.10.09-20.40.48:884][153]LogModuleManager: Shutting down and abandoning module FunctionalTesting (59)
[2014.10.09-20.40.48:884][153]LogModuleManager: Shutting down and abandoning module CollisionAnalyzer (58)
[2014.10.09-20.40.48:884][153]LogModuleManager: Shutting down and abandoning module WorkspaceMenuStructure (57)
[2014.10.09-20.40.48:884][153]LogModuleManager: Shutting down and abandoning module MessageLog (56)
[2014.10.09-20.40.48:884][153]LogModuleManager: Shutting down and abandoning module UMGEditor (55)
[2014.10.09-20.40.48:884][153]LogModuleManager: Shutting down and abandoning module UMG (54)
[2014.10.09-20.40.48:884][153]LogModuleManager: Shutting down and abandoning module Slate (53)
[2014.10.09-20.40.48:884][153]LogModuleManager: Shutting down and abandoning module EditorStyle (52)
[2014.10.09-20.40.48:885][153]LogModuleManager: Shutting down and abandoning module SessionServices (51)
[2014.10.09-20.40.48:885][153]LogModuleManager: Shutting down and abandoning module SourceCodeAccess (50)
[2014.10.09-20.40.48:885][153]LogModuleManager: Shutting down and abandoning module HeadMountedDisplay (49)
[2014.10.09-20.40.48:885][153]LogModuleManager: Shutting down and abandoning module XAudio2 (48)
[2014.10.09-20.40.48:885][153]LogModuleManager: Shutting down and abandoning module Networking (46)
[2014.10.09-20.40.48:885][153]LogModuleManager: Shutting down and abandoning module Core (45)
[2014.10.09-20.40.48:885][153]LogModuleManager: Shutting down and abandoning module KismetCompiler (44)
[2014.10.09-20.40.48:885][153]LogModuleManager: Shutting down and abandoning module PhysXFormats (43)
[2014.10.09-20.40.48:885][153]LogModuleManager: Shutting down and abandoning module MeshUtilities (42)
[2014.10.09-20.40.48:885][153]LogModuleManager: Shutting down and abandoning module DerivedDataCache (41)
[2014.10.09-20.40.48:963][153]LogDerivedDataCache: Shutdown
[2014.10.09-20.40.48:963][153]LogModuleManager: Shutting down and abandoning module ShaderFormatOpenGL (40)
[2014.10.09-20.40.48:963][153]LogModuleManager: Shutting down and abandoning module ShaderFormatD3D (39)
[2014.10.09-20.40.48:963][153]LogModuleManager: Shutting down and abandoning module MetalShaderFormat (38)
[2014.10.09-20.40.48:963][153]LogModuleManager: Shutting down and abandoning module TextureFormatUncompressed (37)
[2014.10.09-20.40.48:963][153]LogModuleManager: Shutting down and abandoning module TextureFormatPVR (36)
[2014.10.09-20.40.48:963][153]LogModuleManager: Shutting down and abandoning module TextureFormatDXT (35)
[2014.10.09-20.40.48:963][153]LogModuleManager: Shutting down and abandoning module TextureFormatAndroid (34)
[2014.10.09-20.40.48:963][153]LogModuleManager: Shutting down and abandoning module AudioFormatOpus (33)
[2014.10.09-20.40.48:963][153]LogModuleManager: Shutting down and abandoning module AudioFormatOgg (32)
[2014.10.09-20.40.48:963][153]LogModuleManager: Shutting down and abandoning module AudioFormatADPCM (31)
[2014.10.09-20.40.48:963][153]LogModuleManager: Shutting down and abandoning module Messaging (30)
[2014.10.09-20.40.48:963][153]LogModuleManager: Shutting down and abandoning module IOSTargetPlatform (29)
[2014.10.09-20.40.48:963][153]LogModuleManager: Shutting down and abandoning module Android_PVRTCTargetPlatform (28)
[2014.10.09-20.40.48:963][153]LogModuleManager: Shutting down and abandoning module Android_ETC2TargetPlatform (27)
[2014.10.09-20.40.48:963][153]LogModuleManager: Shutting down and abandoning module Android_ETC1TargetPlatform (26)
[2014.10.09-20.40.48:963][153]LogModuleManager: Shutting down and abandoning module Android_DXTTargetPlatform (25)
[2014.10.09-20.40.48:963][153]LogModuleManager: Shutting down and abandoning module Android_ATCTargetPlatform (24)
[2014.10.09-20.40.48:963][153]LogModuleManager: Shutting down and abandoning module AndroidTargetPlatform (23)
[2014.10.09-20.40.48:964][153]LogModuleManager: Shutting down and abandoning module WindowsTargetPlatform (22)
[2014.10.09-20.40.48:964][153]LogModuleManager: Shutting down and abandoning module WindowsServerTargetPlatform (21)
[2014.10.09-20.40.48:964][153]LogModuleManager: Shutting down and abandoning module WindowsNoEditorTargetPlatform (20)
[2014.10.09-20.40.48:964][153]LogModuleManager: Shutting down and abandoning module WindowsClientTargetPlatform (19)
[2014.10.09-20.40.48:964][153]LogModuleManager: Shutting down and abandoning module TargetPlatform (18)
[2014.10.09-20.40.48:964][153]LogModuleManager: Shutting down and abandoning module InputCore (17)
[2014.10.09-20.40.48:964][153]LogModuleManager: Shutting down and abandoning module Settings (16)
[2014.10.09-20.40.48:964][153]LogModuleManager: Shutting down and abandoning module ExampleDeviceProfileSelector (13)
[2014.10.09-20.40.48:964][153]LogModuleManager: Shutting down and abandoning module TextureCompressor (12)
[2014.10.09-20.40.48:964][153]LogModuleManager: Shutting down and abandoning module ShaderCore (11)
[2014.10.09-20.40.48:964][153]LogModuleManager: Shutting down and abandoning module OpenGLDrv (10)
[2014.10.09-20.40.48:964][153]LogModuleManager: Shutting down and abandoning module D3D11RHI (9)
[2014.10.09-20.40.48:964][153]LogModuleManager: Shutting down and abandoning module SlateRHIRenderer (8)
[2014.10.09-20.40.48:964][153]LogModuleManager: Shutting down and abandoning module Renderer (7)
[2014.10.09-20.40.48:964][153]LogModuleManager: Shutting down and abandoning module Engine (6)
[2014.10.09-20.40.48:964][153]LogModuleManager: Shutting down and abandoning module CoreUObject (5)
[2014.10.09-20.40.48:964][153]LogModuleManager: Shutting down and abandoning module NetworkFile (4)
[2014.10.09-20.40.48:964][153]LogModuleManager: Shutting down and abandoning module StreamingFile (3)
[2014.10.09-20.40.48:964][153]LogModuleManager: Shutting down and abandoning module SandboxFile (2)
[2014.10.09-20.40.48:964][153]LogModuleManager: Shutting down and abandoning module PakFile (1)
[2014.10.09-20.40.48:964][153]LogExit: Exiting.
[2014.10.09-20.40.48:986][153]Log file closed, 10/09/14 14:40:48
