Log file open, 10/16/14 17:08:25
LogInit:Display: Running engine for game: DeathScene
LogInit: Version: 4.4.3-2296771+++depot+UE4-Releases+4.4
LogInit: API Version: 2255576
LogInit: Compiled (64-bit): Sep 13 2014 22:30:58
LogInit: Build Configuration: Development
LogInit: Branch Name: ++depot+UE4-Releases+4.4
LogInit: Command line: 
LogInit: Base directory: C:/Program Files/Unreal Engine/4.4/Engine/Binaries/Win64/
LogInit: Rocket: 1
[2014.10.16-23.08.25:747][  0]LogTaskGraph: Started task graph with 3 named threads and 4 total threads.
[2014.10.16-23.08.25:778][  0]LogOnline:Warning: No default platform service specified for OnlineSubsystem
[2014.10.16-23.08.25:822][  0]LogInit: Presizing for 0 objects not considered by GC, pre-allocating 0 bytes.
[2014.10.16-23.08.25:839][  0]LogInit: Object subsystem initialized
[2014.10.16-23.08.25:842][  0]LogInit: Selected Device Profile: [Windows]
[2014.10.16-23.08.25:842][  0]LogInit: Applying CVar settings loaded from the selected device profile: [Windows]
[2014.10.16-23.08.25:852][  0]LogInit: Computer: BRADYPC
[2014.10.16-23.08.25:852][  0]LogInit: User: BradyMathews
[2014.10.16-23.08.25:854][  0]LogInit: CPU Page size=4096, Cores=2
[2014.10.16-23.08.25:854][  0]LogInit: High frequency timer resolution =1.753831 MHz
[2014.10.16-23.08.25:854][  0]LogMemory: Memory total: Physical=5.9GB (6GB approx) Virtual=131072.0GB
[2014.10.16-23.08.25:854][  0]LogMemory: Platform Memory Stats for Windows
[2014.10.16-23.08.25:854][  0]LogMemory: Process Physical Memory: 60.12 MB used, 60.26 MB peak
[2014.10.16-23.08.25:854][  0]LogMemory: Process Virtual Memory: 36.00 MB used, 36.16 MB peak
[2014.10.16-23.08.25:854][  0]LogMemory: Physical Memory: 3078.61 MB used, 6010.51 MB total
[2014.10.16-23.08.25:854][  0]LogMemory: Virtual Memory: 269.38 MB used, 134217728.00 MB total
[2014.10.16-23.08.25:888][  0]LogD3D11RHI: Found D3D11 adapter 0: Intel(R) HD Graphics 4000 (Feature Level 11_0)
[2014.10.16-23.08.25:888][  0]LogD3D11RHI: Adapter has 32MB of dedicated video memory, 0MB of dedicated system memory, and 1760MB of shared system memory, 1 output[s]
[2014.10.16-23.08.25:891][  0]LogD3D11RHI: Found D3D11 adapter 1: Microsoft Basic Render Driver (Feature Level 11_0)
[2014.10.16-23.08.25:891][  0]LogD3D11RHI: Adapter has 0MB of dedicated video memory, 0MB of dedicated system memory, and 256MB of shared system memory, 0 output[s]
[2014.10.16-23.08.25:891][  0]LogD3D11RHI: Chosen D3D11 Adapter Id = 0
[2014.10.16-23.08.25:895][  0]LogRHI: Texture pool is 638 MB (70% of 912 MB)
[2014.10.16-23.08.25:906][  0]LogD3D11RHI: Async texture creation enabled
[2014.10.16-23.08.26:039][  0]LogContentStreaming: Texture pool size is 0.000000MB
[2014.10.16-23.08.27:810][  0]LogTargetPlatformManager:Display: Building Assets For Windows
[2014.10.16-23.08.28:412][  0]LogTargetPlatformManager:Display: Building Assets For Windows
[2014.10.16-23.08.28:460][  0]LogDerivedDataCache:Display: Max Cache Size: 512 MB
[2014.10.16-23.08.28:506][  0]LogDerivedDataCache: Loaded boot cache 0.05s 39MB C:/Users/Brady Mathews/AppData/Local/UnrealEngine/4.4/DerivedDataCache/Boot.ddc.
[2014.10.16-23.08.28:506][  0]LogDerivedDataCache:Display: Loaded Boot cache: C:/Users/Brady Mathews/AppData/Local/UnrealEngine/4.4/DerivedDataCache/Boot.ddc
[2014.10.16-23.08.28:506][  0]LogDerivedDataCache: FDerivedDataBackendGraph:  Pak pak cache file ../../../../../../Users/Brady Mathews/Documents/GitHub/treebeard/Unreal Project/DeathScene/DerivedDataCache/DDC.ddp not found, will not use a pak cache.
[2014.10.16-23.08.28:506][  0]LogDerivedDataCache: Unable to find inner node Pak for hierarchical cache Hierarchy.
[2014.10.16-23.08.28:526][  0]LogDerivedDataCache:Display: Pak cache opened for reading ../../../Engine/DerivedDataCache/DDC.ddp.
[2014.10.16-23.08.28:539][  0]LogDerivedDataCache: Using Local data cache path C:/Users/Brady Mathews/AppData/Local/UnrealEngine/4.4/DerivedDataCache: Writable
[2014.10.16-23.08.28:721][  0]LogMeshUtilities: No automatic mesh reduction module available
[2014.10.16-23.08.28:721][  0]LogMeshUtilities: No automatic mesh merging module available
[2014.10.16-23.08.29:130][  0]LogInit: WinSock: version 1.1 (2.2), MaxSocks=32767, MaxUdp=65467
[2014.10.16-23.08.29:934][  0]LogStats:Warning: MetaData mismatch. Did you assign a stat to two groups? New //STATGROUP_Threads//FMonitoredProcess///Thread_fa8_0///////STATCAT_Advanced//// old //STATGROUP_Threads//FMonitoredProcess///Thread_255c_0///////STATCAT_Advanced////
[2014.10.16-23.08.29:934][  0]UdpMessaging: Initializing bridge on interface 0.0.0.0:0 to multicast group 230.0.0.1:6666.
[2014.10.16-23.08.30:069][  0]SourceControl: Info Source control is disabled
[2014.10.16-23.08.30:069][  0]SourceControl: Info Source control is disabled
[2014.10.16-23.08.30:076][  0]SourceControl: Info Source control is disabled
[2014.10.16-23.08.30:307][  0]BlueprintLog: New page: Editor Load
[2014.10.16-23.08.30:443][  0]LogObj: 21438 objects as part of root set at end of initial load.
[2014.10.16-23.08.30:443][  0]LogUObjectAllocator: 4218656 out of 0 bytes used by permanent object pool.
[2014.10.16-23.08.30:632][  0]LogEngine: Initializing Engine...
[2014.10.16-23.08.30:753][  0]LogInit: XAudio2 using 'Speakers / Headphones (IDT High Definition Audio CODEC)' : 2 channels at 48 kHz using 16 bits per sample (channel mask 0x3)
[2014.10.16-23.08.31:102][  0]LogInit: FAudioDevice initialized.
[2014.10.16-23.08.31:120][  0]LogAIModule: Creating AISystem for world NewWorld
[2014.10.16-23.08.31:145][  0]LogDerivedDataCache: Saved boot cache 0.02s 39MB C:/Users/Brady Mathews/AppData/Local/UnrealEngine/4.4/DerivedDataCache/Boot.ddc.
[2014.10.16-23.08.31:148][  0]LogInit: Texture streaming: Enabled
[2014.10.16-23.08.31:191][  0]LogInit: Transaction tracking system initialized
[2014.10.16-23.08.31:335][  0]LogAssetRegistry: FAssetRegistry took 0.0110 seconds to start up
[2014.10.16-23.08.32:091][  0]LogTargetPlatformManager:Display: Building Assets For Windows
[2014.10.16-23.08.32:598][  0]LogTargetPlatformManager:Display: Building Assets For Windows
[2014.10.16-23.08.32:763][  0]LogConsoleResponse:Display: 
[2014.10.16-23.08.32:974][  0]LogStats:Warning: MetaData mismatch. Did you assign a stat to two groups? New //STATGROUP_Threads//FMonitoredProcess///Thread_1260_0///////STATCAT_Advanced//// old //STATGROUP_Threads//FMonitoredProcess///Thread_255c_0///////STATCAT_Advanced////
[2014.10.16-23.08.32:974][  0]LogStats:Warning: MetaData mismatch. Did you assign a stat to two groups? New //STATGROUP_Threads//FMonitoredProcess///Thread_17cc_0///////STATCAT_Advanced//// old //STATGROUP_Threads//FMonitoredProcess///Thread_255c_0///////STATCAT_Advanced////
[2014.10.16-23.08.32:974][  0]SourceControl: Info Source control is disabled
[2014.10.16-23.08.32:974][  0]Cmd: MAP LOAD FILE="../../../../../../Users/Brady Mathews/Documents/GitHub/treebeard/Unreal Project/DeathScene/Content/Maps/Minimal_Default.umap" TEMPLATE=0 SHOWPROGRESS=1
[2014.10.16-23.08.32:974][  0]LogEditorServer:Warning: Can't find file '../../../../../../Users/Brady Mathews/Documents/GitHub/treebeard/Unreal Project/DeathScene/Content/Maps/Minimal_Default.umap'
[2014.10.16-23.08.32:974][  0]Cmd: MAP CHECKDEP
[2014.10.16-23.08.32:974][  0]MapCheck: New page: Untitled_0 - Oct 16, 2014, 11:08:32 AM
[2014.10.16-23.08.33:034][  0]MapCheck: Info ========== Map Check: 0 Error(s), 0 Warning(s), [59.333ms] ==========
[2014.10.16-23.08.33:034][  0]LogFileHelpers: Loading map 'Minimal_Default' took 0.060
[2014.10.16-23.08.33:166][  0]LogCollectionManager: Loaded 0 collections in 0.001435 seconds
[2014.10.16-23.08.33:326][  0]LogCrashTracker: Crashtracker disabled due to settings.
[2014.10.16-23.08.33:396][  0]LogLoad: Full Startup: 9.53 seconds (BP compile: 0.00 seconds)
[2014.10.16-23.08.33:408][  0]LogContentBrowser:Verbose: The content browser source was changed by the sources view to '/Game/Props/Horses'
[2014.10.16-23.08.33:551][  0]LogRenderer:Warning: Reallocating scene render targets to support 680x624.
[2014.10.16-23.08.33:858][  2]LogAssetRegistry: Asset discovery search completed in 2.5348 seconds
[2014.10.16-23.08.59:557][700]Cmd: MAP LOAD FILE="../../../../../../Users/Brady Mathews/Documents/GitHub/treebeard/Unreal Project/DeathScene/Content/LOTR001_with_cameras003.umap" TEMPLATE=0 SHOWPROGRESS=1
[2014.10.16-23.08.59:557][700]LightingResults: New page: Lighting Build
[2014.10.16-23.08.59:584][700]LoadErrors: New page: Loading map: LOTR001_with_cameras003.umap
[2014.10.16-23.08.59:584][700]MapCheck: New page: Map Check
[2014.10.16-23.08.59:584][700]LightingResults: New page: Lighting Build
[2014.10.16-23.08.59:601][700]LogParticles: Destroying 0 GPU particle simulations for FXSystem 0x00000062C4399300
[2014.10.16-23.08.59:810][700]LogLinker:Warning: Can't find file '/Game/Textures/board001_Uvs'
[2014.10.16-23.08.59:810][700]LogLinker:Warning: Can't find file for asset '/Game/Textures/board001_Uvs' while loading ../../../../../../Users/Brady Mathews/Documents/GitHub/treebeard/Unreal Project/DeathScene/Content/Materials/propMats/boards_Mat.uasset.
[2014.10.16-23.08.59:811][700]LoadErrors:Error: Error /Game/Materials/propMats/boards_Mat : Can't find file for asset. /Game/Textures/board001_Uvs
[2014.10.16-23.08.59:811][700]LogLinker:Warning: Can't find file '/Game/Textures/T_Rock_Sandstone_N'
[2014.10.16-23.08.59:811][700]LogLinker:Warning: Can't find file for asset '/Game/Textures/T_Rock_Sandstone_N' while loading ../../../../../../Users/Brady Mathews/Documents/GitHub/treebeard/Unreal Project/DeathScene/Content/Materials/propMats/boards_Mat.uasset.
[2014.10.16-23.08.59:811][700]LoadErrors:Error: Error /Game/Materials/propMats/boards_Mat : Can't find file for asset. /Game/Textures/T_Rock_Sandstone_N
[2014.10.16-23.08.59:811][700]LogLinker:Warning: Can't find file '/Game/Textures/board001_Uvs'
[2014.10.16-23.08.59:811][700]LogLinker:Warning: Can't find file for asset '/Game/Textures/board001_Uvs' while loading ../../../../../../Users/Brady Mathews/Documents/GitHub/treebeard/Unreal Project/DeathScene/Content/Materials/propMats/boards_Mat.uasset.
[2014.10.16-23.08.59:812][700]LogLinker:Warning: Can't find file '/Game/Textures/T_Rock_Sandstone_N'
[2014.10.16-23.08.59:812][700]LogLinker:Warning: Can't find file for asset '/Game/Textures/T_Rock_Sandstone_N' while loading ../../../../../../Users/Brady Mathews/Documents/GitHub/treebeard/Unreal Project/DeathScene/Content/Materials/propMats/boards_Mat.uasset.
[2014.10.16-23.09.00:047][700]LoadErrors:Error: Error Failed import: PhysicsAsset /Game/Props/idle_1_PhysicsAsset.idle_1_PhysicsAsset  in /Game/Props/Horses/idle_1
[2014.10.16-23.09.00:048][700]LoadErrors:Error: Error Failed import: Skeleton /Game/Props/idle_1_Skeleton.idle_1_Skeleton  in /Game/Props/Horses/idle_1
[2014.10.16-23.09.00:282][700]LogLinker:Warning: Can't find file '/Game/Textures/board001_Uvs'
[2014.10.16-23.09.00:282][700]LoadErrors: Info Failed to load /Game/Textures/board001_Uvs.board001_Uvs Referenced by MaterialExpressionTextureSample_0 Property /Script/Engine.MaterialExpressionTextureBase:Texture
[2014.10.16-23.09.00:283][700]LogLinker:Warning: Can't find file for asset '/Game/Textures/board001_Uvs' while loading NULL.
[2014.10.16-23.09.00:283][700]LogLinker:Warning: Can't find file '/Game/Textures/T_Rock_Sandstone_N'
[2014.10.16-23.09.00:283][700]LoadErrors: Info Failed to load /Game/Textures/T_Rock_Sandstone_N.T_Rock_Sandstone_N Referenced by MaterialExpressionTextureSample_1 Property /Script/Engine.MaterialExpressionTextureBase:Texture
[2014.10.16-23.09.00:283][700]LogLinker:Warning: Can't find file for asset '/Game/Textures/T_Rock_Sandstone_N' while loading NULL.
[2014.10.16-23.09.00:582][700]LogMaterial: Missing cached shader map for material boards_Mat, compiling.
[2014.10.16-23.09.00:583][700]LogMaterial:Warning: Failed to compile Material /Game/Materials/propMats/boards_Mat.boards_Mat for platform PCD3D_SM5, Default Material will be used in game.
[2014.10.16-23.09.00:583][700]LogMaterial:Warning: 	(Node TextureSample) TextureSample> Missing input texture
[2014.10.16-23.09.00:719][700]LogTexture:Display: Building textures: horse-white (AutoDXT)
[2014.10.16-23.09.01:252][700]LogMaterial: Missing cached shader map for material whorse, compiling.
[2014.10.16-23.09.01:694][700]LogTexture:Display: Building textures: board001_Uvs (AutoDXT)
[2014.10.16-23.09.06:217][700]LogTexture:Display: Building textures: deathWheelTexture (AutoDXT)
[2014.10.16-23.09.10:799][700]LogMaterial: Missing cached shader map for material deathWheelTexture_Mat, compiling.
[2014.10.16-23.09.10:815][700]LogMaterial: Missing cached shader map for material lambert2, compiling.
[2014.10.16-23.09.11:150][700]LogTexture:Display: Building textures: treeUVS001 (AutoDXT)
[2014.10.16-23.09.22:928][700]LogMaterial: Missing cached shader map for material lambert3, compiling.
[2014.10.16-23.09.22:966][700]LogMaterial: Missing cached shader map for material slow_cape_2_tga, compiling.
[2014.10.16-23.09.22:997][700]LogMaterial: Missing cached shader map for material slow_cape_translucent_tga, compiling.
[2014.10.16-23.09.23:052][700]LogTexture:Display: Building textures: slow_cape (AutoDXT)
[2014.10.16-23.09.24:883][700]LogMaterial: Missing cached shader map for material slow_cape_tga, compiling.
[2014.10.16-23.09.24:918][700]LogTexture:Display: Building textures: slow_clothes (AutoDXT)
[2014.10.16-23.09.25:224][700]LogMaterial: Missing cached shader map for material slow_clothes_tga, compiling.
[2014.10.16-23.09.25:245][700]LogMaterial: Missing cached shader map for material slow_hair_2_tga, compiling.
[2014.10.16-23.09.25:274][700]LogTexture:Display: Building textures: slow_face (AutoDXT)
[2014.10.16-23.09.25:672][700]LogMaterial: Missing cached shader map for material slow_eyes_tga, compiling.
[2014.10.16-23.09.25:694][700]LogMaterial: Missing cached shader map for material slow_face_2_tga, compiling.
[2014.10.16-23.09.25:718][700]LogMaterial: Missing cached shader map for material slow_face_tga, compiling.
[2014.10.16-23.09.25:755][700]LogTexture:Display: Building textures: slow_hands (AutoDXT)
[2014.10.16-23.09.26:021][700]LogTexture:Display: Building textures: slow_hair (AutoDXT)
[2014.10.16-23.09.26:429][700]LogMaterial: Missing cached shader map for material slow_hair_tga, compiling.
[2014.10.16-23.09.26:450][700]LogMaterial: Missing cached shader map for material slow_hands_tga, compiling.
[2014.10.16-23.09.26:473][700]LogMaterial: Missing cached shader map for material slow_weapon_2_tga, compiling.
[2014.10.16-23.09.26:506][700]LogTexture:Display: Building textures: slow_weapon (AutoDXT)
[2014.10.16-23.09.26:957][700]LogMaterial: Missing cached shader map for material slow_weapon_tga, compiling.
[2014.10.16-23.09.27:091][700]LogStaticMesh: Building static mesh deathWHeelSmooth...
[2014.10.16-23.09.27:745][700]LogStaticMesh: Built static mesh [655.478760ms] /Game/Props/SceneProps/deathWHeelSmooth.deathWHeelSmooth
[2014.10.16-23.09.27:924][700]LogStaticMesh: Building static mesh Debris001...
[2014.10.16-23.09.27:938][700]LogStaticMesh: Built static mesh [16.122419ms] /Game/Props/SceneProps/Debris001.Debris001
[2014.10.16-23.09.27:943][700]LogStaticMesh: Building static mesh fourBoards...
[2014.10.16-23.09.27:963][700]LogStaticMesh: Built static mesh [21.365799ms] /Game/Props/SceneProps/fourBoards.fourBoards
[2014.10.16-23.09.27:972][700]LogMaterial: Missing cached shader map for material lambert5, compiling.
[2014.10.16-23.09.27:977][700]LogStaticMesh: Building static mesh treeMod1...
[2014.10.16-23.09.28:026][700]LogStaticMesh: Built static mesh [48.070194ms] /Game/Props/SceneProps/treeMod1.treeMod1
[2014.10.16-23.09.29:109][700]LogEditorServer: Finished looking for orphan Actors (0.000 secs)
[2014.10.16-23.09.29:110][700]LogAIModule: Creating AISystem for world LOTR001_with_cameras003
[2014.10.16-23.09.29:147][700]Cmd: MAP CHECKDEP
[2014.10.16-23.09.29:148][700]MapCheck: New page: LOTR001_with_cameras003 - Oct 16, 2014, 11:09:29 AM
[2014.10.16-23.09.29:389][700]MapCheck: Info ========== Map Check: 0 Error(s), 0 Warning(s), [241.714ms] ==========
[2014.10.16-23.09.29:389][700]LogFileHelpers: Loading map 'LOTR001_with_cameras003' took 29.834
[2014.10.16-23.09.30:177][701]Cmd: UpdateLandscapeEditorData -warnings
[2014.10.16-23.09.30:188][701]Cmd: UpdateLandscapeEditorData
[2014.10.16-23.09.48:568][574]LogContentBrowser:Verbose: The content browser source was changed by the sources view to '/Game/Props/aro'
[2014.10.16-23.10.29:687][816]LogFactory: FactoryCreateBinary: StaticMesh with FbxFactory (0 0 ../../../../../../Users/Brady Mathews/Documents/GitHub/treebeard/Models/Aragorn(Needs work)/aragorn/generic_item.mesh.obj)
[2014.10.16-23.10.42:158][816]LogFbx: Loading FBX Scene from ../../../../../../Users/Brady Mathews/Documents/GitHub/treebeard/Models/Aragorn(Needs work)/aragorn/generic_item.mesh.obj
[2014.10.16-23.10.42:373][816]LogFbx: FBX Scene Loaded Succesfully
[2014.10.16-23.10.42:423][816]LogLinker:Warning: Can't find file '/Game/Props/aro/Material_1'
[2014.10.16-23.10.42:423][816]LogLinker:Warning: Can't find file '/Game/Props/aro/Material_1'
[2014.10.16-23.10.42:424][816]LogUObjectGlobals:Warning: Failed to find object 'MaterialInterface /Game/Props/aro/Material_1.Material_1'
[2014.10.16-23.10.42:476][816]LogMaterial: Missing cached shader map for material Material_1, compiling.
[2014.10.16-23.10.42:551][816]LogFbx: == Initial material list:
[2014.10.16-23.10.42:551][816]LogFbx: 0: Material_1
[2014.10.16-23.10.42:551][816]LogFbx: == After sorting:
[2014.10.16-23.10.42:551][816]LogFbx: 0: Material_1
[2014.10.16-23.10.42:551][816]LogFbx: == Mapping table:
[2014.10.16-23.10.42:551][816]LogFbx:   sort 0 -> 0
[2014.10.16-23.10.42:627][816]LogStaticMesh: Building static mesh generic_item_mesh...
[2014.10.16-23.10.48:512][816]LogStaticMesh: Built static mesh [5885.928223ms] /Game/Props/aro/generic_item_mesh.generic_item_mesh
[2014.10.16-23.10.48:528][816]LogStaticMesh:Warning: generic_item_mesh has degenerate tangent bases which will result in incorrect shading. 
[2014.10.16-23.10.55:184][816]FBXImport:Warning: Warning Warning: No smoothing group information was found in this FBX scene.  Please make sure to enable the 'Export Smoothing Groups' option in the FBX Exporter plug-in before exporting the file.  Even for tools that don't support smoothing groups, the FBX Exporter will generate appropriate smoothing data at export-time so that correct vertex normals can be inferred while importing. 
[2014.10.16-23.10.55:220][816]LogFactory: FactoryCreateBinary: StaticMesh with FbxFactory (0 0 ../../../../../../Users/Brady Mathews/Documents/GitHub/treebeard/Models/Aragorn(Needs work)/aragorn/Generic_Item.obj)
[2014.10.16-23.11.06:302][816]LogFactory: FactoryCreateBinary: Texture with TextureFactory (0 0 ../../../../../../Users/Brady Mathews/Documents/GitHub/treebeard/Models/Aragorn(Needs work)/aragorn/slow_armor.tga)
[2014.10.16-23.11.06:486][816]0.000035 seconds to analyze Texture2D /Game/Props/aro/slow_armor.slow_armor

[2014.10.16-23.11.06:490][816]LogTexture:Display: Building textures: slow_armor (AutoDXT)
[2014.10.16-23.11.06:803][816]LogFactory: FactoryCreateBinary: Texture with TextureFactory (0 0 ../../../../../../Users/Brady Mathews/Documents/GitHub/treebeard/Models/Aragorn(Needs work)/aragorn/slow_armor_bump.tga)
[2014.10.16-23.11.06:897][816]0.000042 seconds to analyze Texture2D /Game/Props/aro/slow_armor_bump.slow_armor_bump

[2014.10.16-23.11.06:910][816]LogTexture:Display: Building textures: slow_armor_bump (BC5)
[2014.10.16-23.11.07:132][816]LogFactory: FactoryCreateBinary: Texture with TextureFactory (0 0 ../../../../../../Users/Brady Mathews/Documents/GitHub/treebeard/Models/Aragorn(Needs work)/aragorn/slow_cape.tga)
[2014.10.16-23.11.07:167][816]0.000030 seconds to analyze Texture2D /Game/Props/aro/slow_cape.slow_cape

[2014.10.16-23.11.07:196][816]LogTexture:Display: Building textures: slow_cape (AutoDXT)
[2014.10.16-23.11.07:533][816]LogFactory: FactoryCreateBinary: Texture with TextureFactory (0 0 ../../../../../../Users/Brady Mathews/Documents/GitHub/treebeard/Models/Aragorn(Needs work)/aragorn/slow_clothes.tga)
[2014.10.16-23.11.07:586][816]0.000032 seconds to analyze Texture2D /Game/Props/aro/slow_clothes.slow_clothes

[2014.10.16-23.11.07:589][816]LogTexture:Display: Building textures: slow_clothes (AutoDXT)
[2014.10.16-23.11.08:102][816]LogFactory: FactoryCreateBinary: Texture with TextureFactory (0 0 ../../../../../../Users/Brady Mathews/Documents/GitHub/treebeard/Models/Aragorn(Needs work)/aragorn/slow_clothes_bump.tga)
[2014.10.16-23.11.08:142][816]0.000035 seconds to analyze Texture2D /Game/Props/aro/slow_clothes_bump.slow_clothes_bump

[2014.10.16-23.11.08:144][816]LogTexture:Display: Building textures: slow_clothes_bump (AutoDXT)
[2014.10.16-23.11.09:799][816]LogFactory: FactoryCreateBinary: Texture with TextureFactory (0 0 ../../../../../../Users/Brady Mathews/Documents/GitHub/treebeard/Models/Aragorn(Needs work)/aragorn/slow_face.tga)
[2014.10.16-23.11.09:854][816]0.000028 seconds to analyze Texture2D /Game/Props/aro/slow_face.slow_face

[2014.10.16-23.11.09:855][816]LogTexture:Display: Building textures: slow_face (AutoDXT)
[2014.10.16-23.11.09:974][816]LogFactory: FactoryCreateBinary: Texture with TextureFactory (0 0 ../../../../../../Users/Brady Mathews/Documents/GitHub/treebeard/Models/Aragorn(Needs work)/aragorn/slow_face_bump.tga)
[2014.10.16-23.11.09:994][816]0.000031 seconds to analyze Texture2D /Game/Props/aro/slow_face_bump.slow_face_bump

[2014.10.16-23.11.10:004][816]LogTexture:Display: Building textures: slow_face_bump (BC5)
[2014.10.16-23.11.10:028][816]LogFactory: FactoryCreateBinary: Texture with TextureFactory (0 0 ../../../../../../Users/Brady Mathews/Documents/GitHub/treebeard/Models/Aragorn(Needs work)/aragorn/slow_hair.tga)
[2014.10.16-23.11.10:060][816]0.000031 seconds to analyze Texture2D /Game/Props/aro/slow_hair.slow_hair

[2014.10.16-23.11.10:064][816]LogTexture:Display: Building textures: slow_hair (AutoDXT)
[2014.10.16-23.11.11:017][816]LogFactory: FactoryCreateBinary: Texture with TextureFactory (0 0 ../../../../../../Users/Brady Mathews/Documents/GitHub/treebeard/Models/Aragorn(Needs work)/aragorn/slow_hair_bump.tga)
[2014.10.16-23.11.11:069][816]0.000031 seconds to analyze Texture2D /Game/Props/aro/slow_hair_bump.slow_hair_bump

[2014.10.16-23.11.11:079][816]LogTexture:Display: Building textures: slow_hair_bump (BC5)
[2014.10.16-23.11.11:106][816]LogFactory: FactoryCreateBinary: Texture with TextureFactory (0 0 ../../../../../../Users/Brady Mathews/Documents/GitHub/treebeard/Models/Aragorn(Needs work)/aragorn/slow_weapon.tga)
[2014.10.16-23.11.11:112][816]0.000029 seconds to analyze Texture2D /Game/Props/aro/slow_weapon.slow_weapon

[2014.10.16-23.11.11:116][816]LogTexture:Display: Building textures: slow_weapon (AutoDXT)
[2014.10.16-23.11.11:147][816]LogFactory: FactoryCreateBinary: Texture with TextureFactory (0 0 ../../../../../../Users/Brady Mathews/Documents/GitHub/treebeard/Models/Aragorn(Needs work)/aragorn/slow_weapon_bump.tga)
[2014.10.16-23.11.11:178][816]0.000027 seconds to analyze Texture2D /Game/Props/aro/slow_weapon_bump.slow_weapon_bump

[2014.10.16-23.11.11:219][816]LogTexture:Display: Building textures: slow_weapon_bump (BC5)
[2014.10.16-23.11.11:270][816]LogContentBrowser:Verbose: The content browser source was changed by the sources view to 'None'
[2014.10.16-23.11.11:270][816]LogContentBrowser:Verbose: The content browser source was changed by the sources view to '/Game/Props/aro'
[2014.10.16-23.11.11:271][816]LogContentBrowser:Verbose: The content browser source was changed by the sources view to '/Game/Props/aro'
[2014.10.16-23.11.11:271][816]LogContentBrowser:Verbose: The content browser source was changed by the sources view to '/Game/Props/aro'
[2014.10.16-23.11.11:271][816]LogContentBrowser:Verbose: The content browser source was changed by the sources view to '/Game/Props/aro'
[2014.10.16-23.11.11:272][816]LogContentBrowser:Verbose: The content browser source was changed by the sources view to '/Game/Props/aro'
[2014.10.16-23.11.11:272][816]LogContentBrowser:Verbose: The content browser source was changed by the sources view to '/Game/Props/aro'
[2014.10.16-23.11.11:272][816]LogContentBrowser:Verbose: The content browser source was changed by the sources view to '/Game/Props/aro'
[2014.10.16-23.11.11:273][816]LogContentBrowser:Verbose: The content browser source was changed by the sources view to '/Game/Props/aro'
[2014.10.16-23.11.11:273][816]LogContentBrowser:Verbose: The content browser source was changed by the sources view to '/Game/Props/aro'
[2014.10.16-23.11.11:274][816]LogContentBrowser:Verbose: The content browser source was changed by the sources view to '/Game/Props/aro'
[2014.10.16-23.11.11:274][816]LogContentBrowser:Verbose: The content browser source was changed by the sources view to '/Game/Props/aro'
[2014.10.16-23.11.11:274][816]LogContentBrowser:Verbose: The content browser source was changed by the sources view to '/Game/Props/aro'
[2014.10.16-23.11.18:318][122]LogActorFactory: Actor Factory created generic_item_mesh
[2014.10.16-23.11.19:540][133]LogActorFactory: Actor Factory created generic_item_mesh
[2014.10.16-23.12.00:068][801]Cmd: MAP LOAD FILE="../../../../../../Users/Brady Mathews/Documents/GitHub/treebeard/Unreal Project/DeathScene/Content/LOTR001_with_cameras003.umap" TEMPLATE=0 SHOWPROGRESS=1
[2014.10.16-23.12.00:092][801]Cmd: MAP CHECKDEP
[2014.10.16-23.12.00:092][801]MapCheck: New page: LOTR001_with_cameras003 - Oct 16, 2014, 11:12:00 AM
[2014.10.16-23.12.00:335][801]MapCheck: Info ========== Map Check: 0 Error(s), 0 Warning(s), [243.043ms] ==========
[2014.10.16-23.12.00:335][801]LogFileHelpers: Loading map 'LOTR001_with_cameras003' took 0.269
[2014.10.16-23.12.26:926][ 31]Cmd: MAP LOAD FILE="../../../../../../Users/Brady Mathews/Documents/GitHub/treebeard/Unreal Project/DeathScene/Content/LOTR001_with_cameras003.umap" TEMPLATE=0 SHOWPROGRESS=1
[2014.10.16-23.12.26:949][ 31]Cmd: MAP CHECKDEP
[2014.10.16-23.12.26:950][ 31]MapCheck: New page: LOTR001_with_cameras003 - Oct 16, 2014, 11:12:26 AM
[2014.10.16-23.12.27:186][ 31]MapCheck: Info ========== Map Check: 0 Error(s), 0 Warning(s), [236.506ms] ==========
[2014.10.16-23.12.27:186][ 31]LogFileHelpers: Loading map 'LOTR001_with_cameras003' took 0.263
[2014.10.16-23.12.41:273][710]Cmd: QUIT_EDITOR
[2014.10.16-23.12.41:527][710]LogWindowsTextInputMethodSystem:Error: Terminating failed while unadvising the language notification sink from the TSF source.
[2014.10.16-23.12.41:528][710]LogExit: Preparing to exit.
[2014.10.16-23.12.42:329][710]LogExit: Editor shut down
[2014.10.16-23.12.42:330][710]LogExit: Transaction tracking system shut down
[2014.10.16-23.12.42:334][710]LogParticles: Destroying 0 GPU particle simulations for FXSystem 0x00000062DC081E40
[2014.10.16-23.12.42:349][710]LogParticles: Destroying 0 GPU particle simulations for FXSystem 0x00000062E5EDEDE0
[2014.10.16-23.12.42:349][710]LogParticles: Destroying 0 GPU particle simulations for FXSystem 0x00000062E5EDEB60
[2014.10.16-23.12.42:350][710]LogParticles: Destroying 0 GPU particle simulations for FXSystem 0x00000062EFA77E20
[2014.10.16-23.12.42:416][710]LogExit: Object subsystem successfully closed.
[2014.10.16-23.12.42:471][710]LogModuleManager: Shutting down and abandoning module StatsViewer (161)
[2014.10.16-23.12.42:471][710]LogModuleManager: Shutting down and abandoning module AndroidDeviceDetection (160)
[2014.10.16-23.12.42:471][710]LogModuleManager: Shutting down and abandoning module HTTP (159)
[2014.10.16-23.12.42:471][710]LogModuleManager: Shutting down and abandoning module CrashTracker (158)
[2014.10.16-23.12.42:471][710]LogModuleManager: Shutting down and abandoning module SuperSearch (157)
[2014.10.16-23.12.42:471][710]LogModuleManager: Shutting down and abandoning module SceneOutliner (156)
[2014.10.16-23.12.42:471][710]LogModuleManager: Shutting down and abandoning module EditorWidgets (155)
[2014.10.16-23.12.42:471][710]LogModuleManager: Shutting down and abandoning module CollectionManager (154)
[2014.10.16-23.12.42:471][710]LogModuleManager: Shutting down and abandoning module FoliageEdit (153)
[2014.10.16-23.12.42:471][710]LogModuleManager: Shutting down and abandoning module LandscapeEditor (152)
[2014.10.16-23.12.42:471][710]LogModuleManager: Shutting down and abandoning module MeshPaint (151)
[2014.10.16-23.12.42:471][710]LogModuleManager: Shutting down and abandoning module ActorPickerMode (150)
[2014.10.16-23.12.42:471][710]LogModuleManager: Shutting down and abandoning module GeometryMode (149)
[2014.10.16-23.12.42:471][710]LogModuleManager: Shutting down and abandoning module TextureAlignMode (148)
[2014.10.16-23.12.42:471][710]LogModuleManager: Shutting down and abandoning module BspMode (147)
[2014.10.16-23.12.42:471][710]LogModuleManager: Shutting down and abandoning module PlacementMode (146)
[2014.10.16-23.12.42:471][710]LogModuleManager: Shutting down and abandoning module DesktopPlatform (145)
[2014.10.16-23.12.42:471][710]LogModuleManager: Shutting down and abandoning module AutomationWorker (144)
[2014.10.16-23.12.42:471][710]LogModuleManager: Shutting down and abandoning module EditorLiveStreaming (143)
[2014.10.16-23.12.42:471][710]LogModuleManager: Shutting down and abandoning module BehaviorTreeEditor (142)
[2014.10.16-23.12.42:471][710]LogModuleManager: Shutting down and abandoning module DeviceProfileEditor (141)
[2014.10.16-23.12.42:471][710]LogModuleManager: Shutting down and abandoning module UndoHistory (140)
[2014.10.16-23.12.42:471][710]LogModuleManager: Shutting down and abandoning module GameplayTagsEditor (139)
[2014.10.16-23.12.42:471][710]LogModuleManager: Shutting down and abandoning module UserFeedback (138)
[2014.10.16-23.12.42:471][710]LogModuleManager: Shutting down and abandoning module XmlParser (137)
[2014.10.16-23.12.42:471][710]LogModuleManager: Shutting down and abandoning module Blutility (136)
[2014.10.16-23.12.42:471][710]LogModuleManager: Shutting down and abandoning module IOSPlatformEditor (135)
[2014.10.16-23.12.42:471][710]LogModuleManager: Shutting down and abandoning module IOSRuntimeSettings (134)
[2014.10.16-23.12.42:471][710]LogModuleManager: Shutting down and abandoning module AndroidPlatformEditor (133)
[2014.10.16-23.12.42:471][710]LogModuleManager: Shutting down and abandoning module AndroidRuntimeSettings (132)
[2014.10.16-23.12.42:471][710]LogModuleManager: Shutting down and abandoning module ProjectTargetPlatformEditor (131)
[2014.10.16-23.12.42:472][710]LogModuleManager: Shutting down and abandoning module ProjectSettingsViewer (130)
[2014.10.16-23.12.42:472][710]LogModuleManager: Shutting down and abandoning module InputBindingEditor (129)
[2014.10.16-23.12.42:472][710]LogModuleManager: Shutting down and abandoning module EditorSettingsViewer (128)
[2014.10.16-23.12.42:472][710]LogModuleManager: Shutting down and abandoning module SettingsEditor (127)
[2014.10.16-23.12.42:472][710]LogModuleManager: Shutting down and abandoning module SessionLauncher (126)
[2014.10.16-23.12.42:472][710]LogModuleManager: Shutting down and abandoning module SessionFrontend (125)
[2014.10.16-23.12.42:472][710]LogModuleManager: Shutting down and abandoning module ProfilerClient (124)
[2014.10.16-23.12.42:472][710]LogModuleManager: Shutting down and abandoning module TargetDeviceServices (123)
[2014.10.16-23.12.42:472][710]LogModuleManager: Shutting down and abandoning module DeviceManager (122)
[2014.10.16-23.12.42:472][710]LogModuleManager: Shutting down and abandoning module AutomationController (121)
[2014.10.16-23.12.42:472][710]LogModuleManager: Shutting down and abandoning module AutomationWindow (120)
[2014.10.16-23.12.42:472][710]LogModuleManager: Shutting down and abandoning module Layers (119)
[2014.10.16-23.12.42:472][710]LogModuleManager: Shutting down and abandoning module ComponentVisualizers (118)
[2014.10.16-23.12.42:472][710]LogModuleManager: Shutting down and abandoning module DetailCustomizations (117)
[2014.10.16-23.12.42:472][710]LogModuleManager: Shutting down and abandoning module PackagesDialog (116)
[2014.10.16-23.12.42:472][710]LogModuleManager: Shutting down and abandoning module DirectoryWatcher (115)
[2014.10.16-23.12.42:473][710]LogModuleManager: Shutting down and abandoning module AssetRegistry (114)
[2014.10.16-23.12.42:560][710]LogModuleManager: Shutting down and abandoning module Persona (113)
[2014.10.16-23.12.42:560][710]LogModuleManager: Shutting down and abandoning module GraphEditor (112)
[2014.10.16-23.12.42:560][710]LogModuleManager: Shutting down and abandoning module ClassViewer (111)
[2014.10.16-23.12.42:560][710]LogModuleManager: Shutting down and abandoning module Toolbox (110)
[2014.10.16-23.12.42:560][710]LogModuleManager: Shutting down and abandoning module ModuleUI (109)
[2014.10.16-23.12.42:560][710]LogModuleManager: Shutting down and abandoning module Sequencer (108)
[2014.10.16-23.12.42:560][710]LogModuleManager: Shutting down and abandoning module MovieSceneTools (107)
[2014.10.16-23.12.42:560][710]LogModuleManager: Shutting down and abandoning module OutputLog (106)
[2014.10.16-23.12.42:560][710]LogModuleManager: Shutting down and abandoning module GammaUI (105)
[2014.10.16-23.12.42:560][710]LogModuleManager: Shutting down and abandoning module Documentation (104)
[2014.10.16-23.12.42:560][710]LogModuleManager: Shutting down and abandoning module GameLiveStreaming (103)
[2014.10.16-23.12.42:560][710]LogModuleManager: Shutting down and abandoning module StreamingPauseRendering (102)
[2014.10.16-23.12.42:560][710]LogModuleManager: Shutting down and abandoning module AnalyticsET (101)
[2014.10.16-23.12.42:560][710]LogModuleManager: Shutting down and abandoning module Analytics (100)
[2014.10.16-23.12.42:560][710]LogModuleManager: Shutting down and abandoning module GameplayDebugger (99)
[2014.10.16-23.12.42:560][710]LogModuleManager: Shutting down and abandoning module AIModule (98)
[2014.10.16-23.12.42:560][710]LogModuleManager: Shutting down and abandoning module ProfilerService (97)
[2014.10.16-23.12.42:660][710]LogModuleManager: Shutting down and abandoning module TaskGraph (96)
[2014.10.16-23.12.42:660][710]LogModuleManager: Shutting down and abandoning module SlateRemote (95)
[2014.10.16-23.12.42:660][710]LogModuleManager: Shutting down and abandoning module ScriptEditorPlugin (94)
[2014.10.16-23.12.42:660][710]LogModuleManager: Shutting down and abandoning module CustomMeshComponent (93)
[2014.10.16-23.12.42:660][710]LogModuleManager: Shutting down and abandoning module CableComponent (92)
[2014.10.16-23.12.42:660][710]LogModuleManager: Shutting down and abandoning module MessagingDebugger (91)
[2014.10.16-23.12.42:660][710]LogModuleManager: Shutting down and abandoning module ViewportSnapping (90)
[2014.10.16-23.12.42:660][710]LogModuleManager: Shutting down and abandoning module SmartSnapping (89)
[2014.10.16-23.12.42:660][710]LogModuleManager: Shutting down and abandoning module PaperTiledImporter (88)
[2014.10.16-23.12.42:660][710]LogModuleManager: Shutting down and abandoning module PaperJsonImporter (87)
[2014.10.16-23.12.42:660][710]LogModuleManager: Shutting down and abandoning module GameProjectGeneration (86)
[2014.10.16-23.12.42:660][710]LogModuleManager: Shutting down and abandoning module Matinee (85)
[2014.10.16-23.12.42:660][710]LogModuleManager: Shutting down and abandoning module Kismet (84)
[2014.10.16-23.12.42:660][710]LogModuleManager: Shutting down and abandoning module SlateReflector (83)
[2014.10.16-23.12.42:660][710]LogModuleManager: Shutting down and abandoning module LevelEditor (82)
[2014.10.16-23.12.42:661][710]LogModuleManager: Shutting down and abandoning module IntroTutorials (81)
[2014.10.16-23.12.42:661][710]LogModuleManager: Shutting down and abandoning module ContentBrowser (80)
[2014.10.16-23.12.42:661][710]LogModuleManager: Shutting down and abandoning module PropertyEditor (79)
[2014.10.16-23.12.42:661][710]LogModuleManager: Shutting down and abandoning module AssetTools (78)
[2014.10.16-23.12.42:661][710]LogModuleManager: Shutting down and abandoning module Paper2DEditor (77)
[2014.10.16-23.12.42:661][710]LogModuleManager: Shutting down and abandoning module SpeedTreeImporter (76)
[2014.10.16-23.12.42:661][710]LogModuleManager: Shutting down and abandoning module PluginsEditor (75)
[2014.10.16-23.12.42:661][710]LogModuleManager: Shutting down and abandoning module MainFrame (74)
[2014.10.16-23.12.42:661][710]LogModuleManager: Shutting down and abandoning module EpicSurvey (73)
[2014.10.16-23.12.42:661][710]LogModuleManager: Shutting down and abandoning module VisualStudioSourceCodeAccess (72)
[2014.10.16-23.12.42:661][710]LogModuleManager: Shutting down and abandoning module UObjectPlugin (71)
[2014.10.16-23.12.42:661][710]LogModuleManager: Shutting down and abandoning module SubversionSourceControl (70)
[2014.10.16-23.12.42:662][710]LogModuleManager: Shutting down and abandoning module SourceControl (69)
[2014.10.16-23.12.42:662][710]LogModuleManager: Shutting down and abandoning module PerforceSourceControl (68)
[2014.10.16-23.12.42:662][710]LogModuleManager: Shutting down and abandoning module BlankPlugin (67)
[2014.10.16-23.12.42:662][710]LogModuleManager: Shutting down and abandoning module ScriptPlugin (66)
[2014.10.16-23.12.42:662][710]LogModuleManager: Shutting down and abandoning module UdpMessaging (65)
[2014.10.16-23.12.42:763][710]LogModuleManager: Shutting down and abandoning module Paper2D (64)
[2014.10.16-23.12.42:763][710]LogModuleManager: Shutting down and abandoning module WindowsMoviePlayer (63)
[2014.10.16-23.12.42:769][710]LogModuleManager: Shutting down and abandoning module ImageWrapper (62)
[2014.10.16-23.12.42:769][710]LogModuleManager: Shutting down and abandoning module OnlineBlueprintSupport (61)
[2014.10.16-23.12.42:769][710]LogModuleManager: Shutting down and abandoning module FunctionalTesting (60)
[2014.10.16-23.12.42:769][710]LogModuleManager: Shutting down and abandoning module CollisionAnalyzer (59)
[2014.10.16-23.12.42:770][710]LogModuleManager: Shutting down and abandoning module WorkspaceMenuStructure (58)
[2014.10.16-23.12.42:770][710]LogModuleManager: Shutting down and abandoning module MessageLog (57)
[2014.10.16-23.12.42:770][710]LogModuleManager: Shutting down and abandoning module UMGEditor (56)
[2014.10.16-23.12.42:770][710]LogModuleManager: Shutting down and abandoning module UMG (55)
[2014.10.16-23.12.42:770][710]LogModuleManager: Shutting down and abandoning module Slate (54)
[2014.10.16-23.12.42:770][710]LogModuleManager: Shutting down and abandoning module EditorStyle (53)
[2014.10.16-23.12.42:771][710]LogModuleManager: Shutting down and abandoning module SessionServices (52)
[2014.10.16-23.12.42:771][710]LogModuleManager: Shutting down and abandoning module SourceCodeAccess (51)
[2014.10.16-23.12.42:771][710]LogModuleManager: Shutting down and abandoning module HeadMountedDisplay (50)
[2014.10.16-23.12.42:771][710]LogModuleManager: Shutting down and abandoning module XAudio2 (49)
[2014.10.16-23.12.42:771][710]LogModuleManager: Shutting down and abandoning module Networking (47)
[2014.10.16-23.12.42:771][710]LogModuleManager: Shutting down and abandoning module Core (46)
[2014.10.16-23.12.42:771][710]LogModuleManager: Shutting down and abandoning module KismetCompiler (45)
[2014.10.16-23.12.42:771][710]LogModuleManager: Shutting down and abandoning module PhysXFormats (44)
[2014.10.16-23.12.42:771][710]LogModuleManager: Shutting down and abandoning module MeshUtilities (43)
[2014.10.16-23.12.42:771][710]LogModuleManager: Shutting down and abandoning module DerivedDataCache (42)
[2014.10.16-23.12.42:784][710]LogDerivedDataCache: Shutdown
[2014.10.16-23.12.42:784][710]LogModuleManager: Shutting down and abandoning module ShaderFormatOpenGL (41)
[2014.10.16-23.12.42:784][710]LogModuleManager: Shutting down and abandoning module ShaderFormatD3D (40)
[2014.10.16-23.12.42:784][710]LogModuleManager: Shutting down and abandoning module MetalShaderFormat (39)
[2014.10.16-23.12.42:784][710]LogModuleManager: Shutting down and abandoning module TextureFormatUncompressed (38)
[2014.10.16-23.12.42:784][710]LogModuleManager: Shutting down and abandoning module TextureFormatPVR (37)
[2014.10.16-23.12.42:784][710]LogModuleManager: Shutting down and abandoning module TextureFormatDXT (36)
[2014.10.16-23.12.42:784][710]LogModuleManager: Shutting down and abandoning module TextureFormatAndroid (35)
[2014.10.16-23.12.42:784][710]LogModuleManager: Shutting down and abandoning module AudioFormatOpus (34)
[2014.10.16-23.12.42:784][710]LogModuleManager: Shutting down and abandoning module AudioFormatOgg (33)
[2014.10.16-23.12.42:784][710]LogModuleManager: Shutting down and abandoning module AudioFormatADPCM (32)
[2014.10.16-23.12.42:784][710]LogModuleManager: Shutting down and abandoning module Messaging (31)
[2014.10.16-23.12.42:784][710]LogModuleManager: Shutting down and abandoning module IOSTargetPlatform (30)
[2014.10.16-23.12.42:784][710]LogModuleManager: Shutting down and abandoning module Android_PVRTCTargetPlatform (29)
[2014.10.16-23.12.42:784][710]LogModuleManager: Shutting down and abandoning module Android_ETC2TargetPlatform (28)
[2014.10.16-23.12.42:784][710]LogModuleManager: Shutting down and abandoning module Android_ETC1TargetPlatform (27)
[2014.10.16-23.12.42:784][710]LogModuleManager: Shutting down and abandoning module Android_DXTTargetPlatform (26)
[2014.10.16-23.12.42:784][710]LogModuleManager: Shutting down and abandoning module Android_ATCTargetPlatform (25)
[2014.10.16-23.12.42:784][710]LogModuleManager: Shutting down and abandoning module AndroidTargetPlatform (24)
[2014.10.16-23.12.42:784][710]LogModuleManager: Shutting down and abandoning module WindowsTargetPlatform (23)
[2014.10.16-23.12.42:784][710]LogModuleManager: Shutting down and abandoning module WindowsServerTargetPlatform (22)
[2014.10.16-23.12.42:784][710]LogModuleManager: Shutting down and abandoning module WindowsNoEditorTargetPlatform (21)
[2014.10.16-23.12.42:784][710]LogModuleManager: Shutting down and abandoning module WindowsClientTargetPlatform (20)
[2014.10.16-23.12.42:784][710]LogModuleManager: Shutting down and abandoning module TargetPlatform (19)
[2014.10.16-23.12.42:784][710]LogModuleManager: Shutting down and abandoning module InputCore (18)
[2014.10.16-23.12.42:784][710]LogModuleManager: Shutting down and abandoning module Settings (17)
[2014.10.16-23.12.42:784][710]LogModuleManager: Shutting down and abandoning module ExampleDeviceProfileSelector (14)
[2014.10.16-23.12.42:784][710]LogModuleManager: Shutting down and abandoning module OculusRift (13)
[2014.10.16-23.12.42:784][710]LogModuleManager: Shutting down and abandoning module TextureCompressor (12)
[2014.10.16-23.12.42:784][710]LogModuleManager: Shutting down and abandoning module ShaderCore (11)
[2014.10.16-23.12.42:784][710]LogModuleManager: Shutting down and abandoning module OpenGLDrv (10)
[2014.10.16-23.12.42:784][710]LogModuleManager: Shutting down and abandoning module D3D11RHI (9)
[2014.10.16-23.12.42:784][710]LogModuleManager: Shutting down and abandoning module SlateRHIRenderer (8)
[2014.10.16-23.12.42:784][710]LogModuleManager: Shutting down and abandoning module Renderer (7)
[2014.10.16-23.12.42:784][710]LogModuleManager: Shutting down and abandoning module Engine (6)
[2014.10.16-23.12.42:784][710]LogModuleManager: Shutting down and abandoning module CoreUObject (5)
[2014.10.16-23.12.42:784][710]LogModuleManager: Shutting down and abandoning module NetworkFile (4)
[2014.10.16-23.12.42:784][710]LogModuleManager: Shutting down and abandoning module StreamingFile (3)
[2014.10.16-23.12.42:784][710]LogModuleManager: Shutting down and abandoning module SandboxFile (2)
[2014.10.16-23.12.42:784][710]LogModuleManager: Shutting down and abandoning module PakFile (1)
[2014.10.16-23.12.42:786][710]LogExit: Exiting.
[2014.10.16-23.12.42:797][710]Log file closed, 10/16/14 17:12:42
