Log file open, 09/30/14 15:49:32
LogInit:Display: Running engine for game: DeathScene
LogInit: Version: 4.4.1-2270799+++depot+UE4-Releases+4.4
LogInit: API Version: 2255576
LogInit: Compiled (64-bit): Aug 25 2014 14:19:12
LogInit: Build Configuration: Development
LogInit: Branch Name: ++depot+UE4-Releases+4.4
LogInit: Command line: 
LogInit: Base directory: C:/Program Files/Unreal Engine/4.4/Engine/Binaries/Win64/
LogInit: Rocket: 1
[2014.09.30-21.49.32:053][  0]LogTaskGraph: Started task graph with 3 named threads and 4 total threads.
[2014.09.30-21.49.32:079][  0]LogOnline:Warning: No default platform service specified for OnlineSubsystem
[2014.09.30-21.49.32:086][  0]LogInit: Presizing for 0 objects not considered by GC, pre-allocating 0 bytes.
[2014.09.30-21.49.32:094][  0]LogInit: Object subsystem initialized
[2014.09.30-21.49.32:096][  0]LogInit: Selected Device Profile: [Windows]
[2014.09.30-21.49.32:096][  0]LogInit: Applying CVar settings loaded from the selected device profile: [Windows]
[2014.09.30-21.49.32:099][  0]LogInit: Computer: TCPC-07
[2014.09.30-21.49.32:100][  0]LogInit: User: u0568887
[2014.09.30-21.49.32:100][  0]LogInit: CPU Page size=4096, Cores=4
[2014.09.30-21.49.32:100][  0]LogInit: High frequency timer resolution =3.906347 MHz
[2014.09.30-21.49.32:101][  0]LogMemory: Memory total: Physical=8.0GB (8GB approx) Virtual=8192.0GB
[2014.09.30-21.49.32:101][  0]LogMemory: Platform Memory Stats for Windows
[2014.09.30-21.49.32:101][  0]LogMemory: Process Physical Memory: 61.64 MB used, 61.64 MB peak
[2014.09.30-21.49.32:101][  0]LogMemory: Process Virtual Memory: 38.19 MB used, 38.19 MB peak
[2014.09.30-21.49.32:101][  0]LogMemory: Physical Memory: 3107.54 MB used, 8173.54 MB total
[2014.09.30-21.49.32:101][  0]LogMemory: Virtual Memory: 261.05 MB used, 8388608.00 MB total
[2014.09.30-21.49.32:128][  0]LogD3D11RHI: Found D3D11 adapter 0: NVIDIA GeForce GT 630 (Feature Level 11_0)
[2014.09.30-21.49.32:128][  0]LogD3D11RHI: Adapter has 978MB of dedicated video memory, 0MB of dedicated system memory, and 3071MB of shared system memory, 1 output[s]
[2014.09.30-21.49.32:128][  0]LogD3D11RHI: Chosen D3D11 Adapter Id = 0
[2014.09.30-21.49.32:133][  0]LogRHI: Texture pool is 684 MB (70% of 978 MB)
[2014.09.30-21.49.32:141][  0]LogD3D11RHI: Async texture creation enabled
[2014.09.30-21.49.32:264][  0]LogContentStreaming: Texture pool size is 0.000000MB
[2014.09.30-21.49.33:653][  0]LogTargetPlatformManager:Display: Building Assets For Windows
[2014.09.30-21.49.33:981][  0]LogTargetPlatformManager:Display: Building Assets For Windows
[2014.09.30-21.49.34:015][  0]LogDerivedDataCache:Display: Max Cache Size: 512 MB
[2014.09.30-21.49.34:076][  0]LogDerivedDataCache: Loaded boot cache 0.06s 39MB C:/Users/u0568887/AppData/Local/UnrealEngine/4.4/DerivedDataCache/Boot.ddc.
[2014.09.30-21.49.34:076][  0]LogDerivedDataCache:Display: Loaded Boot cache: C:/Users/u0568887/AppData/Local/UnrealEngine/4.4/DerivedDataCache/Boot.ddc
[2014.09.30-21.49.34:076][  0]LogDerivedDataCache: FDerivedDataBackendGraph:  Pak pak cache file ../../../../../../Users/u0568887/Documents/GitHub/treebeard/Unreal Project/DeathScene/DerivedDataCache/DDC.ddp not found, will not use a pak cache.
[2014.09.30-21.49.34:076][  0]LogDerivedDataCache: Unable to find inner node Pak for hierarchical cache Hierarchy.
[2014.09.30-21.49.34:092][  0]LogDerivedDataCache:Display: Pak cache opened for reading ../../../Engine/DerivedDataCache/DDC.ddp.
[2014.09.30-21.49.34:103][  0]LogDerivedDataCache: Using Local data cache path C:/Users/u0568887/AppData/Local/UnrealEngine/4.4/DerivedDataCache: Writable
[2014.09.30-21.49.34:258][  0]LogMeshUtilities: No automatic mesh reduction module available
[2014.09.30-21.49.34:258][  0]LogMeshUtilities: No automatic mesh merging module available
[2014.09.30-21.49.34:619][  0]LogInit: WinSock: version 1.1 (2.2), MaxSocks=32767, MaxUdp=65467
[2014.09.30-21.49.35:337][  0]LogStats:Warning: MetaData mismatch. Did you assign a stat to two groups? New //STATGROUP_Threads//FMonitoredProcess///Thread_efc_0///////STATCAT_Advanced//// old //STATGROUP_Threads//FMonitoredProcess///Thread_1298_0///////STATCAT_Advanced////
[2014.09.30-21.49.35:337][  0]UdpMessaging: Initializing bridge on interface 0.0.0.0:0 to multicast group 230.0.0.1:6666.
[2014.09.30-21.49.35:427][  0]SourceControl: Info Source control is disabled
[2014.09.30-21.49.35:427][  0]SourceControl: Info Source control is disabled
[2014.09.30-21.49.35:432][  0]SourceControl: Info Source control is disabled
[2014.09.30-21.49.35:570][  0]BlueprintLog: New page: Editor Load
[2014.09.30-21.49.35:643][  0]LogObj: 21438 objects as part of root set at end of initial load.
[2014.09.30-21.49.35:643][  0]LogUObjectAllocator: 4218648 out of 0 bytes used by permanent object pool.
[2014.09.30-21.49.35:805][  0]LogEngine: Initializing Engine...
[2014.09.30-21.49.35:903][  0]LogInit: XAudio2 using 'Digital Audio (S/PDIF) (4- High Definition Audio Device)' : 2 channels at 44.1 kHz using 16 bits per sample (channel mask 0x3)
[2014.09.30-21.49.35:933][  0]LogInit: FAudioDevice initialized.
[2014.09.30-21.49.35:946][  0]LogAIModule: Creating AISystem for world NewWorld
[2014.09.30-21.49.35:980][  0]LogDerivedDataCache: Saved boot cache 0.03s 39MB C:/Users/u0568887/AppData/Local/UnrealEngine/4.4/DerivedDataCache/Boot.ddc.
[2014.09.30-21.49.35:990][  0]LogInit: Texture streaming: Enabled
[2014.09.30-21.49.36:015][  0]LogInit: Transaction tracking system initialized
[2014.09.30-21.49.36:098][  0]LogAssetRegistry: FAssetRegistry took 0.0097 seconds to start up
[2014.09.30-21.49.36:515][  0]LogTargetPlatformManager:Display: Building Assets For Windows
[2014.09.30-21.49.36:790][  0]LogTargetPlatformManager:Display: Building Assets For Windows
[2014.09.30-21.49.36:888][  0]LogConsoleResponse:Display: 
[2014.09.30-21.49.37:022][  0]LogStats:Warning: MetaData mismatch. Did you assign a stat to two groups? New //STATGROUP_Threads//FMonitoredProcess///Thread_da8_0///////STATCAT_Advanced//// old //STATGROUP_Threads//FMonitoredProcess///Thread_1298_0///////STATCAT_Advanced////
[2014.09.30-21.49.37:022][  0]LogStats:Warning: MetaData mismatch. Did you assign a stat to two groups? New //STATGROUP_Threads//FMonitoredProcess///Thread_dfc_0///////STATCAT_Advanced//// old //STATGROUP_Threads//FMonitoredProcess///Thread_1298_0///////STATCAT_Advanced////
[2014.09.30-21.49.37:022][  0]SourceControl: Info Source control is disabled
[2014.09.30-21.49.37:022][  0]Cmd: MAP LOAD FILE="../../../../../../Users/u0568887/Documents/GitHub/treebeard/Unreal Project/DeathScene/Content/Maps/Minimal_Default.umap" TEMPLATE=0 SHOWPROGRESS=1
[2014.09.30-21.49.37:022][  0]LightingResults: New page: Lighting Build
[2014.09.30-21.49.37:028][  0]MapCheck: New page: Map Check
[2014.09.30-21.49.37:028][  0]LightingResults: New page: Lighting Build
[2014.09.30-21.49.37:041][  0]LogParticles: Destroying 0 GPU particle simulations for FXSystem 0x0000000012EF2DE0
[2014.09.30-21.49.37:313][  0]LogEditorServer: Finished looking for orphan Actors (0.000 secs)
[2014.09.30-21.49.37:313][  0]LogAIModule: Creating AISystem for world Minimal_Default
[2014.09.30-21.49.37:313][  0]Cmd: MAP CHECKDEP
[2014.09.30-21.49.37:313][  0]MapCheck: New page: Minimal_Default - Sep 30, 2014, 9:49:37 AM
[2014.09.30-21.49.37:368][  0]MapCheck: Info ========== Map Check: 0 Error(s), 0 Warning(s), [54.701ms] ==========
[2014.09.30-21.49.37:368][  0]LogFileHelpers: Loading map 'Minimal_Default' took 0.346
[2014.09.30-21.49.37:448][  0]LogCollectionManager: Loaded 0 collections in 0.000846 seconds
[2014.09.30-21.49.37:510][  0]LogCrashTracker: Crashtracker disabled due to settings.
[2014.09.30-21.49.37:553][  0]LogLoad: Full Startup: 7.12 seconds (BP compile: 0.06 seconds)
[2014.09.30-21.49.37:744][  0]LogRenderer:Warning: Reallocating scene render targets to support 1136x896.
[2014.09.30-21.49.38:201][  1]LogAssetRegistry: Asset discovery search completed in 2.1129 seconds
[2014.09.30-21.49.41:720][ 51]LogEditorViewport: Clicking on Actor (LMB): StaticMeshActor (Floor)
[2014.09.30-21.49.44:843][147]Cmd: MAP LOAD FILE="../../../Engine/Content/Maps/Templates/Template_Default.umap" TEMPLATE=1 SHOWPROGRESS=1
[2014.09.30-21.49.44:844][147]LightingResults: New page: Lighting Build
[2014.09.30-21.49.44:856][147]LoadErrors: New page: Loading map: Template_Default.umap
[2014.09.30-21.49.44:857][147]MapCheck: New page: Map Check
[2014.09.30-21.49.44:857][147]LightingResults: New page: Lighting Build
[2014.09.30-21.49.44:875][147]LogParticles: Destroying 0 GPU particle simulations for FXSystem 0x000000000CD0FEC0
[2014.09.30-21.49.44:899][147]LogEditorServer: Finished looking for orphan Actors (0.000 secs)
[2014.09.30-21.49.44:899][147]LogAIModule: Creating AISystem for world Template_Default
[2014.09.30-21.49.44:900][147]Cmd: MAP CHECKDEP
[2014.09.30-21.49.44:900][147]MapCheck: New page: Untitled_1 - Sep 30, 2014, 9:49:44 AM
[2014.09.30-21.49.44:955][147]MapCheck: Info ========== Map Check: 0 Error(s), 0 Warning(s), [55.239ms] ==========
[2014.09.30-21.49.44:955][147]LogFileHelpers: Loading map 'Template_Default' took 0.112
[2014.09.30-21.49.46:139][165]LogEditorViewport: Clicking on Actor (LMB): StaticMeshActor (SM_Template_Map_Floor)
[2014.09.30-21.49.46:930][178]Cmd: DELETE
[2014.09.30-21.49.46:930][178]Cmd: ACTOR DELETE
[2014.09.30-21.49.46:930][178]LogEditorActor: Deleted Actor: StaticMeshActor
[2014.09.30-21.49.46:995][178]LogEditorActor: Deleted 1 Actors (0.065 secs)
[2014.09.30-21.49.50:947][247]LogContentBrowser:Verbose: The content browser source was changed by the sources view to '/Game/Materials'
[2014.09.30-21.50.04:447][108]LogContentBrowser:Verbose: The content browser source was changed by the sources view to '/Game/Materials'
[2014.09.30-21.50.14:460][276]LogMaterial: Missing cached shader map for material PreviewMaterial_0, compiling.
[2014.09.30-21.50.14:488][276]LogActorComponent: UnregisterComponent: (/Engine/Transient.SkeletalMeshComponent_0) Not registered. Aborting.
[2014.09.30-21.50.14:537][276]LogActorComponent: UnregisterComponent: (/Engine/Transient.SkeletalMeshComponent_0) Not registered. Aborting.
[2014.09.30-21.50.14:537][276]LogActorComponent: RegisterComponentWithWorld: (/Engine/Transient.MaterialEditorMeshComponent_0) Already registered. Aborting.
[2014.09.30-21.50.14:540][276]LogMaterial: Missing cached shader map for material PreviewMaterial_0, compiling.
[2014.09.30-21.50.16:058][293]MaterialEditorStats: Info Base pass shader with only dynamic lighting: 64 instructions
[2014.09.30-21.50.16:058][293]MaterialEditorStats: Info Vertex shader: 31 instructions
[2014.09.30-21.50.16:058][293]MaterialEditorStats: Info Texture samplers: 3/16
[2014.09.30-21.50.34:261][ 58]LogMaterial: Missing cached shader map for material PreviewMaterial_0, compiling.
[2014.09.30-21.50.34:926][ 72]MaterialEditorStats: Info Base pass shader with only dynamic lighting: 64 instructions
[2014.09.30-21.50.34:926][ 72]MaterialEditorStats: Info Vertex shader: 31 instructions
[2014.09.30-21.50.34:926][ 72]MaterialEditorStats: Info Texture samplers: 3/16
[2014.09.30-21.50.39:623][307]LogMaterial: Missing cached shader map for material PreviewMaterial_0, compiling.
[2014.09.30-21.50.39:626][307]LogMaterial: Missing cached shader map for material FMatExpressionPreview MaterialExpressionLandscapeLayerCoords_0, compiling.
[2014.09.30-21.50.40:341][333]MaterialEditorStats: Info Base pass shader with only dynamic lighting: 64 instructions
[2014.09.30-21.50.40:341][333]MaterialEditorStats: Info Vertex shader: 31 instructions
[2014.09.30-21.50.40:341][333]MaterialEditorStats: Info Texture samplers: 3/16
[2014.09.30-21.50.50:829][537]LogContentBrowser:Verbose: The content browser source was changed by the sources view to '/Game/Particles/Materials'
[2014.09.30-21.50.54:160][583]LogContentBrowser:Verbose: The content browser source was changed by the sources view to 'None'
[2014.09.30-21.50.55:201][596]LogContentBrowser:Verbose: The content browser source was changed by the sources view to '/Game/Textures'
[2014.09.30-21.51.13:528][885]LogMaterial: Missing cached shader map for material PreviewMaterial_0, compiling.
[2014.09.30-21.51.13:531][885]LogMaterial: Missing cached shader map for material FMatExpressionPreview MaterialExpressionTextureSample_0, compiling.
[2014.09.30-21.51.13:555][885]LogMaterial: Missing cached shader map for material FMatExpressionPreview MaterialExpressionLandscapeLayerCoords_0, compiling.
[2014.09.30-21.51.13:557][885]LogMaterial: Missing cached shader map for material FMatExpressionPreview MaterialExpressionTextureSample_0, compiling.
[2014.09.30-21.51.14:705][911]MaterialEditorStats: Info Base pass shader with only dynamic lighting: 64 instructions
[2014.09.30-21.51.14:705][911]MaterialEditorStats: Info Vertex shader: 31 instructions
[2014.09.30-21.51.14:705][911]MaterialEditorStats: Info Texture samplers: 3/16
[2014.09.30-21.51.15:052][920]LogMaterial: Missing cached shader map for material PreviewMaterial_0, compiling.
[2014.09.30-21.51.15:055][920]LogMaterial: Missing cached shader map for material FMatExpressionPreview MaterialExpressionTextureSample_1, compiling.
[2014.09.30-21.51.15:090][920]LogMaterial: Missing cached shader map for material FMatExpressionPreview MaterialExpressionLandscapeLayerCoords_0, compiling.
[2014.09.30-21.51.15:092][920]LogMaterial: Missing cached shader map for material FMatExpressionPreview MaterialExpressionTextureSample_0, compiling.
[2014.09.30-21.51.15:094][920]LogMaterial: Missing cached shader map for material FMatExpressionPreview MaterialExpressionTextureSample_1, compiling.
[2014.09.30-21.51.15:724][930]MaterialEditorStats: Info Base pass shader with only dynamic lighting: 64 instructions
[2014.09.30-21.51.15:724][930]MaterialEditorStats: Info Vertex shader: 31 instructions
[2014.09.30-21.51.15:724][930]MaterialEditorStats: Info Texture samplers: 3/16
[2014.09.30-21.51.19:059][  9]LogMaterial: Missing cached shader map for material PreviewMaterial_0, compiling.
[2014.09.30-21.51.19:062][  9]LogMaterial: Missing cached shader map for material FMatExpressionPreview MaterialExpressionTextureSample_2, compiling.
[2014.09.30-21.51.19:087][  9]LogMaterial: Missing cached shader map for material FMatExpressionPreview MaterialExpressionLandscapeLayerCoords_0, compiling.
[2014.09.30-21.51.19:089][  9]LogMaterial: Missing cached shader map for material FMatExpressionPreview MaterialExpressionTextureSample_0, compiling.
[2014.09.30-21.51.19:090][  9]LogMaterial: Missing cached shader map for material FMatExpressionPreview MaterialExpressionTextureSample_1, compiling.
[2014.09.30-21.51.19:091][  9]LogMaterial: Missing cached shader map for material FMatExpressionPreview MaterialExpressionTextureSample_2, compiling.
[2014.09.30-21.51.19:728][ 19]MaterialEditorStats: Info Base pass shader with only dynamic lighting: 64 instructions
[2014.09.30-21.51.19:728][ 19]MaterialEditorStats: Info Vertex shader: 31 instructions
[2014.09.30-21.51.19:728][ 19]MaterialEditorStats: Info Texture samplers: 3/16
[2014.09.30-21.51.22:566][125]LogMaterial: Missing cached shader map for material PreviewMaterial_0, compiling.
[2014.09.30-21.51.22:569][125]LogMaterial: Missing cached shader map for material FMatExpressionPreview MaterialExpressionTextureSample_3, compiling.
[2014.09.30-21.51.22:605][125]LogMaterial: Missing cached shader map for material FMatExpressionPreview MaterialExpressionLandscapeLayerCoords_0, compiling.
[2014.09.30-21.51.22:607][125]LogMaterial: Missing cached shader map for material FMatExpressionPreview MaterialExpressionTextureSample_0, compiling.
[2014.09.30-21.51.22:617][125]LogMaterial: Missing cached shader map for material FMatExpressionPreview MaterialExpressionTextureSample_1, compiling.
[2014.09.30-21.51.22:619][125]LogMaterial: Missing cached shader map for material FMatExpressionPreview MaterialExpressionTextureSample_2, compiling.
[2014.09.30-21.51.22:621][125]LogMaterial: Missing cached shader map for material FMatExpressionPreview MaterialExpressionTextureSample_3, compiling.
[2014.09.30-21.51.23:284][135]MaterialEditorStats: Info Base pass shader with only dynamic lighting: 64 instructions
[2014.09.30-21.51.23:284][135]MaterialEditorStats: Info Vertex shader: 31 instructions
[2014.09.30-21.51.23:284][135]MaterialEditorStats: Info Texture samplers: 3/16
[2014.09.30-21.51.38:355][428]LogMaterial: Missing cached shader map for material PreviewMaterial_0, compiling.
[2014.09.30-21.51.39:022][437]MaterialEditorStats: Info Base pass shader with only dynamic lighting: 64 instructions
[2014.09.30-21.51.39:022][437]MaterialEditorStats: Info Vertex shader: 31 instructions
[2014.09.30-21.51.39:022][437]MaterialEditorStats: Info Texture samplers: 3/16
[2014.09.30-21.51.39:557][443]LogMaterial: Missing cached shader map for material PreviewMaterial_0, compiling.
[2014.09.30-21.51.40:306][454]MaterialEditorStats: Info Base pass shader with only dynamic lighting: 64 instructions
[2014.09.30-21.51.40:306][454]MaterialEditorStats: Info Vertex shader: 31 instructions
[2014.09.30-21.51.40:306][454]MaterialEditorStats: Info Texture samplers: 3/16
[2014.09.30-21.51.45:973][524]LogMaterial: Missing cached shader map for material PreviewMaterial_0, compiling.
[2014.09.30-21.51.46:610][533]MaterialEditorStats: Info Base pass shader with only dynamic lighting: 64 instructions
[2014.09.30-21.51.46:610][533]MaterialEditorStats: Info Vertex shader: 31 instructions
[2014.09.30-21.51.46:610][533]MaterialEditorStats: Info Texture samplers: 3/16
[2014.09.30-21.51.53:273][616]LogMaterial: Missing cached shader map for material PreviewMaterial_0, compiling.
[2014.09.30-21.51.53:900][636]MaterialEditorStats: Info Base pass shader with only dynamic lighting: 64 instructions
[2014.09.30-21.51.53:900][636]MaterialEditorStats: Info Vertex shader: 31 instructions
[2014.09.30-21.51.53:900][636]MaterialEditorStats: Info Texture samplers: 3/16
[2014.09.30-21.51.54:556][659]LogMaterial: Missing cached shader map for material PreviewMaterial_0, compiling.
[2014.09.30-21.51.55:256][669]MaterialEditorStats: Info Base pass shader with only dynamic lighting: 64 instructions
[2014.09.30-21.51.55:256][669]MaterialEditorStats: Info Vertex shader: 31 instructions
[2014.09.30-21.51.55:257][669]MaterialEditorStats: Info Texture samplers: 3/16
[2014.09.30-21.51.57:589][723]LogMaterial: Missing cached shader map for material PreviewMaterial_0, compiling.
[2014.09.30-21.51.58:237][732]MaterialEditorStats: Info Base pass shader with only dynamic lighting: 64 instructions
[2014.09.30-21.51.58:237][732]MaterialEditorStats: Info Vertex shader: 31 instructions
[2014.09.30-21.51.58:237][732]MaterialEditorStats: Info Texture samplers: 3/16
[2014.09.30-21.52.00:264][756]LogMaterial: Missing cached shader map for material PreviewMaterial_0, compiling.
[2014.09.30-21.52.01:063][767]MaterialEditorStats: Info Base pass shader with only dynamic lighting: 64 instructions
[2014.09.30-21.52.01:063][767]MaterialEditorStats: Info Vertex shader: 31 instructions
[2014.09.30-21.52.01:063][767]MaterialEditorStats: Info Texture samplers: 3/16
[2014.09.30-21.52.03:480][796]LogMaterial: Missing cached shader map for material PreviewMaterial_0, compiling.
[2014.09.30-21.52.04:109][817]MaterialEditorStats: Info Base pass shader with only dynamic lighting: 64 instructions
[2014.09.30-21.52.04:109][817]MaterialEditorStats: Info Vertex shader: 31 instructions
[2014.09.30-21.52.04:109][817]MaterialEditorStats: Info Texture samplers: 3/16
[2014.09.30-21.52.04:843][844]LogMaterial: Missing cached shader map for material PreviewMaterial_0, compiling.
[2014.09.30-21.52.04:872][844]LogMaterial: Missing cached shader map for material FMatExpressionPreview MaterialExpressionTextureSample_0, compiling.
[2014.09.30-21.52.05:664][855]MaterialEditorStats: Info Base pass shader with only dynamic lighting: 64 instructions
[2014.09.30-21.52.05:664][855]MaterialEditorStats: Info Vertex shader: 31 instructions
[2014.09.30-21.52.05:664][855]MaterialEditorStats: Info Texture samplers: 3/16
[2014.09.30-21.52.07:399][901]LogMaterial: Missing cached shader map for material PreviewMaterial_0, compiling.
[2014.09.30-21.52.07:507][901]LogMaterial: Missing cached shader map for material FMatExpressionPreview MaterialExpressionTextureSample_0, compiling.
[2014.09.30-21.52.08:207][910]MaterialEditorStats: Info Base pass shader with only dynamic lighting: 64 instructions
[2014.09.30-21.52.08:207][910]MaterialEditorStats: Info Vertex shader: 31 instructions
[2014.09.30-21.52.08:207][910]MaterialEditorStats: Info Texture samplers: 3/16
[2014.09.30-21.52.09:064][938]LogMaterial: Missing cached shader map for material PreviewMaterial_0, compiling.
[2014.09.30-21.52.09:095][938]LogMaterial: Missing cached shader map for material FMatExpressionPreview MaterialExpressionTextureSample_2, compiling.
[2014.09.30-21.52.09:786][948]MaterialEditorStats: Info Base pass shader with only dynamic lighting: 64 instructions
[2014.09.30-21.52.09:786][948]MaterialEditorStats: Info Vertex shader: 31 instructions
[2014.09.30-21.52.09:786][948]MaterialEditorStats: Info Texture samplers: 3/16
[2014.09.30-21.52.10:909][983]LogMaterial: Missing cached shader map for material PreviewMaterial_0, compiling.
[2014.09.30-21.52.10:938][983]LogMaterial: Missing cached shader map for material FMatExpressionPreview MaterialExpressionTextureSample_2, compiling.
[2014.09.30-21.52.11:621][992]MaterialEditorStats: Info Base pass shader with only dynamic lighting: 64 instructions
[2014.09.30-21.52.11:621][992]MaterialEditorStats: Info Vertex shader: 31 instructions
[2014.09.30-21.52.11:621][992]MaterialEditorStats: Info Texture samplers: 3/16
[2014.09.30-21.52.13:125][ 35]LogMaterial: Missing cached shader map for material PreviewMaterial_0, compiling.
[2014.09.30-21.52.13:251][ 35]LogMaterial: Missing cached shader map for material FMatExpressionPreview MaterialExpressionLandscapeLayerCoords_0, compiling.
[2014.09.30-21.52.13:253][ 35]LogMaterial: Missing cached shader map for material FMatExpressionPreview MaterialExpressionTextureSample_0, compiling.
[2014.09.30-21.52.13:863][ 44]MaterialEditorStats: Info Base pass shader with only dynamic lighting: 64 instructions
[2014.09.30-21.52.13:863][ 44]MaterialEditorStats: Info Vertex shader: 31 instructions
[2014.09.30-21.52.13:863][ 44]MaterialEditorStats: Info Texture samplers: 3/16
[2014.09.30-21.52.14:838][ 71]LogMaterial: Missing cached shader map for material PreviewMaterial_0, compiling.
[2014.09.30-21.52.14:990][ 71]LogMaterial: Missing cached shader map for material FMatExpressionPreview MaterialExpressionLandscapeLayerCoords_0, compiling.
[2014.09.30-21.52.14:992][ 71]LogMaterial: Missing cached shader map for material FMatExpressionPreview MaterialExpressionTextureSample_2, compiling.
[2014.09.30-21.52.15:613][ 80]MaterialEditorStats: Info Base pass shader with only dynamic lighting: 64 instructions
[2014.09.30-21.52.15:613][ 80]MaterialEditorStats: Info Vertex shader: 31 instructions
[2014.09.30-21.52.15:613][ 80]MaterialEditorStats: Info Texture samplers: 3/16
[2014.09.30-21.52.23:647][224]LogMaterial: Missing cached shader map for material PreviewMaterial_0, compiling.
[2014.09.30-21.52.23:676][224]LogMaterial: Missing cached shader map for material FMatExpressionPreview MaterialExpressionLandscapeLayerCoords_0, compiling.
[2014.09.30-21.52.24:368][234]MaterialEditorStats: Info Base pass shader with only dynamic lighting: 64 instructions
[2014.09.30-21.52.24:368][234]MaterialEditorStats: Info Vertex shader: 31 instructions
[2014.09.30-21.52.24:368][234]MaterialEditorStats: Info Texture samplers: 3/16
[2014.09.30-21.52.27:853][276]LogMaterial: Missing cached shader map for material PreviewMaterial_0, compiling.
[2014.09.30-21.52.27:876][276]LogMaterial: Missing cached shader map for material FMatExpressionPreview MaterialExpressionLandscapeLayerCoords_0, compiling.
[2014.09.30-21.52.28:505][285]MaterialEditorStats: Info Base pass shader with only dynamic lighting: 64 instructions
[2014.09.30-21.52.28:505][285]MaterialEditorStats: Info Vertex shader: 31 instructions
[2014.09.30-21.52.28:505][285]MaterialEditorStats: Info Texture samplers: 3/16
[2014.09.30-21.52.30:141][304]LogMaterial: Missing cached shader map for material PreviewMaterial_0, compiling.
[2014.09.30-21.52.30:166][304]LogMaterial: Missing cached shader map for material FMatExpressionPreview MaterialExpressionLandscapeLayerCoords_0, compiling.
[2014.09.30-21.52.30:864][314]MaterialEditorStats: Info Base pass shader with only dynamic lighting: 64 instructions
[2014.09.30-21.52.30:864][314]MaterialEditorStats: Info Vertex shader: 31 instructions
[2014.09.30-21.52.30:864][314]MaterialEditorStats: Info Texture samplers: 3/16
[2014.09.30-21.52.31:825][325]LogMaterial: Missing cached shader map for material PreviewMaterial_0, compiling.
[2014.09.30-21.52.31:861][325]LogMaterial: Missing cached shader map for material FMatExpressionPreview MaterialExpressionLandscapeLayerCoords_0, compiling.
[2014.09.30-21.52.32:565][335]MaterialEditorStats: Info Base pass shader with only dynamic lighting: 64 instructions
[2014.09.30-21.52.32:565][335]MaterialEditorStats: Info Vertex shader: 31 instructions
[2014.09.30-21.52.32:565][335]MaterialEditorStats: Info Texture samplers: 3/16
[2014.09.30-21.52.34:797][384]LogMaterial: Missing cached shader map for material PreviewMaterial_0, compiling.
[2014.09.30-21.52.34:869][384]LogMaterial: Missing cached shader map for material FMatExpressionPreview MaterialExpressionLandscapeLayerCoords_0, compiling.
[2014.09.30-21.52.34:871][384]LogMaterial: Missing cached shader map for material FMatExpressionPreview MaterialExpressionTextureSample_3, compiling.
[2014.09.30-21.52.35:499][393]MaterialEditorStats: Info Base pass shader with only dynamic lighting: 64 instructions
[2014.09.30-21.52.35:499][393]MaterialEditorStats: Info Vertex shader: 31 instructions
[2014.09.30-21.52.35:499][393]MaterialEditorStats: Info Texture samplers: 3/16
[2014.09.30-21.52.37:006][438]LogMaterial: Missing cached shader map for material PreviewMaterial_0, compiling.
[2014.09.30-21.52.37:141][438]LogMaterial: Missing cached shader map for material FMatExpressionPreview MaterialExpressionLandscapeLayerCoords_0, compiling.
[2014.09.30-21.52.37:143][438]LogMaterial: Missing cached shader map for material FMatExpressionPreview MaterialExpressionTextureSample_1, compiling.
[2014.09.30-21.52.37:685][446]MaterialEditorStats: Info Base pass shader with only dynamic lighting: 64 instructions
[2014.09.30-21.52.37:685][446]MaterialEditorStats: Info Vertex shader: 31 instructions
[2014.09.30-21.52.37:686][446]MaterialEditorStats: Info Texture samplers: 3/16
[2014.09.30-21.52.51:629][659]LogUObjectGlobals:Warning: Failed to find object 'Object None.'
[2014.09.30-21.52.51:635][659]LogMaterial: Missing cached shader map for material PreviewMaterial_0, compiling.
[2014.09.30-21.52.51:666][660]LogWindows:Error: appError called: TBasePassVSFNoLightMapPolicy shader uniform expression set mismatch for material PreviewMaterial_0/WorldGridMaterial.
Shader compilation info:                WorldGridMaterial
Material render proxy compilation info: Compiling WorldGridMaterial: Platform=PCD3D_SM5, Usage=MSM_DefaultLit, BLEND_Opaque, SpecialEngine, TSNormal
Shader uniform expression set:   1 vectors, 1 scalars, 2 2D textures, 0 cube textures, shader map 000000002131BB00
Material uniform expression set: 1 vectors, 1 scalars, 2 2D textures, 0 cube textures, shader map 000000000F1F0E00

[2014.09.30-21.52.51:666][660]LogWindows:Error: Windows GetLastError: The operation completed successfully. (0)
[2014.09.30-21.52.51:666][660]LogCrashTracker: 


[2014.09.30-21.52.52:277][660]LogWindows:Error: appError called: Rendering thread exception:
TBasePassVSFNoLightMapPolicy shader uniform expression set mismatch for material PreviewMaterial_0/WorldGridMaterial.
Shader compilation info:                WorldGridMaterial
Material render proxy compilation info: Compiling WorldGridMaterial: Platform=PCD3D_SM5, Usage=MSM_DefaultLit, BLEND_Opaque, SpecialEngine, TSNormal
Shader uniform expression set:   1 vectors, 1 scalars, 2 2D textures, 0 cube textures, shader map 000000002131BB00
Material uniform expression set: 1 vectors, 1 scalars, 2 2D textures, 0 cube textures, shader map 000000000F1F0E00


Address = 0xfd74940d (filename not found) [in C:\Windows\system32\KERNELBASE.dll]
Address = 0xee123afc (filename not found) [in C:\Program Files\Unreal Engine\4.4\Engine\Binaries\Win64\UE4Editor-Core.dll]
Address = 0xedfc5b2a (filename not found) [in C:\Program Files\Unreal Engine\4.4\Engine\Binaries\Win64\UE4Editor-Core.dll]
Address = 0xe7041fdc (filename not found) [in C:\Program Files\Unreal Engine\4.4\Engine\Binaries\Win64\UE4Editor-Renderer.dll]
Address = 0xe6f400ca (filename not found) [in C:\Program Files\Unreal Engine\4.4\Engine\Binaries\Win64\UE4Editor-Renderer.dll]
Address = 0xe6f4790c (filename not found) [in C:\Program Files\Unreal Engine\4.4\Engine\Binaries\Win64\UE4Editor-Renderer.dll]
Address = 0xe6e9ea4f (filename not found) [in C:\Program Files\Unreal Engine\4.4\Engine\Binaries\Win64\UE4Editor-Renderer.dll]
Address = 0xe6ea0e99 (filename not found) [in C:\Program Files\Unreal Engine\4.4\Engine\Binaries\Win64\UE4Editor-Renderer.dll]
Address = 0xe6ef0691 (filename not found) [in C:\Program Files\Unreal Engine\4.4\Engine\Binaries\Win64\UE4Editor-Renderer.dll]
Address = 0xe6ef572a (filename not found) [in C:\Program Files\Unreal Engine\4.4\Engine\Binaries\Win64\UE4Editor-Renderer.dll]
Address = 0xebe27920 (filename not found) [in C:\Program Files\Unreal Engine\4.4\Engine\Binaries\Win64\UE4Editor-Engine.dll]
Address = 0xec0216d9 (filename not found) [in C:\Program Files\Unreal Engine\4.4\Engine\Binaries\Win64\UE4Editor-Engine.dll]
Address = 0xe6f29b17 (filename not found) [in C:\Program Files\Unreal Engine\4.4\Engine\Binaries\Win64\UE4Editor-Renderer.dll]
Address = 0xe6f295f6 (filename not found) [in C:\Program Files\Unreal Engine\4.4\Engine\Binaries\Win64\UE4Editor-Renderer.dll]
Address = 0xe6f2596a (filename not found) [in C:\Program Files\Unreal Engine\4.4\Engine\Binaries\Win64\UE4Editor-Renderer.dll]
Address = 0xe70a0834 (filename not found) [in C:\Program Files\Unreal Engine\4.4\Engine\Binaries\Win64\UE4Editor-Renderer.dll]
Address = 0xe7076972 (filename not found) [in C:\Program Files\Unreal Engine\4.4\Engine\Binaries\Win64\UE4Editor-Renderer.dll]
Address = 0xedee7002 (filename not found) [in C:\Program Files\Unreal Engine\4.4\Engine\Binaries\Win64\UE4Editor-Core.dll]
Address = 0xedee718d (filename not found) [in C:\Program Files\Unreal Engine\4.4\Engine\Binaries\Win64\UE4Editor-Core.dll]
Address = 0xee42c353 (filename not found) [in C:\Program Files\Unreal Engine\4.4\Engine\Binaries\Win64\UE4Editor-RenderCore.dll]
Address = 0xee42c7e9 (filename not found) [in C:\Program Files\Unreal Engine\4.4\Engine\Binaries\Win64\UE4Editor-RenderCore.dll]
Address = 0xee122ca6 (filename not found) [in C:\Program Files\Unreal Engine\4.4\Engine\Binaries\Win64\UE4Editor-Core.dll]
Address = 0xee11c26d (filename not found) [in C:\Program Files\Unreal Engine\4.4\Engine\Binaries\Win64\UE4Editor-Core.dll]
Address = 0x76da59ed (filename not found) [in C:\Windows\system32\kernel32.dll]
Address = 0x7725c541 (filename not found) [in C:\Windows\SYSTEM32\ntdll.dll]
Address = 0x7725c541 (filename not found) [in C:\Windows\SYSTEM32\ntdll.dll]

[2014.09.30-21.52.52:277][660]LogWindows:Error: Windows GetLastError: The operation completed successfully. (0)
[2014.09.30-21.52.52:277][660]LogCrashTracker: 


[2014.09.30-21.52.52:277][660]LogWindows: === Critical error: ===
Unhandled Exception: 0x00000001

[2014.09.30-21.52.52:277][660]LogWindows: Rendering thread exception:
TBasePassVSFNoLightMapPolicy shader uniform expression set mismatch for material PreviewMaterial_0/WorldGridMaterial.
Shader compilation info:                WorldGridMaterial
Material render proxy compilation info: Compiling WorldGridMaterial: Platform=PCD3D_SM5, Usage=MSM_DefaultLit, BLEND_Opaque, SpecialEngine, TSNormal
Shader uniform expression set:   1 vectors, 1 scalars, 2 2D textures, 0 cube textures, shader map 000000002131BB00
Material uniform expression set: 1 vectors, 1 scalars, 2 2D textures, 0 cube textures, shader map 000000000F1F0E00


Address = 0xfd74940d (filename not found) [in C:\Windows\system32\KERNELBASE.dll]
Address = 0xee123afc (filename not found) [in C:\Program Files\Unreal Engine\4.4\Engine\Binaries\Win64\UE4Editor-Core.dll]
Address = 0xedfc5b2a (filename not found) [in C:\Program Files\Unreal Engine\4.4\Engine\Binaries\Win64\UE4Editor-Core.dll]
Address = 0xe7041fdc (filename not found) [in C:\Program Files\Unreal Engine\4.4\Engine\Binaries\Win64\UE4Editor-Renderer.dll]
Address = 0xe6f400ca (filename not found) [in C:\Program Files\Unreal Engine\4.4\Engine\Binaries\Win64\UE4Editor-Renderer.dll]
Address = 0xe6f4790c (filename not found) [in C:\Program Files\Unreal Engine\4.4\Engine\Binaries\Win64\UE4Editor-Renderer.dll]
Address = 0xe6e9ea4f (filename not found) [in C:\Program Files\Unreal Engine\4.4\Engine\Binaries\Win64\UE4Editor-Renderer.dll]
Address = 0xe6ea0e99 (filename not found) [in C:\Program Files\Unreal Engine\4.4\Engine\Binaries\Win64\UE4Editor-Renderer.dll]
Address = 0xe6ef0691 (filename not found) [in C:\Program Files\Unreal Engine\4.4\Engine\Binaries\Win64\UE4Editor-Renderer.dll]
Address = 0xe6ef572a (filename not found) [in C:\Program Files\Unreal Engine\4.4\Engine\Binaries\Win64\UE4Editor-Renderer.dll]
Address = 0xebe27920 (filename not found) [in C:\Program Files\Unreal Engine\4.4\Engine\Binaries\Win64\UE4Editor-Engine.dll]
Address = 0xec0216d9 (filename not found) [in C:\Program Files\Unreal Engine\4.4\Engine\Binaries\Win64\UE4Editor-Engine.dll]
Address = 0xe6f29b17 (filename not found) [in C:\Program Files\Unreal Engine\4.4\Engine\Binaries\Win64\UE4Editor-Renderer.dll]
Address = 0xe6f295f6 (filename not found) [in C:\Program Files\Unreal Engine\4.4\Engine\Binaries\Win64\UE4Editor-Renderer.dll]
Address = 0xe6f2596a (filename not found) [in C:\Program Files\Unreal Engine\4.4\Engine\Binaries\Win64\UE4Editor-Renderer.dll]
Address = 0xe70a0834 (filename not found) [in C:\Program Files\Unreal Engine\4.4\Engine\Binaries\Win64\UE4Editor-Renderer.dll]
Address = 0xe7076972 (filename not found) [in C:\Program Files\Unreal Engine\4.4\Engine\Binaries\Win64\UE4Editor-Renderer.dll]
Address = 0xedee7002 (filename not found) [in C:\Program Files\Unreal Engine\4.4\Engine\Binaries\Win64\UE4Editor-Core.dll]
Address = 0xedee718d (filename not found) [in C:\Program Files\Unreal Engine\4.4\Engine\Binaries\Win64\UE4Editor-Core.dll]
Address = 0xee42c353 (filename not found) [in C:\Program Files\Unreal Engine\4.4\Engine\Binaries\Win64\UE4Editor-RenderCore.dll]
Address = 0xee42c7e9 (filename not found) [in C:\Program Files\Unreal Engine\4.4\Engine\Binaries\Win64\UE4Editor-RenderCore.dll]
Address = 0xee122ca6 (filename not found) [in C:\Program Files\Unreal Engine\4.4\Engine\Binaries\Win64\UE4Editor-Core.dll]
Address = 0xee11c26d (filename not found) [in C:\Program Files\Unreal Engine\4.4\Engine\Binaries\Win64\UE4Editor-Core.dll]
Address = 0x76da59ed (filename not found) [in C:\Windows\system32\kernel32.dll]
Address = 0x7725c541 (filename not found) [in C:\Windows\SYSTEM32\ntdll.dll]
Address = 0x7725c541 (filename not found) [in C:\Windows\SYSTEM32\ntdll.dll]



[2014.09.30-21.52.52:339][660]LogExit: Executing StaticShutdownAfterError
[2014.09.30-21.52.52:346][660]LogWindows: FPlatformMisc::RequestExit(1)
[2014.09.30-21.52.52:346][660]Log file closed, 09/30/14 15:52:52
