Log file open, 10/07/14 16:15:48
LogInit:Display: Running engine for game: DeathScene
LogInit: Version: 4.4.1-2270799+++depot+UE4-Releases+4.4
LogInit: API Version: 2255576
LogInit: Compiled (64-bit): Aug 25 2014 14:19:12
LogInit: Build Configuration: Development
LogInit: Branch Name: ++depot+UE4-Releases+4.4
LogInit: Command line:  
LogInit: Base directory: C:/Program Files/Unreal Engine/4.4/Engine/Binaries/Win64/
LogInit: Rocket: 1
[2014.10.07-22.15.48:494][  0]LogTaskGraph: Started task graph with 3 named threads and 4 total threads.
[2014.10.07-22.15.48:521][  0]LogOnline:Warning: No default platform service specified for OnlineSubsystem
[2014.10.07-22.15.48:528][  0]LogInit: Presizing for 0 objects not considered by GC, pre-allocating 0 bytes.
[2014.10.07-22.15.48:535][  0]LogInit: Object subsystem initialized
[2014.10.07-22.15.48:536][  0]LogInit: Selected Device Profile: [Windows]
[2014.10.07-22.15.48:536][  0]LogInit: Applying CVar settings loaded from the selected device profile: [Windows]
[2014.10.07-22.15.48:542][  0]LogInit: Computer: MALEBOLGIA
[2014.10.07-22.15.48:542][  0]LogInit: User: Sino
[2014.10.07-22.15.48:543][  0]LogInit: CPU Page size=4096, Cores=4
[2014.10.07-22.15.48:543][  0]LogInit: High frequency timer resolution =2.241002 MHz
[2014.10.07-22.15.48:543][  0]LogMemory: Memory total: Physical=15.9GB (16GB approx) Virtual=131072.0GB
[2014.10.07-22.15.48:544][  0]LogMemory: Platform Memory Stats for Windows
[2014.10.07-22.15.48:544][  0]LogMemory: Process Physical Memory: 60.04 MB used, 60.16 MB peak
[2014.10.07-22.15.48:544][  0]LogMemory: Process Virtual Memory: 36.10 MB used, 36.23 MB peak
[2014.10.07-22.15.48:544][  0]LogMemory: Physical Memory: 3821.64 MB used, 16290.70 MB total
[2014.10.07-22.15.48:544][  0]LogMemory: Virtual Memory: 278.68 MB used, 134217728.00 MB total
[2014.10.07-22.15.48:570][  0]LogD3D11RHI: Found D3D11 adapter 0: NVIDIA GeForce GT 650M (Feature Level 11_0)
[2014.10.07-22.15.48:570][  0]LogD3D11RHI: Adapter has 965MB of dedicated video memory, 0MB of dedicated system memory, and 3072MB of shared system memory, 1 output[s]
[2014.10.07-22.15.48:571][  0]LogD3D11RHI: Found D3D11 adapter 1: Microsoft Basic Render Driver (Feature Level 11_0)
[2014.10.07-22.15.48:571][  0]LogD3D11RHI: Adapter has 0MB of dedicated video memory, 0MB of dedicated system memory, and 256MB of shared system memory, 0 output[s]
[2014.10.07-22.15.48:571][  0]LogD3D11RHI: Chosen D3D11 Adapter Id = 0
[2014.10.07-22.15.48:575][  0]LogRHI: Texture pool is 675 MB (70% of 965 MB)
[2014.10.07-22.15.48:587][  0]LogD3D11RHI: Async texture creation enabled
[2014.10.07-22.15.48:694][  0]LogContentStreaming: Texture pool size is 0.000000MB
[2014.10.07-22.15.50:035][  0]LogTargetPlatformManager:Display: Building Assets For Windows
[2014.10.07-22.15.50:374][  0]LogTargetPlatformManager:Display: Building Assets For Windows
[2014.10.07-22.15.50:407][  0]LogDerivedDataCache:Display: Max Cache Size: 512 MB
[2014.10.07-22.15.50:442][  0]LogDerivedDataCache: Loaded boot cache 0.03s 39MB C:/Users/Sino/AppData/Local/UnrealEngine/4.4/DerivedDataCache/Boot.ddc.
[2014.10.07-22.15.50:442][  0]LogDerivedDataCache:Display: Loaded Boot cache: C:/Users/Sino/AppData/Local/UnrealEngine/4.4/DerivedDataCache/Boot.ddc
[2014.10.07-22.15.50:442][  0]LogDerivedDataCache: FDerivedDataBackendGraph:  Pak pak cache file ../../../../../../Users/Sino/Documents/CS3660/treebeard/Unreal Project/DeathScene/DerivedDataCache/DDC.ddp not found, will not use a pak cache.
[2014.10.07-22.15.50:442][  0]LogDerivedDataCache: Unable to find inner node Pak for hierarchical cache Hierarchy.
[2014.10.07-22.15.50:458][  0]LogDerivedDataCache:Display: Pak cache opened for reading ../../../Engine/DerivedDataCache/DDC.ddp.
[2014.10.07-22.15.50:470][  0]LogDerivedDataCache: Using Local data cache path C:/Users/Sino/AppData/Local/UnrealEngine/4.4/DerivedDataCache: Writable
[2014.10.07-22.15.50:608][  0]LogMeshUtilities: No automatic mesh reduction module available
[2014.10.07-22.15.50:608][  0]LogMeshUtilities: No automatic mesh merging module available
[2014.10.07-22.15.51:026][  0]LogInit: WinSock: version 1.1 (2.2), MaxSocks=32767, MaxUdp=65467
[2014.10.07-22.15.51:677][  0]LogStats:Warning: MetaData mismatch. Did you assign a stat to two groups? New //STATGROUP_Threads//FMonitoredProcess///Thread_f50_0///////STATCAT_Advanced//// old //STATGROUP_Threads//FMonitoredProcess///Thread_1e9c_0///////STATCAT_Advanced////
[2014.10.07-22.15.51:677][  0]UdpMessaging: Initializing bridge on interface 0.0.0.0:0 to multicast group 230.0.0.1:6666.
[2014.10.07-22.15.51:770][  0]SourceControl: Info Source control is disabled
[2014.10.07-22.15.51:770][  0]SourceControl: Info Source control is disabled
[2014.10.07-22.15.51:774][  0]SourceControl: Info Source control is disabled
[2014.10.07-22.15.51:906][  0]BlueprintLog: New page: Editor Load
[2014.10.07-22.15.51:975][  0]LogObj: 21438 objects as part of root set at end of initial load.
[2014.10.07-22.15.51:975][  0]LogUObjectAllocator: 4218656 out of 0 bytes used by permanent object pool.
[2014.10.07-22.15.52:124][  0]LogEngine: Initializing Engine...
[2014.10.07-22.15.52:216][  0]LogInit: XAudio2 using 'Speakers (Cirrus Logic CS4206B (AB 40))' : 4 channels at 48 kHz using 32 bits per sample (channel mask 0x33)
[2014.10.07-22.15.52:230][  0]LogInit: FAudioDevice initialized.
[2014.10.07-22.15.52:243][  0]LogAIModule: Creating AISystem for world NewWorld
[2014.10.07-22.15.52:261][  0]LogDerivedDataCache: Saved boot cache 0.02s 39MB C:/Users/Sino/AppData/Local/UnrealEngine/4.4/DerivedDataCache/Boot.ddc.
[2014.10.07-22.15.52:266][  0]LogInit: Texture streaming: Enabled
[2014.10.07-22.15.52:293][  0]LogInit: Transaction tracking system initialized
[2014.10.07-22.15.52:374][  0]LogAssetRegistry: FAssetRegistry took 0.0103 seconds to start up
[2014.10.07-22.15.52:745][  0]LogTargetPlatformManager:Display: Building Assets For Windows
[2014.10.07-22.15.53:028][  0]LogTargetPlatformManager:Display: Building Assets For Windows
[2014.10.07-22.15.53:120][  0]LogConsoleResponse:Display: 
[2014.10.07-22.15.53:247][  0]LogStats:Warning: MetaData mismatch. Did you assign a stat to two groups? New //STATGROUP_Threads//FMonitoredProcess///Thread_2354_0///////STATCAT_Advanced//// old //STATGROUP_Threads//FMonitoredProcess///Thread_1e9c_0///////STATCAT_Advanced////
[2014.10.07-22.15.53:248][  0]LogStats:Warning: MetaData mismatch. Did you assign a stat to two groups? New //STATGROUP_Threads//FMonitoredProcess///Thread_5e8_0///////STATCAT_Advanced//// old //STATGROUP_Threads//FMonitoredProcess///Thread_1e9c_0///////STATCAT_Advanced////
[2014.10.07-22.15.53:248][  0]SourceControl: Info Source control is disabled
[2014.10.07-22.15.53:248][  0]Cmd: MAP LOAD FILE="../../../../../../Users/Sino/Documents/CS3660/treebeard/Unreal Project/DeathScene/Content/Maps/Minimal_Default.umap" TEMPLATE=0 SHOWPROGRESS=1
[2014.10.07-22.15.53:248][  0]LightingResults: New page: Lighting Build
[2014.10.07-22.15.53:254][  0]MapCheck: New page: Map Check
[2014.10.07-22.15.53:254][  0]LightingResults: New page: Lighting Build
[2014.10.07-22.15.53:267][  0]LogParticles: Destroying 0 GPU particle simulations for FXSystem 0x000000F6D3EA5300
[2014.10.07-22.15.53:479][  0]LogEditorServer: Finished looking for orphan Actors (0.000 secs)
[2014.10.07-22.15.53:479][  0]LogAIModule: Creating AISystem for world Minimal_Default
[2014.10.07-22.15.53:479][  0]Cmd: MAP CHECKDEP
[2014.10.07-22.15.53:479][  0]MapCheck: New page: Minimal_Default - Oct 7, 2014, 10:15:53 AM
[2014.10.07-22.15.53:531][  0]MapCheck: Info ========== Map Check: 0 Error(s), 0 Warning(s), [52.037ms] ==========
[2014.10.07-22.15.53:531][  0]LogFileHelpers: Loading map 'Minimal_Default' took 0.283
[2014.10.07-22.15.53:623][  0]LogCollectionManager: Loaded 0 collections in 0.000923 seconds
[2014.10.07-22.15.53:693][  0]LogCrashTracker: Crashtracker disabled due to settings.
[2014.10.07-22.15.53:741][  0]LogLoad: Full Startup: 6.86 seconds (BP compile: 0.05 seconds)
[2014.10.07-22.15.53:757][  0]LogContentBrowser:Verbose: The content browser source was changed by the sources view to '/Game/Materials'
[2014.10.07-22.15.53:899][  0]LogRenderer:Warning: Reallocating scene render targets to support 864x720.
[2014.10.07-22.15.54:099][  1]LogAssetRegistry: Asset discovery search completed in 1.7361 seconds
[2014.10.07-22.15.58:379][144]Cmd: MAP LOAD FILE="../../../../../../Users/Sino/Documents/CS3660/treebeard/Unreal Project/DeathScene/Content/LOTR001_with_cameras.umap" TEMPLATE=0 SHOWPROGRESS=1
[2014.10.07-22.15.58:380][144]LightingResults: New page: Lighting Build
[2014.10.07-22.15.58:397][144]LoadErrors: New page: Loading map: LOTR001_with_cameras.umap
[2014.10.07-22.15.58:398][144]MapCheck: New page: Map Check
[2014.10.07-22.15.58:398][144]LightingResults: New page: Lighting Build
[2014.10.07-22.15.58:414][144]LogParticles: Destroying 0 GPU particle simulations for FXSystem 0x000000F6D44A9C60
[2014.10.07-22.15.58:450][144]LogLinker:Warning: Can't find file '/Game/Textures/board001_Uvs'
[2014.10.07-22.15.58:450][144]LogLinker:Warning: Can't find file for asset '/Game/Textures/board001_Uvs' while loading ../../../../../../Users/Sino/Documents/CS3660/treebeard/Unreal Project/DeathScene/Content/Materials/propMats/boards_Mat.uasset.
[2014.10.07-22.15.58:451][144]LoadErrors:Error: Error /Game/Materials/propMats/boards_Mat : Can't find file for asset. /Game/Textures/board001_Uvs
[2014.10.07-22.15.58:451][144]LogLinker:Warning: Can't find file '/Game/Textures/board001_Uvs'
[2014.10.07-22.15.58:451][144]LogLinker:Warning: Can't find file for asset '/Game/Textures/board001_Uvs' while loading ../../../../../../Users/Sino/Documents/CS3660/treebeard/Unreal Project/DeathScene/Content/Materials/propMats/boards_Mat.uasset.
[2014.10.07-22.15.58:573][144]LogLinker:Warning: Can't find file '/Game/Textures/board001_Uvs'
[2014.10.07-22.15.58:573][144]LoadErrors: Info Failed to load /Game/Textures/board001_Uvs.board001_Uvs Referenced by MaterialExpressionTextureSample_0 Property /Script/Engine.MaterialExpressionTextureBase:Texture
[2014.10.07-22.15.58:574][144]LogLinker:Warning: Can't find file for asset '/Game/Textures/board001_Uvs' while loading NULL.
[2014.10.07-22.15.58:613][144]LogMaterial: Missing cached shader map for material boards_Mat, compiling.
[2014.10.07-22.15.58:613][144]LogMaterial:Warning: Failed to compile Material /Game/Materials/propMats/boards_Mat.boards_Mat for platform PCD3D_SM5, Default Material will be used in game.
[2014.10.07-22.15.58:613][144]LogMaterial:Warning: 	(Node TextureSample) TextureSample> Missing input texture
[2014.10.07-22.15.58:762][144]LogMaterial:Warning: Material /Game/Props/Materials/M_Bush.M_Bush needed to have new flag set bUsedWithInstancedStaticMeshes !
[2014.10.07-22.15.58:766][144]LogMaterial: Missing cached shader map for material M_Bush, compiling.
[2014.10.07-22.15.58:829][144]LogMaterial: 0.000217 seconds spent updating 1 materials, 1 interfaces, 0 instances, 0 with static permutations.
[2014.10.07-22.15.58:830][144]LogMaterial:Warning: Material /Game/Props/Materials/M_Rock.M_Rock needed to have new flag set bUsedWithInstancedStaticMeshes !
[2014.10.07-22.15.58:832][144]LogMaterial: Missing cached shader map for material M_Rock, compiling.
[2014.10.07-22.15.58:839][144]LogMaterial: 0.000154 seconds spent updating 1 materials, 1 interfaces, 0 instances, 0 with static permutations.
[2014.10.07-22.15.58:862][144]LogEditorServer: Finished looking for orphan Actors (0.000 secs)
[2014.10.07-22.15.58:862][144]LogAIModule: Creating AISystem for world LOTR001_with_cameras
[2014.10.07-22.15.58:893][144]Cmd: MAP CHECKDEP
[2014.10.07-22.15.58:893][144]MapCheck: New page: LOTR001_with_cameras - Oct 7, 2014, 10:15:58 AM
[2014.10.07-22.15.58:984][144]MapCheck: Info ========== Map Check: 0 Error(s), 0 Warning(s), [91.009ms] ==========
[2014.10.07-22.15.58:984][144]LogFileHelpers: Loading map 'LOTR001_with_cameras' took 0.606
[2014.10.07-22.15.59:123][145]Cmd: UpdateLandscapeEditorData -warnings
[2014.10.07-22.15.59:125][145]Cmd: UpdateLandscapeEditorData
[2014.10.07-22.16.34:849][ 32]Cmd: QUIT_EDITOR
[2014.10.07-22.16.35:130][ 32]LogWindowsTextInputMethodSystem:Error: Terminating failed while unadvising the language notification sink from the TSF source.
[2014.10.07-22.16.35:132][ 32]LogExit: Preparing to exit.
[2014.10.07-22.16.35:863][ 32]LogExit: Editor shut down
[2014.10.07-22.16.35:864][ 32]LogExit: Transaction tracking system shut down
[2014.10.07-22.16.35:869][ 32]LogParticles: Destroying 0 GPU particle simulations for FXSystem 0x000000F6CFD954E0
[2014.10.07-22.16.35:914][ 32]LogParticles: Destroying 0 GPU particle simulations for FXSystem 0x000000F6D0BE3EC0
[2014.10.07-22.16.35:914][ 32]LogExit: Object subsystem successfully closed.
[2014.10.07-22.16.35:976][ 32]LogModuleManager: Shutting down and abandoning module AndroidDeviceDetection (161)
[2014.10.07-22.16.35:976][ 32]LogModuleManager: Shutting down and abandoning module HTTP (160)
[2014.10.07-22.16.35:976][ 32]LogModuleManager: Shutting down and abandoning module CrashTracker (159)
[2014.10.07-22.16.35:976][ 32]LogModuleManager: Shutting down and abandoning module SuperSearch (158)
[2014.10.07-22.16.35:976][ 32]LogModuleManager: Shutting down and abandoning module SceneOutliner (157)
[2014.10.07-22.16.35:976][ 32]LogModuleManager: Shutting down and abandoning module EditorWidgets (156)
[2014.10.07-22.16.35:976][ 32]LogModuleManager: Shutting down and abandoning module CollectionManager (155)
[2014.10.07-22.16.35:976][ 32]LogModuleManager: Shutting down and abandoning module StatsViewer (154)
[2014.10.07-22.16.35:976][ 32]LogModuleManager: Shutting down and abandoning module FoliageEdit (153)
[2014.10.07-22.16.35:976][ 32]LogModuleManager: Shutting down and abandoning module LandscapeEditor (152)
[2014.10.07-22.16.35:977][ 32]LogModuleManager: Shutting down and abandoning module MeshPaint (151)
[2014.10.07-22.16.35:977][ 32]LogModuleManager: Shutting down and abandoning module ActorPickerMode (150)
[2014.10.07-22.16.35:977][ 32]LogModuleManager: Shutting down and abandoning module GeometryMode (149)
[2014.10.07-22.16.35:977][ 32]LogModuleManager: Shutting down and abandoning module TextureAlignMode (148)
[2014.10.07-22.16.35:977][ 32]LogModuleManager: Shutting down and abandoning module BspMode (147)
[2014.10.07-22.16.35:977][ 32]LogModuleManager: Shutting down and abandoning module PlacementMode (146)
[2014.10.07-22.16.35:977][ 32]LogModuleManager: Shutting down and abandoning module DesktopPlatform (145)
[2014.10.07-22.16.35:977][ 32]LogModuleManager: Shutting down and abandoning module AutomationWorker (144)
[2014.10.07-22.16.35:977][ 32]LogModuleManager: Shutting down and abandoning module EditorLiveStreaming (143)
[2014.10.07-22.16.35:977][ 32]LogModuleManager: Shutting down and abandoning module BehaviorTreeEditor (142)
[2014.10.07-22.16.35:977][ 32]LogModuleManager: Shutting down and abandoning module DeviceProfileEditor (141)
[2014.10.07-22.16.35:977][ 32]LogModuleManager: Shutting down and abandoning module UndoHistory (140)
[2014.10.07-22.16.35:977][ 32]LogModuleManager: Shutting down and abandoning module GameplayTagsEditor (139)
[2014.10.07-22.16.35:977][ 32]LogModuleManager: Shutting down and abandoning module UserFeedback (138)
[2014.10.07-22.16.35:977][ 32]LogModuleManager: Shutting down and abandoning module XmlParser (137)
[2014.10.07-22.16.35:977][ 32]LogModuleManager: Shutting down and abandoning module Blutility (136)
[2014.10.07-22.16.35:977][ 32]LogModuleManager: Shutting down and abandoning module IOSPlatformEditor (135)
[2014.10.07-22.16.35:977][ 32]LogModuleManager: Shutting down and abandoning module IOSRuntimeSettings (134)
[2014.10.07-22.16.35:977][ 32]LogModuleManager: Shutting down and abandoning module AndroidPlatformEditor (133)
[2014.10.07-22.16.35:977][ 32]LogModuleManager: Shutting down and abandoning module AndroidRuntimeSettings (132)
[2014.10.07-22.16.35:977][ 32]LogModuleManager: Shutting down and abandoning module ProjectTargetPlatformEditor (131)
[2014.10.07-22.16.35:977][ 32]LogModuleManager: Shutting down and abandoning module ProjectSettingsViewer (130)
[2014.10.07-22.16.35:977][ 32]LogModuleManager: Shutting down and abandoning module InputBindingEditor (129)
[2014.10.07-22.16.35:978][ 32]LogModuleManager: Shutting down and abandoning module EditorSettingsViewer (128)
[2014.10.07-22.16.35:978][ 32]LogModuleManager: Shutting down and abandoning module SettingsEditor (127)
[2014.10.07-22.16.35:978][ 32]LogModuleManager: Shutting down and abandoning module SessionLauncher (126)
[2014.10.07-22.16.35:978][ 32]LogModuleManager: Shutting down and abandoning module SessionFrontend (125)
[2014.10.07-22.16.35:978][ 32]LogModuleManager: Shutting down and abandoning module ProfilerClient (124)
[2014.10.07-22.16.35:978][ 32]LogModuleManager: Shutting down and abandoning module TargetDeviceServices (123)
[2014.10.07-22.16.35:978][ 32]LogModuleManager: Shutting down and abandoning module DeviceManager (122)
[2014.10.07-22.16.35:978][ 32]LogModuleManager: Shutting down and abandoning module AutomationController (121)
[2014.10.07-22.16.35:978][ 32]LogModuleManager: Shutting down and abandoning module AutomationWindow (120)
[2014.10.07-22.16.35:978][ 32]LogModuleManager: Shutting down and abandoning module Layers (119)
[2014.10.07-22.16.35:978][ 32]LogModuleManager: Shutting down and abandoning module ComponentVisualizers (118)
[2014.10.07-22.16.35:978][ 32]LogModuleManager: Shutting down and abandoning module DetailCustomizations (117)
[2014.10.07-22.16.35:978][ 32]LogModuleManager: Shutting down and abandoning module PackagesDialog (116)
[2014.10.07-22.16.35:978][ 32]LogModuleManager: Shutting down and abandoning module DirectoryWatcher (115)
[2014.10.07-22.16.35:979][ 32]LogModuleManager: Shutting down and abandoning module AssetRegistry (114)
[2014.10.07-22.16.36:079][ 32]LogModuleManager: Shutting down and abandoning module Persona (113)
[2014.10.07-22.16.36:079][ 32]LogModuleManager: Shutting down and abandoning module GraphEditor (112)
[2014.10.07-22.16.36:079][ 32]LogModuleManager: Shutting down and abandoning module ClassViewer (111)
[2014.10.07-22.16.36:079][ 32]LogModuleManager: Shutting down and abandoning module Toolbox (110)
[2014.10.07-22.16.36:079][ 32]LogModuleManager: Shutting down and abandoning module ModuleUI (109)
[2014.10.07-22.16.36:079][ 32]LogModuleManager: Shutting down and abandoning module Sequencer (108)
[2014.10.07-22.16.36:079][ 32]LogModuleManager: Shutting down and abandoning module MovieSceneTools (107)
[2014.10.07-22.16.36:079][ 32]LogModuleManager: Shutting down and abandoning module OutputLog (106)
[2014.10.07-22.16.36:079][ 32]LogModuleManager: Shutting down and abandoning module GammaUI (105)
[2014.10.07-22.16.36:079][ 32]LogModuleManager: Shutting down and abandoning module Documentation (104)
[2014.10.07-22.16.36:079][ 32]LogModuleManager: Shutting down and abandoning module GameLiveStreaming (103)
[2014.10.07-22.16.36:079][ 32]LogModuleManager: Shutting down and abandoning module StreamingPauseRendering (102)
[2014.10.07-22.16.36:079][ 32]LogModuleManager: Shutting down and abandoning module AnalyticsET (101)
[2014.10.07-22.16.36:079][ 32]LogModuleManager: Shutting down and abandoning module Analytics (100)
[2014.10.07-22.16.36:079][ 32]LogModuleManager: Shutting down and abandoning module GameplayDebugger (99)
[2014.10.07-22.16.36:079][ 32]LogModuleManager: Shutting down and abandoning module AIModule (98)
[2014.10.07-22.16.36:079][ 32]LogModuleManager: Shutting down and abandoning module ProfilerService (97)
[2014.10.07-22.16.36:278][ 32]LogModuleManager: Shutting down and abandoning module TaskGraph (96)
[2014.10.07-22.16.36:278][ 32]LogModuleManager: Shutting down and abandoning module SlateRemote (95)
[2014.10.07-22.16.36:278][ 32]LogModuleManager: Shutting down and abandoning module ScriptEditorPlugin (94)
[2014.10.07-22.16.36:278][ 32]LogModuleManager: Shutting down and abandoning module CustomMeshComponent (93)
[2014.10.07-22.16.36:278][ 32]LogModuleManager: Shutting down and abandoning module CableComponent (92)
[2014.10.07-22.16.36:278][ 32]LogModuleManager: Shutting down and abandoning module MessagingDebugger (91)
[2014.10.07-22.16.36:278][ 32]LogModuleManager: Shutting down and abandoning module ViewportSnapping (90)
[2014.10.07-22.16.36:279][ 32]LogModuleManager: Shutting down and abandoning module SmartSnapping (89)
[2014.10.07-22.16.36:279][ 32]LogModuleManager: Shutting down and abandoning module PaperTiledImporter (88)
[2014.10.07-22.16.36:280][ 32]LogModuleManager: Shutting down and abandoning module PaperJsonImporter (87)
[2014.10.07-22.16.36:280][ 32]LogModuleManager: Shutting down and abandoning module GameProjectGeneration (86)
[2014.10.07-22.16.36:280][ 32]LogModuleManager: Shutting down and abandoning module Matinee (85)
[2014.10.07-22.16.36:281][ 32]LogModuleManager: Shutting down and abandoning module Kismet (84)
[2014.10.07-22.16.36:281][ 32]LogModuleManager: Shutting down and abandoning module SlateReflector (83)
[2014.10.07-22.16.36:281][ 32]LogModuleManager: Shutting down and abandoning module LevelEditor (82)
[2014.10.07-22.16.36:284][ 32]LogModuleManager: Shutting down and abandoning module IntroTutorials (81)
[2014.10.07-22.16.36:284][ 32]LogModuleManager: Shutting down and abandoning module ContentBrowser (80)
[2014.10.07-22.16.36:284][ 32]LogModuleManager: Shutting down and abandoning module PropertyEditor (79)
[2014.10.07-22.16.36:284][ 32]LogModuleManager: Shutting down and abandoning module AssetTools (78)
[2014.10.07-22.16.36:284][ 32]LogModuleManager: Shutting down and abandoning module Paper2DEditor (77)
[2014.10.07-22.16.36:284][ 32]LogModuleManager: Shutting down and abandoning module SpeedTreeImporter (76)
[2014.10.07-22.16.36:284][ 32]LogModuleManager: Shutting down and abandoning module PluginsEditor (75)
[2014.10.07-22.16.36:284][ 32]LogModuleManager: Shutting down and abandoning module MainFrame (74)
[2014.10.07-22.16.36:285][ 32]LogModuleManager: Shutting down and abandoning module EpicSurvey (73)
[2014.10.07-22.16.36:285][ 32]LogModuleManager: Shutting down and abandoning module VisualStudioSourceCodeAccess (72)
[2014.10.07-22.16.36:285][ 32]LogModuleManager: Shutting down and abandoning module UObjectPlugin (71)
[2014.10.07-22.16.36:285][ 32]LogModuleManager: Shutting down and abandoning module SubversionSourceControl (70)
[2014.10.07-22.16.36:285][ 32]LogModuleManager: Shutting down and abandoning module SourceControl (69)
[2014.10.07-22.16.36:285][ 32]LogModuleManager: Shutting down and abandoning module PerforceSourceControl (68)
[2014.10.07-22.16.36:285][ 32]LogModuleManager: Shutting down and abandoning module BlankPlugin (67)
[2014.10.07-22.16.36:285][ 32]LogModuleManager: Shutting down and abandoning module ScriptPlugin (66)
[2014.10.07-22.16.36:285][ 32]LogModuleManager: Shutting down and abandoning module UdpMessaging (65)
[2014.10.07-22.16.36:386][ 32]LogModuleManager: Shutting down and abandoning module Paper2D (64)
[2014.10.07-22.16.36:386][ 32]LogModuleManager: Shutting down and abandoning module WindowsMoviePlayer (63)
[2014.10.07-22.16.36:393][ 32]LogModuleManager: Shutting down and abandoning module ImageWrapper (62)
[2014.10.07-22.16.36:394][ 32]LogModuleManager: Shutting down and abandoning module OnlineBlueprintSupport (61)
[2014.10.07-22.16.36:394][ 32]LogModuleManager: Shutting down and abandoning module FunctionalTesting (60)
[2014.10.07-22.16.36:394][ 32]LogModuleManager: Shutting down and abandoning module CollisionAnalyzer (59)
[2014.10.07-22.16.36:394][ 32]LogModuleManager: Shutting down and abandoning module WorkspaceMenuStructure (58)
[2014.10.07-22.16.36:394][ 32]LogModuleManager: Shutting down and abandoning module MessageLog (57)
[2014.10.07-22.16.36:394][ 32]LogModuleManager: Shutting down and abandoning module UMGEditor (56)
[2014.10.07-22.16.36:394][ 32]LogModuleManager: Shutting down and abandoning module UMG (55)
[2014.10.07-22.16.36:394][ 32]LogModuleManager: Shutting down and abandoning module Slate (54)
[2014.10.07-22.16.36:394][ 32]LogModuleManager: Shutting down and abandoning module EditorStyle (53)
[2014.10.07-22.16.36:397][ 32]LogModuleManager: Shutting down and abandoning module SessionServices (52)
[2014.10.07-22.16.36:397][ 32]LogModuleManager: Shutting down and abandoning module SourceCodeAccess (51)
[2014.10.07-22.16.36:397][ 32]LogModuleManager: Shutting down and abandoning module HeadMountedDisplay (50)
[2014.10.07-22.16.36:397][ 32]LogModuleManager: Shutting down and abandoning module XAudio2 (49)
[2014.10.07-22.16.36:397][ 32]LogModuleManager: Shutting down and abandoning module Networking (47)
[2014.10.07-22.16.36:397][ 32]LogModuleManager: Shutting down and abandoning module Core (46)
[2014.10.07-22.16.36:397][ 32]LogModuleManager: Shutting down and abandoning module KismetCompiler (45)
[2014.10.07-22.16.36:397][ 32]LogModuleManager: Shutting down and abandoning module PhysXFormats (44)
[2014.10.07-22.16.36:397][ 32]LogModuleManager: Shutting down and abandoning module MeshUtilities (43)
[2014.10.07-22.16.36:397][ 32]LogModuleManager: Shutting down and abandoning module DerivedDataCache (42)
[2014.10.07-22.16.36:499][ 32]LogDerivedDataCache: Shutdown
[2014.10.07-22.16.36:499][ 32]LogModuleManager: Shutting down and abandoning module ShaderFormatOpenGL (41)
[2014.10.07-22.16.36:499][ 32]LogModuleManager: Shutting down and abandoning module ShaderFormatD3D (40)
[2014.10.07-22.16.36:499][ 32]LogModuleManager: Shutting down and abandoning module MetalShaderFormat (39)
[2014.10.07-22.16.36:499][ 32]LogModuleManager: Shutting down and abandoning module TextureFormatUncompressed (38)
[2014.10.07-22.16.36:499][ 32]LogModuleManager: Shutting down and abandoning module TextureFormatPVR (37)
[2014.10.07-22.16.36:499][ 32]LogModuleManager: Shutting down and abandoning module TextureFormatDXT (36)
[2014.10.07-22.16.36:499][ 32]LogModuleManager: Shutting down and abandoning module TextureFormatAndroid (35)
[2014.10.07-22.16.36:499][ 32]LogModuleManager: Shutting down and abandoning module AudioFormatOpus (34)
[2014.10.07-22.16.36:499][ 32]LogModuleManager: Shutting down and abandoning module AudioFormatOgg (33)
[2014.10.07-22.16.36:499][ 32]LogModuleManager: Shutting down and abandoning module AudioFormatADPCM (32)
[2014.10.07-22.16.36:499][ 32]LogModuleManager: Shutting down and abandoning module Messaging (31)
[2014.10.07-22.16.36:499][ 32]LogModuleManager: Shutting down and abandoning module IOSTargetPlatform (30)
[2014.10.07-22.16.36:499][ 32]LogModuleManager: Shutting down and abandoning module Android_PVRTCTargetPlatform (29)
[2014.10.07-22.16.36:499][ 32]LogModuleManager: Shutting down and abandoning module Android_ETC2TargetPlatform (28)
[2014.10.07-22.16.36:499][ 32]LogModuleManager: Shutting down and abandoning module Android_ETC1TargetPlatform (27)
[2014.10.07-22.16.36:499][ 32]LogModuleManager: Shutting down and abandoning module Android_DXTTargetPlatform (26)
[2014.10.07-22.16.36:500][ 32]LogModuleManager: Shutting down and abandoning module Android_ATCTargetPlatform (25)
[2014.10.07-22.16.36:500][ 32]LogModuleManager: Shutting down and abandoning module AndroidTargetPlatform (24)
[2014.10.07-22.16.36:500][ 32]LogModuleManager: Shutting down and abandoning module WindowsTargetPlatform (23)
[2014.10.07-22.16.36:500][ 32]LogModuleManager: Shutting down and abandoning module WindowsServerTargetPlatform (22)
[2014.10.07-22.16.36:500][ 32]LogModuleManager: Shutting down and abandoning module WindowsNoEditorTargetPlatform (21)
[2014.10.07-22.16.36:500][ 32]LogModuleManager: Shutting down and abandoning module WindowsClientTargetPlatform (20)
[2014.10.07-22.16.36:500][ 32]LogModuleManager: Shutting down and abandoning module TargetPlatform (19)
[2014.10.07-22.16.36:500][ 32]LogModuleManager: Shutting down and abandoning module InputCore (18)
[2014.10.07-22.16.36:500][ 32]LogModuleManager: Shutting down and abandoning module Settings (17)
[2014.10.07-22.16.36:500][ 32]LogModuleManager: Shutting down and abandoning module ExampleDeviceProfileSelector (14)
[2014.10.07-22.16.36:500][ 32]LogModuleManager: Shutting down and abandoning module OculusRift (13)
[2014.10.07-22.16.36:500][ 32]LogModuleManager: Shutting down and abandoning module TextureCompressor (12)
[2014.10.07-22.16.36:500][ 32]LogModuleManager: Shutting down and abandoning module ShaderCore (11)
[2014.10.07-22.16.36:500][ 32]LogModuleManager: Shutting down and abandoning module OpenGLDrv (10)
[2014.10.07-22.16.36:500][ 32]LogModuleManager: Shutting down and abandoning module D3D11RHI (9)
[2014.10.07-22.16.36:500][ 32]LogModuleManager: Shutting down and abandoning module SlateRHIRenderer (8)
[2014.10.07-22.16.36:500][ 32]LogModuleManager: Shutting down and abandoning module Renderer (7)
[2014.10.07-22.16.36:500][ 32]LogModuleManager: Shutting down and abandoning module Engine (6)
[2014.10.07-22.16.36:500][ 32]LogModuleManager: Shutting down and abandoning module CoreUObject (5)
[2014.10.07-22.16.36:500][ 32]LogModuleManager: Shutting down and abandoning module NetworkFile (4)
[2014.10.07-22.16.36:500][ 32]LogModuleManager: Shutting down and abandoning module StreamingFile (3)
[2014.10.07-22.16.36:500][ 32]LogModuleManager: Shutting down and abandoning module SandboxFile (2)
[2014.10.07-22.16.36:500][ 32]LogModuleManager: Shutting down and abandoning module PakFile (1)
[2014.10.07-22.16.36:501][ 32]LogExit: Exiting.
[2014.10.07-22.16.36:506][ 32]Log file closed, 10/07/14 16:16:36
