Log file open, 10/16/14 18:06:00
LogInit:Display: Running engine for game: DeathScene
LogInit: Version: 4.4.3-2296771+++depot+UE4-Releases+4.4
LogInit: API Version: 2255576
LogInit: Compiled (64-bit): Sep 13 2014 22:30:58
LogInit: Build Configuration: Development
LogInit: Branch Name: ++depot+UE4-Releases+4.4
LogInit: Command line: 
LogInit: Base directory: C:/Program Files/Unreal Engine/4.4/Engine/Binaries/Win64/
LogInit: Rocket: 1
[2014.10.17-00.06.00:843][  0]LogTaskGraph: Started task graph with 3 named threads and 4 total threads.
[2014.10.17-00.06.00:882][  0]LogOnline:Warning: No default platform service specified for OnlineSubsystem
[2014.10.17-00.06.00:900][  0]LogInit: Presizing for 0 objects not considered by GC, pre-allocating 0 bytes.
[2014.10.17-00.06.00:908][  0]LogInit: Object subsystem initialized
[2014.10.17-00.06.00:911][  0]LogInit: Selected Device Profile: [Windows]
[2014.10.17-00.06.00:911][  0]LogInit: Applying CVar settings loaded from the selected device profile: [Windows]
[2014.10.17-00.06.00:917][  0]LogInit: Computer: BRADYPC
[2014.10.17-00.06.00:917][  0]LogInit: User: BradyMathews
[2014.10.17-00.06.00:918][  0]LogInit: CPU Page size=4096, Cores=2
[2014.10.17-00.06.00:918][  0]LogInit: High frequency timer resolution =1.753831 MHz
[2014.10.17-00.06.00:919][  0]LogMemory: Memory total: Physical=5.9GB (6GB approx) Virtual=131072.0GB
[2014.10.17-00.06.00:919][  0]LogMemory: Platform Memory Stats for Windows
[2014.10.17-00.06.00:919][  0]LogMemory: Process Physical Memory: 60.27 MB used, 60.27 MB peak
[2014.10.17-00.06.00:919][  0]LogMemory: Process Virtual Memory: 36.18 MB used, 36.18 MB peak
[2014.10.17-00.06.00:919][  0]LogMemory: Physical Memory: 2812.75 MB used, 6010.51 MB total
[2014.10.17-00.06.00:919][  0]LogMemory: Virtual Memory: 269.38 MB used, 134217728.00 MB total
[2014.10.17-00.06.00:952][  0]LogD3D11RHI: Found D3D11 adapter 0: Intel(R) HD Graphics 4000 (Feature Level 11_0)
[2014.10.17-00.06.00:952][  0]LogD3D11RHI: Adapter has 32MB of dedicated video memory, 0MB of dedicated system memory, and 1760MB of shared system memory, 1 output[s]
[2014.10.17-00.06.00:955][  0]LogD3D11RHI: Found D3D11 adapter 1: Microsoft Basic Render Driver (Feature Level 11_0)
[2014.10.17-00.06.00:955][  0]LogD3D11RHI: Adapter has 0MB of dedicated video memory, 0MB of dedicated system memory, and 256MB of shared system memory, 0 output[s]
[2014.10.17-00.06.00:955][  0]LogD3D11RHI: Chosen D3D11 Adapter Id = 0
[2014.10.17-00.06.00:961][  0]LogRHI: Texture pool is 638 MB (70% of 912 MB)
[2014.10.17-00.06.00:972][  0]LogD3D11RHI: Async texture creation enabled
[2014.10.17-00.06.01:103][  0]LogContentStreaming: Texture pool size is 0.000000MB
[2014.10.17-00.06.03:022][  0]LogTargetPlatformManager:Display: Building Assets For Windows
[2014.10.17-00.06.03:650][  0]LogTargetPlatformManager:Display: Building Assets For Windows
[2014.10.17-00.06.03:696][  0]LogDerivedDataCache:Display: Max Cache Size: 512 MB
[2014.10.17-00.06.03:750][  0]LogDerivedDataCache: Loaded boot cache 0.05s 39MB C:/Users/Brady Mathews/AppData/Local/UnrealEngine/4.4/DerivedDataCache/Boot.ddc.
[2014.10.17-00.06.03:750][  0]LogDerivedDataCache:Display: Loaded Boot cache: C:/Users/Brady Mathews/AppData/Local/UnrealEngine/4.4/DerivedDataCache/Boot.ddc
[2014.10.17-00.06.03:750][  0]LogDerivedDataCache: FDerivedDataBackendGraph:  Pak pak cache file ../../../../../../Users/Brady Mathews/Documents/GitHub/treebeard/Unreal Project/DeathScene/DerivedDataCache/DDC.ddp not found, will not use a pak cache.
[2014.10.17-00.06.03:750][  0]LogDerivedDataCache: Unable to find inner node Pak for hierarchical cache Hierarchy.
[2014.10.17-00.06.03:770][  0]LogDerivedDataCache:Display: Pak cache opened for reading ../../../Engine/DerivedDataCache/DDC.ddp.
[2014.10.17-00.06.03:782][  0]LogDerivedDataCache: Using Local data cache path C:/Users/Brady Mathews/AppData/Local/UnrealEngine/4.4/DerivedDataCache: Writable
[2014.10.17-00.06.03:967][  0]LogMeshUtilities: No automatic mesh reduction module available
[2014.10.17-00.06.03:967][  0]LogMeshUtilities: No automatic mesh merging module available
[2014.10.17-00.06.04:376][  0]LogInit: WinSock: version 1.1 (2.2), MaxSocks=32767, MaxUdp=65467
[2014.10.17-00.06.05:186][  0]LogStats:Warning: MetaData mismatch. Did you assign a stat to two groups? New //STATGROUP_Threads//FMonitoredProcess///Thread_15a0_0///////STATCAT_Advanced//// old //STATGROUP_Threads//FMonitoredProcess///Thread_2a10_0///////STATCAT_Advanced////
[2014.10.17-00.06.05:186][  0]UdpMessaging: Initializing bridge on interface 0.0.0.0:0 to multicast group 230.0.0.1:6666.
[2014.10.17-00.06.05:314][  0]SourceControl: Info Source control is disabled
[2014.10.17-00.06.05:314][  0]SourceControl: Info Source control is disabled
[2014.10.17-00.06.05:320][  0]SourceControl: Info Source control is disabled
[2014.10.17-00.06.05:551][  0]BlueprintLog: New page: Editor Load
[2014.10.17-00.06.05:691][  0]LogObj: 21438 objects as part of root set at end of initial load.
[2014.10.17-00.06.05:691][  0]LogUObjectAllocator: 4218656 out of 0 bytes used by permanent object pool.
[2014.10.17-00.06.05:876][  0]LogEngine: Initializing Engine...
[2014.10.17-00.06.06:001][  0]LogInit: XAudio2 using 'Speakers / Headphones (IDT High Definition Audio CODEC)' : 2 channels at 48 kHz using 16 bits per sample (channel mask 0x3)
[2014.10.17-00.06.06:330][  0]LogInit: FAudioDevice initialized.
[2014.10.17-00.06.06:348][  0]LogAIModule: Creating AISystem for world NewWorld
[2014.10.17-00.06.06:372][  0]LogDerivedDataCache: Saved boot cache 0.02s 39MB C:/Users/Brady Mathews/AppData/Local/UnrealEngine/4.4/DerivedDataCache/Boot.ddc.
[2014.10.17-00.06.06:376][  0]LogInit: Texture streaming: Enabled
[2014.10.17-00.06.06:420][  0]LogInit: Transaction tracking system initialized
[2014.10.17-00.06.06:561][  0]LogAssetRegistry: FAssetRegistry took 0.0108 seconds to start up
[2014.10.17-00.06.07:271][  0]LogTargetPlatformManager:Display: Building Assets For Windows
[2014.10.17-00.06.07:750][  0]LogTargetPlatformManager:Display: Building Assets For Windows
[2014.10.17-00.06.07:915][  0]LogConsoleResponse:Display: 
[2014.10.17-00.06.08:119][  0]LogStats:Warning: MetaData mismatch. Did you assign a stat to two groups? New //STATGROUP_Threads//FMonitoredProcess///Thread_29d4_0///////STATCAT_Advanced//// old //STATGROUP_Threads//FMonitoredProcess///Thread_2a10_0///////STATCAT_Advanced////
[2014.10.17-00.06.08:119][  0]LogStats:Warning: MetaData mismatch. Did you assign a stat to two groups? New //STATGROUP_Threads//FMonitoredProcess///Thread_15c_0///////STATCAT_Advanced//// old //STATGROUP_Threads//FMonitoredProcess///Thread_2a10_0///////STATCAT_Advanced////
[2014.10.17-00.06.08:119][  0]SourceControl: Info Source control is disabled
[2014.10.17-00.06.08:119][  0]Cmd: MAP LOAD FILE="../../../../../../Users/Brady Mathews/Documents/GitHub/treebeard/Unreal Project/DeathScene/Content/Maps/Minimal_Default.umap" TEMPLATE=0 SHOWPROGRESS=1
[2014.10.17-00.06.08:119][  0]LogEditorServer:Warning: Can't find file '../../../../../../Users/Brady Mathews/Documents/GitHub/treebeard/Unreal Project/DeathScene/Content/Maps/Minimal_Default.umap'
[2014.10.17-00.06.08:120][  0]Cmd: MAP CHECKDEP
[2014.10.17-00.06.08:120][  0]MapCheck: New page: Untitled_0 - Oct 16, 2014, 12:06:08 PM
[2014.10.17-00.06.08:179][  0]MapCheck: Info ========== Map Check: 0 Error(s), 0 Warning(s), [59.675ms] ==========
[2014.10.17-00.06.08:179][  0]LogFileHelpers: Loading map 'Minimal_Default' took 0.060
[2014.10.17-00.06.08:305][  0]LogCollectionManager: Loaded 0 collections in 0.001304 seconds
[2014.10.17-00.06.08:406][  0]LogCrashTracker: Crashtracker disabled due to settings.
[2014.10.17-00.06.08:466][  0]LogLoad: Full Startup: 9.58 seconds (BP compile: 0.00 seconds)
[2014.10.17-00.06.08:477][  0]LogContentBrowser:Verbose: The content browser source was changed by the sources view to '/Game/Animations/Legolas'
[2014.10.17-00.06.08:613][  0]LogRenderer:Warning: Reallocating scene render targets to support 680x448.
[2014.10.17-00.06.08:912][  2]LogAssetRegistry: Asset discovery search completed in 2.3616 seconds
[2014.10.17-00.06.35:897][809]Cmd: MAP LOAD FILE="../../../../../../Users/Brady Mathews/Documents/GitHub/treebeard/Unreal Project/DeathScene/Content/LOTR001_with_cameras003.umap" TEMPLATE=0 SHOWPROGRESS=1
[2014.10.17-00.06.35:898][809]LightingResults: New page: Lighting Build
[2014.10.17-00.06.35:925][809]LoadErrors: New page: Loading map: LOTR001_with_cameras003.umap
[2014.10.17-00.06.35:926][809]MapCheck: New page: Map Check
[2014.10.17-00.06.35:926][809]LightingResults: New page: Lighting Build
[2014.10.17-00.06.35:942][809]LogParticles: Destroying 0 GPU particle simulations for FXSystem 0x0000009587CCD300
[2014.10.17-00.06.36:212][809]LogLinker:Warning: Can't find file '/Game/Textures/board001_Uvs'
[2014.10.17-00.06.36:212][809]LogLinker:Warning: Can't find file for asset '/Game/Textures/board001_Uvs' while loading ../../../../../../Users/Brady Mathews/Documents/GitHub/treebeard/Unreal Project/DeathScene/Content/Materials/propMats/boards_Mat.uasset.
[2014.10.17-00.06.36:212][809]LoadErrors:Error: Error /Game/Materials/propMats/boards_Mat : Can't find file for asset. /Game/Textures/board001_Uvs
[2014.10.17-00.06.36:212][809]LogLinker:Warning: Can't find file '/Game/Textures/T_Rock_Sandstone_N'
[2014.10.17-00.06.36:212][809]LogLinker:Warning: Can't find file for asset '/Game/Textures/T_Rock_Sandstone_N' while loading ../../../../../../Users/Brady Mathews/Documents/GitHub/treebeard/Unreal Project/DeathScene/Content/Materials/propMats/boards_Mat.uasset.
[2014.10.17-00.06.36:212][809]LoadErrors:Error: Error /Game/Materials/propMats/boards_Mat : Can't find file for asset. /Game/Textures/T_Rock_Sandstone_N
[2014.10.17-00.06.36:213][809]LogLinker:Warning: Can't find file '/Game/Textures/board001_Uvs'
[2014.10.17-00.06.36:213][809]LogLinker:Warning: Can't find file for asset '/Game/Textures/board001_Uvs' while loading ../../../../../../Users/Brady Mathews/Documents/GitHub/treebeard/Unreal Project/DeathScene/Content/Materials/propMats/boards_Mat.uasset.
[2014.10.17-00.06.36:213][809]LogLinker:Warning: Can't find file '/Game/Textures/T_Rock_Sandstone_N'
[2014.10.17-00.06.36:213][809]LogLinker:Warning: Can't find file for asset '/Game/Textures/T_Rock_Sandstone_N' while loading ../../../../../../Users/Brady Mathews/Documents/GitHub/treebeard/Unreal Project/DeathScene/Content/Materials/propMats/boards_Mat.uasset.
[2014.10.17-00.06.36:574][809]LoadErrors:Error: Error Failed import: PhysicsAsset /Game/Props/idle_1_PhysicsAsset.idle_1_PhysicsAsset  in /Game/Props/Horses/idle_1
[2014.10.17-00.06.36:574][809]LoadErrors:Error: Error Failed import: Skeleton /Game/Props/idle_1_Skeleton.idle_1_Skeleton  in /Game/Props/Horses/idle_1
[2014.10.17-00.06.36:781][809]LogLinker:Warning: Can't find file '/Game/Textures/board001_Uvs'
[2014.10.17-00.06.36:781][809]LoadErrors: Info Failed to load /Game/Textures/board001_Uvs.board001_Uvs Referenced by MaterialExpressionTextureSample_0 Property /Script/Engine.MaterialExpressionTextureBase:Texture
[2014.10.17-00.06.36:781][809]LogLinker:Warning: Can't find file for asset '/Game/Textures/board001_Uvs' while loading NULL.
[2014.10.17-00.06.36:781][809]LogLinker:Warning: Can't find file '/Game/Textures/T_Rock_Sandstone_N'
[2014.10.17-00.06.36:782][809]LoadErrors: Info Failed to load /Game/Textures/T_Rock_Sandstone_N.T_Rock_Sandstone_N Referenced by MaterialExpressionTextureSample_1 Property /Script/Engine.MaterialExpressionTextureBase:Texture
[2014.10.17-00.06.36:782][809]LogLinker:Warning: Can't find file for asset '/Game/Textures/T_Rock_Sandstone_N' while loading NULL.
[2014.10.17-00.06.37:251][809]LogMaterial: Missing cached shader map for material boards_Mat, compiling.
[2014.10.17-00.06.37:254][809]LogMaterial:Warning: Failed to compile Material /Game/Materials/propMats/boards_Mat.boards_Mat for platform PCD3D_SM5, Default Material will be used in game.
[2014.10.17-00.06.37:254][809]LogMaterial:Warning: 	(Node TextureSample) TextureSample> Missing input texture
[2014.10.17-00.06.39:038][809]LogEditorServer: Finished looking for orphan Actors (0.000 secs)
[2014.10.17-00.06.39:038][809]LogAIModule: Creating AISystem for world LOTR001_with_cameras003
[2014.10.17-00.06.39:067][809]Cmd: MAP CHECKDEP
[2014.10.17-00.06.39:067][809]MapCheck: New page: LOTR001_with_cameras003 - Oct 16, 2014, 12:06:39 PM
[2014.10.17-00.06.39:229][809]MapCheck: Info ========== Map Check: 0 Error(s), 0 Warning(s), [161.257ms] ==========
[2014.10.17-00.06.39:229][809]LogFileHelpers: Loading map 'LOTR001_with_cameras003' took 3.332
[2014.10.17-00.06.39:898][810]Cmd: UpdateLandscapeEditorData -warnings
[2014.10.17-00.06.39:997][810]Cmd: UpdateLandscapeEditorData
[2014.10.17-00.07.11:946][ 41]LogDialogs:Warning: Supressed: Opening the Matinee Editor will reset all current Undo data. (Undo/Redo will only be available on matinee actions while it remains open)
[2014.10.17-00.07.11:949][ 41]LogInit: Transaction tracking system initialized
[2014.10.17-00.07.11:954][ 41]EditorErrors: New page: Matinee Initialization
[2014.10.17-00.07.56:306][946]Cmd: CAMERA ALIGN ACTIVEVIEWPORTONLY
[2014.10.17-00.07.56:306][946]Aligned camera to fit all selected actors.
[2014.10.17-00.08.18:102][646]Cmd: CAMERA ALIGN ACTIVEVIEWPORTONLY
[2014.10.17-00.08.18:102][646]Aligned camera to fit all selected actors.
[2014.10.17-00.08.25:572][890]LogEditorViewport: Clicking on Actor (LMB): SkeletalMeshActor (legolas)
[2014.10.17-00.08.39:882][355]LogContentBrowser:Verbose: The content browser source was changed by the sources view to 'None'
[2014.10.17-00.08.42:579][428]LogContentBrowser:Verbose: The content browser source was changed by the sources view to '/Game/Props'
[2014.10.17-00.08.45:926][542]LogContentBrowser:Verbose: The content browser source was changed by the sources view to '/Game/Props/aro'
[2014.10.17-00.09.02:134][631]LogFactory: FactoryCreateBinary: StaticMesh with FbxFactory (0 0 ../../../../../../Users/Brady Mathews/Documents/GitHub/treebeard/Models/Aragorn(Needs work)/new aragorn/FuseModel.fbx)
[2014.10.17-00.09.02:506][631]LogFbx: ItemName: GlobalSettings, ItemCount : 1
[2014.10.17-00.09.02:506][631]LogFbx: ItemName: NodeAttribute, ItemCount : 67
[2014.10.17-00.09.02:506][631]LogFbx: ItemName: Model, ItemCount : 74
[2014.10.17-00.09.02:506][631]LogFbx: ItemName: Material, ItemCount : 6
[2014.10.17-00.09.02:506][631]LogFbx: ItemName: Texture, ItemCount : 24
[2014.10.17-00.09.02:506][631]LogFbx: ItemName: Video, ItemCount : 24
[2014.10.17-00.09.02:506][631]LogFbx: ItemName: Geometry, ItemCount : 120
[2014.10.17-00.09.02:506][631]LogFbx: ItemName: Deformer, ItemCount : 216
[2014.10.17-00.09.02:506][631]LogFbx: ItemName: Pose, ItemCount : 1
[2014.10.17-00.09.02:506][631]LogFbx: ItemName: AnimationStack, ItemCount : 1
[2014.10.17-00.09.02:506][631]LogFbx: ItemName: AnimationLayer, ItemCount : 1
[2014.10.17-00.09.02:506][631]LogFbx: ItemName: AnimationCurveNode, ItemCount : 54
[2014.10.17-00.09.02:506][631]LogFbx: ItemName: AnimationCurve, ItemCount : 315
[2014.10.17-00.09.18:248][631]LogFbx: Loading FBX Scene from ../../../../../../Users/Brady Mathews/Documents/GitHub/treebeard/Models/Aragorn(Needs work)/new aragorn/FuseModel.fbx
[2014.10.17-00.09.18:518][631]LogFbx: FBX Scene Loaded Succesfully
[2014.10.17-00.09.18:529][631]LogFbx: =================================================
[2014.10.17-00.09.18:529][631]LogFbx: Dumping Node START [Body] : Total Deformer Count 2.
[2014.10.17-00.09.18:529][631]LogFbx: 	[Node 1] Skin (Type Skin).
[2014.10.17-00.09.18:529][631]LogFbx: =================================================
[2014.10.17-00.09.18:529][631]LogFbx: 	[Node 2] Facial_Blends (Type BlendShape).
[2014.10.17-00.09.18:529][631]LogFbx: =================================================
[2014.10.17-00.09.18:529][631]LogFbx: Dumping Node END [Body]
[2014.10.17-00.09.18:529][631]LogFbx: =================================================
[2014.10.17-00.09.18:529][631]LogFbx: Dumping Node START [Eyelashes] : Total Deformer Count 2.
[2014.10.17-00.09.18:529][631]LogFbx: 	[Node 1] Skin (Type Skin).
[2014.10.17-00.09.18:529][631]LogFbx: =================================================
[2014.10.17-00.09.18:529][631]LogFbx: 	[Node 2] Facial_Blends (Type BlendShape).
[2014.10.17-00.09.18:529][631]LogFbx: =================================================
[2014.10.17-00.09.18:529][631]LogFbx: Dumping Node END [Eyelashes]
[2014.10.17-00.09.18:529][631]LogFbx: =================================================
[2014.10.17-00.09.18:529][631]LogFbx: Dumping Node START [Tops] : Total Deformer Count 1.
[2014.10.17-00.09.18:529][631]LogFbx: 	[Node 1] Skin (Type Skin).
[2014.10.17-00.09.18:529][631]LogFbx: =================================================
[2014.10.17-00.09.18:529][631]LogFbx: Dumping Node END [Tops]
[2014.10.17-00.09.18:529][631]LogFbx: =================================================
[2014.10.17-00.09.18:529][631]LogFbx: Dumping Node START [Hair] : Total Deformer Count 1.
[2014.10.17-00.09.18:529][631]LogFbx: 	[Node 1] Skin (Type Skin).
[2014.10.17-00.09.18:529][631]LogFbx: =================================================
[2014.10.17-00.09.18:529][631]LogFbx: Dumping Node END [Hair]
[2014.10.17-00.09.18:529][631]LogFbx: =================================================
[2014.10.17-00.09.18:529][631]LogFbx: Dumping Node START [Beards] : Total Deformer Count 2.
[2014.10.17-00.09.18:529][631]LogFbx: 	[Node 1] Skin (Type Skin).
[2014.10.17-00.09.18:529][631]LogFbx: =================================================
[2014.10.17-00.09.18:529][631]LogFbx: 	[Node 2] Facial_Blends (Type BlendShape).
[2014.10.17-00.09.18:529][631]LogFbx: =================================================
[2014.10.17-00.09.18:529][631]LogFbx: Dumping Node END [Beards]
[2014.10.17-00.09.18:529][631]LogFbx: =================================================
[2014.10.17-00.09.18:529][631]LogFbx: Dumping Node START [Bottoms] : Total Deformer Count 1.
[2014.10.17-00.09.18:529][631]LogFbx: 	[Node 1] Skin (Type Skin).
[2014.10.17-00.09.18:529][631]LogFbx: =================================================
[2014.10.17-00.09.18:529][631]LogFbx: Dumping Node END [Bottoms]
[2014.10.17-00.09.18:529][631]LogFbx: =================================================
[2014.10.17-00.09.18:529][631]LogFbx: Dumping Node START [Shoes] : Total Deformer Count 1.
[2014.10.17-00.09.18:529][631]LogFbx: 	[Node 1] Skin (Type Skin).
[2014.10.17-00.09.18:529][631]LogFbx: =================================================
[2014.10.17-00.09.18:530][631]LogFbx: Dumping Node END [Shoes]
[2014.10.17-00.09.18:530][631]LogFbx: =================================================
[2014.10.17-00.09.18:530][631]LogFbx: Dumping Node START [Body] : Total Deformer Count 2.
[2014.10.17-00.09.18:530][631]LogFbx: 	[Node 1] Skin (Type Skin).
[2014.10.17-00.09.18:530][631]LogFbx: =================================================
[2014.10.17-00.09.18:530][631]LogFbx: 	[Node 2] Facial_Blends (Type BlendShape).
[2014.10.17-00.09.18:530][631]LogFbx: =================================================
[2014.10.17-00.09.18:530][631]LogFbx: Dumping Node END [Body]
[2014.10.17-00.09.18:530][631]LogFbx: =================================================
[2014.10.17-00.09.18:530][631]LogFbx: Dumping Node START [Eyelashes] : Total Deformer Count 2.
[2014.10.17-00.09.18:530][631]LogFbx: 	[Node 1] Skin (Type Skin).
[2014.10.17-00.09.18:530][631]LogFbx: =================================================
[2014.10.17-00.09.18:530][631]LogFbx: 	[Node 2] Facial_Blends (Type BlendShape).
[2014.10.17-00.09.18:530][631]LogFbx: =================================================
[2014.10.17-00.09.18:530][631]LogFbx: Dumping Node END [Eyelashes]
[2014.10.17-00.09.18:530][631]LogFbx: =================================================
[2014.10.17-00.09.18:530][631]LogFbx: Dumping Node START [Tops] : Total Deformer Count 1.
[2014.10.17-00.09.18:530][631]LogFbx: 	[Node 1] Skin (Type Skin).
[2014.10.17-00.09.18:530][631]LogFbx: =================================================
[2014.10.17-00.09.18:530][631]LogFbx: Dumping Node END [Tops]
[2014.10.17-00.09.18:530][631]LogFbx: =================================================
[2014.10.17-00.09.18:530][631]LogFbx: Dumping Node START [Hair] : Total Deformer Count 1.
[2014.10.17-00.09.18:530][631]LogFbx: 	[Node 1] Skin (Type Skin).
[2014.10.17-00.09.18:530][631]LogFbx: =================================================
[2014.10.17-00.09.18:530][631]LogFbx: Dumping Node END [Hair]
[2014.10.17-00.09.18:530][631]LogFbx: =================================================
[2014.10.17-00.09.18:530][631]LogFbx: Dumping Node START [Beards] : Total Deformer Count 2.
[2014.10.17-00.09.18:530][631]LogFbx: 	[Node 1] Skin (Type Skin).
[2014.10.17-00.09.18:530][631]LogFbx: =================================================
[2014.10.17-00.09.18:530][631]LogFbx: 	[Node 2] Facial_Blends (Type BlendShape).
[2014.10.17-00.09.18:530][631]LogFbx: =================================================
[2014.10.17-00.09.18:530][631]LogFbx: Dumping Node END [Beards]
[2014.10.17-00.09.18:530][631]LogFbx: =================================================
[2014.10.17-00.09.18:530][631]LogFbx: Dumping Node START [Bottoms] : Total Deformer Count 1.
[2014.10.17-00.09.18:530][631]LogFbx: 	[Node 1] Skin (Type Skin).
[2014.10.17-00.09.18:530][631]LogFbx: =================================================
[2014.10.17-00.09.18:530][631]LogFbx: Dumping Node END [Bottoms]
[2014.10.17-00.09.18:530][631]LogFbx: =================================================
[2014.10.17-00.09.18:530][631]LogFbx: Dumping Node START [Shoes] : Total Deformer Count 1.
[2014.10.17-00.09.18:530][631]LogFbx: 	[Node 1] Skin (Type Skin).
[2014.10.17-00.09.18:530][631]LogFbx: =================================================
[2014.10.17-00.09.18:530][631]LogFbx: Dumping Node END [Shoes]
[2014.10.17-00.09.18:537][631]LogFbx: Valid bind pose for Pose (BindPose) - Body
[2014.10.17-00.09.18:540][631]LogLinker:Warning: Can't find file '/Game/Props/aro/Bodymat'
[2014.10.17-00.09.18:540][631]LogLinker:Warning: Can't find file '/Game/Props/aro/Bodymat'
[2014.10.17-00.09.18:541][631]LogUObjectGlobals:Warning: Failed to find object 'MaterialInterface /Game/Props/aro/Bodymat.Bodymat'
[2014.10.17-00.09.18:543][631]LogLinker:Warning: Can't find file '/Game/Props/aro/FuseModel_Body_diffuse'
[2014.10.17-00.09.18:543][631]LogLinker:Warning: Can't find file '/Game/Props/aro/FuseModel_Body_diffuse'
[2014.10.17-00.09.18:543][631]LogUObjectGlobals:Warning: Failed to find object 'Texture /Game/Props/aro/FuseModel_Body_diffuse.FuseModel_Body_diffuse'
[2014.10.17-00.09.18:639][631]LogTexture:Display: Building textures: FuseModel_Body_diffuse (AutoDXT)
[2014.10.17-00.09.21:429][631]LogLinker:Warning: Can't find file '/Game/Props/aro/FuseModel_Body_specular'
[2014.10.17-00.09.21:429][631]LogLinker:Warning: Can't find file '/Game/Props/aro/FuseModel_Body_specular'
[2014.10.17-00.09.21:430][631]LogUObjectGlobals:Warning: Failed to find object 'Texture /Game/Props/aro/FuseModel_Body_specular.FuseModel_Body_specular'
[2014.10.17-00.09.21:515][631]LogTexture:Display: Building textures: FuseModel_Body_specular (AutoDXT)
[2014.10.17-00.09.21:937][631]LogLinker:Warning: Can't find file '/Game/Props/aro/FuseModel_Body_normal'
[2014.10.17-00.09.21:937][631]LogLinker:Warning: Can't find file '/Game/Props/aro/FuseModel_Body_normal'
[2014.10.17-00.09.21:937][631]LogUObjectGlobals:Warning: Failed to find object 'Texture /Game/Props/aro/FuseModel_Body_normal.FuseModel_Body_normal'
[2014.10.17-00.09.22:020][631]LogTexture:Display: Building textures: FuseModel_Body_normal (BC5)
[2014.10.17-00.09.22:296][631]LogMaterial: Missing cached shader map for material Bodymat, compiling.
[2014.10.17-00.09.22:366][631]LogFbx: Triangulating skeletal mesh Body
[2014.10.17-00.09.24:778][631]LogFbx: Triangulating skeletal mesh Eyelashes
[2014.10.17-00.09.24:801][631]LogLinker:Warning: Can't find file '/Game/Props/aro/Topmat'
[2014.10.17-00.09.24:801][631]LogLinker:Warning: Can't find file '/Game/Props/aro/Topmat'
[2014.10.17-00.09.24:801][631]LogUObjectGlobals:Warning: Failed to find object 'MaterialInterface /Game/Props/aro/Topmat.Topmat'
[2014.10.17-00.09.24:807][631]LogLinker:Warning: Can't find file '/Game/Props/aro/FuseModel_Top_diffuse'
[2014.10.17-00.09.24:807][631]LogLinker:Warning: Can't find file '/Game/Props/aro/FuseModel_Top_diffuse'
[2014.10.17-00.09.24:807][631]LogUObjectGlobals:Warning: Failed to find object 'Texture /Game/Props/aro/FuseModel_Top_diffuse.FuseModel_Top_diffuse'
[2014.10.17-00.09.24:940][631]LogTexture:Display: Building textures: FuseModel_Top_diffuse (AutoDXT)
[2014.10.17-00.09.28:237][631]LogLinker:Warning: Can't find file '/Game/Props/aro/FuseModel_Top_specular'
[2014.10.17-00.09.28:237][631]LogLinker:Warning: Can't find file '/Game/Props/aro/FuseModel_Top_specular'
[2014.10.17-00.09.28:237][631]LogUObjectGlobals:Warning: Failed to find object 'Texture /Game/Props/aro/FuseModel_Top_specular.FuseModel_Top_specular'
[2014.10.17-00.09.28:308][631]LogTexture:Display: Building textures: FuseModel_Top_specular (AutoDXT)
[2014.10.17-00.09.29:087][631]LogLinker:Warning: Can't find file '/Game/Props/aro/FuseModel_Top_normal'
[2014.10.17-00.09.29:087][631]LogLinker:Warning: Can't find file '/Game/Props/aro/FuseModel_Top_normal'
[2014.10.17-00.09.29:088][631]LogUObjectGlobals:Warning: Failed to find object 'Texture /Game/Props/aro/FuseModel_Top_normal.FuseModel_Top_normal'
[2014.10.17-00.09.29:184][631]LogTexture:Display: Building textures: FuseModel_Top_normal (BC5)
[2014.10.17-00.09.29:499][631]LogMaterial: Missing cached shader map for material Topmat, compiling.
[2014.10.17-00.09.29:563][631]LogFbx: Triangulating skeletal mesh Tops
[2014.10.17-00.09.30:270][631]LogLinker:Warning: Can't find file '/Game/Props/aro/Hairmat'
[2014.10.17-00.09.30:270][631]LogLinker:Warning: Can't find file '/Game/Props/aro/Hairmat'
[2014.10.17-00.09.30:270][631]LogUObjectGlobals:Warning: Failed to find object 'MaterialInterface /Game/Props/aro/Hairmat.Hairmat'
[2014.10.17-00.09.30:273][631]LogLinker:Warning: Can't find file '/Game/Props/aro/FuseModel_Hair_diffuse'
[2014.10.17-00.09.30:273][631]LogLinker:Warning: Can't find file '/Game/Props/aro/FuseModel_Hair_diffuse'
[2014.10.17-00.09.30:273][631]LogUObjectGlobals:Warning: Failed to find object 'Texture /Game/Props/aro/FuseModel_Hair_diffuse.FuseModel_Hair_diffuse'
[2014.10.17-00.09.30:289][631]LogTexture:Display: Building textures: FuseModel_Hair_diffuse (AutoDXT)
[2014.10.17-00.09.30:369][631]LogLinker:Warning: Can't find file '/Game/Props/aro/FuseModel_Hair_specular'
[2014.10.17-00.09.30:369][631]LogLinker:Warning: Can't find file '/Game/Props/aro/FuseModel_Hair_specular'
[2014.10.17-00.09.30:369][631]LogUObjectGlobals:Warning: Failed to find object 'Texture /Game/Props/aro/FuseModel_Hair_specular.FuseModel_Hair_specular'
[2014.10.17-00.09.30:387][631]LogTexture:Display: Building textures: FuseModel_Hair_specular (AutoDXT)
[2014.10.17-00.09.31:286][631]LogLinker:Warning: Can't find file '/Game/Props/aro/FuseModel_Hair_normal'
[2014.10.17-00.09.31:286][631]LogLinker:Warning: Can't find file '/Game/Props/aro/FuseModel_Hair_normal'
[2014.10.17-00.09.31:286][631]LogUObjectGlobals:Warning: Failed to find object 'Texture /Game/Props/aro/FuseModel_Hair_normal.FuseModel_Hair_normal'
[2014.10.17-00.09.31:303][631]LogTexture:Display: Building textures: FuseModel_Hair_normal (BC5)
[2014.10.17-00.09.31:385][631]LogMaterial: Missing cached shader map for material Hairmat, compiling.
[2014.10.17-00.09.31:454][631]LogFbx: Triangulating skeletal mesh Hair
[2014.10.17-00.09.32:458][631]LogLinker:Warning: Can't find file '/Game/Props/aro/Beardmat'
[2014.10.17-00.09.32:458][631]LogLinker:Warning: Can't find file '/Game/Props/aro/Beardmat'
[2014.10.17-00.09.32:458][631]LogUObjectGlobals:Warning: Failed to find object 'MaterialInterface /Game/Props/aro/Beardmat.Beardmat'
[2014.10.17-00.09.32:465][631]LogLinker:Warning: Can't find file '/Game/Props/aro/FuseModel_Beard_diffuse'
[2014.10.17-00.09.32:465][631]LogLinker:Warning: Can't find file '/Game/Props/aro/FuseModel_Beard_diffuse'
[2014.10.17-00.09.32:466][631]LogUObjectGlobals:Warning: Failed to find object 'Texture /Game/Props/aro/FuseModel_Beard_diffuse.FuseModel_Beard_diffuse'
[2014.10.17-00.09.32:484][631]LogTexture:Display: Building textures: FuseModel_Beard_diffuse (AutoDXT)
[2014.10.17-00.09.33:316][631]LogLinker:Warning: Can't find file '/Game/Props/aro/FuseModel_Beard_specular'
[2014.10.17-00.09.33:316][631]LogLinker:Warning: Can't find file '/Game/Props/aro/FuseModel_Beard_specular'
[2014.10.17-00.09.33:317][631]LogUObjectGlobals:Warning: Failed to find object 'Texture /Game/Props/aro/FuseModel_Beard_specular.FuseModel_Beard_specular'
[2014.10.17-00.09.33:334][631]LogTexture:Display: Building textures: FuseModel_Beard_specular (AutoDXT)
[2014.10.17-00.09.34:236][631]LogLinker:Warning: Can't find file '/Game/Props/aro/FuseModel_Beard_normal'
[2014.10.17-00.09.34:236][631]LogLinker:Warning: Can't find file '/Game/Props/aro/FuseModel_Beard_normal'
[2014.10.17-00.09.34:236][631]LogUObjectGlobals:Warning: Failed to find object 'Texture /Game/Props/aro/FuseModel_Beard_normal.FuseModel_Beard_normal'
[2014.10.17-00.09.34:252][631]LogTexture:Display: Building textures: FuseModel_Beard_normal (BC5)
[2014.10.17-00.09.34:350][631]LogMaterial: Missing cached shader map for material Beardmat, compiling.
[2014.10.17-00.09.34:411][631]LogFbx: Triangulating skeletal mesh Beards
[2014.10.17-00.09.34:446][631]LogLinker:Warning: Can't find file '/Game/Props/aro/Bottommat'
[2014.10.17-00.09.34:447][631]LogLinker:Warning: Can't find file '/Game/Props/aro/Bottommat'
[2014.10.17-00.09.34:447][631]LogUObjectGlobals:Warning: Failed to find object 'MaterialInterface /Game/Props/aro/Bottommat.Bottommat'
[2014.10.17-00.09.34:450][631]LogLinker:Warning: Can't find file '/Game/Props/aro/FuseModel_Bottom_diffuse'
[2014.10.17-00.09.34:451][631]LogLinker:Warning: Can't find file '/Game/Props/aro/FuseModel_Bottom_diffuse'
[2014.10.17-00.09.34:451][631]LogUObjectGlobals:Warning: Failed to find object 'Texture /Game/Props/aro/FuseModel_Bottom_diffuse.FuseModel_Bottom_diffuse'
[2014.10.17-00.09.34:570][631]LogTexture:Display: Building textures: FuseModel_Bottom_diffuse (AutoDXT)
[2014.10.17-00.09.36:946][631]LogLinker:Warning: Can't find file '/Game/Props/aro/FuseModel_Bottom_specular'
[2014.10.17-00.09.36:947][631]LogLinker:Warning: Can't find file '/Game/Props/aro/FuseModel_Bottom_specular'
[2014.10.17-00.09.36:947][631]LogUObjectGlobals:Warning: Failed to find object 'Texture /Game/Props/aro/FuseModel_Bottom_specular.FuseModel_Bottom_specular'
[2014.10.17-00.09.37:042][631]LogTexture:Display: Building textures: FuseModel_Bottom_specular (AutoDXT)
[2014.10.17-00.09.37:841][631]LogLinker:Warning: Can't find file '/Game/Props/aro/FuseModel_Bottom_normal'
[2014.10.17-00.09.37:841][631]LogLinker:Warning: Can't find file '/Game/Props/aro/FuseModel_Bottom_normal'
[2014.10.17-00.09.37:841][631]LogUObjectGlobals:Warning: Failed to find object 'Texture /Game/Props/aro/FuseModel_Bottom_normal.FuseModel_Bottom_normal'
[2014.10.17-00.09.37:971][631]LogTexture:Display: Building textures: FuseModel_Bottom_normal (BC5)
[2014.10.17-00.09.38:331][631]LogMaterial: Missing cached shader map for material Bottommat, compiling.
[2014.10.17-00.09.38:396][631]LogFbx: Triangulating skeletal mesh Bottoms
[2014.10.17-00.09.38:710][631]LogLinker:Warning: Can't find file '/Game/Props/aro/Shoesmat'
[2014.10.17-00.09.38:711][631]LogLinker:Warning: Can't find file '/Game/Props/aro/Shoesmat'
[2014.10.17-00.09.38:711][631]LogUObjectGlobals:Warning: Failed to find object 'MaterialInterface /Game/Props/aro/Shoesmat.Shoesmat'
[2014.10.17-00.09.38:714][631]LogLinker:Warning: Can't find file '/Game/Props/aro/FuseModel_Shoes_diffuse'
[2014.10.17-00.09.38:714][631]LogLinker:Warning: Can't find file '/Game/Props/aro/FuseModel_Shoes_diffuse'
[2014.10.17-00.09.38:714][631]LogUObjectGlobals:Warning: Failed to find object 'Texture /Game/Props/aro/FuseModel_Shoes_diffuse.FuseModel_Shoes_diffuse'
[2014.10.17-00.09.38:739][631]LogTexture:Display: Building textures: FuseModel_Shoes_diffuse (AutoDXT)
[2014.10.17-00.09.39:656][631]LogLinker:Warning: Can't find file '/Game/Props/aro/FuseModel_Shoes_specular'
[2014.10.17-00.09.39:657][631]LogLinker:Warning: Can't find file '/Game/Props/aro/FuseModel_Shoes_specular'
[2014.10.17-00.09.39:657][631]LogUObjectGlobals:Warning: Failed to find object 'Texture /Game/Props/aro/FuseModel_Shoes_specular.FuseModel_Shoes_specular'
[2014.10.17-00.09.39:675][631]LogTexture:Display: Building textures: FuseModel_Shoes_specular (AutoDXT)
[2014.10.17-00.09.39:817][631]LogLinker:Warning: Can't find file '/Game/Props/aro/FuseModel_Shoes_normal'
[2014.10.17-00.09.39:817][631]LogLinker:Warning: Can't find file '/Game/Props/aro/FuseModel_Shoes_normal'
[2014.10.17-00.09.39:817][631]LogUObjectGlobals:Warning: Failed to find object 'Texture /Game/Props/aro/FuseModel_Shoes_normal.FuseModel_Shoes_normal'
[2014.10.17-00.09.39:845][631]LogTexture:Display: Building textures: FuseModel_Shoes_normal (BC5)
[2014.10.17-00.09.39:951][631]LogMaterial: Missing cached shader map for material Shoesmat, compiling.
[2014.10.17-00.09.40:018][631]LogFbx: Triangulating skeletal mesh Shoes
[2014.10.17-00.09.40:534][631]LogFbx:Warning: Bones digested - 67  Depth of hierarchy - 12
[2014.10.17-00.09.41:624][631]LogSkeletalMesh: Chunk 0: 5197 rigid vertices, 1695 soft vertices, 41 active bones
[2014.10.17-00.09.41:624][631]LogSkeletalMesh: Chunk 1: 116 rigid vertices, 1973 soft vertices, 20 active bones
[2014.10.17-00.09.41:625][631]LogSkeletalMesh: Chunk 2: 2297 rigid vertices, 1399 soft vertices, 9 active bones
[2014.10.17-00.09.41:625][631]LogSkeletalMesh: Chunk 3: 138 rigid vertices, 0 soft vertices, 1 active bones
[2014.10.17-00.09.41:625][631]LogSkeletalMesh: Chunk 4: 90 rigid vertices, 832 soft vertices, 9 active bones
[2014.10.17-00.09.41:626][631]LogSkeletalMesh: Chunk 5: 436 rigid vertices, 768 soft vertices, 8 active bones
[2014.10.17-00.09.41:689][631]LogSkeletalMesh: Section 0: Material=0, Chunk=0, 11578 triangles
[2014.10.17-00.09.41:689][631]LogSkeletalMesh: Section 1: Material=1, Chunk=1, 3244 triangles
[2014.10.17-00.09.41:689][631]LogSkeletalMesh: Section 2: Material=2, Chunk=2, 4572 triangles
[2014.10.17-00.09.41:689][631]LogSkeletalMesh: Section 3: Material=3, Chunk=3, 124 triangles
[2014.10.17-00.09.41:689][631]LogSkeletalMesh: Section 4: Material=4, Chunk=4, 1418 triangles
[2014.10.17-00.09.41:689][631]LogSkeletalMesh: Section 5: Material=5, Chunk=5, 2128 triangles
[2014.10.17-00.09.41:694][631]LogLinker:Warning: Can't find file '/Game/Props/aro/FuseModel_PhysicsAsset'
[2014.10.17-00.09.41:694][631]LogUObjectGlobals:Warning: Failed to find object 'Object /Game/Props/aro/FuseModel_PhysicsAsset.FuseModel_PhysicsAsset'
[2014.10.17-00.09.41:700][631]LogLinker:Warning: Can't find file '/Game/Props/aro/FuseModel_Skeleton'
[2014.10.17-00.09.41:700][631]LogUObjectGlobals:Warning: Failed to find object 'Object /Game/Props/aro/FuseModel_Skeleton.FuseModel_Skeleton'
[2014.10.17-00.09.41:732][631]FBXImport:Warning: Warning Warning: No smoothing group information was found in this FBX scene.  Please make sure to enable the 'Export Smoothing Groups' option in the FBX Exporter plug-in before exporting the file.  Even for tools that don't support smoothing groups, the FBX Exporter will generate appropriate smoothing data at export-time so that correct vertex normals can be inferred while importing. 
[2014.10.17-00.09.41:732][631]FBXImport:Warning: Warning Warning: The following bones are missing from the bind pose.  This can happen for bones that are not vert weighted.  If they are not in the correct orientation after importing, please set the "Use T0 as ref pose" option or add them to the bind pose and reimport the skeletal mesh 

mixamorig:HeadTop_End  
mixamorig:LeftHandThumb4  
mixamorig:LeftHandIndex4  
mixamorig:LeftHandMiddle4  
mixamorig:LeftHandRing4  
mixamorig:LeftHandPinky4  
mixamorig:RightHandPinky4  
mixamorig:RightHandRing4  
mixamorig:RightHandMiddle4  
mixamorig:RightHandIndex4  
mixamorig:RightHandThumb4  
mixamorig:RightToe_End  
mixamorig:LeftToe_End  
 
[2014.10.17-00.09.41:752][631]LogContentBrowser:Verbose: The content browser source was changed by the sources view to 'None'
[2014.10.17-00.09.41:752][631]LogContentBrowser:Verbose: The content browser source was changed by the sources view to '/Game/Props/aro'
[2014.10.17-00.09.41:943][632]LogMaterial:Warning: Material /Game/Props/aro/Bodymat.Bodymat needed to have new flag set bUsedWithSkeletalMesh !
[2014.10.17-00.09.41:986][632]LogMaterial: Missing cached shader map for material Bodymat, compiling.
[2014.10.17-00.09.42:013][632]LogMaterial: 0.000273 seconds spent updating 1 materials, 1 interfaces, 0 instances, 0 with static permutations.
[2014.10.17-00.09.42:013][632]LogMaterial:Warning: Material /Game/Props/aro/Topmat.Topmat needed to have new flag set bUsedWithSkeletalMesh !
[2014.10.17-00.09.42:016][632]LogMaterial: Missing cached shader map for material Topmat, compiling.
[2014.10.17-00.09.42:034][632]LogMaterial: 0.000212 seconds spent updating 1 materials, 1 interfaces, 0 instances, 0 with static permutations.
[2014.10.17-00.09.42:034][632]LogMaterial:Warning: Material /Game/Props/aro/Hairmat.Hairmat needed to have new flag set bUsedWithSkeletalMesh !
[2014.10.17-00.09.42:037][632]LogMaterial: Missing cached shader map for material Hairmat, compiling.
[2014.10.17-00.09.42:055][632]LogMaterial: 0.000220 seconds spent updating 1 materials, 1 interfaces, 0 instances, 0 with static permutations.
[2014.10.17-00.09.42:055][632]LogMaterial:Warning: Material /Game/Props/aro/Beardmat.Beardmat needed to have new flag set bUsedWithSkeletalMesh !
[2014.10.17-00.09.42:058][632]LogMaterial: Missing cached shader map for material Beardmat, compiling.
[2014.10.17-00.09.42:077][632]LogMaterial: 0.000224 seconds spent updating 1 materials, 1 interfaces, 0 instances, 0 with static permutations.
[2014.10.17-00.09.42:077][632]LogMaterial:Warning: Material /Game/Props/aro/Bottommat.Bottommat needed to have new flag set bUsedWithSkeletalMesh !
[2014.10.17-00.09.42:079][632]LogMaterial: Missing cached shader map for material Bottommat, compiling.
[2014.10.17-00.09.42:098][632]LogMaterial: 0.000224 seconds spent updating 1 materials, 1 interfaces, 0 instances, 0 with static permutations.
[2014.10.17-00.09.42:098][632]LogMaterial:Warning: Material /Game/Props/aro/Shoesmat.Shoesmat needed to have new flag set bUsedWithSkeletalMesh !
[2014.10.17-00.09.42:101][632]LogMaterial: Missing cached shader map for material Shoesmat, compiling.
[2014.10.17-00.09.42:120][632]LogMaterial: 0.000218 seconds spent updating 1 materials, 1 interfaces, 0 instances, 0 with static permutations.
[2014.10.17-00.10.07:372][428]Cmd: CAMERA ALIGN ACTIVEVIEWPORTONLY
[2014.10.17-00.10.07:372][428]Aligned camera to fit all selected actors.
[2014.10.17-00.10.37:188][211]LogContentBrowser:Verbose: The content browser source was changed by the sources view to 'None'
[2014.10.17-00.10.38:714][247]LogContentBrowser:Verbose: The content browser source was changed by the sources view to '/Game/Animations'
[2014.10.17-00.10.40:950][328]LogContentBrowser:Verbose: The content browser source was changed by the sources view to '/Game/Animations'
[2014.10.17-00.11.03:007][ 17]LogContentBrowser:Verbose: The content browser source was changed by the sources view to '/Game/Animations/Aerogorn'
[2014.10.17-00.11.18:324][219]LogFactory: FactoryCreateBinary: StaticMesh with FbxFactory (0 0 ../../../../../../Users/Brady Mathews/Documents/GitHub/treebeard/Unexported Animation/horse_ride.fbx)
[2014.10.17-00.11.18:702][219]LogFbx: ItemName: GlobalSettings, ItemCount : 1
[2014.10.17-00.11.18:703][219]LogFbx: ItemName: AnimationStack, ItemCount : 1
[2014.10.17-00.11.18:703][219]LogFbx: ItemName: AnimationLayer, ItemCount : 2
[2014.10.17-00.11.18:703][219]LogFbx: ItemName: Geometry, ItemCount : 69
[2014.10.17-00.11.18:703][219]LogFbx: ItemName: Material, ItemCount : 6
[2014.10.17-00.11.18:703][219]LogFbx: ItemName: Texture, ItemCount : 20
[2014.10.17-00.11.18:703][219]LogFbx: ItemName: Model, ItemCount : 73
[2014.10.17-00.11.18:703][219]LogFbx: ItemName: NodeAttribute, ItemCount : 67
[2014.10.17-00.11.18:703][219]LogFbx: ItemName: AnimationCurveNode, ItemCount : 342
[2014.10.17-00.11.18:703][219]LogFbx: ItemName: AnimationCurve, ItemCount : 558
[2014.10.17-00.11.18:703][219]LogFbx: ItemName: Pose, ItemCount : 6
[2014.10.17-00.11.18:703][219]LogFbx: ItemName: Deformer, ItemCount : 162
[2014.10.17-00.11.18:703][219]LogFbx: ItemName: Video, ItemCount : 20
[2014.10.17-00.11.40:134][219]LogFbx: Loading FBX Scene from ../../../../../../Users/Brady Mathews/Documents/GitHub/treebeard/Unexported Animation/horse_ride.fbx
[2014.10.17-00.11.40:569][219]LogFbx: FBX Scene Loaded Succesfully
[2014.10.17-00.11.40:584][219]LogFbx: =================================================
[2014.10.17-00.11.40:584][219]LogFbx: Dumping Node START [Body] : Total Deformer Count 2.
[2014.10.17-00.11.40:584][219]LogFbx: 	[Node 1]  (Type Skin).
[2014.10.17-00.11.40:584][219]LogFbx: =================================================
[2014.10.17-00.11.40:584][219]LogFbx: 	[Node 2] Facial_Blends (Type BlendShape).
[2014.10.17-00.11.40:584][219]LogFbx: =================================================
[2014.10.17-00.11.40:584][219]LogFbx: Dumping Node END [Body]
[2014.10.17-00.11.40:584][219]LogFbx: =================================================
[2014.10.17-00.11.40:584][219]LogFbx: Dumping Node START [Eyelashes] : Total Deformer Count 2.
[2014.10.17-00.11.40:584][219]LogFbx: 	[Node 1]  (Type Skin).
[2014.10.17-00.11.40:584][219]LogFbx: =================================================
[2014.10.17-00.11.40:584][219]LogFbx: 	[Node 2] Facial_Blends (Type BlendShape).
[2014.10.17-00.11.40:584][219]LogFbx: =================================================
[2014.10.17-00.11.40:584][219]LogFbx: Dumping Node END [Eyelashes]
[2014.10.17-00.11.40:584][219]LogFbx: =================================================
[2014.10.17-00.11.40:584][219]LogFbx: Dumping Node START [Bottoms] : Total Deformer Count 1.
[2014.10.17-00.11.40:584][219]LogFbx: 	[Node 1]  (Type Skin).
[2014.10.17-00.11.40:584][219]LogFbx: =================================================
[2014.10.17-00.11.40:584][219]LogFbx: Dumping Node END [Bottoms]
[2014.10.17-00.11.40:584][219]LogFbx: =================================================
[2014.10.17-00.11.40:584][219]LogFbx: Dumping Node START [Hair] : Total Deformer Count 1.
[2014.10.17-00.11.40:584][219]LogFbx: 	[Node 1]  (Type Skin).
[2014.10.17-00.11.40:584][219]LogFbx: =================================================
[2014.10.17-00.11.40:584][219]LogFbx: Dumping Node END [Hair]
[2014.10.17-00.11.40:584][219]LogFbx: =================================================
[2014.10.17-00.11.40:584][219]LogFbx: Dumping Node START [Tops] : Total Deformer Count 1.
[2014.10.17-00.11.40:584][219]LogFbx: 	[Node 1]  (Type Skin).
[2014.10.17-00.11.40:584][219]LogFbx: =================================================
[2014.10.17-00.11.40:584][219]LogFbx: Dumping Node END [Tops]
[2014.10.17-00.11.40:584][219]LogFbx: =================================================
[2014.10.17-00.11.40:584][219]LogFbx: Dumping Node START [Shoes] : Total Deformer Count 1.
[2014.10.17-00.11.40:584][219]LogFbx: 	[Node 1]  (Type Skin).
[2014.10.17-00.11.40:584][219]LogFbx: =================================================
[2014.10.17-00.11.40:584][219]LogFbx: Dumping Node END [Shoes]
[2014.10.17-00.11.40:585][219]LogFbx: =================================================
[2014.10.17-00.11.40:585][219]LogFbx: Dumping Node START [Body] : Total Deformer Count 2.
[2014.10.17-00.11.40:585][219]LogFbx: 	[Node 1]  (Type Skin).
[2014.10.17-00.11.40:585][219]LogFbx: =================================================
[2014.10.17-00.11.40:585][219]LogFbx: 	[Node 2] Facial_Blends (Type BlendShape).
[2014.10.17-00.11.40:585][219]LogFbx: =================================================
[2014.10.17-00.11.40:585][219]LogFbx: Dumping Node END [Body]
[2014.10.17-00.11.40:585][219]LogFbx: =================================================
[2014.10.17-00.11.40:585][219]LogFbx: Dumping Node START [Eyelashes] : Total Deformer Count 2.
[2014.10.17-00.11.40:585][219]LogFbx: 	[Node 1]  (Type Skin).
[2014.10.17-00.11.40:585][219]LogFbx: =================================================
[2014.10.17-00.11.40:585][219]LogFbx: 	[Node 2] Facial_Blends (Type BlendShape).
[2014.10.17-00.11.40:585][219]LogFbx: =================================================
[2014.10.17-00.11.40:585][219]LogFbx: Dumping Node END [Eyelashes]
[2014.10.17-00.11.40:585][219]LogFbx: =================================================
[2014.10.17-00.11.40:585][219]LogFbx: Dumping Node START [Bottoms] : Total Deformer Count 1.
[2014.10.17-00.11.40:585][219]LogFbx: 	[Node 1]  (Type Skin).
[2014.10.17-00.11.40:585][219]LogFbx: =================================================
[2014.10.17-00.11.40:585][219]LogFbx: Dumping Node END [Bottoms]
[2014.10.17-00.11.40:585][219]LogFbx: =================================================
[2014.10.17-00.11.40:585][219]LogFbx: Dumping Node START [Hair] : Total Deformer Count 1.
[2014.10.17-00.11.40:585][219]LogFbx: 	[Node 1]  (Type Skin).
[2014.10.17-00.11.40:585][219]LogFbx: =================================================
[2014.10.17-00.11.40:585][219]LogFbx: Dumping Node END [Hair]
[2014.10.17-00.11.40:585][219]LogFbx: =================================================
[2014.10.17-00.11.40:585][219]LogFbx: Dumping Node START [Tops] : Total Deformer Count 1.
[2014.10.17-00.11.40:585][219]LogFbx: 	[Node 1]  (Type Skin).
[2014.10.17-00.11.40:585][219]LogFbx: =================================================
[2014.10.17-00.11.40:585][219]LogFbx: Dumping Node END [Tops]
[2014.10.17-00.11.40:585][219]LogFbx: =================================================
[2014.10.17-00.11.40:585][219]LogFbx: Dumping Node START [Shoes] : Total Deformer Count 1.
[2014.10.17-00.11.40:586][219]LogFbx: 	[Node 1]  (Type Skin).
[2014.10.17-00.11.40:586][219]LogFbx: =================================================
[2014.10.17-00.11.40:586][219]LogFbx: Dumping Node END [Shoes]
[2014.10.17-00.11.40:588][219]LogFbx: SortedLinks :(0) Hips
[2014.10.17-00.11.40:589][219]LogFbx: SortedLinks :(1) Spine
[2014.10.17-00.11.40:589][219]LogFbx: SortedLinks :(2) Spine1
[2014.10.17-00.11.40:589][219]LogFbx: SortedLinks :(3) Spine2
[2014.10.17-00.11.40:589][219]LogFbx: SortedLinks :(4) Neck
[2014.10.17-00.11.40:589][219]LogFbx: SortedLinks :(5) Head
[2014.10.17-00.11.40:589][219]LogFbx: SortedLinks :(6) HeadTop_End
[2014.10.17-00.11.40:589][219]LogFbx: SortedLinks :(7) RightEye
[2014.10.17-00.11.40:589][219]LogFbx: SortedLinks :(8) LeftEye
[2014.10.17-00.11.40:589][219]LogFbx: SortedLinks :(9) LeftShoulder
[2014.10.17-00.11.40:589][219]LogFbx: SortedLinks :(10) LeftArm
[2014.10.17-00.11.40:589][219]LogFbx: SortedLinks :(11) LeftForeArm
[2014.10.17-00.11.40:589][219]LogFbx: SortedLinks :(12) LeftHand
[2014.10.17-00.11.40:589][219]LogFbx: SortedLinks :(13) LeftHandThumb1
[2014.10.17-00.11.40:589][219]LogFbx: SortedLinks :(14) LeftHandThumb2
[2014.10.17-00.11.40:589][219]LogFbx: SortedLinks :(15) LeftHandThumb3
[2014.10.17-00.11.40:589][219]LogFbx: SortedLinks :(16) LeftHandThumb4
[2014.10.17-00.11.40:589][219]LogFbx: SortedLinks :(17) LeftHandIndex1
[2014.10.17-00.11.40:589][219]LogFbx: SortedLinks :(18) LeftHandIndex2
[2014.10.17-00.11.40:589][219]LogFbx: SortedLinks :(19) LeftHandIndex3
[2014.10.17-00.11.40:589][219]LogFbx: SortedLinks :(20) LeftHandIndex4
[2014.10.17-00.11.40:589][219]LogFbx: SortedLinks :(21) LeftHandMiddle1
[2014.10.17-00.11.40:589][219]LogFbx: SortedLinks :(22) LeftHandMiddle2
[2014.10.17-00.11.40:589][219]LogFbx: SortedLinks :(23) LeftHandMiddle3
[2014.10.17-00.11.40:589][219]LogFbx: SortedLinks :(24) LeftHandMiddle4
[2014.10.17-00.11.40:589][219]LogFbx: SortedLinks :(25) LeftHandRing1
[2014.10.17-00.11.40:589][219]LogFbx: SortedLinks :(26) LeftHandRing2
[2014.10.17-00.11.40:589][219]LogFbx: SortedLinks :(27) LeftHandRing3
[2014.10.17-00.11.40:589][219]LogFbx: SortedLinks :(28) LeftHandRing4
[2014.10.17-00.11.40:589][219]LogFbx: SortedLinks :(29) LeftHandPinky1
[2014.10.17-00.11.40:589][219]LogFbx: SortedLinks :(30) LeftHandPinky2
[2014.10.17-00.11.40:589][219]LogFbx: SortedLinks :(31) LeftHandPinky3
[2014.10.17-00.11.40:589][219]LogFbx: SortedLinks :(32) LeftHandPinky4
[2014.10.17-00.11.40:589][219]LogFbx: SortedLinks :(33) RightShoulder
[2014.10.17-00.11.40:589][219]LogFbx: SortedLinks :(34) RightArm
[2014.10.17-00.11.40:589][219]LogFbx: SortedLinks :(35) RightForeArm
[2014.10.17-00.11.40:589][219]LogFbx: SortedLinks :(36) RightHand
[2014.10.17-00.11.40:589][219]LogFbx: SortedLinks :(37) RightHandPinky1
[2014.10.17-00.11.40:589][219]LogFbx: SortedLinks :(38) RightHandPinky2
[2014.10.17-00.11.40:589][219]LogFbx: SortedLinks :(39) RightHandPinky3
[2014.10.17-00.11.40:589][219]LogFbx: SortedLinks :(40) RightHandPinky4
[2014.10.17-00.11.40:589][219]LogFbx: SortedLinks :(41) RightHandRing1
[2014.10.17-00.11.40:589][219]LogFbx: SortedLinks :(42) RightHandRing2
[2014.10.17-00.11.40:589][219]LogFbx: SortedLinks :(43) RightHandRing3
[2014.10.17-00.11.40:589][219]LogFbx: SortedLinks :(44) RightHandRing4
[2014.10.17-00.11.40:589][219]LogFbx: SortedLinks :(45) RightHandMiddle1
[2014.10.17-00.11.40:589][219]LogFbx: SortedLinks :(46) RightHandMiddle2
[2014.10.17-00.11.40:589][219]LogFbx: SortedLinks :(47) RightHandMiddle3
[2014.10.17-00.11.40:589][219]LogFbx: SortedLinks :(48) RightHandMiddle4
[2014.10.17-00.11.40:589][219]LogFbx: SortedLinks :(49) RightHandIndex1
[2014.10.17-00.11.40:589][219]LogFbx: SortedLinks :(50) RightHandIndex2
[2014.10.17-00.11.40:589][219]LogFbx: SortedLinks :(51) RightHandIndex3
[2014.10.17-00.11.40:589][219]LogFbx: SortedLinks :(52) RightHandIndex4
[2014.10.17-00.11.40:589][219]LogFbx: SortedLinks :(53) RightHandThumb1
[2014.10.17-00.11.40:589][219]LogFbx: SortedLinks :(54) RightHandThumb2
[2014.10.17-00.11.40:589][219]LogFbx: SortedLinks :(55) RightHandThumb3
[2014.10.17-00.11.40:589][219]LogFbx: SortedLinks :(56) RightHandThumb4
[2014.10.17-00.11.40:589][219]LogFbx: SortedLinks :(57) RightUpLeg
[2014.10.17-00.11.40:589][219]LogFbx: SortedLinks :(58) RightLeg
[2014.10.17-00.11.40:589][219]LogFbx: SortedLinks :(59) RightFoot
[2014.10.17-00.11.40:590][219]LogFbx: SortedLinks :(60) RightToeBase
[2014.10.17-00.11.40:590][219]LogFbx: SortedLinks :(61) RightToe_End
[2014.10.17-00.11.40:590][219]LogFbx: SortedLinks :(62) LeftUpLeg
[2014.10.17-00.11.40:590][219]LogFbx: SortedLinks :(63) LeftLeg
[2014.10.17-00.11.40:590][219]LogFbx: SortedLinks :(64) LeftFoot
[2014.10.17-00.11.40:590][219]LogFbx: SortedLinks :(65) LeftToeBase
[2014.10.17-00.11.40:590][219]LogFbx: SortedLinks :(66) LeftToe_End
[2014.10.17-00.11.40:592][219]LogFbx: Parsing AnimStack Take 001
[2014.10.17-00.11.40:613][219]LogLinker:Warning: Can't find file '/Game/Animations/Aerogorn/horse_ride'
[2014.10.17-00.11.40:613][219]LogUObjectGlobals:Warning: Failed to find object 'Object /Game/Animations/Aerogorn/horse_ride.horse_ride'
[2014.10.17-00.11.42:121][219]LogContentBrowser:Verbose: The content browser source was changed by the sources view to 'None'
[2014.10.17-00.11.42:122][219]LogContentBrowser:Verbose: The content browser source was changed by the sources view to '/Game/Animations/Aerogorn'
[2014.10.17-00.11.50:839][484]LogEditorViewport: Clicking on Actor (LMB): SkeletalMeshActor (legolas_2)
[2014.10.17-00.12.00:089][831]Cmd: DELETE
[2014.10.17-00.12.00:089][831]Cmd: ACTOR DELETE
[2014.10.17-00.12.00:104][831]LogEditorActor: Deleted Actor: SkeletalMeshActor
[2014.10.17-00.12.00:155][831]LogExit: Transaction tracking system shut down
[2014.10.17-00.12.00:164][831]LogEditorActor: Deleted 1 Actors (0.075 secs)
[2014.10.17-00.12.03:912][ 23]LogEditorViewport: Clicking on Actor (LMB): SkeletalMeshActor (FuseModel)
[2014.10.17-00.12.13:951][562]LogDialogs:Warning: Supressed: Opening the Matinee Editor will reset all current Undo data. (Undo/Redo will only be available on matinee actions while it remains open)
[2014.10.17-00.12.13:952][562]LogInit: Transaction tracking system initialized
[2014.10.17-00.12.13:953][562]EditorErrors: New page: Matinee Initialization
[2014.10.17-00.12.38:585][320]Cmd: CAMERA ALIGN ACTIVEVIEWPORTONLY
[2014.10.17-00.12.38:585][320]Aligned camera to fit all selected actors.
[2014.10.17-00.12.42:049][423]LogEditorViewport: Clicking on Actor (LMB): SkeletalMeshActor (legolas)
[2014.10.17-00.13.11:471][161]LogEditorViewport: Clicking on Actor (LMB): SkeletalMeshActor (gimili)
[2014.10.17-00.13.23:947][498]LogRenderer:Warning: Reallocating scene render targets to support 680x624.
[2014.10.17-00.13.28:192][602]Cmd: CAMERA ALIGN ACTIVEVIEWPORTONLY
[2014.10.17-00.13.28:192][602]Aligned camera to fit all selected actors.
[2014.10.17-00.13.46:779][ 24]LogExit: Transaction tracking system shut down
[2014.10.17-00.13.52:539][ 24]LogSavePackage: Save=5718.127441ms
[2014.10.17-00.13.52:539][ 24]LogSavePackage: Moving '../../../../../../Users/Brady Mathews/Documents/GitHub/treebeard/Unreal Project/DeathScene/Saved/LOTR001_with_cameras0032941B02042B199FE506A8E8265CA2F77.tmp' to '../../../../../../Users/Brady Mathews/Documents/GitHub/treebeard/Unreal Project/DeathScene/Content/LOTR001_with_cameras003.umap'
[2014.10.17-00.13.52:577][ 24]LogFileHelpers: Saving map 'LOTR001_with_cameras003' took 6.114
[2014.10.17-00.13.52:607][ 24]Cmd: OBJ SAVEPACKAGE PACKAGE="/Game/Props/aro/FuseModel" FILE="../../../../../../Users/Brady Mathews/Documents/GitHub/treebeard/Unreal Project/DeathScene/Content/Props/aro/FuseModel.uasset" SILENT=true
[2014.10.17-00.13.52:857][ 24]LogSavePackage: Save=245.895981ms
[2014.10.17-00.13.52:857][ 24]LogSavePackage: Moving '../../../../../../Users/Brady Mathews/Documents/GitHub/treebeard/Unreal Project/DeathScene/Saved/FuseModel48CEBDD24E4F6AE4E0C6D5A166C04459.tmp' to '../../../../../../Users/Brady Mathews/Documents/GitHub/treebeard/Unreal Project/DeathScene/Content/Props/aro/FuseModel.uasset'
[2014.10.17-00.13.52:888][ 24]Cmd: OBJ SAVEPACKAGE PACKAGE="/Game/Props/aro/Bodymat" FILE="../../../../../../Users/Brady Mathews/Documents/GitHub/treebeard/Unreal Project/DeathScene/Content/Props/aro/Bodymat.uasset" SILENT=true
[2014.10.17-00.13.53:185][ 24]LogSavePackage: Save=294.552887ms
[2014.10.17-00.13.53:185][ 24]LogSavePackage: Moving '../../../../../../Users/Brady Mathews/Documents/GitHub/treebeard/Unreal Project/DeathScene/Saved/BodymatEE8C8BD94AFCBA10A5C74395458BEBFF.tmp' to '../../../../../../Users/Brady Mathews/Documents/GitHub/treebeard/Unreal Project/DeathScene/Content/Props/aro/Bodymat.uasset'
[2014.10.17-00.14.00:420][ 24]LogSavePackage: Save=7206.115723ms
[2014.10.17-00.14.00:420][ 24]LogSavePackage: Moving '../../../../../../Users/Brady Mathews/Documents/GitHub/treebeard/Unreal Project/DeathScene/Saved/FuseModel_Body_diffuse2B7FDD8B468BFEA822074EA2359230A3.tmp' to '../../../../../../Users/Brady Mathews/Documents/GitHub/treebeard/Unreal Project/DeathScene/Content/Props/aro/FuseModel_Body_diffuse.uasset'
[2014.10.17-00.14.05:078][ 24]LogSavePackage: Save=4628.662109ms
[2014.10.17-00.14.05:078][ 24]LogSavePackage: Moving '../../../../../../Users/Brady Mathews/Documents/GitHub/treebeard/Unreal Project/DeathScene/Saved/FuseModel_Body_specularD57BA1DD40833F12EDCE839C8F16DF64.tmp' to '../../../../../../Users/Brady Mathews/Documents/GitHub/treebeard/Unreal Project/DeathScene/Content/Props/aro/FuseModel_Body_specular.uasset'
[2014.10.17-00.14.13:114][ 24]LogSavePackage: Save=8006.580566ms
[2014.10.17-00.14.13:114][ 24]LogSavePackage: Moving '../../../../../../Users/Brady Mathews/Documents/GitHub/treebeard/Unreal Project/DeathScene/Saved/FuseModel_Body_normal8440A4E64395E80B343475AA144497A0.tmp' to '../../../../../../Users/Brady Mathews/Documents/GitHub/treebeard/Unreal Project/DeathScene/Content/Props/aro/FuseModel_Body_normal.uasset'
[2014.10.17-00.14.13:153][ 24]Cmd: OBJ SAVEPACKAGE PACKAGE="/Game/Props/aro/Topmat" FILE="../../../../../../Users/Brady Mathews/Documents/GitHub/treebeard/Unreal Project/DeathScene/Content/Props/aro/Topmat.uasset" SILENT=true
[2014.10.17-00.14.13:394][ 24]LogSavePackage: Save=235.993668ms
[2014.10.17-00.14.13:394][ 24]LogSavePackage: Moving '../../../../../../Users/Brady Mathews/Documents/GitHub/treebeard/Unreal Project/DeathScene/Saved/Topmat326AB3A94636BEAAA918C9A76D70E1A3.tmp' to '../../../../../../Users/Brady Mathews/Documents/GitHub/treebeard/Unreal Project/DeathScene/Content/Props/aro/Topmat.uasset'
[2014.10.17-00.14.19:739][ 24]LogSavePackage: Save=6310.895996ms
[2014.10.17-00.14.19:739][ 24]LogSavePackage: Moving '../../../../../../Users/Brady Mathews/Documents/GitHub/treebeard/Unreal Project/DeathScene/Saved/FuseModel_Top_diffuse2809B818494FFFDD0FDD45A7B8088113.tmp' to '../../../../../../Users/Brady Mathews/Documents/GitHub/treebeard/Unreal Project/DeathScene/Content/Props/aro/FuseModel_Top_diffuse.uasset'
[2014.10.17-00.14.23:534][ 24]LogSavePackage: Save=3765.711182ms
[2014.10.17-00.14.23:534][ 24]LogSavePackage: Moving '../../../../../../Users/Brady Mathews/Documents/GitHub/treebeard/Unreal Project/DeathScene/Saved/FuseModel_Top_specularBD31D0D5467DF01C8505FC84CC21AAD8.tmp' to '../../../../../../Users/Brady Mathews/Documents/GitHub/treebeard/Unreal Project/DeathScene/Content/Props/aro/FuseModel_Top_specular.uasset'
[2014.10.17-00.14.26:437][ 24]LogSavePackage: Save=2873.098877ms
[2014.10.17-00.14.26:437][ 24]LogSavePackage: Moving '../../../../../../Users/Brady Mathews/Documents/GitHub/treebeard/Unreal Project/DeathScene/Saved/FuseModel_Top_normalBC6B6996479E1C58CEEE169561BEE0E5.tmp' to '../../../../../../Users/Brady Mathews/Documents/GitHub/treebeard/Unreal Project/DeathScene/Content/Props/aro/FuseModel_Top_normal.uasset'
[2014.10.17-00.14.26:470][ 24]Cmd: OBJ SAVEPACKAGE PACKAGE="/Game/Props/aro/Hairmat" FILE="../../../../../../Users/Brady Mathews/Documents/GitHub/treebeard/Unreal Project/DeathScene/Content/Props/aro/Hairmat.uasset" SILENT=true
[2014.10.17-00.14.26:642][ 24]LogSavePackage: Save=168.642242ms
[2014.10.17-00.14.26:642][ 24]LogSavePackage: Moving '../../../../../../Users/Brady Mathews/Documents/GitHub/treebeard/Unreal Project/DeathScene/Saved/Hairmat639CBAF94A32F017204C2C8EC3B63C62.tmp' to '../../../../../../Users/Brady Mathews/Documents/GitHub/treebeard/Unreal Project/DeathScene/Content/Props/aro/Hairmat.uasset'
[2014.10.17-00.14.27:849][ 24]LogSavePackage: Save=1178.598145ms
[2014.10.17-00.14.27:849][ 24]LogSavePackage: Moving '../../../../../../Users/Brady Mathews/Documents/GitHub/treebeard/Unreal Project/DeathScene/Saved/FuseModel_Hair_diffuseBDC628D6419D91FF28336ABCA9B15985.tmp' to '../../../../../../Users/Brady Mathews/Documents/GitHub/treebeard/Unreal Project/DeathScene/Content/Props/aro/FuseModel_Hair_diffuse.uasset'
[2014.10.17-00.14.29:184][ 24]LogSavePackage: Save=1305.512329ms
[2014.10.17-00.14.29:184][ 24]LogSavePackage: Moving '../../../../../../Users/Brady Mathews/Documents/GitHub/treebeard/Unreal Project/DeathScene/Saved/FuseModel_Hair_specular038DD05A4F95CA8BF394089C97605BF8.tmp' to '../../../../../../Users/Brady Mathews/Documents/GitHub/treebeard/Unreal Project/DeathScene/Content/Props/aro/FuseModel_Hair_specular.uasset'
[2014.10.17-00.14.31:104][ 24]LogSavePackage: Save=1890.682129ms
[2014.10.17-00.14.31:104][ 24]LogSavePackage: Moving '../../../../../../Users/Brady Mathews/Documents/GitHub/treebeard/Unreal Project/DeathScene/Saved/FuseModel_Hair_normalACF94E364F8C859FFBA442914D2E6656.tmp' to '../../../../../../Users/Brady Mathews/Documents/GitHub/treebeard/Unreal Project/DeathScene/Content/Props/aro/FuseModel_Hair_normal.uasset'
[2014.10.17-00.14.31:137][ 24]Cmd: OBJ SAVEPACKAGE PACKAGE="/Game/Props/aro/Beardmat" FILE="../../../../../../Users/Brady Mathews/Documents/GitHub/treebeard/Unreal Project/DeathScene/Content/Props/aro/Beardmat.uasset" SILENT=true
[2014.10.17-00.14.31:525][ 24]LogSavePackage: Save=384.512543ms
[2014.10.17-00.14.31:525][ 24]LogSavePackage: Moving '../../../../../../Users/Brady Mathews/Documents/GitHub/treebeard/Unreal Project/DeathScene/Saved/BeardmatB800F2304FEAC22C384476AAF540C326.tmp' to '../../../../../../Users/Brady Mathews/Documents/GitHub/treebeard/Unreal Project/DeathScene/Content/Props/aro/Beardmat.uasset'
[2014.10.17-00.14.32:928][ 24]LogSavePackage: Save=1373.405396ms
[2014.10.17-00.14.32:928][ 24]LogSavePackage: Moving '../../../../../../Users/Brady Mathews/Documents/GitHub/treebeard/Unreal Project/DeathScene/Saved/FuseModel_Beard_diffuse04B160D74E3C30241E8DB5B8375B9940.tmp' to '../../../../../../Users/Brady Mathews/Documents/GitHub/treebeard/Unreal Project/DeathScene/Content/Props/aro/FuseModel_Beard_diffuse.uasset'
[2014.10.17-00.14.34:300][ 24]LogSavePackage: Save=1341.205078ms
[2014.10.17-00.14.34:300][ 24]LogSavePackage: Moving '../../../../../../Users/Brady Mathews/Documents/GitHub/treebeard/Unreal Project/DeathScene/Saved/FuseModel_Beard_specular069D3A9F438B791282284788ABE1CFBC.tmp' to '../../../../../../Users/Brady Mathews/Documents/GitHub/treebeard/Unreal Project/DeathScene/Content/Props/aro/FuseModel_Beard_specular.uasset'
[2014.10.17-00.14.36:417][ 24]LogSavePackage: Save=2090.891357ms
[2014.10.17-00.14.36:417][ 24]LogSavePackage: Moving '../../../../../../Users/Brady Mathews/Documents/GitHub/treebeard/Unreal Project/DeathScene/Saved/FuseModel_Beard_normalAB273AA34AA24E7BFB878394146D8C86.tmp' to '../../../../../../Users/Brady Mathews/Documents/GitHub/treebeard/Unreal Project/DeathScene/Content/Props/aro/FuseModel_Beard_normal.uasset'
[2014.10.17-00.14.36:450][ 24]Cmd: OBJ SAVEPACKAGE PACKAGE="/Game/Props/aro/Bottommat" FILE="../../../../../../Users/Brady Mathews/Documents/GitHub/treebeard/Unreal Project/DeathScene/Content/Props/aro/Bottommat.uasset" SILENT=true
[2014.10.17-00.14.36:712][ 24]LogSavePackage: Save=258.823669ms
[2014.10.17-00.14.36:712][ 24]LogSavePackage: Moving '../../../../../../Users/Brady Mathews/Documents/GitHub/treebeard/Unreal Project/DeathScene/Saved/Bottommat8C4B7CD9446E84D9BA4ECC81F59A3B79.tmp' to '../../../../../../Users/Brady Mathews/Documents/GitHub/treebeard/Unreal Project/DeathScene/Content/Props/aro/Bottommat.uasset'
[2014.10.17-00.14.39:737][ 24]LogSavePackage: Save=2994.491455ms
[2014.10.17-00.14.39:737][ 24]LogSavePackage: Moving '../../../../../../Users/Brady Mathews/Documents/GitHub/treebeard/Unreal Project/DeathScene/Saved/FuseModel_Bottom_diffuse6C0B4A354E11A6CA8409D09FBCE8E0E9.tmp' to '../../../../../../Users/Brady Mathews/Documents/GitHub/treebeard/Unreal Project/DeathScene/Content/Props/aro/FuseModel_Bottom_diffuse.uasset'
[2014.10.17-00.14.42:193][ 24]LogSavePackage: Save=2426.504639ms
[2014.10.17-00.14.42:193][ 24]LogSavePackage: Moving '../../../../../../Users/Brady Mathews/Documents/GitHub/treebeard/Unreal Project/DeathScene/Saved/FuseModel_Bottom_specular366DA90E44D24FC529ED1FBC6EAC269B.tmp' to '../../../../../../Users/Brady Mathews/Documents/GitHub/treebeard/Unreal Project/DeathScene/Content/Props/aro/FuseModel_Bottom_specular.uasset'
[2014.10.17-00.14.46:008][ 24]LogSavePackage: Save=3787.107666ms
[2014.10.17-00.14.46:008][ 24]LogSavePackage: Moving '../../../../../../Users/Brady Mathews/Documents/GitHub/treebeard/Unreal Project/DeathScene/Saved/FuseModel_Bottom_normalAB24BA0D4BF03743D185F49F4BC52A3B.tmp' to '../../../../../../Users/Brady Mathews/Documents/GitHub/treebeard/Unreal Project/DeathScene/Content/Props/aro/FuseModel_Bottom_normal.uasset'
[2014.10.17-00.14.46:056][ 24]Cmd: OBJ SAVEPACKAGE PACKAGE="/Game/Props/aro/Shoesmat" FILE="../../../../../../Users/Brady Mathews/Documents/GitHub/treebeard/Unreal Project/DeathScene/Content/Props/aro/Shoesmat.uasset" SILENT=true
[2014.10.17-00.14.46:362][ 24]LogSavePackage: Save=303.484772ms
[2014.10.17-00.14.46:362][ 24]LogSavePackage: Moving '../../../../../../Users/Brady Mathews/Documents/GitHub/treebeard/Unreal Project/DeathScene/Saved/ShoesmatEBA308AC44CFC56C44818FB9E6D7340D.tmp' to '../../../../../../Users/Brady Mathews/Documents/GitHub/treebeard/Unreal Project/DeathScene/Content/Props/aro/Shoesmat.uasset'
[2014.10.17-00.14.48:119][ 24]LogSavePackage: Save=1728.443604ms
[2014.10.17-00.14.48:119][ 24]LogSavePackage: Moving '../../../../../../Users/Brady Mathews/Documents/GitHub/treebeard/Unreal Project/DeathScene/Saved/FuseModel_Shoes_diffuse608EED5F40381912D28F76B9BD86D3D4.tmp' to '../../../../../../Users/Brady Mathews/Documents/GitHub/treebeard/Unreal Project/DeathScene/Content/Props/aro/FuseModel_Shoes_diffuse.uasset'
[2014.10.17-00.14.49:079][ 24]LogSavePackage: Save=930.476746ms
[2014.10.17-00.14.49:079][ 24]LogSavePackage: Moving '../../../../../../Users/Brady Mathews/Documents/GitHub/treebeard/Unreal Project/DeathScene/Saved/FuseModel_Shoes_specular35B528094969286C4C35CCB82B8A3200.tmp' to '../../../../../../Users/Brady Mathews/Documents/GitHub/treebeard/Unreal Project/DeathScene/Content/Props/aro/FuseModel_Shoes_specular.uasset'
[2014.10.17-00.14.50:641][ 24]LogSavePackage: Save=1535.166138ms
[2014.10.17-00.14.50:641][ 24]LogSavePackage: Moving '../../../../../../Users/Brady Mathews/Documents/GitHub/treebeard/Unreal Project/DeathScene/Saved/FuseModel_Shoes_normalA51B702842C228F5C6FB229F409D36BA.tmp' to '../../../../../../Users/Brady Mathews/Documents/GitHub/treebeard/Unreal Project/DeathScene/Content/Props/aro/FuseModel_Shoes_normal.uasset'
[2014.10.17-00.14.50:675][ 24]LogSavePackage: Save=20.331491ms
[2014.10.17-00.14.50:675][ 24]LogSavePackage: Moving '../../../../../../Users/Brady Mathews/Documents/GitHub/treebeard/Unreal Project/DeathScene/Saved/FuseModel_PhysicsAssetC3562FD24545C7DBE4418D936E0652DF.tmp' to '../../../../../../Users/Brady Mathews/Documents/GitHub/treebeard/Unreal Project/DeathScene/Content/Props/aro/FuseModel_PhysicsAsset.uasset'
[2014.10.17-00.14.50:696][ 24]LogSavePackage: Save=6.490363ms
[2014.10.17-00.14.50:696][ 24]LogSavePackage: Moving '../../../../../../Users/Brady Mathews/Documents/GitHub/treebeard/Unreal Project/DeathScene/Saved/FuseModel_Skeleton5B90F678447FC35F097672B657F06E2A.tmp' to '../../../../../../Users/Brady Mathews/Documents/GitHub/treebeard/Unreal Project/DeathScene/Content/Props/aro/FuseModel_Skeleton.uasset'
[2014.10.17-00.14.50:921][ 24]LogSavePackage: Save=185.250458ms
[2014.10.17-00.14.50:921][ 24]LogSavePackage: Moving '../../../../../../Users/Brady Mathews/Documents/GitHub/treebeard/Unreal Project/DeathScene/Saved/horse_ride1DB57D134CF2E5B1711C10A1EA1647C9.tmp' to '../../../../../../Users/Brady Mathews/Documents/GitHub/treebeard/Unreal Project/DeathScene/Content/Animations/Aerogorn/horse_ride.uasset'
[2014.10.17-00.14.57:488][409]LogDialogs:Warning: Supressed: Opening the Matinee Editor will reset all current Undo data. (Undo/Redo will only be available on matinee actions while it remains open)
[2014.10.17-00.14.57:489][409]LogInit: Transaction tracking system initialized
[2014.10.17-00.14.57:490][409]EditorErrors: New page: Matinee Initialization
[2014.10.17-00.15.13:896][891]Cmd: CAMERA ALIGN ACTIVEVIEWPORTONLY
[2014.10.17-00.15.13:896][891]Aligned camera to fit all selected actors.
[2014.10.17-00.15.30:709][335]LogEditorViewport: Clicking on Actor (LMB): SkeletalMeshActor (FuseModel)
[2014.10.17-00.16.17:667][ 31]Cmd: CAMERA ALIGN ACTIVEVIEWPORTONLY
[2014.10.17-00.16.17:667][ 31]Aligned camera to fit all selected actors.
[2014.10.17-00.16.27:276][287]Cmd: CAMERA ALIGN ACTIVEVIEWPORTONLY
[2014.10.17-00.16.27:276][287]Aligned camera to fit all selected actors.
[2014.10.17-00.16.31:267][391]LogEditorViewport: Clicking on Actor (LMB): SkeletalMeshActor (FuseModel)
[2014.10.17-00.16.39:745][574]LogEditorViewport: Clicking on Actor (LMB): SkeletalMeshActor (FuseModel)
[2014.10.17-00.16.54:524][912]LogEditorViewport: Clicking on Actor (LMB): SkeletalMeshActor (gimili)
[2014.10.17-00.16.56:125][955]LogEditorViewport: Clicking on Actor (CTRL LMB): SkeletalMeshActor (idle_3)
[2014.10.17-00.16.56:920][976]LogEditorViewport: Clicking on Actor (CTRL LMB): SkeletalMeshActor (legolas)
[2014.10.17-00.17.01:467][100]LogEditorViewport: Clicking on Actor (LMB): SkeletalMeshActor (FuseModel)
[2014.10.17-00.17.03:156][146]LogEditorViewport: Clicking on Actor (LMB): SkeletalMeshActor (pippen)
[2014.10.17-00.17.08:773][381]LogEditorViewport: Clicking on Actor (LMB): SkeletalMeshActor (FuseModel_2)
[2014.10.17-00.17.14:171][569]LogEditorViewport: Clicking on Actor (LMB): SkeletalMeshActor (FuseModel_2)
[2014.10.17-00.17.15:123][623]Cmd: DELETE
[2014.10.17-00.17.15:123][623]Cmd: ACTOR DELETE
[2014.10.17-00.17.15:133][623]LogEditorActor: Deleted Actor: SkeletalMeshActor
[2014.10.17-00.17.15:159][623]LogExit: Transaction tracking system shut down
[2014.10.17-00.17.15:161][623]LogEditorActor: Deleted 1 Actors (0.038 secs)
[2014.10.17-00.17.18:352][810]LogDialogs:Warning: Supressed: Opening the Matinee Editor will reset all current Undo data. (Undo/Redo will only be available on matinee actions while it remains open)
[2014.10.17-00.17.18:353][810]LogInit: Transaction tracking system initialized
[2014.10.17-00.17.18:354][810]EditorErrors: New page: Matinee Initialization
[2014.10.17-00.17.33:202][319]Cmd: CAMERA ALIGN ACTIVEVIEWPORTONLY
[2014.10.17-00.17.33:203][319]Aligned camera to fit all selected actors.
[2014.10.17-00.17.36:310][400]LogEditorViewport: Clicking on Actor (LMB): SkeletalMeshActor (FuseModel)
[2014.10.17-00.17.58:975][ 69]LogExit: Transaction tracking system shut down
[2014.10.17-00.18.02:768][ 69]LogSavePackage: Save=3784.127441ms
[2014.10.17-00.18.02:768][ 69]LogSavePackage: Moving '../../../../../../Users/Brady Mathews/Documents/GitHub/treebeard/Unreal Project/DeathScene/Saved/LOTR001_with_cameras003AD70E0E64E186B5107AD74A643F015FD.tmp' to '../../../../../../Users/Brady Mathews/Documents/GitHub/treebeard/Unreal Project/DeathScene/Content/LOTR001_with_cameras003.umap'
[2014.10.17-00.18.02:800][ 69]LogFileHelpers: Saving map 'LOTR001_with_cameras003' took 4.031
[2014.10.17-00.18.05:359][217]LogDialogs:Warning: Supressed: Opening the Matinee Editor will reset all current Undo data. (Undo/Redo will only be available on matinee actions while it remains open)
[2014.10.17-00.18.05:381][217]LogInit: Transaction tracking system initialized
[2014.10.17-00.18.05:381][217]EditorErrors: New page: Matinee Initialization
[2014.10.17-00.18.08:763][367]LogDialogs:Warning: Supressed: Opening the Matinee Editor will reset all current Undo data. (Undo/Redo will only be available on matinee actions while it remains open)
[2014.10.17-00.18.08:763][367]LogInit: Transaction tracking system initialized
[2014.10.17-00.18.08:763][367]EditorErrors: New page: Matinee Initialization
[2014.10.17-00.18.21:149][995]LogEditorActor: Deleted Actor: MatineeActor
[2014.10.17-00.18.21:175][995]LogExit: Transaction tracking system shut down
[2014.10.17-00.18.21:175][995]LogExit: Transaction tracking system shut down
[2014.10.17-00.18.21:176][995]LogEditorActor: Deleted 1 Actors (0.036 secs)
[2014.10.17-00.18.23:966][156]LogDialogs:Warning: Supressed: Opening the Matinee Editor will reset all current Undo data. (Undo/Redo will only be available on matinee actions while it remains open)
[2014.10.17-00.18.23:966][156]LogInit: Transaction tracking system initialized
[2014.10.17-00.18.23:967][156]EditorErrors: New page: Matinee Initialization
[2014.10.17-00.18.47:187][931]Cmd: CAMERA ALIGN ACTIVEVIEWPORTONLY
[2014.10.17-00.18.47:187][931]Aligned camera to fit all selected actors.
[2014.10.17-00.19.00:411][341]LogEditorViewport: Clicking on Actor (LMB): SkeletalMeshActor (pippen)
[2014.10.17-00.19.15:107][799]Cmd: CAMERA ALIGN ACTIVEVIEWPORTONLY
[2014.10.17-00.19.15:107][799]Aligned camera to fit all selected actors.
[2014.10.17-00.19.27:681][167]Cmd: CAMERA ALIGN ACTIVEVIEWPORTONLY
[2014.10.17-00.19.27:681][167]Aligned camera to fit all selected actors.
[2014.10.17-00.19.44:124][677]LogEditorViewport: Clicking on Actor (LMB): SkeletalMeshActor (eomer)
[2014.10.17-00.19.44:709][695]Cmd: CAMERA ALIGN ACTIVEVIEWPORTONLY
[2014.10.17-00.19.44:709][695]Aligned camera to fit all selected actors.
[2014.10.17-00.20.04:631][320]Cmd: CAMERA ALIGN ACTIVEVIEWPORTONLY
[2014.10.17-00.20.04:631][320]Aligned camera to fit all selected actors.
[2014.10.17-00.20.15:681][643]LogExit: Transaction tracking system shut down
[2014.10.17-00.20.19:509][643]LogSavePackage: Save=3798.541016ms
[2014.10.17-00.20.19:509][643]LogSavePackage: Moving '../../../../../../Users/Brady Mathews/Documents/GitHub/treebeard/Unreal Project/DeathScene/Saved/LOTR001_with_cameras003DD0A482940DED1DB4A4B89A563BC5BB5.tmp' to '../../../../../../Users/Brady Mathews/Documents/GitHub/treebeard/Unreal Project/DeathScene/Content/LOTR001_with_cameras003.umap'
[2014.10.17-00.20.19:539][643]LogFileHelpers: Saving map 'LOTR001_with_cameras003' took 4.101
[2014.10.17-00.20.21:912][780]LogDialogs:Warning: Supressed: Opening the Matinee Editor will reset all current Undo data. (Undo/Redo will only be available on matinee actions while it remains open)
[2014.10.17-00.20.21:912][780]LogInit: Transaction tracking system initialized
[2014.10.17-00.20.21:914][780]EditorErrors: New page: Matinee Initialization
[2014.10.17-00.20.27:857][980]Cmd: CAMERA ALIGN ACTIVEVIEWPORTONLY
[2014.10.17-00.20.27:857][980]Aligned camera to fit all selected actors.
[2014.10.17-00.20.44:803][603]Cmd: QUIT_EDITOR
[2014.10.17-00.20.44:968][603]LogWindowsTextInputMethodSystem:Error: Terminating failed while unadvising the language notification sink from the TSF source.
[2014.10.17-00.20.44:970][603]LogExit: Preparing to exit.
[2014.10.17-00.20.45:869][603]LogExit: Editor shut down
[2014.10.17-00.20.45:870][603]LogExit: Transaction tracking system shut down
[2014.10.17-00.20.45:874][603]LogParticles: Destroying 0 GPU particle simulations for FXSystem 0x0000009598A57920
[2014.10.17-00.20.45:894][603]LogParticles: Destroying 0 GPU particle simulations for FXSystem 0x00000095A3D0CF40
[2014.10.17-00.20.45:894][603]LogParticles: Destroying 0 GPU particle simulations for FXSystem 0x00000095A12D4360
[2014.10.17-00.20.45:894][603]LogParticles: Destroying 0 GPU particle simulations for FXSystem 0x00000095A12D40E0
[2014.10.17-00.20.45:894][603]LogParticles: Destroying 0 GPU particle simulations for FXSystem 0x00000095AC46B920
[2014.10.17-00.20.45:895][603]LogExit: Transaction tracking system shut down
[2014.10.17-00.20.45:966][603]LogExit: Object subsystem successfully closed.
[2014.10.17-00.20.46:019][603]LogModuleManager: Shutting down and abandoning module DistCurveEditor (162)
[2014.10.17-00.20.46:019][603]LogModuleManager: Shutting down and abandoning module StatsViewer (161)
[2014.10.17-00.20.46:019][603]LogModuleManager: Shutting down and abandoning module AndroidDeviceDetection (160)
[2014.10.17-00.20.46:019][603]LogModuleManager: Shutting down and abandoning module HTTP (159)
[2014.10.17-00.20.46:019][603]LogModuleManager: Shutting down and abandoning module CrashTracker (158)
[2014.10.17-00.20.46:019][603]LogModuleManager: Shutting down and abandoning module SuperSearch (157)
[2014.10.17-00.20.46:019][603]LogModuleManager: Shutting down and abandoning module SceneOutliner (156)
[2014.10.17-00.20.46:019][603]LogModuleManager: Shutting down and abandoning module EditorWidgets (155)
[2014.10.17-00.20.46:019][603]LogModuleManager: Shutting down and abandoning module CollectionManager (154)
[2014.10.17-00.20.46:020][603]LogModuleManager: Shutting down and abandoning module FoliageEdit (153)
[2014.10.17-00.20.46:020][603]LogModuleManager: Shutting down and abandoning module LandscapeEditor (152)
[2014.10.17-00.20.46:020][603]LogModuleManager: Shutting down and abandoning module MeshPaint (151)
[2014.10.17-00.20.46:020][603]LogModuleManager: Shutting down and abandoning module ActorPickerMode (150)
[2014.10.17-00.20.46:020][603]LogModuleManager: Shutting down and abandoning module GeometryMode (149)
[2014.10.17-00.20.46:020][603]LogModuleManager: Shutting down and abandoning module TextureAlignMode (148)
[2014.10.17-00.20.46:020][603]LogModuleManager: Shutting down and abandoning module BspMode (147)
[2014.10.17-00.20.46:020][603]LogModuleManager: Shutting down and abandoning module PlacementMode (146)
[2014.10.17-00.20.46:020][603]LogModuleManager: Shutting down and abandoning module DesktopPlatform (145)
[2014.10.17-00.20.46:020][603]LogModuleManager: Shutting down and abandoning module AutomationWorker (144)
[2014.10.17-00.20.46:020][603]LogModuleManager: Shutting down and abandoning module EditorLiveStreaming (143)
[2014.10.17-00.20.46:020][603]LogModuleManager: Shutting down and abandoning module BehaviorTreeEditor (142)
[2014.10.17-00.20.46:020][603]LogModuleManager: Shutting down and abandoning module DeviceProfileEditor (141)
[2014.10.17-00.20.46:020][603]LogModuleManager: Shutting down and abandoning module UndoHistory (140)
[2014.10.17-00.20.46:020][603]LogModuleManager: Shutting down and abandoning module GameplayTagsEditor (139)
[2014.10.17-00.20.46:020][603]LogModuleManager: Shutting down and abandoning module UserFeedback (138)
[2014.10.17-00.20.46:020][603]LogModuleManager: Shutting down and abandoning module XmlParser (137)
[2014.10.17-00.20.46:020][603]LogModuleManager: Shutting down and abandoning module Blutility (136)
[2014.10.17-00.20.46:020][603]LogModuleManager: Shutting down and abandoning module IOSPlatformEditor (135)
[2014.10.17-00.20.46:020][603]LogModuleManager: Shutting down and abandoning module IOSRuntimeSettings (134)
[2014.10.17-00.20.46:020][603]LogModuleManager: Shutting down and abandoning module AndroidPlatformEditor (133)
[2014.10.17-00.20.46:020][603]LogModuleManager: Shutting down and abandoning module AndroidRuntimeSettings (132)
[2014.10.17-00.20.46:020][603]LogModuleManager: Shutting down and abandoning module ProjectTargetPlatformEditor (131)
[2014.10.17-00.20.46:020][603]LogModuleManager: Shutting down and abandoning module ProjectSettingsViewer (130)
[2014.10.17-00.20.46:021][603]LogModuleManager: Shutting down and abandoning module InputBindingEditor (129)
[2014.10.17-00.20.46:021][603]LogModuleManager: Shutting down and abandoning module EditorSettingsViewer (128)
[2014.10.17-00.20.46:021][603]LogModuleManager: Shutting down and abandoning module SettingsEditor (127)
[2014.10.17-00.20.46:021][603]LogModuleManager: Shutting down and abandoning module SessionLauncher (126)
[2014.10.17-00.20.46:021][603]LogModuleManager: Shutting down and abandoning module SessionFrontend (125)
[2014.10.17-00.20.46:021][603]LogModuleManager: Shutting down and abandoning module ProfilerClient (124)
[2014.10.17-00.20.46:021][603]LogModuleManager: Shutting down and abandoning module TargetDeviceServices (123)
[2014.10.17-00.20.46:021][603]LogModuleManager: Shutting down and abandoning module DeviceManager (122)
[2014.10.17-00.20.46:021][603]LogModuleManager: Shutting down and abandoning module AutomationController (121)
[2014.10.17-00.20.46:021][603]LogModuleManager: Shutting down and abandoning module AutomationWindow (120)
[2014.10.17-00.20.46:021][603]LogModuleManager: Shutting down and abandoning module Layers (119)
[2014.10.17-00.20.46:021][603]LogModuleManager: Shutting down and abandoning module ComponentVisualizers (118)
[2014.10.17-00.20.46:021][603]LogModuleManager: Shutting down and abandoning module DetailCustomizations (117)
[2014.10.17-00.20.46:021][603]LogModuleManager: Shutting down and abandoning module PackagesDialog (116)
[2014.10.17-00.20.46:021][603]LogModuleManager: Shutting down and abandoning module DirectoryWatcher (115)
[2014.10.17-00.20.46:022][603]LogModuleManager: Shutting down and abandoning module AssetRegistry (114)
[2014.10.17-00.20.46:097][603]LogModuleManager: Shutting down and abandoning module Persona (113)
[2014.10.17-00.20.46:097][603]LogModuleManager: Shutting down and abandoning module GraphEditor (112)
[2014.10.17-00.20.46:097][603]LogModuleManager: Shutting down and abandoning module ClassViewer (111)
[2014.10.17-00.20.46:097][603]LogModuleManager: Shutting down and abandoning module Toolbox (110)
[2014.10.17-00.20.46:097][603]LogModuleManager: Shutting down and abandoning module ModuleUI (109)
[2014.10.17-00.20.46:097][603]LogModuleManager: Shutting down and abandoning module Sequencer (108)
[2014.10.17-00.20.46:097][603]LogModuleManager: Shutting down and abandoning module MovieSceneTools (107)
[2014.10.17-00.20.46:097][603]LogModuleManager: Shutting down and abandoning module OutputLog (106)
[2014.10.17-00.20.46:098][603]LogModuleManager: Shutting down and abandoning module GammaUI (105)
[2014.10.17-00.20.46:098][603]LogModuleManager: Shutting down and abandoning module Documentation (104)
[2014.10.17-00.20.46:098][603]LogModuleManager: Shutting down and abandoning module GameLiveStreaming (103)
[2014.10.17-00.20.46:098][603]LogModuleManager: Shutting down and abandoning module StreamingPauseRendering (102)
[2014.10.17-00.20.46:098][603]LogModuleManager: Shutting down and abandoning module AnalyticsET (101)
[2014.10.17-00.20.46:098][603]LogModuleManager: Shutting down and abandoning module Analytics (100)
[2014.10.17-00.20.46:098][603]LogModuleManager: Shutting down and abandoning module GameplayDebugger (99)
[2014.10.17-00.20.46:098][603]LogModuleManager: Shutting down and abandoning module AIModule (98)
[2014.10.17-00.20.46:098][603]LogModuleManager: Shutting down and abandoning module ProfilerService (97)
[2014.10.17-00.20.46:148][603]LogModuleManager: Shutting down and abandoning module TaskGraph (96)
[2014.10.17-00.20.46:148][603]LogModuleManager: Shutting down and abandoning module SlateRemote (95)
[2014.10.17-00.20.46:148][603]LogModuleManager: Shutting down and abandoning module ScriptEditorPlugin (94)
[2014.10.17-00.20.46:148][603]LogModuleManager: Shutting down and abandoning module CustomMeshComponent (93)
[2014.10.17-00.20.46:148][603]LogModuleManager: Shutting down and abandoning module CableComponent (92)
[2014.10.17-00.20.46:148][603]LogModuleManager: Shutting down and abandoning module MessagingDebugger (91)
[2014.10.17-00.20.46:148][603]LogModuleManager: Shutting down and abandoning module ViewportSnapping (90)
[2014.10.17-00.20.46:148][603]LogModuleManager: Shutting down and abandoning module SmartSnapping (89)
[2014.10.17-00.20.46:148][603]LogModuleManager: Shutting down and abandoning module PaperTiledImporter (88)
[2014.10.17-00.20.46:148][603]LogModuleManager: Shutting down and abandoning module PaperJsonImporter (87)
[2014.10.17-00.20.46:148][603]LogModuleManager: Shutting down and abandoning module GameProjectGeneration (86)
[2014.10.17-00.20.46:148][603]LogModuleManager: Shutting down and abandoning module Matinee (85)
[2014.10.17-00.20.46:148][603]LogModuleManager: Shutting down and abandoning module Kismet (84)
[2014.10.17-00.20.46:148][603]LogModuleManager: Shutting down and abandoning module SlateReflector (83)
[2014.10.17-00.20.46:148][603]LogModuleManager: Shutting down and abandoning module LevelEditor (82)
[2014.10.17-00.20.46:150][603]LogModuleManager: Shutting down and abandoning module IntroTutorials (81)
[2014.10.17-00.20.46:150][603]LogModuleManager: Shutting down and abandoning module ContentBrowser (80)
[2014.10.17-00.20.46:150][603]LogModuleManager: Shutting down and abandoning module PropertyEditor (79)
[2014.10.17-00.20.46:150][603]LogModuleManager: Shutting down and abandoning module AssetTools (78)
[2014.10.17-00.20.46:150][603]LogModuleManager: Shutting down and abandoning module Paper2DEditor (77)
[2014.10.17-00.20.46:150][603]LogModuleManager: Shutting down and abandoning module SpeedTreeImporter (76)
[2014.10.17-00.20.46:150][603]LogModuleManager: Shutting down and abandoning module PluginsEditor (75)
[2014.10.17-00.20.46:150][603]LogModuleManager: Shutting down and abandoning module MainFrame (74)
[2014.10.17-00.20.46:150][603]LogModuleManager: Shutting down and abandoning module EpicSurvey (73)
[2014.10.17-00.20.46:150][603]LogModuleManager: Shutting down and abandoning module VisualStudioSourceCodeAccess (72)
[2014.10.17-00.20.46:150][603]LogModuleManager: Shutting down and abandoning module UObjectPlugin (71)
[2014.10.17-00.20.46:150][603]LogModuleManager: Shutting down and abandoning module SubversionSourceControl (70)
[2014.10.17-00.20.46:150][603]LogModuleManager: Shutting down and abandoning module SourceControl (69)
[2014.10.17-00.20.46:150][603]LogModuleManager: Shutting down and abandoning module PerforceSourceControl (68)
[2014.10.17-00.20.46:150][603]LogModuleManager: Shutting down and abandoning module BlankPlugin (67)
[2014.10.17-00.20.46:150][603]LogModuleManager: Shutting down and abandoning module ScriptPlugin (66)
[2014.10.17-00.20.46:150][603]LogModuleManager: Shutting down and abandoning module UdpMessaging (65)
[2014.10.17-00.20.46:252][603]LogModuleManager: Shutting down and abandoning module Paper2D (64)
[2014.10.17-00.20.46:252][603]LogModuleManager: Shutting down and abandoning module WindowsMoviePlayer (63)
[2014.10.17-00.20.46:270][603]LogModuleManager: Shutting down and abandoning module ImageWrapper (62)
[2014.10.17-00.20.46:270][603]LogModuleManager: Shutting down and abandoning module OnlineBlueprintSupport (61)
[2014.10.17-00.20.46:270][603]LogModuleManager: Shutting down and abandoning module FunctionalTesting (60)
[2014.10.17-00.20.46:270][603]LogModuleManager: Shutting down and abandoning module CollisionAnalyzer (59)
[2014.10.17-00.20.46:270][603]LogModuleManager: Shutting down and abandoning module WorkspaceMenuStructure (58)
[2014.10.17-00.20.46:271][603]LogModuleManager: Shutting down and abandoning module MessageLog (57)
[2014.10.17-00.20.46:271][603]LogModuleManager: Shutting down and abandoning module UMGEditor (56)
[2014.10.17-00.20.46:271][603]LogModuleManager: Shutting down and abandoning module UMG (55)
[2014.10.17-00.20.46:271][603]LogModuleManager: Shutting down and abandoning module Slate (54)
[2014.10.17-00.20.46:271][603]LogModuleManager: Shutting down and abandoning module EditorStyle (53)
[2014.10.17-00.20.46:272][603]LogModuleManager: Shutting down and abandoning module SessionServices (52)
[2014.10.17-00.20.46:272][603]LogModuleManager: Shutting down and abandoning module SourceCodeAccess (51)
[2014.10.17-00.20.46:273][603]LogModuleManager: Shutting down and abandoning module HeadMountedDisplay (50)
[2014.10.17-00.20.46:273][603]LogModuleManager: Shutting down and abandoning module XAudio2 (49)
[2014.10.17-00.20.46:273][603]LogModuleManager: Shutting down and abandoning module Networking (47)
[2014.10.17-00.20.46:273][603]LogModuleManager: Shutting down and abandoning module Core (46)
[2014.10.17-00.20.46:273][603]LogModuleManager: Shutting down and abandoning module KismetCompiler (45)
[2014.10.17-00.20.46:273][603]LogModuleManager: Shutting down and abandoning module PhysXFormats (44)
[2014.10.17-00.20.46:273][603]LogModuleManager: Shutting down and abandoning module MeshUtilities (43)
[2014.10.17-00.20.46:273][603]LogModuleManager: Shutting down and abandoning module DerivedDataCache (42)
[2014.10.17-00.20.46:311][603]LogDerivedDataCache: Shutdown
[2014.10.17-00.20.46:311][603]LogModuleManager: Shutting down and abandoning module ShaderFormatOpenGL (41)
[2014.10.17-00.20.46:311][603]LogModuleManager: Shutting down and abandoning module ShaderFormatD3D (40)
[2014.10.17-00.20.46:311][603]LogModuleManager: Shutting down and abandoning module MetalShaderFormat (39)
[2014.10.17-00.20.46:311][603]LogModuleManager: Shutting down and abandoning module TextureFormatUncompressed (38)
[2014.10.17-00.20.46:311][603]LogModuleManager: Shutting down and abandoning module TextureFormatPVR (37)
[2014.10.17-00.20.46:311][603]LogModuleManager: Shutting down and abandoning module TextureFormatDXT (36)
[2014.10.17-00.20.46:311][603]LogModuleManager: Shutting down and abandoning module TextureFormatAndroid (35)
[2014.10.17-00.20.46:311][603]LogModuleManager: Shutting down and abandoning module AudioFormatOpus (34)
[2014.10.17-00.20.46:311][603]LogModuleManager: Shutting down and abandoning module AudioFormatOgg (33)
[2014.10.17-00.20.46:311][603]LogModuleManager: Shutting down and abandoning module AudioFormatADPCM (32)
[2014.10.17-00.20.46:311][603]LogModuleManager: Shutting down and abandoning module Messaging (31)
[2014.10.17-00.20.46:311][603]LogModuleManager: Shutting down and abandoning module IOSTargetPlatform (30)
[2014.10.17-00.20.46:311][603]LogModuleManager: Shutting down and abandoning module Android_PVRTCTargetPlatform (29)
[2014.10.17-00.20.46:311][603]LogModuleManager: Shutting down and abandoning module Android_ETC2TargetPlatform (28)
[2014.10.17-00.20.46:311][603]LogModuleManager: Shutting down and abandoning module Android_ETC1TargetPlatform (27)
[2014.10.17-00.20.46:311][603]LogModuleManager: Shutting down and abandoning module Android_DXTTargetPlatform (26)
[2014.10.17-00.20.46:311][603]LogModuleManager: Shutting down and abandoning module Android_ATCTargetPlatform (25)
[2014.10.17-00.20.46:311][603]LogModuleManager: Shutting down and abandoning module AndroidTargetPlatform (24)
[2014.10.17-00.20.46:311][603]LogModuleManager: Shutting down and abandoning module WindowsTargetPlatform (23)
[2014.10.17-00.20.46:311][603]LogModuleManager: Shutting down and abandoning module WindowsServerTargetPlatform (22)
[2014.10.17-00.20.46:311][603]LogModuleManager: Shutting down and abandoning module WindowsNoEditorTargetPlatform (21)
[2014.10.17-00.20.46:311][603]LogModuleManager: Shutting down and abandoning module WindowsClientTargetPlatform (20)
[2014.10.17-00.20.46:311][603]LogModuleManager: Shutting down and abandoning module TargetPlatform (19)
[2014.10.17-00.20.46:311][603]LogModuleManager: Shutting down and abandoning module InputCore (18)
[2014.10.17-00.20.46:311][603]LogModuleManager: Shutting down and abandoning module Settings (17)
[2014.10.17-00.20.46:311][603]LogModuleManager: Shutting down and abandoning module ExampleDeviceProfileSelector (14)
[2014.10.17-00.20.46:311][603]LogModuleManager: Shutting down and abandoning module OculusRift (13)
[2014.10.17-00.20.46:311][603]LogModuleManager: Shutting down and abandoning module TextureCompressor (12)
[2014.10.17-00.20.46:311][603]LogModuleManager: Shutting down and abandoning module ShaderCore (11)
[2014.10.17-00.20.46:311][603]LogModuleManager: Shutting down and abandoning module OpenGLDrv (10)
[2014.10.17-00.20.46:311][603]LogModuleManager: Shutting down and abandoning module D3D11RHI (9)
[2014.10.17-00.20.46:311][603]LogModuleManager: Shutting down and abandoning module SlateRHIRenderer (8)
[2014.10.17-00.20.46:311][603]LogModuleManager: Shutting down and abandoning module Renderer (7)
[2014.10.17-00.20.46:311][603]LogModuleManager: Shutting down and abandoning module Engine (6)
[2014.10.17-00.20.46:311][603]LogModuleManager: Shutting down and abandoning module CoreUObject (5)
[2014.10.17-00.20.46:311][603]LogModuleManager: Shutting down and abandoning module NetworkFile (4)
[2014.10.17-00.20.46:311][603]LogModuleManager: Shutting down and abandoning module StreamingFile (3)
[2014.10.17-00.20.46:311][603]LogModuleManager: Shutting down and abandoning module SandboxFile (2)
[2014.10.17-00.20.46:311][603]LogModuleManager: Shutting down and abandoning module PakFile (1)
[2014.10.17-00.20.46:312][603]LogExit: Exiting.
[2014.10.17-00.20.46:324][603]Log file closed, 10/16/14 18:20:46
