Log file open, 09/30/14 16:08:03
LogInit:Display: Running engine for game: MyProject2
LogInit: Version: 4.4.3-2296771+++depot+UE4-Releases+4.4
LogInit: API Version: 2255576
LogInit: Compiled (64-bit): Sep 13 2014 22:30:58
LogInit: Build Configuration: Development
LogInit: Branch Name: ++depot+UE4-Releases+4.4
LogInit: Command line: 
LogInit: Base directory: C:/Program Files/Unreal Engine/4.4/Engine/Binaries/Win64/
LogInit: Rocket: 1
[2014.09.30-22.08.03:135][  0]LogTaskGraph: Started task graph with 3 named threads and 4 total threads.
[2014.09.30-22.08.03:166][  0]LogOnline:Warning: No default platform service specified for OnlineSubsystem
[2014.09.30-22.08.03:179][  0]LogInit: Presizing for 0 objects not considered by GC, pre-allocating 0 bytes.
[2014.09.30-22.08.03:187][  0]LogInit: Object subsystem initialized
[2014.09.30-22.08.03:189][  0]LogInit: Selected Device Profile: [Windows]
[2014.09.30-22.08.03:189][  0]LogInit: Applying CVar settings loaded from the selected device profile: [Windows]
[2014.09.30-22.08.03:197][  0]LogInit: Computer: TCPC-06
[2014.09.30-22.08.03:198][  0]LogInit: User: u0483206
[2014.09.30-22.08.03:198][  0]LogInit: CPU Page size=4096, Cores=4
[2014.09.30-22.08.03:199][  0]LogInit: High frequency timer resolution =3.906347 MHz
[2014.09.30-22.08.03:199][  0]LogMemory: Memory total: Physical=8.0GB (8GB approx) Virtual=8192.0GB
[2014.09.30-22.08.03:199][  0]LogMemory: Platform Memory Stats for Windows
[2014.09.30-22.08.03:199][  0]LogMemory: Process Physical Memory: 61.64 MB used, 61.64 MB peak
[2014.09.30-22.08.03:199][  0]LogMemory: Process Virtual Memory: 38.19 MB used, 38.19 MB peak
[2014.09.30-22.08.03:199][  0]LogMemory: Physical Memory: 2877.41 MB used, 8173.54 MB total
[2014.09.30-22.08.03:199][  0]LogMemory: Virtual Memory: 261.05 MB used, 8388608.00 MB total
[2014.09.30-22.08.03:234][  0]LogD3D11RHI: Found D3D11 adapter 0: NVIDIA GeForce GT 630 (Feature Level 11_0)
[2014.09.30-22.08.03:234][  0]LogD3D11RHI: Adapter has 978MB of dedicated video memory, 0MB of dedicated system memory, and 3071MB of shared system memory, 1 output[s]
[2014.09.30-22.08.03:234][  0]LogD3D11RHI: Chosen D3D11 Adapter Id = 0
[2014.09.30-22.08.03:240][  0]LogRHI: Texture pool is 684 MB (70% of 978 MB)
[2014.09.30-22.08.03:252][  0]LogD3D11RHI: Async texture creation enabled
[2014.09.30-22.08.03:383][  0]LogContentStreaming: Texture pool size is 0.000000MB
[2014.09.30-22.08.04:950][  0]LogTargetPlatformManager:Display: Building Assets For Windows
[2014.09.30-22.08.05:395][  0]LogTargetPlatformManager:Display: Building Assets For Windows
[2014.09.30-22.08.05:448][  0]LogDerivedDataCache:Display: Max Cache Size: 512 MB
[2014.09.30-22.08.05:510][  0]LogDerivedDataCache: Loaded boot cache 0.06s 39MB C:/Users/u0483206/AppData/Local/UnrealEngine/4.4/DerivedDataCache/Boot.ddc.
[2014.09.30-22.08.05:510][  0]LogDerivedDataCache:Display: Loaded Boot cache: C:/Users/u0483206/AppData/Local/UnrealEngine/4.4/DerivedDataCache/Boot.ddc
[2014.09.30-22.08.05:510][  0]LogDerivedDataCache: FDerivedDataBackendGraph:  Pak pak cache file ../../../../../../Users/u0483206/Documents/treebeard/Unreal Project/saruman_death_scene/MyProject2/DerivedDataCache/DDC.ddp not found, will not use a pak cache.
[2014.09.30-22.08.05:510][  0]LogDerivedDataCache: Unable to find inner node Pak for hierarchical cache Hierarchy.
[2014.09.30-22.08.05:526][  0]LogDerivedDataCache:Display: Pak cache opened for reading ../../../Engine/DerivedDataCache/DDC.ddp.
[2014.09.30-22.08.05:538][  0]LogDerivedDataCache: Using Local data cache path C:/Users/u0483206/AppData/Local/UnrealEngine/4.4/DerivedDataCache: Writable
[2014.09.30-22.08.05:727][  0]LogMeshUtilities: No automatic mesh reduction module available
[2014.09.30-22.08.05:727][  0]LogMeshUtilities: No automatic mesh merging module available
[2014.09.30-22.08.06:149][  0]LogInit: WinSock: version 1.1 (2.2), MaxSocks=32767, MaxUdp=65467
[2014.09.30-22.08.07:061][  0]LogStats:Warning: MetaData mismatch. Did you assign a stat to two groups? New //STATGROUP_Threads//FMonitoredProcess///Thread_dc0_0///////STATCAT_Advanced//// old //STATGROUP_Threads//FMonitoredProcess///Thread_1eec_0///////STATCAT_Advanced////
[2014.09.30-22.08.07:062][  0]UdpMessaging: Initializing bridge on interface 0.0.0.0:0 to multicast group 230.0.0.1:6666.
[2014.09.30-22.08.07:190][  0]SourceControl: Info Source control is disabled
[2014.09.30-22.08.07:190][  0]SourceControl: Info Source control is disabled
[2014.09.30-22.08.07:200][  0]SourceControl: Info Source control is disabled
[2014.09.30-22.08.07:424][  0]BlueprintLog: New page: Editor Load
[2014.09.30-22.08.07:562][  0]LogObj: 21438 objects as part of root set at end of initial load.
[2014.09.30-22.08.07:562][  0]LogUObjectAllocator: 4218648 out of 0 bytes used by permanent object pool.
[2014.09.30-22.08.07:734][  0]LogEngine: Initializing Engine...
[2014.09.30-22.08.07:849][  0]LogInit: XAudio2 using 'Digital Audio (S/PDIF) (4- High Definition Audio Device)' : 2 channels at 44.1 kHz using 16 bits per sample (channel mask 0x3)
[2014.09.30-22.08.07:897][  0]LogInit: FAudioDevice initialized.
[2014.09.30-22.08.07:921][  0]LogAIModule: Creating AISystem for world NewWorld
[2014.09.30-22.08.08:175][  0]LogDerivedDataCache: Saved boot cache 0.25s 39MB C:/Users/u0483206/AppData/Local/UnrealEngine/4.4/DerivedDataCache/Boot.ddc.
[2014.09.30-22.08.08:185][  0]LogInit: Texture streaming: Enabled
[2014.09.30-22.08.08:228][  0]LogInit: Transaction tracking system initialized
[2014.09.30-22.08.08:379][  0]LogAssetRegistry: FAssetRegistry took 0.0095 seconds to start up
[2014.09.30-22.08.08:919][  0]LogTargetPlatformManager:Display: Building Assets For Windows
[2014.09.30-22.08.09:260][  0]LogTargetPlatformManager:Display: Building Assets For Windows
[2014.09.30-22.08.09:454][  0]LogConsoleResponse:Display: 
[2014.09.30-22.08.09:674][  0]LogStats:Warning: MetaData mismatch. Did you assign a stat to two groups? New //STATGROUP_Threads//FMonitoredProcess///Thread_1d34_0///////STATCAT_Advanced//// old //STATGROUP_Threads//FMonitoredProcess///Thread_1eec_0///////STATCAT_Advanced////
[2014.09.30-22.08.09:674][  0]LogStats:Warning: MetaData mismatch. Did you assign a stat to two groups? New //STATGROUP_Threads//FMonitoredProcess///Thread_1a10_0///////STATCAT_Advanced//// old //STATGROUP_Threads//FMonitoredProcess///Thread_1eec_0///////STATCAT_Advanced////
[2014.09.30-22.08.09:674][  0]SourceControl: Info Source control is disabled
[2014.09.30-22.08.09:674][  0]Cmd: MAP LOAD FILE="../../../../../../Users/u0483206/Documents/treebeard/Unreal Project/saruman_death_scene/MyProject2/Content/Maps/Minimal_Default.umap" TEMPLATE=0 SHOWPROGRESS=1
[2014.09.30-22.08.09:674][  0]LightingResults: New page: Lighting Build
[2014.09.30-22.08.09:686][  0]MapCheck: New page: Map Check
[2014.09.30-22.08.09:686][  0]LightingResults: New page: Lighting Build
[2014.09.30-22.08.09:698][  0]LogParticles: Destroying 0 GPU particle simulations for FXSystem 0x0000000010AE1300
[2014.09.30-22.08.09:942][  0]LogEditorServer: Finished looking for orphan Actors (0.000 secs)
[2014.09.30-22.08.09:942][  0]LogAIModule: Creating AISystem for world Minimal_Default
[2014.09.30-22.08.09:942][  0]Cmd: MAP CHECKDEP
[2014.09.30-22.08.09:942][  0]MapCheck: New page: Minimal_Default - Sep 30, 2014, 10:08:09 AM
[2014.09.30-22.08.10:062][  0]MapCheck: Info ========== Map Check: 0 Error(s), 0 Warning(s), [119.756ms] ==========
[2014.09.30-22.08.10:062][  0]LogFileHelpers: Loading map 'Minimal_Default' took 0.388
[2014.09.30-22.08.10:189][  0]LogCollectionManager: Loaded 0 collections in 0.001049 seconds
[2014.09.30-22.08.10:277][  0]LogCrashTracker: Crashtracker disabled due to settings.
[2014.09.30-22.08.10:333][  0]LogLoad: Full Startup: 9.19 seconds (BP compile: 0.06 seconds)
[2014.09.30-22.08.10:580][  0]LogRenderer:Warning: Reallocating scene render targets to support 1136x896.
[2014.09.30-22.08.11:023][  1]LogAssetRegistry: Asset discovery search completed in 2.6537 seconds
[2014.09.30-22.08.57:213][ 60]Cmd: QUIT_EDITOR
[2014.09.30-22.08.57:337][ 60]LogWindowsTextInputMethodSystem:Error: Terminating failed while unadvising the language notification sink from the TSF source.
[2014.09.30-22.08.57:337][ 60]LogExit: Preparing to exit.
[2014.09.30-22.08.58:103][ 60]LogExit: Editor shut down
[2014.09.30-22.08.58:104][ 60]LogExit: Transaction tracking system shut down
[2014.09.30-22.08.58:104][ 60]LogParticles: Destroying 0 GPU particle simulations for FXSystem 0x00000000116B5580
[2014.09.30-22.08.58:125][ 60]LogExit: Object subsystem successfully closed.
[2014.09.30-22.08.58:181][ 60]LogModuleManager: Shutting down and abandoning module AndroidDeviceDetection (161)
[2014.09.30-22.08.58:181][ 60]LogModuleManager: Shutting down and abandoning module HTTP (160)
[2014.09.30-22.08.58:181][ 60]LogModuleManager: Shutting down and abandoning module CrashTracker (159)
[2014.09.30-22.08.58:181][ 60]LogModuleManager: Shutting down and abandoning module SuperSearch (158)
[2014.09.30-22.08.58:181][ 60]LogModuleManager: Shutting down and abandoning module SceneOutliner (157)
[2014.09.30-22.08.58:181][ 60]LogModuleManager: Shutting down and abandoning module EditorWidgets (156)
[2014.09.30-22.08.58:181][ 60]LogModuleManager: Shutting down and abandoning module CollectionManager (155)
[2014.09.30-22.08.58:181][ 60]LogModuleManager: Shutting down and abandoning module StatsViewer (154)
[2014.09.30-22.08.58:181][ 60]LogModuleManager: Shutting down and abandoning module FoliageEdit (153)
[2014.09.30-22.08.58:181][ 60]LogModuleManager: Shutting down and abandoning module LandscapeEditor (152)
[2014.09.30-22.08.58:181][ 60]LogModuleManager: Shutting down and abandoning module MeshPaint (151)
[2014.09.30-22.08.58:181][ 60]LogModuleManager: Shutting down and abandoning module ActorPickerMode (150)
[2014.09.30-22.08.58:181][ 60]LogModuleManager: Shutting down and abandoning module GeometryMode (149)
[2014.09.30-22.08.58:181][ 60]LogModuleManager: Shutting down and abandoning module TextureAlignMode (148)
[2014.09.30-22.08.58:181][ 60]LogModuleManager: Shutting down and abandoning module BspMode (147)
[2014.09.30-22.08.58:181][ 60]LogModuleManager: Shutting down and abandoning module PlacementMode (146)
[2014.09.30-22.08.58:182][ 60]LogModuleManager: Shutting down and abandoning module DesktopPlatform (145)
[2014.09.30-22.08.58:182][ 60]LogModuleManager: Shutting down and abandoning module AutomationWorker (144)
[2014.09.30-22.08.58:182][ 60]LogModuleManager: Shutting down and abandoning module EditorLiveStreaming (143)
[2014.09.30-22.08.58:182][ 60]LogModuleManager: Shutting down and abandoning module BehaviorTreeEditor (142)
[2014.09.30-22.08.58:182][ 60]LogModuleManager: Shutting down and abandoning module DeviceProfileEditor (141)
[2014.09.30-22.08.58:182][ 60]LogModuleManager: Shutting down and abandoning module UndoHistory (140)
[2014.09.30-22.08.58:182][ 60]LogModuleManager: Shutting down and abandoning module GameplayTagsEditor (139)
[2014.09.30-22.08.58:182][ 60]LogModuleManager: Shutting down and abandoning module UserFeedback (138)
[2014.09.30-22.08.58:182][ 60]LogModuleManager: Shutting down and abandoning module XmlParser (137)
[2014.09.30-22.08.58:182][ 60]LogModuleManager: Shutting down and abandoning module Blutility (136)
[2014.09.30-22.08.58:182][ 60]LogModuleManager: Shutting down and abandoning module IOSPlatformEditor (135)
[2014.09.30-22.08.58:182][ 60]LogModuleManager: Shutting down and abandoning module IOSRuntimeSettings (134)
[2014.09.30-22.08.58:182][ 60]LogModuleManager: Shutting down and abandoning module AndroidPlatformEditor (133)
[2014.09.30-22.08.58:182][ 60]LogModuleManager: Shutting down and abandoning module AndroidRuntimeSettings (132)
[2014.09.30-22.08.58:182][ 60]LogModuleManager: Shutting down and abandoning module ProjectTargetPlatformEditor (131)
[2014.09.30-22.08.58:182][ 60]LogModuleManager: Shutting down and abandoning module ProjectSettingsViewer (130)
[2014.09.30-22.08.58:182][ 60]LogModuleManager: Shutting down and abandoning module InputBindingEditor (129)
[2014.09.30-22.08.58:182][ 60]LogModuleManager: Shutting down and abandoning module EditorSettingsViewer (128)
[2014.09.30-22.08.58:182][ 60]LogModuleManager: Shutting down and abandoning module SettingsEditor (127)
[2014.09.30-22.08.58:182][ 60]LogModuleManager: Shutting down and abandoning module SessionLauncher (126)
[2014.09.30-22.08.58:182][ 60]LogModuleManager: Shutting down and abandoning module SessionFrontend (125)
[2014.09.30-22.08.58:182][ 60]LogModuleManager: Shutting down and abandoning module ProfilerClient (124)
[2014.09.30-22.08.58:182][ 60]LogModuleManager: Shutting down and abandoning module TargetDeviceServices (123)
[2014.09.30-22.08.58:182][ 60]LogModuleManager: Shutting down and abandoning module DeviceManager (122)
[2014.09.30-22.08.58:182][ 60]LogModuleManager: Shutting down and abandoning module AutomationController (121)
[2014.09.30-22.08.58:182][ 60]LogModuleManager: Shutting down and abandoning module AutomationWindow (120)
[2014.09.30-22.08.58:182][ 60]LogModuleManager: Shutting down and abandoning module Layers (119)
[2014.09.30-22.08.58:182][ 60]LogModuleManager: Shutting down and abandoning module ComponentVisualizers (118)
[2014.09.30-22.08.58:182][ 60]LogModuleManager: Shutting down and abandoning module DetailCustomizations (117)
[2014.09.30-22.08.58:182][ 60]LogModuleManager: Shutting down and abandoning module PackagesDialog (116)
[2014.09.30-22.08.58:182][ 60]LogModuleManager: Shutting down and abandoning module DirectoryWatcher (115)
[2014.09.30-22.08.58:183][ 60]LogModuleManager: Shutting down and abandoning module AssetRegistry (114)
[2014.09.30-22.08.58:246][ 60]LogModuleManager: Shutting down and abandoning module Persona (113)
[2014.09.30-22.08.58:246][ 60]LogModuleManager: Shutting down and abandoning module GraphEditor (112)
[2014.09.30-22.08.58:246][ 60]LogModuleManager: Shutting down and abandoning module ClassViewer (111)
[2014.09.30-22.08.58:246][ 60]LogModuleManager: Shutting down and abandoning module Toolbox (110)
[2014.09.30-22.08.58:246][ 60]LogModuleManager: Shutting down and abandoning module ModuleUI (109)
[2014.09.30-22.08.58:246][ 60]LogModuleManager: Shutting down and abandoning module Sequencer (108)
[2014.09.30-22.08.58:246][ 60]LogModuleManager: Shutting down and abandoning module MovieSceneTools (107)
[2014.09.30-22.08.58:246][ 60]LogModuleManager: Shutting down and abandoning module OutputLog (106)
[2014.09.30-22.08.58:246][ 60]LogModuleManager: Shutting down and abandoning module GammaUI (105)
[2014.09.30-22.08.58:246][ 60]LogModuleManager: Shutting down and abandoning module Documentation (104)
[2014.09.30-22.08.58:246][ 60]LogModuleManager: Shutting down and abandoning module GameLiveStreaming (103)
[2014.09.30-22.08.58:246][ 60]LogModuleManager: Shutting down and abandoning module StreamingPauseRendering (102)
[2014.09.30-22.08.58:246][ 60]LogModuleManager: Shutting down and abandoning module AnalyticsET (101)
[2014.09.30-22.08.58:246][ 60]LogModuleManager: Shutting down and abandoning module Analytics (100)
[2014.09.30-22.08.58:246][ 60]LogModuleManager: Shutting down and abandoning module GameplayDebugger (99)
[2014.09.30-22.08.58:246][ 60]LogModuleManager: Shutting down and abandoning module AIModule (98)
[2014.09.30-22.08.58:246][ 60]LogModuleManager: Shutting down and abandoning module ProfilerService (97)
[2014.09.30-22.08.58:336][ 60]LogModuleManager: Shutting down and abandoning module TaskGraph (96)
[2014.09.30-22.08.58:336][ 60]LogModuleManager: Shutting down and abandoning module SlateRemote (95)
[2014.09.30-22.08.58:336][ 60]LogModuleManager: Shutting down and abandoning module ScriptEditorPlugin (94)
[2014.09.30-22.08.58:336][ 60]LogModuleManager: Shutting down and abandoning module CustomMeshComponent (93)
[2014.09.30-22.08.58:336][ 60]LogModuleManager: Shutting down and abandoning module CableComponent (92)
[2014.09.30-22.08.58:336][ 60]LogModuleManager: Shutting down and abandoning module MessagingDebugger (91)
[2014.09.30-22.08.58:336][ 60]LogModuleManager: Shutting down and abandoning module ViewportSnapping (90)
[2014.09.30-22.08.58:336][ 60]LogModuleManager: Shutting down and abandoning module SmartSnapping (89)
[2014.09.30-22.08.58:336][ 60]LogModuleManager: Shutting down and abandoning module PaperTiledImporter (88)
[2014.09.30-22.08.58:336][ 60]LogModuleManager: Shutting down and abandoning module PaperJsonImporter (87)
[2014.09.30-22.08.58:336][ 60]LogModuleManager: Shutting down and abandoning module GameProjectGeneration (86)
[2014.09.30-22.08.58:336][ 60]LogModuleManager: Shutting down and abandoning module Matinee (85)
[2014.09.30-22.08.58:336][ 60]LogModuleManager: Shutting down and abandoning module Kismet (84)
[2014.09.30-22.08.58:336][ 60]LogModuleManager: Shutting down and abandoning module SlateReflector (83)
[2014.09.30-22.08.58:336][ 60]LogModuleManager: Shutting down and abandoning module LevelEditor (82)
[2014.09.30-22.08.58:337][ 60]LogModuleManager: Shutting down and abandoning module IntroTutorials (81)
[2014.09.30-22.08.58:337][ 60]LogModuleManager: Shutting down and abandoning module ContentBrowser (80)
[2014.09.30-22.08.58:337][ 60]LogModuleManager: Shutting down and abandoning module PropertyEditor (79)
[2014.09.30-22.08.58:337][ 60]LogModuleManager: Shutting down and abandoning module AssetTools (78)
[2014.09.30-22.08.58:337][ 60]LogModuleManager: Shutting down and abandoning module Paper2DEditor (77)
[2014.09.30-22.08.58:337][ 60]LogModuleManager: Shutting down and abandoning module SpeedTreeImporter (76)
[2014.09.30-22.08.58:337][ 60]LogModuleManager: Shutting down and abandoning module PluginsEditor (75)
[2014.09.30-22.08.58:337][ 60]LogModuleManager: Shutting down and abandoning module MainFrame (74)
[2014.09.30-22.08.58:337][ 60]LogModuleManager: Shutting down and abandoning module EpicSurvey (73)
[2014.09.30-22.08.58:337][ 60]LogModuleManager: Shutting down and abandoning module VisualStudioSourceCodeAccess (72)
[2014.09.30-22.08.58:337][ 60]LogModuleManager: Shutting down and abandoning module UObjectPlugin (71)
[2014.09.30-22.08.58:337][ 60]LogModuleManager: Shutting down and abandoning module SubversionSourceControl (70)
[2014.09.30-22.08.58:337][ 60]LogModuleManager: Shutting down and abandoning module SourceControl (69)
[2014.09.30-22.08.58:337][ 60]LogModuleManager: Shutting down and abandoning module PerforceSourceControl (68)
[2014.09.30-22.08.58:337][ 60]LogModuleManager: Shutting down and abandoning module BlankPlugin (67)
[2014.09.30-22.08.58:337][ 60]LogModuleManager: Shutting down and abandoning module ScriptPlugin (66)
[2014.09.30-22.08.58:337][ 60]LogModuleManager: Shutting down and abandoning module UdpMessaging (65)
[2014.09.30-22.08.58:437][ 60]LogModuleManager: Shutting down and abandoning module Paper2D (64)
[2014.09.30-22.08.58:437][ 60]LogModuleManager: Shutting down and abandoning module WindowsMoviePlayer (63)
[2014.09.30-22.08.58:440][ 60]LogModuleManager: Shutting down and abandoning module ImageWrapper (62)
[2014.09.30-22.08.58:440][ 60]LogModuleManager: Shutting down and abandoning module OnlineBlueprintSupport (61)
[2014.09.30-22.08.58:440][ 60]LogModuleManager: Shutting down and abandoning module FunctionalTesting (60)
[2014.09.30-22.08.58:440][ 60]LogModuleManager: Shutting down and abandoning module CollisionAnalyzer (59)
[2014.09.30-22.08.58:440][ 60]LogModuleManager: Shutting down and abandoning module WorkspaceMenuStructure (58)
[2014.09.30-22.08.58:440][ 60]LogModuleManager: Shutting down and abandoning module MessageLog (57)
[2014.09.30-22.08.58:440][ 60]LogModuleManager: Shutting down and abandoning module UMGEditor (56)
[2014.09.30-22.08.58:441][ 60]LogModuleManager: Shutting down and abandoning module UMG (55)
[2014.09.30-22.08.58:441][ 60]LogModuleManager: Shutting down and abandoning module Slate (54)
[2014.09.30-22.08.58:441][ 60]LogModuleManager: Shutting down and abandoning module EditorStyle (53)
[2014.09.30-22.08.58:442][ 60]LogModuleManager: Shutting down and abandoning module SessionServices (52)
[2014.09.30-22.08.58:442][ 60]LogModuleManager: Shutting down and abandoning module SourceCodeAccess (51)
[2014.09.30-22.08.58:442][ 60]LogModuleManager: Shutting down and abandoning module HeadMountedDisplay (50)
[2014.09.30-22.08.58:442][ 60]LogModuleManager: Shutting down and abandoning module XAudio2 (49)
[2014.09.30-22.08.58:442][ 60]LogModuleManager: Shutting down and abandoning module Networking (47)
[2014.09.30-22.08.58:442][ 60]LogModuleManager: Shutting down and abandoning module Core (46)
[2014.09.30-22.08.58:442][ 60]LogModuleManager: Shutting down and abandoning module KismetCompiler (45)
[2014.09.30-22.08.58:442][ 60]LogModuleManager: Shutting down and abandoning module PhysXFormats (44)
[2014.09.30-22.08.58:442][ 60]LogModuleManager: Shutting down and abandoning module MeshUtilities (43)
[2014.09.30-22.08.58:442][ 60]LogModuleManager: Shutting down and abandoning module DerivedDataCache (42)
[2014.09.30-22.08.58:528][ 60]LogDerivedDataCache: Shutdown
[2014.09.30-22.08.58:528][ 60]LogModuleManager: Shutting down and abandoning module ShaderFormatOpenGL (41)
[2014.09.30-22.08.58:528][ 60]LogModuleManager: Shutting down and abandoning module ShaderFormatD3D (40)
[2014.09.30-22.08.58:528][ 60]LogModuleManager: Shutting down and abandoning module MetalShaderFormat (39)
[2014.09.30-22.08.58:528][ 60]LogModuleManager: Shutting down and abandoning module TextureFormatUncompressed (38)
[2014.09.30-22.08.58:528][ 60]LogModuleManager: Shutting down and abandoning module TextureFormatPVR (37)
[2014.09.30-22.08.58:528][ 60]LogModuleManager: Shutting down and abandoning module TextureFormatDXT (36)
[2014.09.30-22.08.58:528][ 60]LogModuleManager: Shutting down and abandoning module TextureFormatAndroid (35)
[2014.09.30-22.08.58:528][ 60]LogModuleManager: Shutting down and abandoning module AudioFormatOpus (34)
[2014.09.30-22.08.58:528][ 60]LogModuleManager: Shutting down and abandoning module AudioFormatOgg (33)
[2014.09.30-22.08.58:528][ 60]LogModuleManager: Shutting down and abandoning module AudioFormatADPCM (32)
[2014.09.30-22.08.58:528][ 60]LogModuleManager: Shutting down and abandoning module Messaging (31)
[2014.09.30-22.08.58:528][ 60]LogModuleManager: Shutting down and abandoning module IOSTargetPlatform (30)
[2014.09.30-22.08.58:528][ 60]LogModuleManager: Shutting down and abandoning module Android_PVRTCTargetPlatform (29)
[2014.09.30-22.08.58:528][ 60]LogModuleManager: Shutting down and abandoning module Android_ETC2TargetPlatform (28)
[2014.09.30-22.08.58:528][ 60]LogModuleManager: Shutting down and abandoning module Android_ETC1TargetPlatform (27)
[2014.09.30-22.08.58:528][ 60]LogModuleManager: Shutting down and abandoning module Android_DXTTargetPlatform (26)
[2014.09.30-22.08.58:528][ 60]LogModuleManager: Shutting down and abandoning module Android_ATCTargetPlatform (25)
[2014.09.30-22.08.58:528][ 60]LogModuleManager: Shutting down and abandoning module AndroidTargetPlatform (24)
[2014.09.30-22.08.58:528][ 60]LogModuleManager: Shutting down and abandoning module WindowsTargetPlatform (23)
[2014.09.30-22.08.58:528][ 60]LogModuleManager: Shutting down and abandoning module WindowsServerTargetPlatform (22)
[2014.09.30-22.08.58:528][ 60]LogModuleManager: Shutting down and abandoning module WindowsNoEditorTargetPlatform (21)
[2014.09.30-22.08.58:528][ 60]LogModuleManager: Shutting down and abandoning module WindowsClientTargetPlatform (20)
[2014.09.30-22.08.58:528][ 60]LogModuleManager: Shutting down and abandoning module TargetPlatform (19)
[2014.09.30-22.08.58:528][ 60]LogModuleManager: Shutting down and abandoning module InputCore (18)
[2014.09.30-22.08.58:528][ 60]LogModuleManager: Shutting down and abandoning module Settings (17)
[2014.09.30-22.08.58:529][ 60]LogModuleManager: Shutting down and abandoning module ExampleDeviceProfileSelector (14)
[2014.09.30-22.08.58:529][ 60]LogModuleManager: Shutting down and abandoning module OculusRift (13)
[2014.09.30-22.08.58:529][ 60]LogModuleManager: Shutting down and abandoning module TextureCompressor (12)
[2014.09.30-22.08.58:529][ 60]LogModuleManager: Shutting down and abandoning module ShaderCore (11)
[2014.09.30-22.08.58:529][ 60]LogModuleManager: Shutting down and abandoning module OpenGLDrv (10)
[2014.09.30-22.08.58:529][ 60]LogModuleManager: Shutting down and abandoning module D3D11RHI (9)
[2014.09.30-22.08.58:529][ 60]LogModuleManager: Shutting down and abandoning module SlateRHIRenderer (8)
[2014.09.30-22.08.58:529][ 60]LogModuleManager: Shutting down and abandoning module Renderer (7)
[2014.09.30-22.08.58:529][ 60]LogModuleManager: Shutting down and abandoning module Engine (6)
[2014.09.30-22.08.58:529][ 60]LogModuleManager: Shutting down and abandoning module CoreUObject (5)
[2014.09.30-22.08.58:529][ 60]LogModuleManager: Shutting down and abandoning module NetworkFile (4)
[2014.09.30-22.08.58:529][ 60]LogModuleManager: Shutting down and abandoning module StreamingFile (3)
[2014.09.30-22.08.58:529][ 60]LogModuleManager: Shutting down and abandoning module SandboxFile (2)
[2014.09.30-22.08.58:529][ 60]LogModuleManager: Shutting down and abandoning module PakFile (1)
[2014.09.30-22.08.58:529][ 60]LogExit: Exiting.
[2014.09.30-22.08.58:539][ 60]Log file closed, 09/30/14 16:08:58
