Log file open, 10/09/14 15:11:11
LogInit:Display: Running engine for game: MyProject2
LogInit:Warning: Game name case not detected for 'MyProject2'. The engine ini should contain an entry [URL]GameName with the name of the game in the correct case.
LogWindows:Error: appError called: Assertion failed: AsyncIOThread [File:D:\BuildFarm\buildmachine_++depot+UE4-Releases+4.4\Engine\Source\Runtime\Core\Private\Serialization\AsyncIOSystemBase.cpp] [Line: 773]

Stack:
Address = 0xe43c5166 (filename not found) [in C:\Program Files\Unreal Engine\4.4\Engine\Binaries\Win64\UE4Editor-Core.dll]
Address = 0xe4248605 (filename not found) [in C:\Program Files\Unreal Engine\4.4\Engine\Binaries\Win64\UE4Editor-Core.dll]
Address = 0xe42d4a0e (filename not found) [in C:\Program Files\Unreal Engine\4.4\Engine\Binaries\Win64\UE4Editor-Core.dll]
Address = 0xe46b99b0 (filename not found) [in C:\Program Files\Unreal Engine\4.4\Engine\Binaries\Win64\UE4Editor-PakFile.dll]
Address = 0xe46bc597 (filename not found) [in C:\Program Files\Unreal Engine\4.4\Engine\Binaries\Win64\UE4Editor-PakFile.dll]
Address = 0xe46d0a1a (filename not found) [in C:\Program Files\Unreal Engine\4.4\Engine\Binaries\Win64\UE4Editor-PakFile.dll]
Address = 0xe46ce3a4 (filename not found) [in C:\Program Files\Unreal Engine\4.4\Engine\Binaries\Win64\UE4Editor-PakFile.dll]
Address = 0xe46ce626 (filename not found) [in C:\Program Files\Unreal Engine\4.4\Engine\Binaries\Win64\UE4Editor-PakFile.dll]
Address = 0x777e43a1 (filename not found) [in C:\Windows\SYSTEM32\ntdll.dll]
Address = 0x777e41b0 (filename not found) [in C:\Windows\SYSTEM32\ntdll.dll]
Address = 0xe4cb29a7 (filename not found) [in C:\Windows\system32\MSVCR120.dll]
Address = 0xe4260386 (filename not found) [in C:\Program Files\Unreal Engine\4.4\Engine\Binaries\Win64\UE4Editor-Core.dll]
FEngineLoop::AppInit() 0x3f887a7f + 0 bytes [File=d:\buildfarm\buildmachine_++depot+ue4-releases+4.4\engine\source\runtime\launch\private\launchengineloop.cpp:2328] [in C:\Program Files\Unreal Engine\4.4\Engine\Binaries\Win64\UE4Editor.exe]
FEngineLoop::PreInit() 0x3f891a39 + 5 bytes [File=d:\buildfarm\buildmachine_++depot+ue4-releases+4.4\engine\source\runtime\launch\private\launchengineloop.cpp:999] [in C:\Program Files\Unreal Engine\4.4\Engine\Binaries\Win64\UE4Editor.exe]
GuardedMain() 0x3f88c38c + 15 bytes [File=d:\buildfarm\buildmachine_++depot+ue4-releases+4.4\engine\source\runtime\launch\private\launch.cpp:112] [in C:\Program Files\Unreal Engine\4.4\Engine\Binaries\Win64\UE4Editor.exe]
GuardedMainWrapper() 0x3f88c4ea + 5 bytes [File=d:\buildfarm\buildmachine_++depot+ue4-releases+4.4\engine\source\runtime\launch\private\windows\launchwindows.cpp:125] [in C:\Program Files\Unreal Engine\4.4\Engine\Binaries\Win64\UE4Editor.exe]
WinMain() 0x3f8981d9 + 17 bytes [File=d:\buildfarm\buildmachine_++depot+ue4-releases+4.4\engine\source\runtime\launch\private\windows\launchwindows.cpp:201] [in C:\Program Files\Unreal Engine\4.4\Engine\Binaries\Win64\UE4Editor.exe]
__tmainCRTStartup() 0x3f899009 + 21 bytes [File=f:\dd\vctools\crt\crtw32\dllstuff\crtexe.c:618] [in C:\Program Files\Unreal Engine\4.4\Engine\Binaries\Win64\UE4Editor.exe]
Address = 0x776b59ed (filename not found) [in C:\Windows\system32\kernel32.dll]
Address = 0x777ec541 (filename not found) [in C:\Windows\SYSTEM32\ntdll.dll]
Address = 0x777ec541 (filename not found) [in C:\Windows\SYSTEM32\ntdll.dll]

