Log file open, 09/30/14 16:00:19
LogInit:Display: Running engine for game: saruman_death_scene
LogInit: Version: 4.4.3-2296771+++depot+UE4-Releases+4.4
LogInit: API Version: 2255576
LogInit: Compiled (64-bit): Sep 13 2014 22:30:58
LogInit: Build Configuration: Development
LogInit: Branch Name: ++depot+UE4-Releases+4.4
LogInit: Command line: 
LogInit: Base directory: C:/Program Files/Unreal Engine/4.4/Engine/Binaries/Win64/
LogInit: Rocket: 1
[2014.09.30-22.00.19:782][  0]LogTaskGraph: Started task graph with 3 named threads and 4 total threads.
[2014.09.30-22.00.19:814][  0]LogOnline:Warning: No default platform service specified for OnlineSubsystem
[2014.09.30-22.00.19:827][  0]LogInit: Presizing for 0 objects not considered by GC, pre-allocating 0 bytes.
[2014.09.30-22.00.19:835][  0]LogInit: Object subsystem initialized
[2014.09.30-22.00.19:837][  0]LogInit: Selected Device Profile: [Windows]
[2014.09.30-22.00.19:837][  0]LogInit: Applying CVar settings loaded from the selected device profile: [Windows]
[2014.09.30-22.00.19:844][  0]LogInit: Computer: TCPC-06
[2014.09.30-22.00.19:844][  0]LogInit: User: u0483206
[2014.09.30-22.00.19:845][  0]LogInit: CPU Page size=4096, Cores=4
[2014.09.30-22.00.19:845][  0]LogInit: High frequency timer resolution =3.906347 MHz
[2014.09.30-22.00.19:845][  0]LogMemory: Memory total: Physical=8.0GB (8GB approx) Virtual=8192.0GB
[2014.09.30-22.00.19:846][  0]LogMemory: Platform Memory Stats for Windows
[2014.09.30-22.00.19:846][  0]LogMemory: Process Physical Memory: 62.35 MB used, 62.35 MB peak
[2014.09.30-22.00.19:846][  0]LogMemory: Process Virtual Memory: 38.18 MB used, 38.18 MB peak
[2014.09.30-22.00.19:846][  0]LogMemory: Physical Memory: 2674.17 MB used, 8173.54 MB total
[2014.09.30-22.00.19:846][  0]LogMemory: Virtual Memory: 261.05 MB used, 8388608.00 MB total
[2014.09.30-22.00.19:881][  0]LogD3D11RHI: Found D3D11 adapter 0: NVIDIA GeForce GT 630 (Feature Level 11_0)
[2014.09.30-22.00.19:881][  0]LogD3D11RHI: Adapter has 978MB of dedicated video memory, 0MB of dedicated system memory, and 3071MB of shared system memory, 1 output[s]
[2014.09.30-22.00.19:881][  0]LogD3D11RHI: Chosen D3D11 Adapter Id = 0
[2014.09.30-22.00.19:887][  0]LogRHI: Texture pool is 684 MB (70% of 978 MB)
[2014.09.30-22.00.19:899][  0]LogD3D11RHI: Async texture creation enabled
[2014.09.30-22.00.20:017][  0]LogContentStreaming: Texture pool size is 0.000000MB
[2014.09.30-22.00.21:520][  0]LogTargetPlatformManager:Display: Building Assets For Windows
[2014.09.30-22.00.21:956][  0]LogTargetPlatformManager:Display: Building Assets For Windows
[2014.09.30-22.00.22:009][  0]LogDerivedDataCache:Display: Max Cache Size: 512 MB
[2014.09.30-22.00.22:071][  0]LogDerivedDataCache: Loaded boot cache 0.06s 39MB C:/Users/u0483206/AppData/Local/UnrealEngine/4.4/DerivedDataCache/Boot.ddc.
[2014.09.30-22.00.22:071][  0]LogDerivedDataCache:Display: Loaded Boot cache: C:/Users/u0483206/AppData/Local/UnrealEngine/4.4/DerivedDataCache/Boot.ddc
[2014.09.30-22.00.22:071][  0]LogDerivedDataCache: FDerivedDataBackendGraph:  Pak pak cache file ../../../../../../Users/u0483206/Documents/GitHub/treebeard/Unreal Project/saruman_death_scene/DerivedDataCache/DDC.ddp not found, will not use a pak cache.
[2014.09.30-22.00.22:071][  0]LogDerivedDataCache: Unable to find inner node Pak for hierarchical cache Hierarchy.
[2014.09.30-22.00.22:087][  0]LogDerivedDataCache:Display: Pak cache opened for reading ../../../Engine/DerivedDataCache/DDC.ddp.
[2014.09.30-22.00.22:099][  0]LogDerivedDataCache: Using Local data cache path C:/Users/u0483206/AppData/Local/UnrealEngine/4.4/DerivedDataCache: Writable
[2014.09.30-22.00.22:292][  0]LogMeshUtilities: No automatic mesh reduction module available
[2014.09.30-22.00.22:292][  0]LogMeshUtilities: No automatic mesh merging module available
[2014.09.30-22.00.22:720][  0]LogInit: WinSock: version 1.1 (2.2), MaxSocks=32767, MaxUdp=65467
[2014.09.30-22.00.23:581][  0]LogStats:Warning: MetaData mismatch. Did you assign a stat to two groups? New //STATGROUP_Threads//FMonitoredProcess///Thread_1cac_0///////STATCAT_Advanced//// old //STATGROUP_Threads//FMonitoredProcess///Thread_1c94_0///////STATCAT_Advanced////
[2014.09.30-22.00.23:581][  0]UdpMessaging: Initializing bridge on interface 0.0.0.0:0 to multicast group 230.0.0.1:6666.
[2014.09.30-22.00.23:709][  0]SourceControl: Info Source control is disabled
[2014.09.30-22.00.23:709][  0]SourceControl: Info Source control is disabled
[2014.09.30-22.00.23:719][  0]SourceControl: Info Source control is disabled
[2014.09.30-22.00.23:937][  0]BlueprintLog: New page: Editor Load
[2014.09.30-22.00.24:071][  0]LogObj: 21438 objects as part of root set at end of initial load.
[2014.09.30-22.00.24:071][  0]LogUObjectAllocator: 4218656 out of 0 bytes used by permanent object pool.
[2014.09.30-22.00.24:246][  0]LogEngine: Initializing Engine...
[2014.09.30-22.00.24:360][  0]LogInit: XAudio2 using 'Digital Audio (S/PDIF) (4- High Definition Audio Device)' : 2 channels at 44.1 kHz using 16 bits per sample (channel mask 0x3)
[2014.09.30-22.00.24:408][  0]LogInit: FAudioDevice initialized.
[2014.09.30-22.00.24:432][  0]LogAIModule: Creating AISystem for world NewWorld
[2014.09.30-22.00.24:688][  0]LogDerivedDataCache: Saved boot cache 0.26s 39MB C:/Users/u0483206/AppData/Local/UnrealEngine/4.4/DerivedDataCache/Boot.ddc.
[2014.09.30-22.00.24:698][  0]LogInit: Texture streaming: Enabled
[2014.09.30-22.00.24:740][  0]LogInit: Transaction tracking system initialized
[2014.09.30-22.00.24:887][  0]LogAssetRegistry: FAssetRegistry took 0.0101 seconds to start up
[2014.09.30-22.00.25:430][  0]LogTargetPlatformManager:Display: Building Assets For Windows
[2014.09.30-22.00.25:784][  0]LogTargetPlatformManager:Display: Building Assets For Windows
[2014.09.30-22.00.25:957][  0]LogConsoleResponse:Display: 
[2014.09.30-22.00.26:173][  0]LogStats:Warning: MetaData mismatch. Did you assign a stat to two groups? New //STATGROUP_Threads//FMonitoredProcess///Thread_1b74_0///////STATCAT_Advanced//// old //STATGROUP_Threads//FMonitoredProcess///Thread_1c94_0///////STATCAT_Advanced////
[2014.09.30-22.00.26:173][  0]LogStats:Warning: MetaData mismatch. Did you assign a stat to two groups? New //STATGROUP_Threads//FMonitoredProcess///Thread_1974_0///////STATCAT_Advanced//// old //STATGROUP_Threads//FMonitoredProcess///Thread_1c94_0///////STATCAT_Advanced////
[2014.09.30-22.00.26:173][  0]SourceControl: Info Source control is disabled
[2014.09.30-22.00.26:173][  0]Cmd: MAP LOAD FILE="../../../Engine/Content/Maps/Templates/Template_Default.umap" TEMPLATE=1 SHOWPROGRESS=1
[2014.09.30-22.00.26:173][  0]LightingResults: New page: Lighting Build
[2014.09.30-22.00.26:185][  0]MapCheck: New page: Map Check
[2014.09.30-22.00.26:185][  0]LightingResults: New page: Lighting Build
[2014.09.30-22.00.26:198][  0]LogParticles: Destroying 0 GPU particle simulations for FXSystem 0x000000000ED05300
[2014.09.30-22.00.26:360][  0]LogEditorServer: Finished looking for orphan Actors (0.000 secs)
[2014.09.30-22.00.26:360][  0]LogAIModule: Creating AISystem for world Template_Default
[2014.09.30-22.00.26:360][  0]Cmd: MAP CHECKDEP
[2014.09.30-22.00.26:360][  0]MapCheck: New page: Untitled_1 - Sep 30, 2014, 10:00:26 AM
[2014.09.30-22.00.26:470][  0]MapCheck: Info ========== Map Check: 0 Error(s), 0 Warning(s), [109.483ms] ==========
[2014.09.30-22.00.26:470][  0]LogFileHelpers: Loading map 'Template_Default' took 0.297
[2014.09.30-22.00.26:591][  0]LogCollectionManager: Loaded 0 collections in 0.001247 seconds
[2014.09.30-22.00.26:608][  0]LogContentBrowser:Verbose: The content browser source was changed by the sources view to '/Game'
[2014.09.30-22.00.26:696][  0]LogCrashTracker: Crashtracker disabled due to settings.
[2014.09.30-22.00.26:756][  0]LogLoad: Full Startup: 8.92 seconds (BP compile: 0.06 seconds)
[2014.09.30-22.00.26:986][  0]LogRenderer:Warning: Reallocating scene render targets to support 1136x896.
[2014.09.30-22.00.27:388][  1]LogAssetRegistry: Asset discovery search completed in 2.5111 seconds
[2014.09.30-22.01.14:889][908]LogInit: Transact